<?xml version="1.0" encoding="UTF-8"?>
<testsuite xmlns:xsi="http://www.w3.org/2001/XMLSchema-instance" xsi:noNamespaceSchemaLocation="https://maven.apache.org/surefire/maven-failsafe-plugin/xsd/failsafe-test-report-3.0.xsd" version="3.0" name="Runner_File.TestSuite" time="53.527" tests="6" errors="0" skipped="0" failures="0">
  <properties>
    <property name="sun.desktop" value="windows"/>
    <property name="awt.toolkit" value="sun.awt.windows.WToolkit"/>
    <property name="java.specification.version" value="11"/>
    <property name="sun.cpu.isalist" value="amd64"/>
    <property name="sun.jnu.encoding" value="Cp1252"/>
    <property name="java.class.path" value="C:\Users\Admin\Downloads\MPH-IOS-main\target\test-classes;C:\Users\Admin\.m2\repository\io\testproject\java-sdk\1.2.2-RELEASE\java-sdk-1.2.2-RELEASE.jar;C:\Users\Admin\.m2\repository\io\appium\java-client\7.3.0\java-client-7.3.0.jar;C:\Users\Admin\.m2\repository\org\apache\httpcomponents\httpclient\4.5.9\httpclient-4.5.9.jar;C:\Users\Admin\.m2\repository\org\apache\httpcomponents\httpcore\4.4.11\httpcore-4.4.11.jar;C:\Users\Admin\.m2\repository\cglib\cglib\3.2.12\cglib-3.2.12.jar;C:\Users\Admin\.m2\repository\org\ow2\asm\asm\7.1\asm-7.1.jar;C:\Users\Admin\.m2\repository\commons-validator\commons-validator\1.6\commons-validator-1.6.jar;C:\Users\Admin\.m2\repository\commons-digester\commons-digester\1.8.1\commons-digester-1.8.1.jar;C:\Users\Admin\.m2\repository\org\springframework\spring-context\5.1.8.RELEASE\spring-context-5.1.8.RELEASE.jar;C:\Users\Admin\.m2\repository\org\springframework\spring-aop\5.1.8.RELEASE\spring-aop-5.1.8.RELEASE.jar;C:\Users\Admin\.m2\repository\org\springframework\spring-beans\5.1.8.RELEASE\spring-beans-5.1.8.RELEASE.jar;C:\Users\Admin\.m2\repository\org\springframework\spring-core\5.1.8.RELEASE\spring-core-5.1.8.RELEASE.jar;C:\Users\Admin\.m2\repository\org\springframework\spring-jcl\5.1.8.RELEASE\spring-jcl-5.1.8.RELEASE.jar;C:\Users\Admin\.m2\repository\org\springframework\spring-expression\5.1.8.RELEASE\spring-expression-5.1.8.RELEASE.jar;C:\Users\Admin\.m2\repository\org\aspectj\aspectjweaver\1.9.4\aspectjweaver-1.9.4.jar;C:\Users\Admin\.m2\repository\com\google\guava\guava\29.0-jre\guava-29.0-jre.jar;C:\Users\Admin\.m2\repository\com\google\guava\failureaccess\1.0.1\failureaccess-1.0.1.jar;C:\Users\Admin\.m2\repository\com\google\guava\listenablefuture\9999.0-empty-to-avoid-conflict-with-guava\listenablefuture-9999.0-empty-to-avoid-conflict-with-guava.jar;C:\Users\Admin\.m2\repository\com\google\code\findbugs\jsr305\3.0.2\jsr305-3.0.2.jar;C:\Users\Admin\.m2\repository\org\checkerframework\checker-qual\2.11.1\checker-qual-2.11.1.jar;C:\Users\Admin\.m2\repository\com\google\errorprone\error_prone_annotations\2.3.4\error_prone_annotations-2.3.4.jar;C:\Users\Admin\.m2\repository\com\google\j2objc\j2objc-annotations\1.3\j2objc-annotations-1.3.jar;C:\Users\Admin\.m2\repository\org\junit\jupiter\junit-jupiter-params\5.5.1\junit-jupiter-params-5.5.1.jar;C:\Users\Admin\.m2\repository\org\testng\testng\7.1.0\testng-7.1.0.jar;C:\Users\Admin\.m2\repository\com\beust\jcommander\1.72\jcommander-1.72.jar;C:\Users\Admin\.m2\repository\com\google\inject\guice\4.1.0\guice-4.1.0-no_aop.jar;C:\Users\Admin\.m2\repository\javax\inject\javax.inject\1\javax.inject-1.jar;C:\Users\Admin\.m2\repository\aopalliance\aopalliance\1.0\aopalliance-1.0.jar;C:\Users\Admin\.m2\repository\org\yaml\snakeyaml\1.21\snakeyaml-1.21.jar;C:\Users\Admin\.m2\repository\com\github\spotbugs\spotbugs-annotations\4.0.2\spotbugs-annotations-4.0.2.jar;C:\Users\Admin\.m2\repository\org\apache\maven\maven-artifact\3.6.3\maven-artifact-3.6.3.jar;C:\Users\Admin\.m2\repository\org\codehaus\plexus\plexus-utils\3.2.1\plexus-utils-3.2.1.jar;C:\Users\Admin\.m2\repository\org\apache\poi\poi\5.0.0\poi-5.0.0.jar;C:\Users\Admin\.m2\repository\org\slf4j\slf4j-api\1.7.30\slf4j-api-1.7.30.jar;C:\Users\Admin\.m2\repository\org\slf4j\jcl-over-slf4j\1.7.30\jcl-over-slf4j-1.7.30.jar;C:\Users\Admin\.m2\repository\commons-codec\commons-codec\1.15\commons-codec-1.15.jar;C:\Users\Admin\.m2\repository\org\apache\commons\commons-collections4\4.4\commons-collections4-4.4.jar;C:\Users\Admin\.m2\repository\org\apache\commons\commons-math3\3.6.1\commons-math3-3.6.1.jar;C:\Users\Admin\.m2\repository\com\zaxxer\SparseBitSet\1.2\SparseBitSet-1.2.jar;C:\Users\Admin\.m2\repository\org\apache\poi\poi-ooxml\5.0.0\poi-ooxml-5.0.0.jar;C:\Users\Admin\.m2\repository\org\apache\poi\poi-ooxml-lite\5.0.0\poi-ooxml-lite-5.0.0.jar;C:\Users\Admin\.m2\repository\org\apache\xmlbeans\xmlbeans\4.0.0\xmlbeans-4.0.0.jar;C:\Users\Admin\.m2\repository\org\apache\commons\commons-compress\1.20\commons-compress-1.20.jar;C:\Users\Admin\.m2\repository\com\github\virtuald\curvesapi\1.06\curvesapi-1.06.jar;C:\Users\Admin\.m2\repository\org\bouncycastle\bcpkix-jdk15on\1.68\bcpkix-jdk15on-1.68.jar;C:\Users\Admin\.m2\repository\org\bouncycastle\bcprov-jdk15on\1.68\bcprov-jdk15on-1.68.jar;C:\Users\Admin\.m2\repository\org\apache\santuario\xmlsec\2.2.1\xmlsec-2.2.1.jar;C:\Users\Admin\.m2\repository\com\fasterxml\woodstox\woodstox-core\5.2.1\woodstox-core-5.2.1.jar;C:\Users\Admin\.m2\repository\org\codehaus\woodstox\stax2-api\4.2\stax2-api-4.2.jar;C:\Users\Admin\.m2\repository\jakarta\xml\bind\jakarta.xml.bind-api\2.3.2\jakarta.xml.bind-api-2.3.2.jar;C:\Users\Admin\.m2\repository\jakarta\activation\jakarta.activation-api\1.2.1\jakarta.activation-api-1.2.1.jar;C:\Users\Admin\.m2\repository\org\apache\xmlgraphics\batik-all\1.13\batik-all-1.13.jar;C:\Users\Admin\.m2\repository\org\apache\xmlgraphics\batik-anim\1.13\batik-anim-1.13.jar;C:\Users\Admin\.m2\repository\org\apache\xmlgraphics\batik-shared-resources\1.13\batik-shared-resources-1.13.jar;C:\Users\Admin\.m2\repository\xml-apis\xml-apis-ext\1.3.04\xml-apis-ext-1.3.04.jar;C:\Users\Admin\.m2\repository\org\apache\xmlgraphics\batik-awt-util\1.13\batik-awt-util-1.13.jar;C:\Users\Admin\.m2\repository\org\apache\xmlgraphics\xmlgraphics-commons\2.4\xmlgraphics-commons-2.4.jar;C:\Users\Admin\.m2\repository\org\apache\xmlgraphics\batik-bridge\1.13\batik-bridge-1.13.jar;C:\Users\Admin\.m2\repository\org\apache\xmlgraphics\batik-codec\1.13\batik-codec-1.13.jar;C:\Users\Admin\.m2\repository\org\apache\xmlgraphics\batik-constants\1.13\batik-constants-1.13.jar;C:\Users\Admin\.m2\repository\org\apache\xmlgraphics\batik-css\1.13\batik-css-1.13.jar;C:\Users\Admin\.m2\repository\org\apache\xmlgraphics\batik-dom\1.13\batik-dom-1.13.jar;C:\Users\Admin\.m2\repository\xml-apis\xml-apis\1.4.01\xml-apis-1.4.01.jar;C:\Users\Admin\.m2\repository\org\apache\xmlgraphics\batik-ext\1.13\batik-ext-1.13.jar;C:\Users\Admin\.m2\repository\org\apache\xmlgraphics\batik-extension\1.13\batik-extension-1.13.jar;C:\Users\Admin\.m2\repository\org\apache\xmlgraphics\batik-gui-util\1.13\batik-gui-util-1.13.jar;C:\Users\Admin\.m2\repository\org\apache\xmlgraphics\batik-gvt\1.13\batik-gvt-1.13.jar;C:\Users\Admin\.m2\repository\org\apache\xmlgraphics\batik-i18n\1.13\batik-i18n-1.13.jar;C:\Users\Admin\.m2\repository\org\apache\xmlgraphics\batik-parser\1.13\batik-parser-1.13.jar;C:\Users\Admin\.m2\repository\org\apache\xmlgraphics\batik-rasterizer-ext\1.13\batik-rasterizer-ext-1.13.jar;C:\Users\Admin\.m2\repository\org\apache\xmlgraphics\batik-rasterizer\1.13\batik-rasterizer-1.13.jar;C:\Users\Admin\.m2\repository\org\apache\xmlgraphics\batik-script\1.13\batik-script-1.13.jar;C:\Users\Admin\.m2\repository\org\apache\xmlgraphics\batik-slideshow\1.13\batik-slideshow-1.13.jar;C:\Users\Admin\.m2\repository\org\apache\xmlgraphics\batik-squiggle-ext\1.13\batik-squiggle-ext-1.13.jar;C:\Users\Admin\.m2\repository\org\apache\xmlgraphics\batik-squiggle\1.13\batik-squiggle-1.13.jar;C:\Users\Admin\.m2\repository\org\apache\xmlgraphics\batik-svg-dom\1.13\batik-svg-dom-1.13.jar;C:\Users\Admin\.m2\repository\org\apache\xmlgraphics\batik-svgbrowser\1.13\batik-svgbrowser-1.13.jar;C:\Users\Admin\.m2\repository\org\apache\xmlgraphics\batik-svggen\1.13\batik-svggen-1.13.jar;C:\Users\Admin\.m2\repository\org\apache\xmlgraphics\batik-svgpp\1.13\batik-svgpp-1.13.jar;C:\Users\Admin\.m2\repository\org\apache\xmlgraphics\batik-svgrasterizer\1.13\batik-svgrasterizer-1.13.jar;C:\Users\Admin\.m2\repository\org\apache\xmlgraphics\batik-swing\1.13\batik-swing-1.13.jar;C:\Users\Admin\.m2\repository\org\apache\xmlgraphics\batik-transcoder\1.13\batik-transcoder-1.13.jar;C:\Users\Admin\.m2\repository\org\apache\xmlgraphics\batik-util\1.13\batik-util-1.13.jar;C:\Users\Admin\.m2\repository\org\apache\xmlgraphics\batik-ttf2svg\1.13\batik-ttf2svg-1.13.jar;C:\Users\Admin\.m2\repository\org\apache\xmlgraphics\batik-xml\1.13\batik-xml-1.13.jar;C:\Users\Admin\.m2\repository\de\rototor\pdfbox\graphics2d\0.30\graphics2d-0.30.jar;C:\Users\Admin\.m2\repository\org\apache\pdfbox\pdfbox\2.0.22\pdfbox-2.0.22.jar;C:\Users\Admin\.m2\repository\org\apache\pdfbox\fontbox\2.0.22\fontbox-2.0.22.jar;C:\Users\Admin\.m2\repository\org\apache\commons\commons-lang3\3.9\commons-lang3-3.9.jar;C:\Users\Admin\.m2\repository\net\serenity-bdd\serenity-core\2.4.24\serenity-core-2.4.24.jar;C:\Users\Admin\.m2\repository\net\serenity-bdd\serenity-model\2.4.24\serenity-model-2.4.24.jar;C:\Users\Admin\.m2\repository\org\apache\commons\commons-text\1.9\commons-text-1.9.jar;C:\Users\Admin\.m2\repository\commons-net\commons-net\3.6\commons-net-3.6.jar;C:\Users\Admin\.m2\repository\com\google\inject\guice\5.0.1\guice-5.0.1.jar;C:\Users\Admin\.m2\repository\org\jsoup\jsoup\1.13.1\jsoup-1.13.1.jar;C:\Users\Admin\.m2\repository\com\thoughtworks\xstream\xstream\1.4.16\xstream-1.4.16.jar;C:\Users\Admin\.m2\repository\io\github\x-stream\mxparser\1.2.1\mxparser-1.2.1.jar;C:\Users\Admin\.m2\repository\xmlpull\xmlpull\1.1.3.1\xmlpull-1.1.3.1.jar;C:\Users\Admin\.m2\repository\com\typesafe\config\1.3.1\config-1.3.1.jar;C:\Users\Admin\.m2\repository\org\imgscalr\imgscalr-lib\4.2\imgscalr-lib-4.2.jar;C:\Users\Admin\.m2\repository\org\awaitility\awaitility\4.0.3\awaitility-4.0.3.jar;C:\Users\Admin\.m2\repository\org\freemarker\freemarker\2.3.29\freemarker-2.3.29.jar;C:\Users\Admin\.m2\repository\net\sourceforge\jexcelapi\jxl\2.6.12\jxl-2.6.12.jar;C:\Users\Admin\.m2\repository\org\asciidoctor\asciidoctorj\1.5.6\asciidoctorj-1.5.6.jar;C:\Users\Admin\.m2\repository\org\jruby\jruby-complete\1.7.26\jruby-complete-1.7.26.jar;C:\Users\Admin\.m2\repository\net\bytebuddy\byte-buddy\1.10.10\byte-buddy-1.10.10.jar;C:\Users\Admin\.m2\repository\net\bytebuddy\byte-buddy-agent\1.10.10\byte-buddy-agent-1.10.10.jar;C:\Users\Admin\.m2\repository\org\objenesis\objenesis\3.1\objenesis-3.1.jar;C:\Users\Admin\.m2\repository\net\serenity-bdd\serenity-reports\2.4.24\serenity-reports-2.4.24.jar;C:\Users\Admin\.m2\repository\net\serenity-bdd\serenity-stats\2.4.24\serenity-stats-2.4.24.jar;C:\Users\Admin\.m2\repository\net\serenity-bdd\serenity-reports-configuration\2.4.24\serenity-reports-configuration-2.4.24.jar;C:\Users\Admin\.m2\repository\com\vladsch\flexmark\flexmark-all\0.34.30\flexmark-all-0.34.30.jar;C:\Users\Admin\.m2\repository\com\vladsch\flexmark\flexmark\0.34.30\flexmark-0.34.30.jar;C:\Users\Admin\.m2\repository\com\vladsch\flexmark\flexmark-ext-abbreviation\0.34.30\flexmark-ext-abbreviation-0.34.30.jar;C:\Users\Admin\.m2\repository\com\vladsch\flexmark\flexmark-ext-admonition\0.34.30\flexmark-ext-admonition-0.34.30.jar;C:\Users\Admin\.m2\repository\com\vladsch\flexmark\flexmark-ext-anchorlink\0.34.30\flexmark-ext-anchorlink-0.34.30.jar;C:\Users\Admin\.m2\repository\com\vladsch\flexmark\flexmark-ext-aside\0.34.30\flexmark-ext-aside-0.34.30.jar;C:\Users\Admin\.m2\repository\com\vladsch\flexmark\flexmark-ext-attributes\0.34.30\flexmark-ext-attributes-0.34.30.jar;C:\Users\Admin\.m2\repository\com\vladsch\flexmark\flexmark-ext-autolink\0.34.30\flexmark-ext-autolink-0.34.30.jar;C:\Users\Admin\.m2\repository\org\nibor\autolink\autolink\0.6.0\autolink-0.6.0.jar;C:\Users\Admin\.m2\repository\com\vladsch\flexmark\flexmark-ext-definition\0.34.30\flexmark-ext-definition-0.34.30.jar;C:\Users\Admin\.m2\repository\com\vladsch\flexmark\flexmark-ext-emoji\0.34.30\flexmark-ext-emoji-0.34.30.jar;C:\Users\Admin\.m2\repository\com\vladsch\flexmark\flexmark-ext-enumerated-reference\0.34.30\flexmark-ext-enumerated-reference-0.34.30.jar;C:\Users\Admin\.m2\repository\com\vladsch\flexmark\flexmark-ext-escaped-character\0.34.30\flexmark-ext-escaped-character-0.34.30.jar;C:\Users\Admin\.m2\repository\com\vladsch\flexmark\flexmark-ext-footnotes\0.34.30\flexmark-ext-footnotes-0.34.30.jar;C:\Users\Admin\.m2\repository\com\vladsch\flexmark\flexmark-ext-gfm-issues\0.34.30\flexmark-ext-gfm-issues-0.34.30.jar;C:\Users\Admin\.m2\repository\com\vladsch\flexmark\flexmark-ext-gfm-strikethrough\0.34.30\flexmark-ext-gfm-strikethrough-0.34.30.jar;C:\Users\Admin\.m2\repository\com\vladsch\flexmark\flexmark-ext-gfm-tables\0.34.30\flexmark-ext-gfm-tables-0.34.30.jar;C:\Users\Admin\.m2\repository\com\vladsch\flexmark\flexmark-ext-gfm-tasklist\0.34.30\flexmark-ext-gfm-tasklist-0.34.30.jar;C:\Users\Admin\.m2\repository\com\vladsch\flexmark\flexmark-ext-gfm-users\0.34.30\flexmark-ext-gfm-users-0.34.30.jar;C:\Users\Admin\.m2\repository\com\vladsch\flexmark\flexmark-ext-gitlab\0.34.30\flexmark-ext-gitlab-0.34.30.jar;C:\Users\Admin\.m2\repository\com\vladsch\flexmark\flexmark-ext-jekyll-front-matter\0.34.30\flexmark-ext-jekyll-front-matter-0.34.30.jar;C:\Users\Admin\.m2\repository\com\vladsch\flexmark\flexmark-ext-jekyll-tag\0.34.30\flexmark-ext-jekyll-tag-0.34.30.jar;C:\Users\Admin\.m2\repository\com\vladsch\flexmark\flexmark-ext-media-tags\0.34.30\flexmark-ext-media-tags-0.34.30.jar;C:\Users\Admin\.m2\repository\com\vladsch\flexmark\flexmark-test-util\0.34.30\flexmark-test-util-0.34.30.jar;C:\Users\Admin\.m2\repository\com\vladsch\flexmark\flexmark-ext-ins\0.34.30\flexmark-ext-ins-0.34.30.jar;C:\Users\Admin\.m2\repository\com\vladsch\flexmark\flexmark-ext-xwiki-macros\0.34.30\flexmark-ext-xwiki-macros-0.34.30.jar;C:\Users\Admin\.m2\repository\com\vladsch\flexmark\flexmark-ext-superscript\0.34.30\flexmark-ext-superscript-0.34.30.jar;C:\Users\Admin\.m2\repository\com\vladsch\flexmark\flexmark-ext-tables\0.34.30\flexmark-ext-tables-0.34.30.jar;C:\Users\Admin\.m2\repository\com\vladsch\flexmark\flexmark-ext-toc\0.34.30\flexmark-ext-toc-0.34.30.jar;C:\Users\Admin\.m2\repository\com\vladsch\flexmark\flexmark-ext-typographic\0.34.30\flexmark-ext-typographic-0.34.30.jar;C:\Users\Admin\.m2\repository\com\vladsch\flexmark\flexmark-ext-wikilink\0.34.30\flexmark-ext-wikilink-0.34.30.jar;C:\Users\Admin\.m2\repository\com\vladsch\flexmark\flexmark-ext-yaml-front-matter\0.34.30\flexmark-ext-yaml-front-matter-0.34.30.jar;C:\Users\Admin\.m2\repository\com\vladsch\flexmark\flexmark-ext-youtube-embedded\0.34.30\flexmark-ext-youtube-embedded-0.34.30.jar;C:\Users\Admin\.m2\repository\com\vladsch\flexmark\flexmark-formatter\0.34.30\flexmark-formatter-0.34.30.jar;C:\Users\Admin\.m2\repository\com\vladsch\flexmark\flexmark-html-parser\0.34.30\flexmark-html-parser-0.34.30.jar;C:\Users\Admin\.m2\repository\com\vladsch\flexmark\flexmark-jira-converter\0.34.30\flexmark-jira-converter-0.34.30.jar;C:\Users\Admin\.m2\repository\com\vladsch\flexmark\flexmark-pdf-converter\0.34.30\flexmark-pdf-converter-0.34.30.jar;C:\Users\Admin\.m2\repository\com\openhtmltopdf\openhtmltopdf-core\0.0.1-RC13\openhtmltopdf-core-0.0.1-RC13.jar;C:\Users\Admin\.m2\repository\com\openhtmltopdf\openhtmltopdf-pdfbox\0.0.1-RC13\openhtmltopdf-pdfbox-0.0.1-RC13.jar;C:\Users\Admin\.m2\repository\org\apache\pdfbox\xmpbox\2.0.8\xmpbox-2.0.8.jar;C:\Users\Admin\.m2\repository\com\openhtmltopdf\openhtmltopdf-rtl-support\0.0.1-RC13\openhtmltopdf-rtl-support-0.0.1-RC13.jar;C:\Users\Admin\.m2\repository\com\ibm\icu\icu4j\59.1\icu4j-59.1.jar;C:\Users\Admin\.m2\repository\com\openhtmltopdf\openhtmltopdf-jsoup-dom-converter\0.0.1-RC13\openhtmltopdf-jsoup-dom-converter-0.0.1-RC13.jar;C:\Users\Admin\.m2\repository\com\vladsch\flexmark\flexmark-profile-pegdown\0.34.30\flexmark-profile-pegdown-0.34.30.jar;C:\Users\Admin\.m2\repository\com\vladsch\flexmark\flexmark-util\0.34.30\flexmark-util-0.34.30.jar;C:\Users\Admin\.m2\repository\com\vladsch\flexmark\flexmark-youtrack-converter\0.34.30\flexmark-youtrack-converter-0.34.30.jar;C:\Users\Admin\.m2\repository\es\nitaur\markdown\txtmark\0.16\txtmark-0.16.jar;C:\Users\Admin\.m2\repository\net\serenity-bdd\serenity-report-resources\2.4.24\serenity-report-resources-2.4.24.jar;C:\Users\Admin\.m2\repository\com\google\code\gson\gson\2.8.6\gson-2.8.6.jar;C:\Users\Admin\.m2\repository\commons-io\commons-io\2.8.0\commons-io-2.8.0.jar;C:\Users\Admin\.m2\repository\org\seleniumhq\selenium\selenium-server\3.141.59\selenium-server-3.141.59.jar;C:\Users\Admin\.m2\repository\org\seleniumhq\selenium\selenium-opera-driver\3.141.59\selenium-opera-driver-3.141.59.jar;C:\Users\Admin\.m2\repository\org\seleniumhq\selenium\selenium-remote-driver\3.141.59\selenium-remote-driver-3.141.59.jar;C:\Users\Admin\.m2\repository\org\seleniumhq\selenium\selenium-safari-driver\3.141.59\selenium-safari-driver-3.141.59.jar;C:\Users\Admin\.m2\repository\org\apache\commons\commons-exec\1.3\commons-exec-1.3.jar;C:\Users\Admin\.m2\repository\net\jcip\jcip-annotations\1.0\jcip-annotations-1.0.jar;C:\Users\Admin\.m2\repository\org\seleniumhq\selenium\jetty-repacked\9.4.12.v20180830\jetty-repacked-9.4.12.v20180830.jar;C:\Users\Admin\.m2\repository\com\squareup\okhttp3\okhttp\3.11.0\okhttp-3.11.0.jar;C:\Users\Admin\.m2\repository\com\squareup\okio\okio\1.14.0\okio-1.14.0.jar;C:\Users\Admin\.m2\repository\javax\servlet\javax.servlet-api\3.1.0\javax.servlet-api-3.1.0.jar;C:\Users\Admin\.m2\repository\org\seleniumhq\selenium\selenium-java\3.141.59\selenium-java-3.141.59.jar;C:\Users\Admin\.m2\repository\org\seleniumhq\selenium\selenium-api\3.141.59\selenium-api-3.141.59.jar;C:\Users\Admin\.m2\repository\org\seleniumhq\selenium\selenium-support\3.141.59\selenium-support-3.141.59.jar;C:\Users\Admin\.m2\repository\org\seleniumhq\selenium\selenium-chrome-driver\3.141.59\selenium-chrome-driver-3.141.59.jar;C:\Users\Admin\.m2\repository\org\seleniumhq\selenium\selenium-firefox-driver\3.141.59\selenium-firefox-driver-3.141.59.jar;C:\Users\Admin\.m2\repository\org\seleniumhq\selenium\selenium-edge-driver\3.141.59\selenium-edge-driver-3.141.59.jar;C:\Users\Admin\.m2\repository\org\seleniumhq\selenium\selenium-ie-driver\3.141.59\selenium-ie-driver-3.141.59.jar;C:\Users\Admin\.m2\repository\net\sourceforge\htmlunit\htmlunit\2.47.1\htmlunit-2.47.1.jar;C:\Users\Admin\.m2\repository\xalan\xalan\2.7.2\xalan-2.7.2.jar;C:\Users\Admin\.m2\repository\xalan\serializer\2.7.2\serializer-2.7.2.jar;C:\Users\Admin\.m2\repository\org\apache\httpcomponents\httpmime\4.5.13\httpmime-4.5.13.jar;C:\Users\Admin\.m2\repository\net\sourceforge\htmlunit\htmlunit-core-js\2.47.0\htmlunit-core-js-2.47.0.jar;C:\Users\Admin\.m2\repository\net\sourceforge\htmlunit\neko-htmlunit\2.47.1\neko-htmlunit-2.47.1.jar;C:\Users\Admin\.m2\repository\xerces\xercesImpl\2.12.0\xercesImpl-2.12.0.jar;C:\Users\Admin\.m2\repository\net\sourceforge\htmlunit\htmlunit-cssparser\1.7.0\htmlunit-cssparser-1.7.0.jar;C:\Users\Admin\.m2\repository\org\brotli\dec\0.1.2\dec-0.1.2.jar;C:\Users\Admin\.m2\repository\com\shapesecurity\salvation2\3.0.0\salvation2-3.0.0.jar;C:\Users\Admin\.m2\repository\org\eclipse\jetty\websocket\websocket-client\9.4.36.v20210114\websocket-client-9.4.36.v20210114.jar;C:\Users\Admin\.m2\repository\org\eclipse\jetty\jetty-client\9.4.36.v20210114\jetty-client-9.4.36.v20210114.jar;C:\Users\Admin\.m2\repository\org\eclipse\jetty\jetty-http\9.4.36.v20210114\jetty-http-9.4.36.v20210114.jar;C:\Users\Admin\.m2\repository\org\eclipse\jetty\jetty-util\9.4.36.v20210114\jetty-util-9.4.36.v20210114.jar;C:\Users\Admin\.m2\repository\org\eclipse\jetty\jetty-io\9.4.36.v20210114\jetty-io-9.4.36.v20210114.jar;C:\Users\Admin\.m2\repository\org\eclipse\jetty\websocket\websocket-common\9.4.36.v20210114\websocket-common-9.4.36.v20210114.jar;C:\Users\Admin\.m2\repository\org\eclipse\jetty\websocket\websocket-api\9.4.36.v20210114\websocket-api-9.4.36.v20210114.jar;C:\Users\Admin\.m2\repository\org\seleniumhq\selenium\htmlunit-driver\2.47.1\htmlunit-driver-2.47.1.jar;C:\Users\Admin\.m2\repository\com\codeborne\phantomjsdriver\1.4.4\phantomjsdriver-1.4.4.jar;C:\Users\Admin\.m2\repository\org\codehaus\groovy\groovy\3.0.8\groovy-3.0.8.jar;C:\Users\Admin\.m2\repository\net\sf\opencsv\opencsv\2.0\opencsv-2.0.jar;C:\Users\Admin\.m2\repository\commons-beanutils\commons-beanutils\1.9.4\commons-beanutils-1.9.4.jar;C:\Users\Admin\.m2\repository\commons-collections\commons-collections\3.2.2\commons-collections-3.2.2.jar;C:\Users\Admin\.m2\repository\org\fluentlenium\fluentlenium-core\0.10.2\fluentlenium-core-0.10.2.jar;C:\Users\Admin\.m2\repository\io\github\bonigarcia\webdrivermanager\4.4.1\webdrivermanager-4.4.1.jar;C:\Users\Admin\.m2\repository\org\apache\httpcomponents\client5\httpclient5\5.0.3\httpclient5-5.0.3.jar;C:\Users\Admin\.m2\repository\org\apache\httpcomponents\core5\httpcore5\5.0.2\httpcore5-5.0.2.jar;C:\Users\Admin\.m2\repository\org\apache\httpcomponents\core5\httpcore5-h2\5.0.2\httpcore5-h2-5.0.2.jar;C:\Users\Admin\.m2\repository\org\rauschig\jarchivelib\1.1.0\jarchivelib-1.1.0.jar;C:\Users\Admin\.m2\repository\com\jhlabs\filters\2.0.235\filters-2.0.235.jar;C:\Users\Admin\.m2\repository\com\assertthat\selenium-shutterbug\1.4\selenium-shutterbug-1.4.jar;C:\Users\Admin\.m2\repository\org\projectlombok\lombok\1.18.8\lombok-1.18.8.jar;C:\Users\Admin\.m2\repository\com\github\zafarkhaja\java-semver\0.9.0\java-semver-0.9.0.jar;C:\Users\Admin\.m2\repository\ru\yandex\qatools\ashot\ashot\1.5.4\ashot-1.5.4.jar;C:\Users\Admin\.m2\repository\com\paulhammant\ngwebdriver\1.1.5\ngwebdriver-1.1.5.jar;C:\Users\Admin\.m2\repository\joda-time\joda-time\2.8.2\joda-time-2.8.2.jar;C:\Users\Admin\.m2\repository\org\hamcrest\hamcrest\2.2\hamcrest-2.2.jar;C:\Users\Admin\.m2\repository\com\google\jimfs\jimfs\1.1\jimfs-1.1.jar;C:\Users\Admin\.m2\repository\org\mockito\mockito-core\3.3.3\mockito-core-3.3.3.jar;C:\Users\Admin\.m2\repository\javax\xml\bind\jaxb-api\2.3.1\jaxb-api-2.3.1.jar;C:\Users\Admin\.m2\repository\javax\activation\javax.activation-api\1.2.0\javax.activation-api-1.2.0.jar;C:\Users\Admin\.m2\repository\com\sun\xml\bind\jaxb-core\2.3.0.1\jaxb-core-2.3.0.1.jar;C:\Users\Admin\.m2\repository\com\sun\xml\bind\jaxb-impl\2.3.3\jaxb-impl-2.3.3.jar;C:\Users\Admin\.m2\repository\com\sun\activation\jakarta.activation\1.2.2\jakarta.activation-1.2.2.jar;C:\Users\Admin\.m2\repository\javax\activation\activation\1.1.1\activation-1.1.1.jar;C:\Users\Admin\.m2\repository\net\serenity-bdd\serenity-cucumber6\2.4.24\serenity-cucumber6-2.4.24.jar;C:\Users\Admin\.m2\repository\io\cucumber\cucumber-junit\6.10.2\cucumber-junit-6.10.2.jar;C:\Users\Admin\.m2\repository\io\cucumber\datatable-matchers\3.4.0\datatable-matchers-3.4.0.jar;C:\Users\Admin\.m2\repository\io\cucumber\datatable\3.4.0\datatable-3.4.0.jar;C:\Users\Admin\.m2\repository\commons-logging\commons-logging\1.2\commons-logging-1.2.jar;C:\Users\Admin\.m2\repository\net\serenity-bdd\serenity-screenplay\2.4.24\serenity-screenplay-2.4.24.jar;C:\Users\Admin\.m2\repository\net\serenity-bdd\serenity-screenplay-webdriver\2.4.24\serenity-screenplay-webdriver-2.4.24.jar;C:\Users\Admin\.m2\repository\net\serenity-bdd\serenity-ensure\2.4.24\serenity-ensure-2.4.24.jar;C:\Users\Admin\.m2\repository\net\serenity-bdd\serenity-junit\2.4.24\serenity-junit-2.4.24.jar;C:\Users\Admin\.m2\repository\org\jetbrains\kotlin\kotlin-stdlib\1.4.31\kotlin-stdlib-1.4.31.jar;C:\Users\Admin\.m2\repository\org\jetbrains\kotlin\kotlin-stdlib-common\1.4.31\kotlin-stdlib-common-1.4.31.jar;C:\Users\Admin\.m2\repository\org\jetbrains\annotations\13.0\annotations-13.0.jar;C:\Users\Admin\.m2\repository\junit\junit\4.13.1\junit-4.13.1.jar;C:\Users\Admin\.m2\repository\org\hamcrest\hamcrest-core\1.3\hamcrest-core-1.3.jar;C:\Users\Admin\.m2\repository\ch\qos\logback\logback-classic\1.0.13\logback-classic-1.0.13.jar;C:\Users\Admin\.m2\repository\ch\qos\logback\logback-core\1.0.13\logback-core-1.0.13.jar;C:\Users\Admin\.m2\repository\org\assertj\assertj-core\3.6.2\assertj-core-3.6.2.jar;C:\Users\Admin\.m2\repository\io\cucumber\cucumber-java\6.10.4\cucumber-java-6.10.4.jar;C:\Users\Admin\.m2\repository\io\cucumber\cucumber-core\6.10.4\cucumber-core-6.10.4.jar;C:\Users\Admin\.m2\repository\io\cucumber\cucumber-gherkin\6.10.4\cucumber-gherkin-6.10.4.jar;C:\Users\Admin\.m2\repository\io\cucumber\cucumber-gherkin-messages\6.10.4\cucumber-gherkin-messages-6.10.4.jar;C:\Users\Admin\.m2\repository\io\cucumber\messages\15.0.0\messages-15.0.0.jar;C:\Users\Admin\.m2\repository\io\cucumber\tag-expressions\3.0.1\tag-expressions-3.0.1.jar;C:\Users\Admin\.m2\repository\io\cucumber\cucumber-expressions\10.3.0\cucumber-expressions-10.3.0.jar;C:\Users\Admin\.m2\repository\io\cucumber\cucumber-plugin\6.10.4\cucumber-plugin-6.10.4.jar;C:\Users\Admin\.m2\repository\io\cucumber\docstring\6.10.4\docstring-6.10.4.jar;C:\Users\Admin\.m2\repository\io\cucumber\html-formatter\13.0.0\html-formatter-13.0.0.jar;C:\Users\Admin\.m2\repository\io\cucumber\create-meta\4.0.0\create-meta-4.0.0.jar;C:\Users\Admin\.m2\repository\org\apiguardian\apiguardian-api\1.1.1\apiguardian-api-1.1.1.jar;C:\Users\Admin\.m2\repository\org\apache\commons\commons-csv\1.5\commons-csv-1.5.jar;C:\Users\Admin\.m2\repository\org\junit\jupiter\junit-jupiter-api\5.8.0-M1\junit-jupiter-api-5.8.0-M1.jar;C:\Users\Admin\.m2\repository\org\opentest4j\opentest4j\1.2.0\opentest4j-1.2.0.jar;C:\Users\Admin\.m2\repository\org\junit\platform\junit-platform-commons\1.8.0-M1\junit-platform-commons-1.8.0-M1.jar;"/>
    <property name="java.vm.vendor" value="Oracle Corporation"/>
    <property name="sun.arch.data.model" value="64"/>
    <property name="user.variant" value=""/>
    <property name="java.vendor.url" value="https://openjdk.java.net/"/>
    <property name="user.timezone" value="Asia/Calcutta"/>
    <property name="java.vm.specification.version" value="11"/>
    <property name="os.name" value="Windows 10"/>
    <property name="sun.java.launcher" value="SUN_STANDARD"/>
    <property name="user.country" value="IN"/>
    <property name="sun.boot.library.path" value="C:\Program Files\Java\jdk-11.0.11\bin"/>
    <property name="sun.java.command" value="org.apache.maven.surefire.booter.ForkedBooter C:\Users\Admin\AppData\Local\Temp\surefire9158938257461773482 2021-07-26T10-35-06_662-jvmRun1 surefire17963497831968311905tmp surefire_010853708575937690523tmp"/>
    <property name="jdk.debug" value="release"/>
    <property name="surefire.test.class.path" value="C:\Users\Admin\Downloads\MPH-IOS-main\target\test-classes;C:\Users\Admin\.m2\repository\io\testproject\java-sdk\1.2.2-RELEASE\java-sdk-1.2.2-RELEASE.jar;C:\Users\Admin\.m2\repository\io\appium\java-client\7.3.0\java-client-7.3.0.jar;C:\Users\Admin\.m2\repository\org\apache\httpcomponents\httpclient\4.5.9\httpclient-4.5.9.jar;C:\Users\Admin\.m2\repository\org\apache\httpcomponents\httpcore\4.4.11\httpcore-4.4.11.jar;C:\Users\Admin\.m2\repository\cglib\cglib\3.2.12\cglib-3.2.12.jar;C:\Users\Admin\.m2\repository\org\ow2\asm\asm\7.1\asm-7.1.jar;C:\Users\Admin\.m2\repository\commons-validator\commons-validator\1.6\commons-validator-1.6.jar;C:\Users\Admin\.m2\repository\commons-digester\commons-digester\1.8.1\commons-digester-1.8.1.jar;C:\Users\Admin\.m2\repository\org\springframework\spring-context\5.1.8.RELEASE\spring-context-5.1.8.RELEASE.jar;C:\Users\Admin\.m2\repository\org\springframework\spring-aop\5.1.8.RELEASE\spring-aop-5.1.8.RELEASE.jar;C:\Users\Admin\.m2\repository\org\springframework\spring-beans\5.1.8.RELEASE\spring-beans-5.1.8.RELEASE.jar;C:\Users\Admin\.m2\repository\org\springframework\spring-core\5.1.8.RELEASE\spring-core-5.1.8.RELEASE.jar;C:\Users\Admin\.m2\repository\org\springframework\spring-jcl\5.1.8.RELEASE\spring-jcl-5.1.8.RELEASE.jar;C:\Users\Admin\.m2\repository\org\springframework\spring-expression\5.1.8.RELEASE\spring-expression-5.1.8.RELEASE.jar;C:\Users\Admin\.m2\repository\org\aspectj\aspectjweaver\1.9.4\aspectjweaver-1.9.4.jar;C:\Users\Admin\.m2\repository\com\google\guava\guava\29.0-jre\guava-29.0-jre.jar;C:\Users\Admin\.m2\repository\com\google\guava\failureaccess\1.0.1\failureaccess-1.0.1.jar;C:\Users\Admin\.m2\repository\com\google\guava\listenablefuture\9999.0-empty-to-avoid-conflict-with-guava\listenablefuture-9999.0-empty-to-avoid-conflict-with-guava.jar;C:\Users\Admin\.m2\repository\com\google\code\findbugs\jsr305\3.0.2\jsr305-3.0.2.jar;C:\Users\Admin\.m2\repository\org\checkerframework\checker-qual\2.11.1\checker-qual-2.11.1.jar;C:\Users\Admin\.m2\repository\com\google\errorprone\error_prone_annotations\2.3.4\error_prone_annotations-2.3.4.jar;C:\Users\Admin\.m2\repository\com\google\j2objc\j2objc-annotations\1.3\j2objc-annotations-1.3.jar;C:\Users\Admin\.m2\repository\org\junit\jupiter\junit-jupiter-params\5.5.1\junit-jupiter-params-5.5.1.jar;C:\Users\Admin\.m2\repository\org\testng\testng\7.1.0\testng-7.1.0.jar;C:\Users\Admin\.m2\repository\com\beust\jcommander\1.72\jcommander-1.72.jar;C:\Users\Admin\.m2\repository\com\google\inject\guice\4.1.0\guice-4.1.0-no_aop.jar;C:\Users\Admin\.m2\repository\javax\inject\javax.inject\1\javax.inject-1.jar;C:\Users\Admin\.m2\repository\aopalliance\aopalliance\1.0\aopalliance-1.0.jar;C:\Users\Admin\.m2\repository\org\yaml\snakeyaml\1.21\snakeyaml-1.21.jar;C:\Users\Admin\.m2\repository\com\github\spotbugs\spotbugs-annotations\4.0.2\spotbugs-annotations-4.0.2.jar;C:\Users\Admin\.m2\repository\org\apache\maven\maven-artifact\3.6.3\maven-artifact-3.6.3.jar;C:\Users\Admin\.m2\repository\org\codehaus\plexus\plexus-utils\3.2.1\plexus-utils-3.2.1.jar;C:\Users\Admin\.m2\repository\org\apache\poi\poi\5.0.0\poi-5.0.0.jar;C:\Users\Admin\.m2\repository\org\slf4j\slf4j-api\1.7.30\slf4j-api-1.7.30.jar;C:\Users\Admin\.m2\repository\org\slf4j\jcl-over-slf4j\1.7.30\jcl-over-slf4j-1.7.30.jar;C:\Users\Admin\.m2\repository\commons-codec\commons-codec\1.15\commons-codec-1.15.jar;C:\Users\Admin\.m2\repository\org\apache\commons\commons-collections4\4.4\commons-collections4-4.4.jar;C:\Users\Admin\.m2\repository\org\apache\commons\commons-math3\3.6.1\commons-math3-3.6.1.jar;C:\Users\Admin\.m2\repository\com\zaxxer\SparseBitSet\1.2\SparseBitSet-1.2.jar;C:\Users\Admin\.m2\repository\org\apache\poi\poi-ooxml\5.0.0\poi-ooxml-5.0.0.jar;C:\Users\Admin\.m2\repository\org\apache\poi\poi-ooxml-lite\5.0.0\poi-ooxml-lite-5.0.0.jar;C:\Users\Admin\.m2\repository\org\apache\xmlbeans\xmlbeans\4.0.0\xmlbeans-4.0.0.jar;C:\Users\Admin\.m2\repository\org\apache\commons\commons-compress\1.20\commons-compress-1.20.jar;C:\Users\Admin\.m2\repository\com\github\virtuald\curvesapi\1.06\curvesapi-1.06.jar;C:\Users\Admin\.m2\repository\org\bouncycastle\bcpkix-jdk15on\1.68\bcpkix-jdk15on-1.68.jar;C:\Users\Admin\.m2\repository\org\bouncycastle\bcprov-jdk15on\1.68\bcprov-jdk15on-1.68.jar;C:\Users\Admin\.m2\repository\org\apache\santuario\xmlsec\2.2.1\xmlsec-2.2.1.jar;C:\Users\Admin\.m2\repository\com\fasterxml\woodstox\woodstox-core\5.2.1\woodstox-core-5.2.1.jar;C:\Users\Admin\.m2\repository\org\codehaus\woodstox\stax2-api\4.2\stax2-api-4.2.jar;C:\Users\Admin\.m2\repository\jakarta\xml\bind\jakarta.xml.bind-api\2.3.2\jakarta.xml.bind-api-2.3.2.jar;C:\Users\Admin\.m2\repository\jakarta\activation\jakarta.activation-api\1.2.1\jakarta.activation-api-1.2.1.jar;C:\Users\Admin\.m2\repository\org\apache\xmlgraphics\batik-all\1.13\batik-all-1.13.jar;C:\Users\Admin\.m2\repository\org\apache\xmlgraphics\batik-anim\1.13\batik-anim-1.13.jar;C:\Users\Admin\.m2\repository\org\apache\xmlgraphics\batik-shared-resources\1.13\batik-shared-resources-1.13.jar;C:\Users\Admin\.m2\repository\xml-apis\xml-apis-ext\1.3.04\xml-apis-ext-1.3.04.jar;C:\Users\Admin\.m2\repository\org\apache\xmlgraphics\batik-awt-util\1.13\batik-awt-util-1.13.jar;C:\Users\Admin\.m2\repository\org\apache\xmlgraphics\xmlgraphics-commons\2.4\xmlgraphics-commons-2.4.jar;C:\Users\Admin\.m2\repository\org\apache\xmlgraphics\batik-bridge\1.13\batik-bridge-1.13.jar;C:\Users\Admin\.m2\repository\org\apache\xmlgraphics\batik-codec\1.13\batik-codec-1.13.jar;C:\Users\Admin\.m2\repository\org\apache\xmlgraphics\batik-constants\1.13\batik-constants-1.13.jar;C:\Users\Admin\.m2\repository\org\apache\xmlgraphics\batik-css\1.13\batik-css-1.13.jar;C:\Users\Admin\.m2\repository\org\apache\xmlgraphics\batik-dom\1.13\batik-dom-1.13.jar;C:\Users\Admin\.m2\repository\xml-apis\xml-apis\1.4.01\xml-apis-1.4.01.jar;C:\Users\Admin\.m2\repository\org\apache\xmlgraphics\batik-ext\1.13\batik-ext-1.13.jar;C:\Users\Admin\.m2\repository\org\apache\xmlgraphics\batik-extension\1.13\batik-extension-1.13.jar;C:\Users\Admin\.m2\repository\org\apache\xmlgraphics\batik-gui-util\1.13\batik-gui-util-1.13.jar;C:\Users\Admin\.m2\repository\org\apache\xmlgraphics\batik-gvt\1.13\batik-gvt-1.13.jar;C:\Users\Admin\.m2\repository\org\apache\xmlgraphics\batik-i18n\1.13\batik-i18n-1.13.jar;C:\Users\Admin\.m2\repository\org\apache\xmlgraphics\batik-parser\1.13\batik-parser-1.13.jar;C:\Users\Admin\.m2\repository\org\apache\xmlgraphics\batik-rasterizer-ext\1.13\batik-rasterizer-ext-1.13.jar;C:\Users\Admin\.m2\repository\org\apache\xmlgraphics\batik-rasterizer\1.13\batik-rasterizer-1.13.jar;C:\Users\Admin\.m2\repository\org\apache\xmlgraphics\batik-script\1.13\batik-script-1.13.jar;C:\Users\Admin\.m2\repository\org\apache\xmlgraphics\batik-slideshow\1.13\batik-slideshow-1.13.jar;C:\Users\Admin\.m2\repository\org\apache\xmlgraphics\batik-squiggle-ext\1.13\batik-squiggle-ext-1.13.jar;C:\Users\Admin\.m2\repository\org\apache\xmlgraphics\batik-squiggle\1.13\batik-squiggle-1.13.jar;C:\Users\Admin\.m2\repository\org\apache\xmlgraphics\batik-svg-dom\1.13\batik-svg-dom-1.13.jar;C:\Users\Admin\.m2\repository\org\apache\xmlgraphics\batik-svgbrowser\1.13\batik-svgbrowser-1.13.jar;C:\Users\Admin\.m2\repository\org\apache\xmlgraphics\batik-svggen\1.13\batik-svggen-1.13.jar;C:\Users\Admin\.m2\repository\org\apache\xmlgraphics\batik-svgpp\1.13\batik-svgpp-1.13.jar;C:\Users\Admin\.m2\repository\org\apache\xmlgraphics\batik-svgrasterizer\1.13\batik-svgrasterizer-1.13.jar;C:\Users\Admin\.m2\repository\org\apache\xmlgraphics\batik-swing\1.13\batik-swing-1.13.jar;C:\Users\Admin\.m2\repository\org\apache\xmlgraphics\batik-transcoder\1.13\batik-transcoder-1.13.jar;C:\Users\Admin\.m2\repository\org\apache\xmlgraphics\batik-util\1.13\batik-util-1.13.jar;C:\Users\Admin\.m2\repository\org\apache\xmlgraphics\batik-ttf2svg\1.13\batik-ttf2svg-1.13.jar;C:\Users\Admin\.m2\repository\org\apache\xmlgraphics\batik-xml\1.13\batik-xml-1.13.jar;C:\Users\Admin\.m2\repository\de\rototor\pdfbox\graphics2d\0.30\graphics2d-0.30.jar;C:\Users\Admin\.m2\repository\org\apache\pdfbox\pdfbox\2.0.22\pdfbox-2.0.22.jar;C:\Users\Admin\.m2\repository\org\apache\pdfbox\fontbox\2.0.22\fontbox-2.0.22.jar;C:\Users\Admin\.m2\repository\org\apache\commons\commons-lang3\3.9\commons-lang3-3.9.jar;C:\Users\Admin\.m2\repository\net\serenity-bdd\serenity-core\2.4.24\serenity-core-2.4.24.jar;C:\Users\Admin\.m2\repository\net\serenity-bdd\serenity-model\2.4.24\serenity-model-2.4.24.jar;C:\Users\Admin\.m2\repository\org\apache\commons\commons-text\1.9\commons-text-1.9.jar;C:\Users\Admin\.m2\repository\commons-net\commons-net\3.6\commons-net-3.6.jar;C:\Users\Admin\.m2\repository\com\google\inject\guice\5.0.1\guice-5.0.1.jar;C:\Users\Admin\.m2\repository\org\jsoup\jsoup\1.13.1\jsoup-1.13.1.jar;C:\Users\Admin\.m2\repository\com\thoughtworks\xstream\xstream\1.4.16\xstream-1.4.16.jar;C:\Users\Admin\.m2\repository\io\github\x-stream\mxparser\1.2.1\mxparser-1.2.1.jar;C:\Users\Admin\.m2\repository\xmlpull\xmlpull\1.1.3.1\xmlpull-1.1.3.1.jar;C:\Users\Admin\.m2\repository\com\typesafe\config\1.3.1\config-1.3.1.jar;C:\Users\Admin\.m2\repository\org\imgscalr\imgscalr-lib\4.2\imgscalr-lib-4.2.jar;C:\Users\Admin\.m2\repository\org\awaitility\awaitility\4.0.3\awaitility-4.0.3.jar;C:\Users\Admin\.m2\repository\org\freemarker\freemarker\2.3.29\freemarker-2.3.29.jar;C:\Users\Admin\.m2\repository\net\sourceforge\jexcelapi\jxl\2.6.12\jxl-2.6.12.jar;C:\Users\Admin\.m2\repository\org\asciidoctor\asciidoctorj\1.5.6\asciidoctorj-1.5.6.jar;C:\Users\Admin\.m2\repository\org\jruby\jruby-complete\1.7.26\jruby-complete-1.7.26.jar;C:\Users\Admin\.m2\repository\net\bytebuddy\byte-buddy\1.10.10\byte-buddy-1.10.10.jar;C:\Users\Admin\.m2\repository\net\bytebuddy\byte-buddy-agent\1.10.10\byte-buddy-agent-1.10.10.jar;C:\Users\Admin\.m2\repository\org\objenesis\objenesis\3.1\objenesis-3.1.jar;C:\Users\Admin\.m2\repository\net\serenity-bdd\serenity-reports\2.4.24\serenity-reports-2.4.24.jar;C:\Users\Admin\.m2\repository\net\serenity-bdd\serenity-stats\2.4.24\serenity-stats-2.4.24.jar;C:\Users\Admin\.m2\repository\net\serenity-bdd\serenity-reports-configuration\2.4.24\serenity-reports-configuration-2.4.24.jar;C:\Users\Admin\.m2\repository\com\vladsch\flexmark\flexmark-all\0.34.30\flexmark-all-0.34.30.jar;C:\Users\Admin\.m2\repository\com\vladsch\flexmark\flexmark\0.34.30\flexmark-0.34.30.jar;C:\Users\Admin\.m2\repository\com\vladsch\flexmark\flexmark-ext-abbreviation\0.34.30\flexmark-ext-abbreviation-0.34.30.jar;C:\Users\Admin\.m2\repository\com\vladsch\flexmark\flexmark-ext-admonition\0.34.30\flexmark-ext-admonition-0.34.30.jar;C:\Users\Admin\.m2\repository\com\vladsch\flexmark\flexmark-ext-anchorlink\0.34.30\flexmark-ext-anchorlink-0.34.30.jar;C:\Users\Admin\.m2\repository\com\vladsch\flexmark\flexmark-ext-aside\0.34.30\flexmark-ext-aside-0.34.30.jar;C:\Users\Admin\.m2\repository\com\vladsch\flexmark\flexmark-ext-attributes\0.34.30\flexmark-ext-attributes-0.34.30.jar;C:\Users\Admin\.m2\repository\com\vladsch\flexmark\flexmark-ext-autolink\0.34.30\flexmark-ext-autolink-0.34.30.jar;C:\Users\Admin\.m2\repository\org\nibor\autolink\autolink\0.6.0\autolink-0.6.0.jar;C:\Users\Admin\.m2\repository\com\vladsch\flexmark\flexmark-ext-definition\0.34.30\flexmark-ext-definition-0.34.30.jar;C:\Users\Admin\.m2\repository\com\vladsch\flexmark\flexmark-ext-emoji\0.34.30\flexmark-ext-emoji-0.34.30.jar;C:\Users\Admin\.m2\repository\com\vladsch\flexmark\flexmark-ext-enumerated-reference\0.34.30\flexmark-ext-enumerated-reference-0.34.30.jar;C:\Users\Admin\.m2\repository\com\vladsch\flexmark\flexmark-ext-escaped-character\0.34.30\flexmark-ext-escaped-character-0.34.30.jar;C:\Users\Admin\.m2\repository\com\vladsch\flexmark\flexmark-ext-footnotes\0.34.30\flexmark-ext-footnotes-0.34.30.jar;C:\Users\Admin\.m2\repository\com\vladsch\flexmark\flexmark-ext-gfm-issues\0.34.30\flexmark-ext-gfm-issues-0.34.30.jar;C:\Users\Admin\.m2\repository\com\vladsch\flexmark\flexmark-ext-gfm-strikethrough\0.34.30\flexmark-ext-gfm-strikethrough-0.34.30.jar;C:\Users\Admin\.m2\repository\com\vladsch\flexmark\flexmark-ext-gfm-tables\0.34.30\flexmark-ext-gfm-tables-0.34.30.jar;C:\Users\Admin\.m2\repository\com\vladsch\flexmark\flexmark-ext-gfm-tasklist\0.34.30\flexmark-ext-gfm-tasklist-0.34.30.jar;C:\Users\Admin\.m2\repository\com\vladsch\flexmark\flexmark-ext-gfm-users\0.34.30\flexmark-ext-gfm-users-0.34.30.jar;C:\Users\Admin\.m2\repository\com\vladsch\flexmark\flexmark-ext-gitlab\0.34.30\flexmark-ext-gitlab-0.34.30.jar;C:\Users\Admin\.m2\repository\com\vladsch\flexmark\flexmark-ext-jekyll-front-matter\0.34.30\flexmark-ext-jekyll-front-matter-0.34.30.jar;C:\Users\Admin\.m2\repository\com\vladsch\flexmark\flexmark-ext-jekyll-tag\0.34.30\flexmark-ext-jekyll-tag-0.34.30.jar;C:\Users\Admin\.m2\repository\com\vladsch\flexmark\flexmark-ext-media-tags\0.34.30\flexmark-ext-media-tags-0.34.30.jar;C:\Users\Admin\.m2\repository\com\vladsch\flexmark\flexmark-test-util\0.34.30\flexmark-test-util-0.34.30.jar;C:\Users\Admin\.m2\repository\com\vladsch\flexmark\flexmark-ext-ins\0.34.30\flexmark-ext-ins-0.34.30.jar;C:\Users\Admin\.m2\repository\com\vladsch\flexmark\flexmark-ext-xwiki-macros\0.34.30\flexmark-ext-xwiki-macros-0.34.30.jar;C:\Users\Admin\.m2\repository\com\vladsch\flexmark\flexmark-ext-superscript\0.34.30\flexmark-ext-superscript-0.34.30.jar;C:\Users\Admin\.m2\repository\com\vladsch\flexmark\flexmark-ext-tables\0.34.30\flexmark-ext-tables-0.34.30.jar;C:\Users\Admin\.m2\repository\com\vladsch\flexmark\flexmark-ext-toc\0.34.30\flexmark-ext-toc-0.34.30.jar;C:\Users\Admin\.m2\repository\com\vladsch\flexmark\flexmark-ext-typographic\0.34.30\flexmark-ext-typographic-0.34.30.jar;C:\Users\Admin\.m2\repository\com\vladsch\flexmark\flexmark-ext-wikilink\0.34.30\flexmark-ext-wikilink-0.34.30.jar;C:\Users\Admin\.m2\repository\com\vladsch\flexmark\flexmark-ext-yaml-front-matter\0.34.30\flexmark-ext-yaml-front-matter-0.34.30.jar;C:\Users\Admin\.m2\repository\com\vladsch\flexmark\flexmark-ext-youtube-embedded\0.34.30\flexmark-ext-youtube-embedded-0.34.30.jar;C:\Users\Admin\.m2\repository\com\vladsch\flexmark\flexmark-formatter\0.34.30\flexmark-formatter-0.34.30.jar;C:\Users\Admin\.m2\repository\com\vladsch\flexmark\flexmark-html-parser\0.34.30\flexmark-html-parser-0.34.30.jar;C:\Users\Admin\.m2\repository\com\vladsch\flexmark\flexmark-jira-converter\0.34.30\flexmark-jira-converter-0.34.30.jar;C:\Users\Admin\.m2\repository\com\vladsch\flexmark\flexmark-pdf-converter\0.34.30\flexmark-pdf-converter-0.34.30.jar;C:\Users\Admin\.m2\repository\com\openhtmltopdf\openhtmltopdf-core\0.0.1-RC13\openhtmltopdf-core-0.0.1-RC13.jar;C:\Users\Admin\.m2\repository\com\openhtmltopdf\openhtmltopdf-pdfbox\0.0.1-RC13\openhtmltopdf-pdfbox-0.0.1-RC13.jar;C:\Users\Admin\.m2\repository\org\apache\pdfbox\xmpbox\2.0.8\xmpbox-2.0.8.jar;C:\Users\Admin\.m2\repository\com\openhtmltopdf\openhtmltopdf-rtl-support\0.0.1-RC13\openhtmltopdf-rtl-support-0.0.1-RC13.jar;C:\Users\Admin\.m2\repository\com\ibm\icu\icu4j\59.1\icu4j-59.1.jar;C:\Users\Admin\.m2\repository\com\openhtmltopdf\openhtmltopdf-jsoup-dom-converter\0.0.1-RC13\openhtmltopdf-jsoup-dom-converter-0.0.1-RC13.jar;C:\Users\Admin\.m2\repository\com\vladsch\flexmark\flexmark-profile-pegdown\0.34.30\flexmark-profile-pegdown-0.34.30.jar;C:\Users\Admin\.m2\repository\com\vladsch\flexmark\flexmark-util\0.34.30\flexmark-util-0.34.30.jar;C:\Users\Admin\.m2\repository\com\vladsch\flexmark\flexmark-youtrack-converter\0.34.30\flexmark-youtrack-converter-0.34.30.jar;C:\Users\Admin\.m2\repository\es\nitaur\markdown\txtmark\0.16\txtmark-0.16.jar;C:\Users\Admin\.m2\repository\net\serenity-bdd\serenity-report-resources\2.4.24\serenity-report-resources-2.4.24.jar;C:\Users\Admin\.m2\repository\com\google\code\gson\gson\2.8.6\gson-2.8.6.jar;C:\Users\Admin\.m2\repository\commons-io\commons-io\2.8.0\commons-io-2.8.0.jar;C:\Users\Admin\.m2\repository\org\seleniumhq\selenium\selenium-server\3.141.59\selenium-server-3.141.59.jar;C:\Users\Admin\.m2\repository\org\seleniumhq\selenium\selenium-opera-driver\3.141.59\selenium-opera-driver-3.141.59.jar;C:\Users\Admin\.m2\repository\org\seleniumhq\selenium\selenium-remote-driver\3.141.59\selenium-remote-driver-3.141.59.jar;C:\Users\Admin\.m2\repository\org\seleniumhq\selenium\selenium-safari-driver\3.141.59\selenium-safari-driver-3.141.59.jar;C:\Users\Admin\.m2\repository\org\apache\commons\commons-exec\1.3\commons-exec-1.3.jar;C:\Users\Admin\.m2\repository\net\jcip\jcip-annotations\1.0\jcip-annotations-1.0.jar;C:\Users\Admin\.m2\repository\org\seleniumhq\selenium\jetty-repacked\9.4.12.v20180830\jetty-repacked-9.4.12.v20180830.jar;C:\Users\Admin\.m2\repository\com\squareup\okhttp3\okhttp\3.11.0\okhttp-3.11.0.jar;C:\Users\Admin\.m2\repository\com\squareup\okio\okio\1.14.0\okio-1.14.0.jar;C:\Users\Admin\.m2\repository\javax\servlet\javax.servlet-api\3.1.0\javax.servlet-api-3.1.0.jar;C:\Users\Admin\.m2\repository\org\seleniumhq\selenium\selenium-java\3.141.59\selenium-java-3.141.59.jar;C:\Users\Admin\.m2\repository\org\seleniumhq\selenium\selenium-api\3.141.59\selenium-api-3.141.59.jar;C:\Users\Admin\.m2\repository\org\seleniumhq\selenium\selenium-support\3.141.59\selenium-support-3.141.59.jar;C:\Users\Admin\.m2\repository\org\seleniumhq\selenium\selenium-chrome-driver\3.141.59\selenium-chrome-driver-3.141.59.jar;C:\Users\Admin\.m2\repository\org\seleniumhq\selenium\selenium-firefox-driver\3.141.59\selenium-firefox-driver-3.141.59.jar;C:\Users\Admin\.m2\repository\org\seleniumhq\selenium\selenium-edge-driver\3.141.59\selenium-edge-driver-3.141.59.jar;C:\Users\Admin\.m2\repository\org\seleniumhq\selenium\selenium-ie-driver\3.141.59\selenium-ie-driver-3.141.59.jar;C:\Users\Admin\.m2\repository\net\sourceforge\htmlunit\htmlunit\2.47.1\htmlunit-2.47.1.jar;C:\Users\Admin\.m2\repository\xalan\xalan\2.7.2\xalan-2.7.2.jar;C:\Users\Admin\.m2\repository\xalan\serializer\2.7.2\serializer-2.7.2.jar;C:\Users\Admin\.m2\repository\org\apache\httpcomponents\httpmime\4.5.13\httpmime-4.5.13.jar;C:\Users\Admin\.m2\repository\net\sourceforge\htmlunit\htmlunit-core-js\2.47.0\htmlunit-core-js-2.47.0.jar;C:\Users\Admin\.m2\repository\net\sourceforge\htmlunit\neko-htmlunit\2.47.1\neko-htmlunit-2.47.1.jar;C:\Users\Admin\.m2\repository\xerces\xercesImpl\2.12.0\xercesImpl-2.12.0.jar;C:\Users\Admin\.m2\repository\net\sourceforge\htmlunit\htmlunit-cssparser\1.7.0\htmlunit-cssparser-1.7.0.jar;C:\Users\Admin\.m2\repository\org\brotli\dec\0.1.2\dec-0.1.2.jar;C:\Users\Admin\.m2\repository\com\shapesecurity\salvation2\3.0.0\salvation2-3.0.0.jar;C:\Users\Admin\.m2\repository\org\eclipse\jetty\websocket\websocket-client\9.4.36.v20210114\websocket-client-9.4.36.v20210114.jar;C:\Users\Admin\.m2\repository\org\eclipse\jetty\jetty-client\9.4.36.v20210114\jetty-client-9.4.36.v20210114.jar;C:\Users\Admin\.m2\repository\org\eclipse\jetty\jetty-http\9.4.36.v20210114\jetty-http-9.4.36.v20210114.jar;C:\Users\Admin\.m2\repository\org\eclipse\jetty\jetty-util\9.4.36.v20210114\jetty-util-9.4.36.v20210114.jar;C:\Users\Admin\.m2\repository\org\eclipse\jetty\jetty-io\9.4.36.v20210114\jetty-io-9.4.36.v20210114.jar;C:\Users\Admin\.m2\repository\org\eclipse\jetty\websocket\websocket-common\9.4.36.v20210114\websocket-common-9.4.36.v20210114.jar;C:\Users\Admin\.m2\repository\org\eclipse\jetty\websocket\websocket-api\9.4.36.v20210114\websocket-api-9.4.36.v20210114.jar;C:\Users\Admin\.m2\repository\org\seleniumhq\selenium\htmlunit-driver\2.47.1\htmlunit-driver-2.47.1.jar;C:\Users\Admin\.m2\repository\com\codeborne\phantomjsdriver\1.4.4\phantomjsdriver-1.4.4.jar;C:\Users\Admin\.m2\repository\org\codehaus\groovy\groovy\3.0.8\groovy-3.0.8.jar;C:\Users\Admin\.m2\repository\net\sf\opencsv\opencsv\2.0\opencsv-2.0.jar;C:\Users\Admin\.m2\repository\commons-beanutils\commons-beanutils\1.9.4\commons-beanutils-1.9.4.jar;C:\Users\Admin\.m2\repository\commons-collections\commons-collections\3.2.2\commons-collections-3.2.2.jar;C:\Users\Admin\.m2\repository\org\fluentlenium\fluentlenium-core\0.10.2\fluentlenium-core-0.10.2.jar;C:\Users\Admin\.m2\repository\io\github\bonigarcia\webdrivermanager\4.4.1\webdrivermanager-4.4.1.jar;C:\Users\Admin\.m2\repository\org\apache\httpcomponents\client5\httpclient5\5.0.3\httpclient5-5.0.3.jar;C:\Users\Admin\.m2\repository\org\apache\httpcomponents\core5\httpcore5\5.0.2\httpcore5-5.0.2.jar;C:\Users\Admin\.m2\repository\org\apache\httpcomponents\core5\httpcore5-h2\5.0.2\httpcore5-h2-5.0.2.jar;C:\Users\Admin\.m2\repository\org\rauschig\jarchivelib\1.1.0\jarchivelib-1.1.0.jar;C:\Users\Admin\.m2\repository\com\jhlabs\filters\2.0.235\filters-2.0.235.jar;C:\Users\Admin\.m2\repository\com\assertthat\selenium-shutterbug\1.4\selenium-shutterbug-1.4.jar;C:\Users\Admin\.m2\repository\org\projectlombok\lombok\1.18.8\lombok-1.18.8.jar;C:\Users\Admin\.m2\repository\com\github\zafarkhaja\java-semver\0.9.0\java-semver-0.9.0.jar;C:\Users\Admin\.m2\repository\ru\yandex\qatools\ashot\ashot\1.5.4\ashot-1.5.4.jar;C:\Users\Admin\.m2\repository\com\paulhammant\ngwebdriver\1.1.5\ngwebdriver-1.1.5.jar;C:\Users\Admin\.m2\repository\joda-time\joda-time\2.8.2\joda-time-2.8.2.jar;C:\Users\Admin\.m2\repository\org\hamcrest\hamcrest\2.2\hamcrest-2.2.jar;C:\Users\Admin\.m2\repository\com\google\jimfs\jimfs\1.1\jimfs-1.1.jar;C:\Users\Admin\.m2\repository\org\mockito\mockito-core\3.3.3\mockito-core-3.3.3.jar;C:\Users\Admin\.m2\repository\javax\xml\bind\jaxb-api\2.3.1\jaxb-api-2.3.1.jar;C:\Users\Admin\.m2\repository\javax\activation\javax.activation-api\1.2.0\javax.activation-api-1.2.0.jar;C:\Users\Admin\.m2\repository\com\sun\xml\bind\jaxb-core\2.3.0.1\jaxb-core-2.3.0.1.jar;C:\Users\Admin\.m2\repository\com\sun\xml\bind\jaxb-impl\2.3.3\jaxb-impl-2.3.3.jar;C:\Users\Admin\.m2\repository\com\sun\activation\jakarta.activation\1.2.2\jakarta.activation-1.2.2.jar;C:\Users\Admin\.m2\repository\javax\activation\activation\1.1.1\activation-1.1.1.jar;C:\Users\Admin\.m2\repository\net\serenity-bdd\serenity-cucumber6\2.4.24\serenity-cucumber6-2.4.24.jar;C:\Users\Admin\.m2\repository\io\cucumber\cucumber-junit\6.10.2\cucumber-junit-6.10.2.jar;C:\Users\Admin\.m2\repository\io\cucumber\datatable-matchers\3.4.0\datatable-matchers-3.4.0.jar;C:\Users\Admin\.m2\repository\io\cucumber\datatable\3.4.0\datatable-3.4.0.jar;C:\Users\Admin\.m2\repository\commons-logging\commons-logging\1.2\commons-logging-1.2.jar;C:\Users\Admin\.m2\repository\net\serenity-bdd\serenity-screenplay\2.4.24\serenity-screenplay-2.4.24.jar;C:\Users\Admin\.m2\repository\net\serenity-bdd\serenity-screenplay-webdriver\2.4.24\serenity-screenplay-webdriver-2.4.24.jar;C:\Users\Admin\.m2\repository\net\serenity-bdd\serenity-ensure\2.4.24\serenity-ensure-2.4.24.jar;C:\Users\Admin\.m2\repository\net\serenity-bdd\serenity-junit\2.4.24\serenity-junit-2.4.24.jar;C:\Users\Admin\.m2\repository\org\jetbrains\kotlin\kotlin-stdlib\1.4.31\kotlin-stdlib-1.4.31.jar;C:\Users\Admin\.m2\repository\org\jetbrains\kotlin\kotlin-stdlib-common\1.4.31\kotlin-stdlib-common-1.4.31.jar;C:\Users\Admin\.m2\repository\org\jetbrains\annotations\13.0\annotations-13.0.jar;C:\Users\Admin\.m2\repository\junit\junit\4.13.1\junit-4.13.1.jar;C:\Users\Admin\.m2\repository\org\hamcrest\hamcrest-core\1.3\hamcrest-core-1.3.jar;C:\Users\Admin\.m2\repository\ch\qos\logback\logback-classic\1.0.13\logback-classic-1.0.13.jar;C:\Users\Admin\.m2\repository\ch\qos\logback\logback-core\1.0.13\logback-core-1.0.13.jar;C:\Users\Admin\.m2\repository\org\assertj\assertj-core\3.6.2\assertj-core-3.6.2.jar;C:\Users\Admin\.m2\repository\io\cucumber\cucumber-java\6.10.4\cucumber-java-6.10.4.jar;C:\Users\Admin\.m2\repository\io\cucumber\cucumber-core\6.10.4\cucumber-core-6.10.4.jar;C:\Users\Admin\.m2\repository\io\cucumber\cucumber-gherkin\6.10.4\cucumber-gherkin-6.10.4.jar;C:\Users\Admin\.m2\repository\io\cucumber\cucumber-gherkin-messages\6.10.4\cucumber-gherkin-messages-6.10.4.jar;C:\Users\Admin\.m2\repository\io\cucumber\messages\15.0.0\messages-15.0.0.jar;C:\Users\Admin\.m2\repository\io\cucumber\tag-expressions\3.0.1\tag-expressions-3.0.1.jar;C:\Users\Admin\.m2\repository\io\cucumber\cucumber-expressions\10.3.0\cucumber-expressions-10.3.0.jar;C:\Users\Admin\.m2\repository\io\cucumber\cucumber-plugin\6.10.4\cucumber-plugin-6.10.4.jar;C:\Users\Admin\.m2\repository\io\cucumber\docstring\6.10.4\docstring-6.10.4.jar;C:\Users\Admin\.m2\repository\io\cucumber\html-formatter\13.0.0\html-formatter-13.0.0.jar;C:\Users\Admin\.m2\repository\io\cucumber\create-meta\4.0.0\create-meta-4.0.0.jar;C:\Users\Admin\.m2\repository\org\apiguardian\apiguardian-api\1.1.1\apiguardian-api-1.1.1.jar;C:\Users\Admin\.m2\repository\org\apache\commons\commons-csv\1.5\commons-csv-1.5.jar;C:\Users\Admin\.m2\repository\org\junit\jupiter\junit-jupiter-api\5.8.0-M1\junit-jupiter-api-5.8.0-M1.jar;C:\Users\Admin\.m2\repository\org\opentest4j\opentest4j\1.2.0\opentest4j-1.2.0.jar;C:\Users\Admin\.m2\repository\org\junit\platform\junit-platform-commons\1.8.0-M1\junit-platform-commons-1.8.0-M1.jar;"/>
    <property name="sun.cpu.endian" value="little"/>
    <property name="user.home" value="C:\Users\Admin"/>
    <property name="user.language" value="en"/>
    <property name="java.specification.vendor" value="Oracle Corporation"/>
    <property name="jdk.module.path" value="C:\Users\Admin\Downloads\MPH-IOS-main\target\cucumber-starter-1.0.0-SNAPSHOT.jar"/>
    <property name="java.version.date" value="2021-04-20"/>
    <property name="java.home" value="C:\Program Files\Java\jdk-11.0.11"/>
    <property name="file.separator" value="\"/>
    <property name="basedir" value="C:\Users\Admin\Downloads\MPH-IOS-main"/>
    <property name="java.vm.compressedOopsMode" value="32-bit"/>
    <property name="line.separator" value="&#10;"/>
    <property name="java.specification.name" value="Java Platform API Specification"/>
    <property name="java.vm.specification.vendor" value="Oracle Corporation"/>
    <property name="java.awt.graphicsenv" value="sun.awt.Win32GraphicsEnvironment"/>
    <property name="surefire.real.class.path" value="C:\Users\Admin\.m2\repository\org\apache\maven\surefire\surefire-booter\3.0.0-M5\surefire-booter-3.0.0-M5.jar;C:\Users\Admin\.m2\repository\org\apache\maven\surefire\surefire-api\3.0.0-M5\surefire-api-3.0.0-M5.jar;C:\Users\Admin\.m2\repository\org\apache\maven\surefire\surefire-logger-api\3.0.0-M5\surefire-logger-api-3.0.0-M5.jar;C:\Users\Admin\.m2\repository\org\apache\maven\surefire\surefire-shared-utils\3.0.0-M4\surefire-shared-utils-3.0.0-M4.jar;C:\Users\Admin\.m2\repository\org\apache\maven\surefire\surefire-extensions-spi\3.0.0-M5\surefire-extensions-spi-3.0.0-M5.jar;C:\Users\Admin\Downloads\MPH-IOS-main\target\test-classes;C:\Users\Admin\.m2\repository\io\testproject\java-sdk\1.2.2-RELEASE\java-sdk-1.2.2-RELEASE.jar;C:\Users\Admin\.m2\repository\io\appium\java-client\7.3.0\java-client-7.3.0.jar;C:\Users\Admin\.m2\repository\org\apache\httpcomponents\httpclient\4.5.9\httpclient-4.5.9.jar;C:\Users\Admin\.m2\repository\org\apache\httpcomponents\httpcore\4.4.11\httpcore-4.4.11.jar;C:\Users\Admin\.m2\repository\cglib\cglib\3.2.12\cglib-3.2.12.jar;C:\Users\Admin\.m2\repository\org\ow2\asm\asm\7.1\asm-7.1.jar;C:\Users\Admin\.m2\repository\commons-validator\commons-validator\1.6\commons-validator-1.6.jar;C:\Users\Admin\.m2\repository\commons-digester\commons-digester\1.8.1\commons-digester-1.8.1.jar;C:\Users\Admin\.m2\repository\org\springframework\spring-context\5.1.8.RELEASE\spring-context-5.1.8.RELEASE.jar;C:\Users\Admin\.m2\repository\org\springframework\spring-aop\5.1.8.RELEASE\spring-aop-5.1.8.RELEASE.jar;C:\Users\Admin\.m2\repository\org\springframework\spring-beans\5.1.8.RELEASE\spring-beans-5.1.8.RELEASE.jar;C:\Users\Admin\.m2\repository\org\springframework\spring-core\5.1.8.RELEASE\spring-core-5.1.8.RELEASE.jar;C:\Users\Admin\.m2\repository\org\springframework\spring-jcl\5.1.8.RELEASE\spring-jcl-5.1.8.RELEASE.jar;C:\Users\Admin\.m2\repository\org\springframework\spring-expression\5.1.8.RELEASE\spring-expression-5.1.8.RELEASE.jar;C:\Users\Admin\.m2\repository\org\aspectj\aspectjweaver\1.9.4\aspectjweaver-1.9.4.jar;C:\Users\Admin\.m2\repository\com\google\guava\guava\29.0-jre\guava-29.0-jre.jar;C:\Users\Admin\.m2\repository\com\google\guava\failureaccess\1.0.1\failureaccess-1.0.1.jar;C:\Users\Admin\.m2\repository\com\google\guava\listenablefuture\9999.0-empty-to-avoid-conflict-with-guava\listenablefuture-9999.0-empty-to-avoid-conflict-with-guava.jar;C:\Users\Admin\.m2\repository\com\google\code\findbugs\jsr305\3.0.2\jsr305-3.0.2.jar;C:\Users\Admin\.m2\repository\org\checkerframework\checker-qual\2.11.1\checker-qual-2.11.1.jar;C:\Users\Admin\.m2\repository\com\google\errorprone\error_prone_annotations\2.3.4\error_prone_annotations-2.3.4.jar;C:\Users\Admin\.m2\repository\com\google\j2objc\j2objc-annotations\1.3\j2objc-annotations-1.3.jar;C:\Users\Admin\.m2\repository\org\junit\jupiter\junit-jupiter-params\5.5.1\junit-jupiter-params-5.5.1.jar;C:\Users\Admin\.m2\repository\org\testng\testng\7.1.0\testng-7.1.0.jar;C:\Users\Admin\.m2\repository\com\beust\jcommander\1.72\jcommander-1.72.jar;C:\Users\Admin\.m2\repository\com\google\inject\guice\4.1.0\guice-4.1.0-no_aop.jar;C:\Users\Admin\.m2\repository\javax\inject\javax.inject\1\javax.inject-1.jar;C:\Users\Admin\.m2\repository\aopalliance\aopalliance\1.0\aopalliance-1.0.jar;C:\Users\Admin\.m2\repository\org\yaml\snakeyaml\1.21\snakeyaml-1.21.jar;C:\Users\Admin\.m2\repository\com\github\spotbugs\spotbugs-annotations\4.0.2\spotbugs-annotations-4.0.2.jar;C:\Users\Admin\.m2\repository\org\apache\maven\maven-artifact\3.6.3\maven-artifact-3.6.3.jar;C:\Users\Admin\.m2\repository\org\codehaus\plexus\plexus-utils\3.2.1\plexus-utils-3.2.1.jar;C:\Users\Admin\.m2\repository\org\apache\poi\poi\5.0.0\poi-5.0.0.jar;C:\Users\Admin\.m2\repository\org\slf4j\slf4j-api\1.7.30\slf4j-api-1.7.30.jar;C:\Users\Admin\.m2\repository\org\slf4j\jcl-over-slf4j\1.7.30\jcl-over-slf4j-1.7.30.jar;C:\Users\Admin\.m2\repository\commons-codec\commons-codec\1.15\commons-codec-1.15.jar;C:\Users\Admin\.m2\repository\org\apache\commons\commons-collections4\4.4\commons-collections4-4.4.jar;C:\Users\Admin\.m2\repository\org\apache\commons\commons-math3\3.6.1\commons-math3-3.6.1.jar;C:\Users\Admin\.m2\repository\com\zaxxer\SparseBitSet\1.2\SparseBitSet-1.2.jar;C:\Users\Admin\.m2\repository\org\apache\poi\poi-ooxml\5.0.0\poi-ooxml-5.0.0.jar;C:\Users\Admin\.m2\repository\org\apache\poi\poi-ooxml-lite\5.0.0\poi-ooxml-lite-5.0.0.jar;C:\Users\Admin\.m2\repository\org\apache\xmlbeans\xmlbeans\4.0.0\xmlbeans-4.0.0.jar;C:\Users\Admin\.m2\repository\org\apache\commons\commons-compress\1.20\commons-compress-1.20.jar;C:\Users\Admin\.m2\repository\com\github\virtuald\curvesapi\1.06\curvesapi-1.06.jar;C:\Users\Admin\.m2\repository\org\bouncycastle\bcpkix-jdk15on\1.68\bcpkix-jdk15on-1.68.jar;C:\Users\Admin\.m2\repository\org\bouncycastle\bcprov-jdk15on\1.68\bcprov-jdk15on-1.68.jar;C:\Users\Admin\.m2\repository\org\apache\santuario\xmlsec\2.2.1\xmlsec-2.2.1.jar;C:\Users\Admin\.m2\repository\com\fasterxml\woodstox\woodstox-core\5.2.1\woodstox-core-5.2.1.jar;C:\Users\Admin\.m2\repository\org\codehaus\woodstox\stax2-api\4.2\stax2-api-4.2.jar;C:\Users\Admin\.m2\repository\jakarta\xml\bind\jakarta.xml.bind-api\2.3.2\jakarta.xml.bind-api-2.3.2.jar;C:\Users\Admin\.m2\repository\jakarta\activation\jakarta.activation-api\1.2.1\jakarta.activation-api-1.2.1.jar;C:\Users\Admin\.m2\repository\org\apache\xmlgraphics\batik-all\1.13\batik-all-1.13.jar;C:\Users\Admin\.m2\repository\org\apache\xmlgraphics\batik-anim\1.13\batik-anim-1.13.jar;C:\Users\Admin\.m2\repository\org\apache\xmlgraphics\batik-shared-resources\1.13\batik-shared-resources-1.13.jar;C:\Users\Admin\.m2\repository\xml-apis\xml-apis-ext\1.3.04\xml-apis-ext-1.3.04.jar;C:\Users\Admin\.m2\repository\org\apache\xmlgraphics\batik-awt-util\1.13\batik-awt-util-1.13.jar;C:\Users\Admin\.m2\repository\org\apache\xmlgraphics\xmlgraphics-commons\2.4\xmlgraphics-commons-2.4.jar;C:\Users\Admin\.m2\repository\org\apache\xmlgraphics\batik-bridge\1.13\batik-bridge-1.13.jar;C:\Users\Admin\.m2\repository\org\apache\xmlgraphics\batik-codec\1.13\batik-codec-1.13.jar;C:\Users\Admin\.m2\repository\org\apache\xmlgraphics\batik-constants\1.13\batik-constants-1.13.jar;C:\Users\Admin\.m2\repository\org\apache\xmlgraphics\batik-css\1.13\batik-css-1.13.jar;C:\Users\Admin\.m2\repository\org\apache\xmlgraphics\batik-dom\1.13\batik-dom-1.13.jar;C:\Users\Admin\.m2\repository\xml-apis\xml-apis\1.4.01\xml-apis-1.4.01.jar;C:\Users\Admin\.m2\repository\org\apache\xmlgraphics\batik-ext\1.13\batik-ext-1.13.jar;C:\Users\Admin\.m2\repository\org\apache\xmlgraphics\batik-extension\1.13\batik-extension-1.13.jar;C:\Users\Admin\.m2\repository\org\apache\xmlgraphics\batik-gui-util\1.13\batik-gui-util-1.13.jar;C:\Users\Admin\.m2\repository\org\apache\xmlgraphics\batik-gvt\1.13\batik-gvt-1.13.jar;C:\Users\Admin\.m2\repository\org\apache\xmlgraphics\batik-i18n\1.13\batik-i18n-1.13.jar;C:\Users\Admin\.m2\repository\org\apache\xmlgraphics\batik-parser\1.13\batik-parser-1.13.jar;C:\Users\Admin\.m2\repository\org\apache\xmlgraphics\batik-rasterizer-ext\1.13\batik-rasterizer-ext-1.13.jar;C:\Users\Admin\.m2\repository\org\apache\xmlgraphics\batik-rasterizer\1.13\batik-rasterizer-1.13.jar;C:\Users\Admin\.m2\repository\org\apache\xmlgraphics\batik-script\1.13\batik-script-1.13.jar;C:\Users\Admin\.m2\repository\org\apache\xmlgraphics\batik-slideshow\1.13\batik-slideshow-1.13.jar;C:\Users\Admin\.m2\repository\org\apache\xmlgraphics\batik-squiggle-ext\1.13\batik-squiggle-ext-1.13.jar;C:\Users\Admin\.m2\repository\org\apache\xmlgraphics\batik-squiggle\1.13\batik-squiggle-1.13.jar;C:\Users\Admin\.m2\repository\org\apache\xmlgraphics\batik-svg-dom\1.13\batik-svg-dom-1.13.jar;C:\Users\Admin\.m2\repository\org\apache\xmlgraphics\batik-svgbrowser\1.13\batik-svgbrowser-1.13.jar;C:\Users\Admin\.m2\repository\org\apache\xmlgraphics\batik-svggen\1.13\batik-svggen-1.13.jar;C:\Users\Admin\.m2\repository\org\apache\xmlgraphics\batik-svgpp\1.13\batik-svgpp-1.13.jar;C:\Users\Admin\.m2\repository\org\apache\xmlgraphics\batik-svgrasterizer\1.13\batik-svgrasterizer-1.13.jar;C:\Users\Admin\.m2\repository\org\apache\xmlgraphics\batik-swing\1.13\batik-swing-1.13.jar;C:\Users\Admin\.m2\repository\org\apache\xmlgraphics\batik-transcoder\1.13\batik-transcoder-1.13.jar;C:\Users\Admin\.m2\repository\org\apache\xmlgraphics\batik-util\1.13\batik-util-1.13.jar;C:\Users\Admin\.m2\repository\org\apache\xmlgraphics\batik-ttf2svg\1.13\batik-ttf2svg-1.13.jar;C:\Users\Admin\.m2\repository\org\apache\xmlgraphics\batik-xml\1.13\batik-xml-1.13.jar;C:\Users\Admin\.m2\repository\de\rototor\pdfbox\graphics2d\0.30\graphics2d-0.30.jar;C:\Users\Admin\.m2\repository\org\apache\pdfbox\pdfbox\2.0.22\pdfbox-2.0.22.jar;C:\Users\Admin\.m2\repository\org\apache\pdfbox\fontbox\2.0.22\fontbox-2.0.22.jar;C:\Users\Admin\.m2\repository\org\apache\commons\commons-lang3\3.9\commons-lang3-3.9.jar;C:\Users\Admin\.m2\repository\net\serenity-bdd\serenity-core\2.4.24\serenity-core-2.4.24.jar;C:\Users\Admin\.m2\repository\net\serenity-bdd\serenity-model\2.4.24\serenity-model-2.4.24.jar;C:\Users\Admin\.m2\repository\org\apache\commons\commons-text\1.9\commons-text-1.9.jar;C:\Users\Admin\.m2\repository\commons-net\commons-net\3.6\commons-net-3.6.jar;C:\Users\Admin\.m2\repository\com\google\inject\guice\5.0.1\guice-5.0.1.jar;C:\Users\Admin\.m2\repository\org\jsoup\jsoup\1.13.1\jsoup-1.13.1.jar;C:\Users\Admin\.m2\repository\com\thoughtworks\xstream\xstream\1.4.16\xstream-1.4.16.jar;C:\Users\Admin\.m2\repository\io\github\x-stream\mxparser\1.2.1\mxparser-1.2.1.jar;C:\Users\Admin\.m2\repository\xmlpull\xmlpull\1.1.3.1\xmlpull-1.1.3.1.jar;C:\Users\Admin\.m2\repository\com\typesafe\config\1.3.1\config-1.3.1.jar;C:\Users\Admin\.m2\repository\org\imgscalr\imgscalr-lib\4.2\imgscalr-lib-4.2.jar;C:\Users\Admin\.m2\repository\org\awaitility\awaitility\4.0.3\awaitility-4.0.3.jar;C:\Users\Admin\.m2\repository\org\freemarker\freemarker\2.3.29\freemarker-2.3.29.jar;C:\Users\Admin\.m2\repository\net\sourceforge\jexcelapi\jxl\2.6.12\jxl-2.6.12.jar;C:\Users\Admin\.m2\repository\org\asciidoctor\asciidoctorj\1.5.6\asciidoctorj-1.5.6.jar;C:\Users\Admin\.m2\repository\org\jruby\jruby-complete\1.7.26\jruby-complete-1.7.26.jar;C:\Users\Admin\.m2\repository\net\bytebuddy\byte-buddy\1.10.10\byte-buddy-1.10.10.jar;C:\Users\Admin\.m2\repository\net\bytebuddy\byte-buddy-agent\1.10.10\byte-buddy-agent-1.10.10.jar;C:\Users\Admin\.m2\repository\org\objenesis\objenesis\3.1\objenesis-3.1.jar;C:\Users\Admin\.m2\repository\net\serenity-bdd\serenity-reports\2.4.24\serenity-reports-2.4.24.jar;C:\Users\Admin\.m2\repository\net\serenity-bdd\serenity-stats\2.4.24\serenity-stats-2.4.24.jar;C:\Users\Admin\.m2\repository\net\serenity-bdd\serenity-reports-configuration\2.4.24\serenity-reports-configuration-2.4.24.jar;C:\Users\Admin\.m2\repository\com\vladsch\flexmark\flexmark-all\0.34.30\flexmark-all-0.34.30.jar;C:\Users\Admin\.m2\repository\com\vladsch\flexmark\flexmark\0.34.30\flexmark-0.34.30.jar;C:\Users\Admin\.m2\repository\com\vladsch\flexmark\flexmark-ext-abbreviation\0.34.30\flexmark-ext-abbreviation-0.34.30.jar;C:\Users\Admin\.m2\repository\com\vladsch\flexmark\flexmark-ext-admonition\0.34.30\flexmark-ext-admonition-0.34.30.jar;C:\Users\Admin\.m2\repository\com\vladsch\flexmark\flexmark-ext-anchorlink\0.34.30\flexmark-ext-anchorlink-0.34.30.jar;C:\Users\Admin\.m2\repository\com\vladsch\flexmark\flexmark-ext-aside\0.34.30\flexmark-ext-aside-0.34.30.jar;C:\Users\Admin\.m2\repository\com\vladsch\flexmark\flexmark-ext-attributes\0.34.30\flexmark-ext-attributes-0.34.30.jar;C:\Users\Admin\.m2\repository\com\vladsch\flexmark\flexmark-ext-autolink\0.34.30\flexmark-ext-autolink-0.34.30.jar;C:\Users\Admin\.m2\repository\org\nibor\autolink\autolink\0.6.0\autolink-0.6.0.jar;C:\Users\Admin\.m2\repository\com\vladsch\flexmark\flexmark-ext-definition\0.34.30\flexmark-ext-definition-0.34.30.jar;C:\Users\Admin\.m2\repository\com\vladsch\flexmark\flexmark-ext-emoji\0.34.30\flexmark-ext-emoji-0.34.30.jar;C:\Users\Admin\.m2\repository\com\vladsch\flexmark\flexmark-ext-enumerated-reference\0.34.30\flexmark-ext-enumerated-reference-0.34.30.jar;C:\Users\Admin\.m2\repository\com\vladsch\flexmark\flexmark-ext-escaped-character\0.34.30\flexmark-ext-escaped-character-0.34.30.jar;C:\Users\Admin\.m2\repository\com\vladsch\flexmark\flexmark-ext-footnotes\0.34.30\flexmark-ext-footnotes-0.34.30.jar;C:\Users\Admin\.m2\repository\com\vladsch\flexmark\flexmark-ext-gfm-issues\0.34.30\flexmark-ext-gfm-issues-0.34.30.jar;C:\Users\Admin\.m2\repository\com\vladsch\flexmark\flexmark-ext-gfm-strikethrough\0.34.30\flexmark-ext-gfm-strikethrough-0.34.30.jar;C:\Users\Admin\.m2\repository\com\vladsch\flexmark\flexmark-ext-gfm-tables\0.34.30\flexmark-ext-gfm-tables-0.34.30.jar;C:\Users\Admin\.m2\repository\com\vladsch\flexmark\flexmark-ext-gfm-tasklist\0.34.30\flexmark-ext-gfm-tasklist-0.34.30.jar;C:\Users\Admin\.m2\repository\com\vladsch\flexmark\flexmark-ext-gfm-users\0.34.30\flexmark-ext-gfm-users-0.34.30.jar;C:\Users\Admin\.m2\repository\com\vladsch\flexmark\flexmark-ext-gitlab\0.34.30\flexmark-ext-gitlab-0.34.30.jar;C:\Users\Admin\.m2\repository\com\vladsch\flexmark\flexmark-ext-jekyll-front-matter\0.34.30\flexmark-ext-jekyll-front-matter-0.34.30.jar;C:\Users\Admin\.m2\repository\com\vladsch\flexmark\flexmark-ext-jekyll-tag\0.34.30\flexmark-ext-jekyll-tag-0.34.30.jar;C:\Users\Admin\.m2\repository\com\vladsch\flexmark\flexmark-ext-media-tags\0.34.30\flexmark-ext-media-tags-0.34.30.jar;C:\Users\Admin\.m2\repository\com\vladsch\flexmark\flexmark-test-util\0.34.30\flexmark-test-util-0.34.30.jar;C:\Users\Admin\.m2\repository\com\vladsch\flexmark\flexmark-ext-ins\0.34.30\flexmark-ext-ins-0.34.30.jar;C:\Users\Admin\.m2\repository\com\vladsch\flexmark\flexmark-ext-xwiki-macros\0.34.30\flexmark-ext-xwiki-macros-0.34.30.jar;C:\Users\Admin\.m2\repository\com\vladsch\flexmark\flexmark-ext-superscript\0.34.30\flexmark-ext-superscript-0.34.30.jar;C:\Users\Admin\.m2\repository\com\vladsch\flexmark\flexmark-ext-tables\0.34.30\flexmark-ext-tables-0.34.30.jar;C:\Users\Admin\.m2\repository\com\vladsch\flexmark\flexmark-ext-toc\0.34.30\flexmark-ext-toc-0.34.30.jar;C:\Users\Admin\.m2\repository\com\vladsch\flexmark\flexmark-ext-typographic\0.34.30\flexmark-ext-typographic-0.34.30.jar;C:\Users\Admin\.m2\repository\com\vladsch\flexmark\flexmark-ext-wikilink\0.34.30\flexmark-ext-wikilink-0.34.30.jar;C:\Users\Admin\.m2\repository\com\vladsch\flexmark\flexmark-ext-yaml-front-matter\0.34.30\flexmark-ext-yaml-front-matter-0.34.30.jar;C:\Users\Admin\.m2\repository\com\vladsch\flexmark\flexmark-ext-youtube-embedded\0.34.30\flexmark-ext-youtube-embedded-0.34.30.jar;C:\Users\Admin\.m2\repository\com\vladsch\flexmark\flexmark-formatter\0.34.30\flexmark-formatter-0.34.30.jar;C:\Users\Admin\.m2\repository\com\vladsch\flexmark\flexmark-html-parser\0.34.30\flexmark-html-parser-0.34.30.jar;C:\Users\Admin\.m2\repository\com\vladsch\flexmark\flexmark-jira-converter\0.34.30\flexmark-jira-converter-0.34.30.jar;C:\Users\Admin\.m2\repository\com\vladsch\flexmark\flexmark-pdf-converter\0.34.30\flexmark-pdf-converter-0.34.30.jar;C:\Users\Admin\.m2\repository\com\openhtmltopdf\openhtmltopdf-core\0.0.1-RC13\openhtmltopdf-core-0.0.1-RC13.jar;C:\Users\Admin\.m2\repository\com\openhtmltopdf\openhtmltopdf-pdfbox\0.0.1-RC13\openhtmltopdf-pdfbox-0.0.1-RC13.jar;C:\Users\Admin\.m2\repository\org\apache\pdfbox\xmpbox\2.0.8\xmpbox-2.0.8.jar;C:\Users\Admin\.m2\repository\com\openhtmltopdf\openhtmltopdf-rtl-support\0.0.1-RC13\openhtmltopdf-rtl-support-0.0.1-RC13.jar;C:\Users\Admin\.m2\repository\com\ibm\icu\icu4j\59.1\icu4j-59.1.jar;C:\Users\Admin\.m2\repository\com\openhtmltopdf\openhtmltopdf-jsoup-dom-converter\0.0.1-RC13\openhtmltopdf-jsoup-dom-converter-0.0.1-RC13.jar;C:\Users\Admin\.m2\repository\com\vladsch\flexmark\flexmark-profile-pegdown\0.34.30\flexmark-profile-pegdown-0.34.30.jar;C:\Users\Admin\.m2\repository\com\vladsch\flexmark\flexmark-util\0.34.30\flexmark-util-0.34.30.jar;C:\Users\Admin\.m2\repository\com\vladsch\flexmark\flexmark-youtrack-converter\0.34.30\flexmark-youtrack-converter-0.34.30.jar;C:\Users\Admin\.m2\repository\es\nitaur\markdown\txtmark\0.16\txtmark-0.16.jar;C:\Users\Admin\.m2\repository\net\serenity-bdd\serenity-report-resources\2.4.24\serenity-report-resources-2.4.24.jar;C:\Users\Admin\.m2\repository\com\google\code\gson\gson\2.8.6\gson-2.8.6.jar;C:\Users\Admin\.m2\repository\commons-io\commons-io\2.8.0\commons-io-2.8.0.jar;C:\Users\Admin\.m2\repository\org\seleniumhq\selenium\selenium-server\3.141.59\selenium-server-3.141.59.jar;C:\Users\Admin\.m2\repository\org\seleniumhq\selenium\selenium-opera-driver\3.141.59\selenium-opera-driver-3.141.59.jar;C:\Users\Admin\.m2\repository\org\seleniumhq\selenium\selenium-remote-driver\3.141.59\selenium-remote-driver-3.141.59.jar;C:\Users\Admin\.m2\repository\org\seleniumhq\selenium\selenium-safari-driver\3.141.59\selenium-safari-driver-3.141.59.jar;C:\Users\Admin\.m2\repository\org\apache\commons\commons-exec\1.3\commons-exec-1.3.jar;C:\Users\Admin\.m2\repository\net\jcip\jcip-annotations\1.0\jcip-annotations-1.0.jar;C:\Users\Admin\.m2\repository\org\seleniumhq\selenium\jetty-repacked\9.4.12.v20180830\jetty-repacked-9.4.12.v20180830.jar;C:\Users\Admin\.m2\repository\com\squareup\okhttp3\okhttp\3.11.0\okhttp-3.11.0.jar;C:\Users\Admin\.m2\repository\com\squareup\okio\okio\1.14.0\okio-1.14.0.jar;C:\Users\Admin\.m2\repository\javax\servlet\javax.servlet-api\3.1.0\javax.servlet-api-3.1.0.jar;C:\Users\Admin\.m2\repository\org\seleniumhq\selenium\selenium-java\3.141.59\selenium-java-3.141.59.jar;C:\Users\Admin\.m2\repository\org\seleniumhq\selenium\selenium-api\3.141.59\selenium-api-3.141.59.jar;C:\Users\Admin\.m2\repository\org\seleniumhq\selenium\selenium-support\3.141.59\selenium-support-3.141.59.jar;C:\Users\Admin\.m2\repository\org\seleniumhq\selenium\selenium-chrome-driver\3.141.59\selenium-chrome-driver-3.141.59.jar;C:\Users\Admin\.m2\repository\org\seleniumhq\selenium\selenium-firefox-driver\3.141.59\selenium-firefox-driver-3.141.59.jar;C:\Users\Admin\.m2\repository\org\seleniumhq\selenium\selenium-edge-driver\3.141.59\selenium-edge-driver-3.141.59.jar;C:\Users\Admin\.m2\repository\org\seleniumhq\selenium\selenium-ie-driver\3.141.59\selenium-ie-driver-3.141.59.jar;C:\Users\Admin\.m2\repository\net\sourceforge\htmlunit\htmlunit\2.47.1\htmlunit-2.47.1.jar;C:\Users\Admin\.m2\repository\xalan\xalan\2.7.2\xalan-2.7.2.jar;C:\Users\Admin\.m2\repository\xalan\serializer\2.7.2\serializer-2.7.2.jar;C:\Users\Admin\.m2\repository\org\apache\httpcomponents\httpmime\4.5.13\httpmime-4.5.13.jar;C:\Users\Admin\.m2\repository\net\sourceforge\htmlunit\htmlunit-core-js\2.47.0\htmlunit-core-js-2.47.0.jar;C:\Users\Admin\.m2\repository\net\sourceforge\htmlunit\neko-htmlunit\2.47.1\neko-htmlunit-2.47.1.jar;C:\Users\Admin\.m2\repository\xerces\xercesImpl\2.12.0\xercesImpl-2.12.0.jar;C:\Users\Admin\.m2\repository\net\sourceforge\htmlunit\htmlunit-cssparser\1.7.0\htmlunit-cssparser-1.7.0.jar;C:\Users\Admin\.m2\repository\org\brotli\dec\0.1.2\dec-0.1.2.jar;C:\Users\Admin\.m2\repository\com\shapesecurity\salvation2\3.0.0\salvation2-3.0.0.jar;C:\Users\Admin\.m2\repository\org\eclipse\jetty\websocket\websocket-client\9.4.36.v20210114\websocket-client-9.4.36.v20210114.jar;C:\Users\Admin\.m2\repository\org\eclipse\jetty\jetty-client\9.4.36.v20210114\jetty-client-9.4.36.v20210114.jar;C:\Users\Admin\.m2\repository\org\eclipse\jetty\jetty-http\9.4.36.v20210114\jetty-http-9.4.36.v20210114.jar;C:\Users\Admin\.m2\repository\org\eclipse\jetty\jetty-util\9.4.36.v20210114\jetty-util-9.4.36.v20210114.jar;C:\Users\Admin\.m2\repository\org\eclipse\jetty\jetty-io\9.4.36.v20210114\jetty-io-9.4.36.v20210114.jar;C:\Users\Admin\.m2\repository\org\eclipse\jetty\websocket\websocket-common\9.4.36.v20210114\websocket-common-9.4.36.v20210114.jar;C:\Users\Admin\.m2\repository\org\eclipse\jetty\websocket\websocket-api\9.4.36.v20210114\websocket-api-9.4.36.v20210114.jar;C:\Users\Admin\.m2\repository\org\seleniumhq\selenium\htmlunit-driver\2.47.1\htmlunit-driver-2.47.1.jar;C:\Users\Admin\.m2\repository\com\codeborne\phantomjsdriver\1.4.4\phantomjsdriver-1.4.4.jar;C:\Users\Admin\.m2\repository\org\codehaus\groovy\groovy\3.0.8\groovy-3.0.8.jar;C:\Users\Admin\.m2\repository\net\sf\opencsv\opencsv\2.0\opencsv-2.0.jar;C:\Users\Admin\.m2\repository\commons-beanutils\commons-beanutils\1.9.4\commons-beanutils-1.9.4.jar;C:\Users\Admin\.m2\repository\commons-collections\commons-collections\3.2.2\commons-collections-3.2.2.jar;C:\Users\Admin\.m2\repository\org\fluentlenium\fluentlenium-core\0.10.2\fluentlenium-core-0.10.2.jar;C:\Users\Admin\.m2\repository\io\github\bonigarcia\webdrivermanager\4.4.1\webdrivermanager-4.4.1.jar;C:\Users\Admin\.m2\repository\org\apache\httpcomponents\client5\httpclient5\5.0.3\httpclient5-5.0.3.jar;C:\Users\Admin\.m2\repository\org\apache\httpcomponents\core5\httpcore5\5.0.2\httpcore5-5.0.2.jar;C:\Users\Admin\.m2\repository\org\apache\httpcomponents\core5\httpcore5-h2\5.0.2\httpcore5-h2-5.0.2.jar;C:\Users\Admin\.m2\repository\org\rauschig\jarchivelib\1.1.0\jarchivelib-1.1.0.jar;C:\Users\Admin\.m2\repository\com\jhlabs\filters\2.0.235\filters-2.0.235.jar;C:\Users\Admin\.m2\repository\com\assertthat\selenium-shutterbug\1.4\selenium-shutterbug-1.4.jar;C:\Users\Admin\.m2\repository\org\projectlombok\lombok\1.18.8\lombok-1.18.8.jar;C:\Users\Admin\.m2\repository\com\github\zafarkhaja\java-semver\0.9.0\java-semver-0.9.0.jar;C:\Users\Admin\.m2\repository\ru\yandex\qatools\ashot\ashot\1.5.4\ashot-1.5.4.jar;C:\Users\Admin\.m2\repository\com\paulhammant\ngwebdriver\1.1.5\ngwebdriver-1.1.5.jar;C:\Users\Admin\.m2\repository\joda-time\joda-time\2.8.2\joda-time-2.8.2.jar;C:\Users\Admin\.m2\repository\org\hamcrest\hamcrest\2.2\hamcrest-2.2.jar;C:\Users\Admin\.m2\repository\com\google\jimfs\jimfs\1.1\jimfs-1.1.jar;C:\Users\Admin\.m2\repository\org\mockito\mockito-core\3.3.3\mockito-core-3.3.3.jar;C:\Users\Admin\.m2\repository\javax\xml\bind\jaxb-api\2.3.1\jaxb-api-2.3.1.jar;C:\Users\Admin\.m2\repository\javax\activation\javax.activation-api\1.2.0\javax.activation-api-1.2.0.jar;C:\Users\Admin\.m2\repository\com\sun\xml\bind\jaxb-core\2.3.0.1\jaxb-core-2.3.0.1.jar;C:\Users\Admin\.m2\repository\com\sun\xml\bind\jaxb-impl\2.3.3\jaxb-impl-2.3.3.jar;C:\Users\Admin\.m2\repository\com\sun\activation\jakarta.activation\1.2.2\jakarta.activation-1.2.2.jar;C:\Users\Admin\.m2\repository\javax\activation\activation\1.1.1\activation-1.1.1.jar;C:\Users\Admin\.m2\repository\net\serenity-bdd\serenity-cucumber6\2.4.24\serenity-cucumber6-2.4.24.jar;C:\Users\Admin\.m2\repository\io\cucumber\cucumber-junit\6.10.2\cucumber-junit-6.10.2.jar;C:\Users\Admin\.m2\repository\io\cucumber\datatable-matchers\3.4.0\datatable-matchers-3.4.0.jar;C:\Users\Admin\.m2\repository\io\cucumber\datatable\3.4.0\datatable-3.4.0.jar;C:\Users\Admin\.m2\repository\commons-logging\commons-logging\1.2\commons-logging-1.2.jar;C:\Users\Admin\.m2\repository\net\serenity-bdd\serenity-screenplay\2.4.24\serenity-screenplay-2.4.24.jar;C:\Users\Admin\.m2\repository\net\serenity-bdd\serenity-screenplay-webdriver\2.4.24\serenity-screenplay-webdriver-2.4.24.jar;C:\Users\Admin\.m2\repository\net\serenity-bdd\serenity-ensure\2.4.24\serenity-ensure-2.4.24.jar;C:\Users\Admin\.m2\repository\net\serenity-bdd\serenity-junit\2.4.24\serenity-junit-2.4.24.jar;C:\Users\Admin\.m2\repository\org\jetbrains\kotlin\kotlin-stdlib\1.4.31\kotlin-stdlib-1.4.31.jar;C:\Users\Admin\.m2\repository\org\jetbrains\kotlin\kotlin-stdlib-common\1.4.31\kotlin-stdlib-common-1.4.31.jar;C:\Users\Admin\.m2\repository\org\jetbrains\annotations\13.0\annotations-13.0.jar;C:\Users\Admin\.m2\repository\junit\junit\4.13.1\junit-4.13.1.jar;C:\Users\Admin\.m2\repository\org\hamcrest\hamcrest-core\1.3\hamcrest-core-1.3.jar;C:\Users\Admin\.m2\repository\ch\qos\logback\logback-classic\1.0.13\logback-classic-1.0.13.jar;C:\Users\Admin\.m2\repository\ch\qos\logback\logback-core\1.0.13\logback-core-1.0.13.jar;C:\Users\Admin\.m2\repository\org\assertj\assertj-core\3.6.2\assertj-core-3.6.2.jar;C:\Users\Admin\.m2\repository\io\cucumber\cucumber-java\6.10.4\cucumber-java-6.10.4.jar;C:\Users\Admin\.m2\repository\io\cucumber\cucumber-core\6.10.4\cucumber-core-6.10.4.jar;C:\Users\Admin\.m2\repository\io\cucumber\cucumber-gherkin\6.10.4\cucumber-gherkin-6.10.4.jar;C:\Users\Admin\.m2\repository\io\cucumber\cucumber-gherkin-messages\6.10.4\cucumber-gherkin-messages-6.10.4.jar;C:\Users\Admin\.m2\repository\io\cucumber\messages\15.0.0\messages-15.0.0.jar;C:\Users\Admin\.m2\repository\io\cucumber\tag-expressions\3.0.1\tag-expressions-3.0.1.jar;C:\Users\Admin\.m2\repository\io\cucumber\cucumber-expressions\10.3.0\cucumber-expressions-10.3.0.jar;C:\Users\Admin\.m2\repository\io\cucumber\cucumber-plugin\6.10.4\cucumber-plugin-6.10.4.jar;C:\Users\Admin\.m2\repository\io\cucumber\docstring\6.10.4\docstring-6.10.4.jar;C:\Users\Admin\.m2\repository\io\cucumber\html-formatter\13.0.0\html-formatter-13.0.0.jar;C:\Users\Admin\.m2\repository\io\cucumber\create-meta\4.0.0\create-meta-4.0.0.jar;C:\Users\Admin\.m2\repository\org\apiguardian\apiguardian-api\1.1.1\apiguardian-api-1.1.1.jar;C:\Users\Admin\.m2\repository\org\apache\commons\commons-csv\1.5\commons-csv-1.5.jar;C:\Users\Admin\.m2\repository\org\junit\jupiter\junit-jupiter-api\5.8.0-M1\junit-jupiter-api-5.8.0-M1.jar;C:\Users\Admin\.m2\repository\org\opentest4j\opentest4j\1.2.0\opentest4j-1.2.0.jar;C:\Users\Admin\.m2\repository\org\junit\platform\junit-platform-commons\1.8.0-M1\junit-platform-commons-1.8.0-M1.jar;C:\Users\Admin\.m2\repository\org\apache\maven\surefire\surefire-junit-platform\3.0.0-M5\surefire-junit-platform-3.0.0-M5.jar;C:\Users\Admin\.m2\repository\org\apache\maven\surefire\common-java5\3.0.0-M5\common-java5-3.0.0-M5.jar;C:\Users\Admin\.m2\repository\org\junit\platform\junit-platform-launcher\1.8.0-M1\junit-platform-launcher-1.8.0-M1.jar;C:\Users\Admin\.m2\repository\org\junit\platform\junit-platform-engine\1.8.0-M1\junit-platform-engine-1.8.0-M1.jar;C:\Users\Admin\.m2\repository\org\junit\jupiter\junit-jupiter-engine\5.8.0-M1\junit-jupiter-engine-5.8.0-M1.jar;C:\Users\Admin\.m2\repository\org\jetbrains\kotlin\kotlin-stdlib-jdk8\1.4.20\kotlin-stdlib-jdk8-1.4.20.jar;C:\Users\Admin\.m2\repository\org\jetbrains\kotlin\kotlin-stdlib-jdk7\1.4.20\kotlin-stdlib-jdk7-1.4.20.jar;C:\Users\Admin\.m2\repository\org\junit\vintage\junit-vintage-engine\5.8.0-M1\junit-vintage-engine-5.8.0-M1.jar"/>
    <property name="user.script" value=""/>
    <property name="sun.management.compiler" value="HotSpot 64-Bit Tiered Compilers"/>
    <property name="java.runtime.version" value="11.0.11+9-LTS-194"/>
    <property name="user.name" value="Admin"/>
    <property name="path.separator" value=";"/>
    <property name="os.version" value="10.0"/>
    <property name="java.runtime.name" value="Java(TM) SE Runtime Environment"/>
    <property name="file.encoding" value="Cp1252"/>
    <property name="webdriver.base.url" value=""/>
    <property name="java.vm.name" value="Java HotSpot(TM) 64-Bit Server VM"/>
    <property name="java.vendor.version" value="18.9"/>
    <property name="localRepository" value="C:\Users\Admin\.m2\repository"/>
    <property name="java.vendor.url.bug" value="https://bugreport.java.com/bugreport/"/>
    <property name="java.io.tmpdir" value="C:\Users\Admin\AppData\Local\Temp\"/>
    <property name="java.version" value="11.0.11"/>
    <property name="user.dir" value="C:\Users\Admin\Downloads\MPH-IOS-main"/>
    <property name="os.arch" value="amd64"/>
    <property name="java.vm.specification.name" value="Java Virtual Machine Specification"/>
    <property name="java.awt.printerjob" value="sun.awt.windows.WPrinterJob"/>
    <property name="sun.os.patch.level" value=""/>
    <property name="java.library.path" value="C:\Program Files\Java\jdk-11.0.11\bin;C:\Windows\Sun\Java\bin;C:\Windows\system32;C:\Windows;C:/Users/Admin/.p2/pool/plugins/org.eclipse.justj.openjdk.hotspot.jre.full.win32.x86_64_15.0.2.v20210201-0955/jre/bin/server;C:/Users/Admin/.p2/pool/plugins/org.eclipse.justj.openjdk.hotspot.jre.full.win32.x86_64_15.0.2.v20210201-0955/jre/bin;C:\Program Files\Java\jdk-11.0.11\bin;C:\Program Files\Common Files\Oracle\Java\javapath;C:\Windows\system32;C:\Windows;C:\Windows\System32\Wbem;C:\Windows\System32\WindowsPowerShell\v1.0\;C:\Windows\System32\OpenSSH\;C:\Users\Admin\AppData\Local\Android\platform-tools;C:\Users\Admin\AppData\Local\Android\tools\bin;C:\Program Files\Git\cmd;C:\Program Files\apache-maven-3.8.1\bin;C:\Users\Admin\AppData\Local\Microsoft\WindowsApps;C:\Users\Admin\Desktop;;."/>
    <property name="java.vendor" value="Oracle Corporation"/>
    <property name="java.vm.info" value="mixed mode"/>
    <property name="java.vm.version" value="11.0.11+9-LTS-194"/>
    <property name="sun.io.unicode.encoding" value="UnicodeLittle"/>
    <property name="java.class.version" value="55.0"/>
  </properties>
  <testcase name="Validate that the &apos;Phone number&apos; field is prefixed with +1 country code" classname="Validate login positive functionality" time="32.505">
    <system-out><![CDATA[10:35:12.244 [main] INFO  i.c.core.plugin.SerenityReporter - Running feature from file:///C:/Users/Admin/Downloads/MPH-IOS-main/src/test/resources/features/Login_positive_scenario.feature
10:35:12.510 [main] INFO   - 

-------------------------------------------------------------------------------------
     _______. _______ .______       _______ .__   __.  __  .___________.____    ____ 
    /       ||   ____||   _  \     |   ____||  \ |  | |  | |           |\   \  /   / 
   |   (----`|  |__   |  |_)  |    |  |__   |   \|  | |  | `---|  |----` \   \/   /  
    \   \    |   __|  |      /     |   __|  |  . `  | |  |     |  |       \_    _/   
.----)   |   |  |____ |  |\  \----.|  |____ |  |\   | |  |     |  |         |  |     
|_______/    |_______|| _| `._____||_______||__| \__| |__|     |__|         |__|    
                                                                                     
 News and tutorials at http://www.serenity-bdd.info                                  
 Documentation at https://wakaleo.gitbooks.io/the-serenity-book/content/             
 Join the Serenity Community on Gitter: https://gitter.im/serenity-bdd/serenity-core 
 Serenity BDD Support and Training at http://serenity-bdd.info/#/trainingandsupport  
-------------------------------------------------------------------------------------

10:35:12.514 [main] DEBUG n.thucydides.core.steps.StepEventBus - Test suite started for story net.thucydides.core.model.Story@a2b4f1b6
10:35:12.516 [main] INFO   - Test Suite Started: Validate login positive functionality

Scenario: Validate that the 'Phone number' field is prefixed with +1 country code &amp#27;[90m# src/test/resources/features/Login_positive_scenario.feature:4&amp#27;[0m
10:35:12.759 [main] INFO  i.c.core.plugin.SerenityReporter - Running feature from file:///C:/Users/Admin/Downloads/MPH-IOS-main/src/test/resources/features/Login_positive_scenario.feature
10:35:12.856 [main] INFO   - 
  _____   ___   ___   _____     ___   _____     _     ___   _____   ___   ___  
 |_   _| | __| / __| |_   _|   / __| |_   _|   /_\   | _ \ |_   _| | __| |   \ 
   | |   | _|  \__ \   | |     \__ \   | |    / _ \  |   /   | |   | _|  | |) |
   |_|   |___| |___/   |_|     |___/   |_|   /_/ \_\ |_|_\   |_|   |___| |___/ 

Validate that the 'Phone number' field is prefixed with +1 country code(validate-login-positive-functionality;validate-that-the--phone-number--field-is-prefixed-with-+1-country-code)
--------------------------------------------------------------------------------
10:35:12.936 [main] DEBUG n.t.c.r.m.cucumber.CucumberParser - Added feature Validation on Landing page
10:35:12.961 [main] DEBUG n.t.c.r.m.cucumber.CucumberParser - Added feature Validate login positive functionality
10:35:12.974 [main] DEBUG n.t.c.r.m.cucumber.CucumberParser - Added feature Validation on Sign Up Page negative test case
10:35:12.984 [main] DEBUG n.t.c.r.m.cucumber.CucumberParser - Added feature Validation on Sign Up Positive test cases
10:35:13.680 [main] WARN  i.t.s.i.r.inferrers.JUnitInferrer - Something is wrong... JUnit classes in stack but no annotated methods were found.
10:35:13.680 [main] INFO  i.t.s.i.r.i.ReportSettingsInferrer - Failed to infer Project and Job names, will use default 'Unnamed' values.
10:35:13.680 [main] INFO  i.t.sdk.internal.rest.AgentClient - Inferred [Unnamed Project] and [Unnamed Job] for Project and Job names accordingly.
10:35:13.680 [main] INFO  i.t.sdk.internal.rest.AgentClient - Using [https://localhost:8585] and [Unnamed Job] for Project and Job names accordingly.
10:35:13.680 [main] INFO  i.t.sdk.internal.rest.AgentClient - Initializing new session...
10:35:13.772 [main] DEBUG o.a.h.c.protocol.RequestAddCookies - CookieSpec selected: default
10:35:13.790 [main] DEBUG o.a.h.c.protocol.RequestAuthCache - Auth cache not set in the context
10:35:13.791 [main] DEBUG o.a.h.i.c.PoolingHttpClientConnectionManager - Connection request: [route: {}->http://localhost:8585][total kept alive: 0; route allocated: 0 of 2; total allocated: 0 of 20]
10:35:13.808 [main] DEBUG o.a.h.i.c.PoolingHttpClientConnectionManager - Connection leased: [id: 0][route: {}->http://localhost:8585][total kept alive: 0; route allocated: 1 of 2; total allocated: 1 of 20]
10:35:13.809 [main] DEBUG o.a.h.impl.execchain.MainClientExec - Opening connection {}->http://localhost:8585
10:35:13.819 [main] DEBUG o.a.h.i.c.DefaultHttpClientConnectionOperator - Connecting to localhost/127.0.0.1:8585
10:35:13.823 [main] DEBUG o.a.h.i.c.DefaultHttpClientConnectionOperator - Connection established 127.0.0.1:64517<->127.0.0.1:8585
10:35:13.823 [main] DEBUG o.a.h.i.c.DefaultManagedHttpClientConnection - http-outgoing-0: set socket timeout to 120000
10:35:13.823 [main] DEBUG o.a.h.impl.execchain.MainClientExec - Executing request POST /api/development/session HTTP/1.1
10:35:13.823 [main] DEBUG o.a.h.impl.execchain.MainClientExec - Proxy auth state: UNCHALLENGED
10:35:13.825 [main] DEBUG org.apache.http.headers - http-outgoing-0 >> POST /api/development/session HTTP/1.1
10:35:13.825 [main] DEBUG org.apache.http.headers - http-outgoing-0 >> Content-Length: 293
10:35:13.825 [main] DEBUG org.apache.http.headers - http-outgoing-0 >> Content-Type: application/json; charset=UTF-8
10:35:13.825 [main] DEBUG org.apache.http.headers - http-outgoing-0 >> Host: localhost:8585
10:35:13.825 [main] DEBUG org.apache.http.headers - http-outgoing-0 >> Connection: Keep-Alive
10:35:13.825 [main] DEBUG org.apache.http.headers - http-outgoing-0 >> User-Agent: Apache-HttpClient/4.5.9 (Java/11.0.11)
10:35:13.825 [main] DEBUG org.apache.http.headers - http-outgoing-0 >> Accept-Encoding: gzip,deflate
10:35:13.825 [main] DEBUG org.apache.http.headers - http-outgoing-0 >> Authorization: fHdacT69Ifkyd3lQ5OQCWjO_ZuQljpxJUSplQuaduoU
10:35:13.826 [main] DEBUG org.apache.http.headers - http-outgoing-0 >> Accept: application/json; charset=UTF-8
10:35:13.826 [main] DEBUG org.apache.http.wire - http-outgoing-0 >> "POST /api/development/session HTTP/1.1[\r][\n]"
10:35:13.826 [main] DEBUG org.apache.http.wire - http-outgoing-0 >> "Content-Length: 293[\r][\n]"
10:35:13.826 [main] DEBUG org.apache.http.wire - http-outgoing-0 >> "Content-Type: application/json; charset=UTF-8[\r][\n]"
10:35:13.826 [main] DEBUG org.apache.http.wire - http-outgoing-0 >> "Host: localhost:8585[\r][\n]"
10:35:13.826 [main] DEBUG org.apache.http.wire - http-outgoing-0 >> "Connection: Keep-Alive[\r][\n]"
10:35:13.826 [main] DEBUG org.apache.http.wire - http-outgoing-0 >> "User-Agent: Apache-HttpClient/4.5.9 (Java/11.0.11)[\r][\n]"
10:35:13.826 [main] DEBUG org.apache.http.wire - http-outgoing-0 >> "Accept-Encoding: gzip,deflate[\r][\n]"
10:35:13.826 [main] DEBUG org.apache.http.wire - http-outgoing-0 >> "Authorization: fHdacT69Ifkyd3lQ5OQCWjO_ZuQljpxJUSplQuaduoU[\r][\n]"
10:35:13.826 [main] DEBUG org.apache.http.wire - http-outgoing-0 >> "Accept: application/json; charset=UTF-8[\r][\n]"
10:35:13.826 [main] DEBUG org.apache.http.wire - http-outgoing-0 >> "[\r][\n]"
10:35:13.827 [main] DEBUG org.apache.http.wire - http-outgoing-0 >> "{"capabilities":{"bundleId":"com.mpoweredhealth.demo","platformName":"iOS","tp:guid":"42903116-283d-4fbe-8622-49369a852fd1","udid":"00008030-001D24A61E42402E"},"sdkVersion":"1.2.2","language":"Java","projectName":"https://localhost:8585","jobName":"Unnamed Job","reportType":"CLOUD_AND_LOCAL"}"
10:35:38.091 [main] DEBUG org.apache.http.wire - http-outgoing-0 << "HTTP/1.1 200 OK[\r][\n]"
10:35:38.091 [main] DEBUG org.apache.http.wire - http-outgoing-0 << "Date: Mon, 26 Jul 2021 05:05:14 GMT[\r][\n]"
10:35:38.092 [main] DEBUG org.apache.http.wire - http-outgoing-0 << "Cache-Control: private, no-cache, max-age=0[\r][\n]"
10:35:38.092 [main] DEBUG org.apache.http.wire - http-outgoing-0 << "Pragma: no-cache[\r][\n]"
10:35:38.092 [main] DEBUG org.apache.http.wire - http-outgoing-0 << "Expires: -1[\r][\n]"
10:35:38.093 [main] DEBUG org.apache.http.wire - http-outgoing-0 << "Content-Type: application/json;charset=utf-8[\r][\n]"
10:35:38.093 [main] DEBUG org.apache.http.wire - http-outgoing-0 << "Content-Length: 1031[\r][\n]"
10:35:38.093 [main] DEBUG org.apache.http.wire - http-outgoing-0 << "Server: Jetty(9.4.12.v20180830)[\r][\n]"
10:35:38.093 [main] DEBUG org.apache.http.wire - http-outgoing-0 << "[\r][\n]"
10:35:38.094 [main] DEBUG org.apache.http.wire - http-outgoing-0 << "{"localReport":"C:\\Users\\Admin\\AppData\\Roaming\\TestProject\\Agent\\reports\\20210726-103535.html","capabilities":{"ScaleFactor":2,"automationName":"XCuiTest","browserName":"","bundleId":"com.mpoweredhealth.demo","databaseEnabled":false,"deviceName":"iPhone","javascriptEnabled":true,"locationContextEnabled":false,"networkConnectionEnabled":false,"newCommandTimeout":0,"noReset":true,"platform":"MAC","platformName":"iOS","platformVersion":"14.6","realDevice":true,"simpleIsVisibleCheck":true,"skipDeviceDetect":true,"takesScreenshot":true,"tp:guid":"42903116-283d-4fbe-8622-49369a852fd1","udid":"00008030-001D24A61E42402E","useExternalWDA":true,"usePrebuiltWDA":true,"waitForQuiescence":false,"webDriverAgentUrl":"http://localhost:64584","webStorageEnabled":false},"dialect":"W3C","devSocketPort":64613,"serverAddress":"http://localhost:57000/wd/hub","localReportUrl":"http://localhost:8585/api/report/20210726-103535.html","sessionId":"bda52f93-c8aa-46ad-9143-5ca4335519d2","uuid":"vlbxkEIXQFSz6zLqCBy1gQ","version":"3.0.4"}"
10:35:38.098 [main] DEBUG org.apache.http.headers - http-outgoing-0 << HTTP/1.1 200 OK
10:35:38.098 [main] DEBUG org.apache.http.headers - http-outgoing-0 << Date: Mon, 26 Jul 2021 05:05:14 GMT
10:35:38.098 [main] DEBUG org.apache.http.headers - http-outgoing-0 << Cache-Control: private, no-cache, max-age=0
10:35:38.098 [main] DEBUG org.apache.http.headers - http-outgoing-0 << Pragma: no-cache
10:35:38.098 [main] DEBUG org.apache.http.headers - http-outgoing-0 << Expires: -1
10:35:38.099 [main] DEBUG org.apache.http.headers - http-outgoing-0 << Content-Type: application/json;charset=utf-8
10:35:38.099 [main] DEBUG org.apache.http.headers - http-outgoing-0 << Content-Length: 1031
10:35:38.099 [main] DEBUG org.apache.http.headers - http-outgoing-0 << Server: Jetty(9.4.12.v20180830)
10:35:38.116 [main] DEBUG o.a.h.impl.execchain.MainClientExec - Connection can be kept alive indefinitely
10:35:38.121 [main] DEBUG o.a.h.i.c.PoolingHttpClientConnectionManager - Connection [id: 0][route: {}->http://localhost:8585] can be kept alive indefinitely
10:35:38.121 [main] DEBUG o.a.h.i.c.DefaultManagedHttpClientConnection - http-outgoing-0: set socket timeout to 0
10:35:38.121 [main] DEBUG o.a.h.i.c.PoolingHttpClientConnectionManager - Connection released: [id: 0][route: {}->http://localhost:8585][total kept alive: 1; route allocated: 1 of 2; total allocated: 1 of 20]
10:35:38.137 [main] INFO  i.t.sdk.internal.rest.AgentClient - Session [bda52f93-c8aa-46ad-9143-5ca4335519d2] initialized
10:35:38.165 [main] INFO  i.t.sdk.internal.rest.AgentClient - Report URL: http://localhost:8585/api/report/20210726-103535.html
10:35:38.195 [main] DEBUG i.t.sdk.internal.tcp.SocketManager - Development socket connected
10:35:38.704 [pool-2-thread-1] DEBUG o.a.h.c.protocol.RequestAddCookies - CookieSpec selected: default
10:35:38.714 [pool-2-thread-1] DEBUG o.a.h.c.protocol.RequestAuthCache - Auth cache not set in the context
10:35:38.715 [pool-2-thread-1] DEBUG o.a.h.i.c.PoolingHttpClientConnectionManager - Connection request: [route: {}->http://localhost:8585][total kept alive: 1; route allocated: 1 of 2; total allocated: 1 of 20]
10:35:38.715 [pool-2-thread-1] DEBUG o.a.h.i.c.PoolingHttpClientConnectionManager - Connection leased: [id: 0][route: {}->http://localhost:8585][total kept alive: 0; route allocated: 1 of 2; total allocated: 1 of 20]
10:35:38.715 [pool-2-thread-1] DEBUG o.a.h.i.c.DefaultManagedHttpClientConnection - http-outgoing-0: set socket timeout to 0
10:35:38.716 [pool-2-thread-1] DEBUG o.a.h.i.c.DefaultManagedHttpClientConnection - http-outgoing-0: set socket timeout to 5000
  &amp#27;[32mGiven &amp#27;[0m&amp#27;[32mLaunch the URL&amp#27;[0m                                                            &amp#27;[90m# Stepdefinitions.Login_positive_scenario.app_launching()&amp#27;[0m
10:35:38.716 [pool-2-thread-1] DEBUG o.a.h.impl.execchain.MainClientExec - Executing request POST /api/development/report/command HTTP/1.1
10:35:38.716 [pool-2-thread-1] DEBUG o.a.h.impl.execchain.MainClientExec - Proxy auth state: UNCHALLENGED
10:35:38.716 [pool-2-thread-1] DEBUG org.apache.http.headers - http-outgoing-0 >> POST /api/development/report/command HTTP/1.1
10:35:38.716 [pool-2-thread-1] DEBUG org.apache.http.headers - http-outgoing-0 >> Content-Length: 80
10:35:38.716 [pool-2-thread-1] DEBUG org.apache.http.headers - http-outgoing-0 >> Content-Type: application/json; charset=UTF-8
10:35:38.716 [pool-2-thread-1] DEBUG org.apache.http.headers - http-outgoing-0 >> Host: localhost:8585
10:35:38.716 [pool-2-thread-1] DEBUG org.apache.http.headers - http-outgoing-0 >> Connection: Keep-Alive
10:35:38.716 [pool-2-thread-1] DEBUG org.apache.http.headers - http-outgoing-0 >> User-Agent: Apache-HttpClient/4.5.9 (Java/11.0.11)
10:35:38.717 [pool-2-thread-1] DEBUG org.apache.http.headers - http-outgoing-0 >> Accept-Encoding: gzip,deflate
10:35:38.717 [pool-2-thread-1] DEBUG org.apache.http.headers - http-outgoing-0 >> Authorization: fHdacT69Ifkyd3lQ5OQCWjO_ZuQljpxJUSplQuaduoU
10:35:38.717 [pool-2-thread-1] DEBUG org.apache.http.headers - http-outgoing-0 >> Accept: application/json; charset=UTF-8
10:35:38.717 [pool-2-thread-1] DEBUG org.apache.http.wire - http-outgoing-0 >> "POST /api/development/report/command HTTP/1.1[\r][\n]"
10:35:38.717 [pool-2-thread-1] DEBUG org.apache.http.wire - http-outgoing-0 >> "Content-Length: 80[\r][\n]"
10:35:38.717 [pool-2-thread-1] DEBUG org.apache.http.wire - http-outgoing-0 >> "Content-Type: application/json; charset=UTF-8[\r][\n]"
10:35:38.717 [pool-2-thread-1] DEBUG org.apache.http.wire - http-outgoing-0 >> "Host: localhost:8585[\r][\n]"
10:35:38.717 [pool-2-thread-1] DEBUG org.apache.http.wire - http-outgoing-0 >> "Connection: Keep-Alive[\r][\n]"
10:35:38.717 [pool-2-thread-1] DEBUG org.apache.http.wire - http-outgoing-0 >> "User-Agent: Apache-HttpClient/4.5.9 (Java/11.0.11)[\r][\n]"
10:35:38.718 [pool-2-thread-1] DEBUG org.apache.http.wire - http-outgoing-0 >> "Accept-Encoding: gzip,deflate[\r][\n]"
10:35:38.718 [pool-2-thread-1] DEBUG org.apache.http.wire - http-outgoing-0 >> "Authorization: fHdacT69Ifkyd3lQ5OQCWjO_ZuQljpxJUSplQuaduoU[\r][\n]"
10:35:38.718 [pool-2-thread-1] DEBUG org.apache.http.wire - http-outgoing-0 >> "Accept: application/json; charset=UTF-8[\r][\n]"
10:35:38.718 [pool-2-thread-1] DEBUG org.apache.http.wire - http-outgoing-0 >> "[\r][\n]"
10:35:38.718 [pool-2-thread-1] DEBUG org.apache.http.wire - http-outgoing-0 >> "{"commandName":"setTimeout","commandParameters":{"implicit":5000},"passed":true}"
10:35:38.730 [pool-2-thread-1] DEBUG org.apache.http.wire - http-outgoing-0 << "HTTP/1.1 200 OK[\r][\n]"
10:35:38.730 [pool-2-thread-1] DEBUG org.apache.http.wire - http-outgoing-0 << "Date: Mon, 26 Jul 2021 05:05:38 GMT[\r][\n]"
10:35:38.730 [pool-2-thread-1] DEBUG org.apache.http.wire - http-outgoing-0 << "Cache-Control: private, no-cache, max-age=0[\r][\n]"
10:35:38.730 [pool-2-thread-1] DEBUG org.apache.http.wire - http-outgoing-0 << "Pragma: no-cache[\r][\n]"
10:35:38.730 [pool-2-thread-1] DEBUG org.apache.http.wire - http-outgoing-0 << "Expires: -1[\r][\n]"
10:35:38.730 [pool-2-thread-1] DEBUG org.apache.http.wire - http-outgoing-0 << "Content-Length: 0[\r][\n]"
10:35:38.730 [pool-2-thread-1] DEBUG org.apache.http.wire - http-outgoing-0 << "Server: Jetty(9.4.12.v20180830)[\r][\n]"
10:35:38.730 [pool-2-thread-1] DEBUG org.apache.http.wire - http-outgoing-0 << "[\r][\n]"
10:35:38.730 [pool-2-thread-1] DEBUG org.apache.http.headers - http-outgoing-0 << HTTP/1.1 200 OK
10:35:38.730 [pool-2-thread-1] DEBUG org.apache.http.headers - http-outgoing-0 << Date: Mon, 26 Jul 2021 05:05:38 GMT
10:35:38.731 [pool-2-thread-1] DEBUG org.apache.http.headers - http-outgoing-0 << Cache-Control: private, no-cache, max-age=0
10:35:38.731 [pool-2-thread-1] DEBUG org.apache.http.headers - http-outgoing-0 << Pragma: no-cache
10:35:38.731 [pool-2-thread-1] DEBUG org.apache.http.headers - http-outgoing-0 << Expires: -1
10:35:38.731 [pool-2-thread-1] DEBUG org.apache.http.headers - http-outgoing-0 << Content-Length: 0
10:35:38.731 [pool-2-thread-1] DEBUG org.apache.http.headers - http-outgoing-0 << Server: Jetty(9.4.12.v20180830)
10:35:38.731 [pool-2-thread-1] DEBUG o.a.h.impl.execchain.MainClientExec - Connection can be kept alive indefinitely
10:35:38.731 [pool-2-thread-1] DEBUG o.a.h.i.c.PoolingHttpClientConnectionManager - Connection [id: 0][route: {}->http://localhost:8585] can be kept alive indefinitely
10:35:38.731 [pool-2-thread-1] DEBUG o.a.h.i.c.DefaultManagedHttpClientConnection - http-outgoing-0: set socket timeout to 0
10:35:38.731 [pool-2-thread-1] DEBUG o.a.h.i.c.PoolingHttpClientConnectionManager - Connection released: [id: 0][route: {}->http://localhost:8585][total kept alive: 1; route allocated: 1 of 2; total allocated: 1 of 20]
10:35:38.765 [pool-2-thread-1] DEBUG o.a.h.c.protocol.RequestAddCookies - CookieSpec selected: default
10:35:38.765 [pool-2-thread-1] DEBUG o.a.h.c.protocol.RequestAuthCache - Auth cache not set in the context
10:35:38.765 [pool-2-thread-1] DEBUG o.a.h.i.c.PoolingHttpClientConnectionManager - Connection request: [route: {}->http://localhost:8585][total kept alive: 1; route allocated: 1 of 2; total allocated: 1 of 20]
10:35:38.766 [pool-2-thread-1] DEBUG o.a.h.i.c.PoolingHttpClientConnectionManager - Connection leased: [id: 0][route: {}->http://localhost:8585][total kept alive: 0; route allocated: 1 of 2; total allocated: 1 of 20]
10:35:38.766 [pool-2-thread-1] DEBUG o.a.h.i.c.DefaultManagedHttpClientConnection - http-outgoing-0: set socket timeout to 0
10:35:38.766 [pool-2-thread-1] DEBUG o.a.h.i.c.DefaultManagedHttpClientConnection - http-outgoing-0: set socket timeout to 5000
10:35:38.766 [pool-2-thread-1] DEBUG o.a.h.impl.execchain.MainClientExec - Executing request POST /api/development/report/command HTTP/1.1
10:35:38.766 [pool-2-thread-1] DEBUG o.a.h.impl.execchain.MainClientExec - Proxy auth state: UNCHALLENGED
10:35:38.766 [pool-2-thread-1] DEBUG org.apache.http.headers - http-outgoing-0 >> POST /api/development/report/command HTTP/1.1
10:35:38.766 [pool-2-thread-1] DEBUG org.apache.http.headers - http-outgoing-0 >> Content-Length: 80
10:35:38.766 [pool-2-thread-1] DEBUG org.apache.http.headers - http-outgoing-0 >> Content-Type: application/json; charset=UTF-8
10:35:38.766 [pool-2-thread-1] DEBUG org.apache.http.headers - http-outgoing-0 >> Host: localhost:8585
10:35:38.766 [pool-2-thread-1] DEBUG org.apache.http.headers - http-outgoing-0 >> Connection: Keep-Alive
10:35:38.766 [pool-2-thread-1] DEBUG org.apache.http.headers - http-outgoing-0 >> User-Agent: Apache-HttpClient/4.5.9 (Java/11.0.11)
10:35:38.767 [pool-2-thread-1] DEBUG org.apache.http.headers - http-outgoing-0 >> Accept-Encoding: gzip,deflate
10:35:38.767 [pool-2-thread-1] DEBUG org.apache.http.headers - http-outgoing-0 >> Authorization: fHdacT69Ifkyd3lQ5OQCWjO_ZuQljpxJUSplQuaduoU
10:35:38.767 [pool-2-thread-1] DEBUG org.apache.http.headers - http-outgoing-0 >> Accept: application/json; charset=UTF-8
10:35:38.767 [pool-2-thread-1] DEBUG org.apache.http.wire - http-outgoing-0 >> "POST /api/development/report/command HTTP/1.1[\r][\n]"
10:35:38.767 [pool-2-thread-1] DEBUG org.apache.http.wire - http-outgoing-0 >> "Content-Length: 80[\r][\n]"
10:35:38.767 [pool-2-thread-1] DEBUG org.apache.http.wire - http-outgoing-0 >> "Content-Type: application/json; charset=UTF-8[\r][\n]"
10:35:38.767 [pool-2-thread-1] DEBUG org.apache.http.wire - http-outgoing-0 >> "Host: localhost:8585[\r][\n]"
10:35:38.767 [pool-2-thread-1] DEBUG org.apache.http.wire - http-outgoing-0 >> "Connection: Keep-Alive[\r][\n]"
10:35:38.767 [pool-2-thread-1] DEBUG org.apache.http.wire - http-outgoing-0 >> "User-Agent: Apache-HttpClient/4.5.9 (Java/11.0.11)[\r][\n]"
10:35:38.767 [pool-2-thread-1] DEBUG org.apache.http.wire - http-outgoing-0 >> "Accept-Encoding: gzip,deflate[\r][\n]"
10:35:38.767 [pool-2-thread-1] DEBUG org.apache.http.wire - http-outgoing-0 >> "Authorization: fHdacT69Ifkyd3lQ5OQCWjO_ZuQljpxJUSplQuaduoU[\r][\n]"
10:35:38.767 [pool-2-thread-1] DEBUG org.apache.http.wire - http-outgoing-0 >> "Accept: application/json; charset=UTF-8[\r][\n]"
10:35:38.767 [pool-2-thread-1] DEBUG org.apache.http.wire - http-outgoing-0 >> "[\r][\n]"
10:35:38.767 [pool-2-thread-1] DEBUG org.apache.http.wire - http-outgoing-0 >> "{"commandName":"setTimeout","commandParameters":{"implicit":2000},"passed":true}"
10:35:38.772 [pool-2-thread-1] DEBUG org.apache.http.wire - http-outgoing-0 << "HTTP/1.1 200 OK[\r][\n]"
10:35:38.772 [pool-2-thread-1] DEBUG org.apache.http.wire - http-outgoing-0 << "Date: Mon, 26 Jul 2021 05:05:38 GMT[\r][\n]"
10:35:38.772 [pool-2-thread-1] DEBUG org.apache.http.wire - http-outgoing-0 << "Cache-Control: private, no-cache, max-age=0[\r][\n]"
10:35:38.772 [pool-2-thread-1] DEBUG org.apache.http.wire - http-outgoing-0 << "Pragma: no-cache[\r][\n]"
10:35:38.772 [pool-2-thread-1] DEBUG org.apache.http.wire - http-outgoing-0 << "Expires: -1[\r][\n]"
10:35:38.772 [pool-2-thread-1] DEBUG org.apache.http.wire - http-outgoing-0 << "Content-Length: 0[\r][\n]"
10:35:38.772 [pool-2-thread-1] DEBUG org.apache.http.wire - http-outgoing-0 << "Server: Jetty(9.4.12.v20180830)[\r][\n]"
10:35:38.772 [pool-2-thread-1] DEBUG org.apache.http.wire - http-outgoing-0 << "[\r][\n]"
10:35:38.772 [pool-2-thread-1] DEBUG org.apache.http.headers - http-outgoing-0 << HTTP/1.1 200 OK
10:35:38.772 [pool-2-thread-1] DEBUG org.apache.http.headers - http-outgoing-0 << Date: Mon, 26 Jul 2021 05:05:38 GMT
10:35:38.773 [pool-2-thread-1] DEBUG org.apache.http.headers - http-outgoing-0 << Cache-Control: private, no-cache, max-age=0
10:35:38.773 [pool-2-thread-1] DEBUG org.apache.http.headers - http-outgoing-0 << Pragma: no-cache
10:35:38.773 [pool-2-thread-1] DEBUG org.apache.http.headers - http-outgoing-0 << Expires: -1
10:35:38.773 [pool-2-thread-1] DEBUG org.apache.http.headers - http-outgoing-0 << Content-Length: 0
10:35:38.773 [pool-2-thread-1] DEBUG org.apache.http.headers - http-outgoing-0 << Server: Jetty(9.4.12.v20180830)
10:35:38.773 [pool-2-thread-1] DEBUG o.a.h.impl.execchain.MainClientExec - Connection can be kept alive indefinitely
10:35:38.773 [pool-2-thread-1] DEBUG o.a.h.i.c.PoolingHttpClientConnectionManager - Connection [id: 0][route: {}->http://localhost:8585] can be kept alive indefinitely
10:35:38.773 [pool-2-thread-1] DEBUG o.a.h.i.c.DefaultManagedHttpClientConnection - http-outgoing-0: set socket timeout to 0
10:35:38.773 [pool-2-thread-1] DEBUG o.a.h.i.c.PoolingHttpClientConnectionManager - Connection released: [id: 0][route: {}->http://localhost:8585][total kept alive: 1; route allocated: 1 of 2; total allocated: 1 of 20]
10:35:39.049 [pool-2-thread-1] DEBUG o.a.h.c.protocol.RequestAddCookies - CookieSpec selected: default
10:35:39.049 [pool-2-thread-1] DEBUG o.a.h.c.protocol.RequestAuthCache - Auth cache not set in the context
10:35:39.049 [pool-2-thread-1] DEBUG o.a.h.i.c.PoolingHttpClientConnectionManager - Connection request: [route: {}->http://localhost:8585][total kept alive: 1; route allocated: 1 of 2; total allocated: 1 of 20]
10:35:39.049 [pool-2-thread-1] DEBUG o.a.h.i.c.PoolingHttpClientConnectionManager - Connection leased: [id: 0][route: {}->http://localhost:8585][total kept alive: 0; route allocated: 1 of 2; total allocated: 1 of 20]
10:35:39.049 [pool-2-thread-1] DEBUG o.a.h.i.c.DefaultManagedHttpClientConnection - http-outgoing-0: set socket timeout to 0
10:35:39.049 [pool-2-thread-1] DEBUG o.a.h.i.c.DefaultManagedHttpClientConnection - http-outgoing-0: set socket timeout to 5000
10:35:39.049 [pool-2-thread-1] DEBUG o.a.h.impl.execchain.MainClientExec - Executing request POST /api/development/report/command HTTP/1.1
10:35:39.049 [pool-2-thread-1] DEBUG o.a.h.impl.execchain.MainClientExec - Proxy auth state: UNCHALLENGED
10:35:39.050 [pool-2-thread-1] DEBUG org.apache.http.headers - http-outgoing-0 >> POST /api/development/report/command HTTP/1.1
10:35:39.050 [pool-2-thread-1] DEBUG org.apache.http.headers - http-outgoing-0 >> Content-Length: 281
10:35:39.050 [pool-2-thread-1] DEBUG org.apache.http.headers - http-outgoing-0 >> Content-Type: application/json; charset=UTF-8
10:35:39.050 [pool-2-thread-1] DEBUG org.apache.http.headers - http-outgoing-0 >> Host: localhost:8585
10:35:39.050 [pool-2-thread-1] DEBUG org.apache.http.headers - http-outgoing-0 >> Connection: Keep-Alive
10:35:39.050 [pool-2-thread-1] DEBUG org.apache.http.headers - http-outgoing-0 >> User-Agent: Apache-HttpClient/4.5.9 (Java/11.0.11)
10:35:39.050 [pool-2-thread-1] DEBUG org.apache.http.headers - http-outgoing-0 >> Accept-Encoding: gzip,deflate
10:35:39.050 [pool-2-thread-1] DEBUG org.apache.http.headers - http-outgoing-0 >> Authorization: fHdacT69Ifkyd3lQ5OQCWjO_ZuQljpxJUSplQuaduoU
10:35:39.050 [pool-2-thread-1] DEBUG org.apache.http.headers - http-outgoing-0 >> Accept: application/json; charset=UTF-8
10:35:39.050 [pool-2-thread-1] DEBUG org.apache.http.wire - http-outgoing-0 >> "POST /api/development/report/command HTTP/1.1[\r][\n]"
10:35:39.050 [pool-2-thread-1] DEBUG org.apache.http.wire - http-outgoing-0 >> "Content-Length: 281[\r][\n]"
10:35:39.051 [pool-2-thread-1] DEBUG org.apache.http.wire - http-outgoing-0 >> "Content-Type: application/json; charset=UTF-8[\r][\n]"
10:35:39.051 [pool-2-thread-1] DEBUG org.apache.http.wire - http-outgoing-0 >> "Host: localhost:8585[\r][\n]"
10:35:39.051 [pool-2-thread-1] DEBUG org.apache.http.wire - http-outgoing-0 >> "Connection: Keep-Alive[\r][\n]"
10:35:39.051 [pool-2-thread-1] DEBUG org.apache.http.wire - http-outgoing-0 >> "User-Agent: Apache-HttpClient/4.5.9 (Java/11.0.11)[\r][\n]"
10:35:39.051 [pool-2-thread-1] DEBUG org.apache.http.wire - http-outgoing-0 >> "Accept-Encoding: gzip,deflate[\r][\n]"
10:35:39.051 [pool-2-thread-1] DEBUG org.apache.http.wire - http-outgoing-0 >> "Authorization: fHdacT69Ifkyd3lQ5OQCWjO_ZuQljpxJUSplQuaduoU[\r][\n]"
10:35:39.051 [pool-2-thread-1] DEBUG org.apache.http.wire - http-outgoing-0 >> "Accept: application/json; charset=UTF-8[\r][\n]"
10:35:39.051 [pool-2-thread-1] DEBUG org.apache.http.wire - http-outgoing-0 >> "[\r][\n]"
10:35:39.051 [pool-2-thread-1] DEBUG org.apache.http.wire - http-outgoing-0 >> "{"commandName":"findElement","commandParameters":{"using":"xpath","value":"//XCUIElementTypeScrollView//XCUIElementTypeOther[2]"},"result":{"element-6066-11e4-a52e-4f735466cecf":"2B000000-0000-0000-EE6E-000000000000","ELEMENT":"2B000000-0000-0000-EE6E-000000000000"},"passed":true}"
10:35:39.115 [pool-2-thread-1] DEBUG org.apache.http.wire - http-outgoing-0 << "HTTP/1.1 200 OK[\r][\n]"
10:35:39.115 [pool-2-thread-1] DEBUG org.apache.http.wire - http-outgoing-0 << "Date: Mon, 26 Jul 2021 05:05:39 GMT[\r][\n]"
10:35:39.115 [pool-2-thread-1] DEBUG org.apache.http.wire - http-outgoing-0 << "Cache-Control: private, no-cache, max-age=0[\r][\n]"
10:35:39.116 [pool-2-thread-1] DEBUG org.apache.http.wire - http-outgoing-0 << "Pragma: no-cache[\r][\n]"
10:35:39.116 [pool-2-thread-1] DEBUG org.apache.http.wire - http-outgoing-0 << "Expires: -1[\r][\n]"
10:35:39.116 [pool-2-thread-1] DEBUG org.apache.http.wire - http-outgoing-0 << "Content-Length: 0[\r][\n]"
10:35:39.116 [pool-2-thread-1] DEBUG org.apache.http.wire - http-outgoing-0 << "Server: Jetty(9.4.12.v20180830)[\r][\n]"
10:35:39.116 [pool-2-thread-1] DEBUG org.apache.http.wire - http-outgoing-0 << "[\r][\n]"
10:35:39.117 [pool-2-thread-1] DEBUG org.apache.http.headers - http-outgoing-0 << HTTP/1.1 200 OK
10:35:39.117 [pool-2-thread-1] DEBUG org.apache.http.headers - http-outgoing-0 << Date: Mon, 26 Jul 2021 05:05:39 GMT
10:35:39.117 [pool-2-thread-1] DEBUG org.apache.http.headers - http-outgoing-0 << Cache-Control: private, no-cache, max-age=0
10:35:39.117 [pool-2-thread-1] DEBUG org.apache.http.headers - http-outgoing-0 << Pragma: no-cache
10:35:39.117 [pool-2-thread-1] DEBUG org.apache.http.headers - http-outgoing-0 << Expires: -1
10:35:39.118 [pool-2-thread-1] DEBUG org.apache.http.headers - http-outgoing-0 << Content-Length: 0
10:35:39.118 [pool-2-thread-1] DEBUG org.apache.http.headers - http-outgoing-0 << Server: Jetty(9.4.12.v20180830)
10:35:39.119 [pool-2-thread-1] DEBUG o.a.h.impl.execchain.MainClientExec - Connection can be kept alive indefinitely
10:35:39.119 [pool-2-thread-1] DEBUG o.a.h.i.c.PoolingHttpClientConnectionManager - Connection [id: 0][route: {}->http://localhost:8585] can be kept alive indefinitely
10:35:39.119 [pool-2-thread-1] DEBUG o.a.h.i.c.DefaultManagedHttpClientConnection - http-outgoing-0: set socket timeout to 0
10:35:39.119 [pool-2-thread-1] DEBUG o.a.h.i.c.PoolingHttpClientConnectionManager - Connection released: [id: 0][route: {}->http://localhost:8585][total kept alive: 1; route allocated: 1 of 2; total allocated: 1 of 20]
10:35:39.345 [pool-2-thread-1] DEBUG o.a.h.c.protocol.RequestAddCookies - CookieSpec selected: default
10:35:39.345 [pool-2-thread-1] DEBUG o.a.h.c.protocol.RequestAuthCache - Auth cache not set in the context
10:35:39.345 [pool-2-thread-1] DEBUG o.a.h.i.c.PoolingHttpClientConnectionManager - Connection request: [route: {}->http://localhost:8585][total kept alive: 1; route allocated: 1 of 2; total allocated: 1 of 20]
10:35:39.346 [pool-2-thread-1] DEBUG o.a.h.i.c.PoolingHttpClientConnectionManager - Connection leased: [id: 0][route: {}->http://localhost:8585][total kept alive: 0; route allocated: 1 of 2; total allocated: 1 of 20]
10:35:39.346 [pool-2-thread-1] DEBUG o.a.h.i.c.DefaultManagedHttpClientConnection - http-outgoing-0: set socket timeout to 0
10:35:39.346 [pool-2-thread-1] DEBUG o.a.h.i.c.DefaultManagedHttpClientConnection - http-outgoing-0: set socket timeout to 5000
10:35:39.346 [pool-2-thread-1] DEBUG o.a.h.impl.execchain.MainClientExec - Executing request POST /api/development/report/command HTTP/1.1
10:35:39.346 [pool-2-thread-1] DEBUG o.a.h.impl.execchain.MainClientExec - Proxy auth state: UNCHALLENGED
10:35:39.348 [pool-2-thread-1] DEBUG org.apache.http.headers - http-outgoing-0 >> POST /api/development/report/command HTTP/1.1
10:35:39.348 [pool-2-thread-1] DEBUG org.apache.http.headers - http-outgoing-0 >> Content-Length: 110
10:35:39.348 [pool-2-thread-1] DEBUG org.apache.http.headers - http-outgoing-0 >> Content-Type: application/json; charset=UTF-8
10:35:39.348 [pool-2-thread-1] DEBUG org.apache.http.headers - http-outgoing-0 >> Host: localhost:8585
10:35:39.348 [pool-2-thread-1] DEBUG org.apache.http.headers - http-outgoing-0 >> Connection: Keep-Alive
10:35:39.348 [pool-2-thread-1] DEBUG org.apache.http.headers - http-outgoing-0 >> User-Agent: Apache-HttpClient/4.5.9 (Java/11.0.11)
10:35:39.348 [pool-2-thread-1] DEBUG org.apache.http.headers - http-outgoing-0 >> Accept-Encoding: gzip,deflate
10:35:39.348 [pool-2-thread-1] DEBUG org.apache.http.headers - http-outgoing-0 >> Authorization: fHdacT69Ifkyd3lQ5OQCWjO_ZuQljpxJUSplQuaduoU
10:35:39.348 [pool-2-thread-1] DEBUG org.apache.http.headers - http-outgoing-0 >> Accept: application/json; charset=UTF-8
10:35:39.348 [pool-2-thread-1] DEBUG org.apache.http.wire - http-outgoing-0 >> "POST /api/development/report/command HTTP/1.1[\r][\n]"
10:35:39.348 [pool-2-thread-1] DEBUG org.apache.http.wire - http-outgoing-0 >> "Content-Length: 110[\r][\n]"
10:35:39.349 [pool-2-thread-1] DEBUG org.apache.http.wire - http-outgoing-0 >> "Content-Type: application/json; charset=UTF-8[\r][\n]"
10:35:39.350 [pool-2-thread-1] DEBUG org.apache.http.wire - http-outgoing-0 >> "Host: localhost:8585[\r][\n]"
10:35:39.350 [pool-2-thread-1] DEBUG org.apache.http.wire - http-outgoing-0 >> "Connection: Keep-Alive[\r][\n]"
10:35:39.350 [pool-2-thread-1] DEBUG org.apache.http.wire - http-outgoing-0 >> "User-Agent: Apache-HttpClient/4.5.9 (Java/11.0.11)[\r][\n]"
10:35:39.350 [pool-2-thread-1] DEBUG org.apache.http.wire - http-outgoing-0 >> "Accept-Encoding: gzip,deflate[\r][\n]"
10:35:39.350 [pool-2-thread-1] DEBUG org.apache.http.wire - http-outgoing-0 >> "Authorization: fHdacT69Ifkyd3lQ5OQCWjO_ZuQljpxJUSplQuaduoU[\r][\n]"
10:35:39.350 [pool-2-thread-1] DEBUG org.apache.http.wire - http-outgoing-0 >> "Accept: application/json; charset=UTF-8[\r][\n]"
10:35:39.351 [pool-2-thread-1] DEBUG org.apache.http.wire - http-outgoing-0 >> "[\r][\n]"
10:35:39.352 [pool-2-thread-1] DEBUG org.apache.http.wire - http-outgoing-0 >> "{"commandName":"clickElement","commandParameters":{"id":"2B000000-0000-0000-EE6E-000000000000"},"passed":true}"
10:35:39.360 [pool-2-thread-1] DEBUG org.apache.http.wire - http-outgoing-0 << "HTTP/1.1 200 OK[\r][\n]"
10:35:39.360 [pool-2-thread-1] DEBUG org.apache.http.wire - http-outgoing-0 << "Date: Mon, 26 Jul 2021 05:05:39 GMT[\r][\n]"
10:35:39.361 [pool-2-thread-1] DEBUG org.apache.http.wire - http-outgoing-0 << "Cache-Control: private, no-cache, max-age=0[\r][\n]"
10:35:39.361 [pool-2-thread-1] DEBUG org.apache.http.wire - http-outgoing-0 << "Pragma: no-cache[\r][\n]"
10:35:39.361 [pool-2-thread-1] DEBUG org.apache.http.wire - http-outgoing-0 << "Expires: -1[\r][\n]"
10:35:39.361 [pool-2-thread-1] DEBUG org.apache.http.wire - http-outgoing-0 << "Content-Length: 0[\r][\n]"
10:35:39.362 [pool-2-thread-1] DEBUG org.apache.http.wire - http-outgoing-0 << "Server: Jetty(9.4.12.v20180830)[\r][\n]"
10:35:39.362 [pool-2-thread-1] DEBUG org.apache.http.wire - http-outgoing-0 << "[\r][\n]"
10:35:39.362 [pool-2-thread-1] DEBUG org.apache.http.headers - http-outgoing-0 << HTTP/1.1 200 OK
10:35:39.363 [pool-2-thread-1] DEBUG org.apache.http.headers - http-outgoing-0 << Date: Mon, 26 Jul 2021 05:05:39 GMT
10:35:39.363 [pool-2-thread-1] DEBUG org.apache.http.headers - http-outgoing-0 << Cache-Control: private, no-cache, max-age=0
10:35:39.363 [pool-2-thread-1] DEBUG org.apache.http.headers - http-outgoing-0 << Pragma: no-cache
10:35:39.363 [pool-2-thread-1] DEBUG org.apache.http.headers - http-outgoing-0 << Expires: -1
10:35:39.363 [pool-2-thread-1] DEBUG org.apache.http.headers - http-outgoing-0 << Content-Length: 0
10:35:39.363 [pool-2-thread-1] DEBUG org.apache.http.headers - http-outgoing-0 << Server: Jetty(9.4.12.v20180830)
10:35:39.364 [pool-2-thread-1] DEBUG o.a.h.impl.execchain.MainClientExec - Connection can be kept alive indefinitely
10:35:39.364 [pool-2-thread-1] DEBUG o.a.h.i.c.PoolingHttpClientConnectionManager - Connection [id: 0][route: {}->http://localhost:8585] can be kept alive indefinitely
10:35:39.365 [pool-2-thread-1] DEBUG o.a.h.i.c.DefaultManagedHttpClientConnection - http-outgoing-0: set socket timeout to 0
10:35:39.365 [pool-2-thread-1] DEBUG o.a.h.i.c.PoolingHttpClientConnectionManager - Connection released: [id: 0][route: {}->http://localhost:8585][total kept alive: 1; route allocated: 1 of 2; total allocated: 1 of 20]
10:35:40.356 [pool-2-thread-1] DEBUG o.a.h.c.protocol.RequestAddCookies - CookieSpec selected: default
10:35:40.357 [pool-2-thread-1] DEBUG o.a.h.c.protocol.RequestAuthCache - Auth cache not set in the context
10:35:40.357 [pool-2-thread-1] DEBUG o.a.h.i.c.PoolingHttpClientConnectionManager - Connection request: [route: {}->http://localhost:8585][total kept alive: 1; route allocated: 1 of 2; total allocated: 1 of 20]
10:35:40.357 [pool-2-thread-1] DEBUG o.a.h.i.c.PoolingHttpClientConnectionManager - Connection leased: [id: 0][route: {}->http://localhost:8585][total kept alive: 0; route allocated: 1 of 2; total allocated: 1 of 20]
10:35:40.357 [pool-2-thread-1] DEBUG o.a.h.i.c.DefaultManagedHttpClientConnection - http-outgoing-0: set socket timeout to 0
10:35:40.358 [pool-2-thread-1] DEBUG o.a.h.i.c.DefaultManagedHttpClientConnection - http-outgoing-0: set socket timeout to 5000
10:35:40.358 [pool-2-thread-1] DEBUG o.a.h.impl.execchain.MainClientExec - Executing request POST /api/development/report/command HTTP/1.1
10:35:40.358 [pool-2-thread-1] DEBUG o.a.h.impl.execchain.MainClientExec - Proxy auth state: UNCHALLENGED
10:35:40.358 [pool-2-thread-1] DEBUG org.apache.http.headers - http-outgoing-0 >> POST /api/development/report/command HTTP/1.1
10:35:40.359 [pool-2-thread-1] DEBUG org.apache.http.headers - http-outgoing-0 >> Content-Length: 276
10:35:40.359 [pool-2-thread-1] DEBUG org.apache.http.headers - http-outgoing-0 >> Content-Type: application/json; charset=UTF-8
10:35:40.359 [pool-2-thread-1] DEBUG org.apache.http.headers - http-outgoing-0 >> Host: localhost:8585
10:35:40.359 [pool-2-thread-1] DEBUG org.apache.http.headers - http-outgoing-0 >> Connection: Keep-Alive
10:35:40.359 [pool-2-thread-1] DEBUG org.apache.http.headers - http-outgoing-0 >> User-Agent: Apache-HttpClient/4.5.9 (Java/11.0.11)
10:35:40.359 [pool-2-thread-1] DEBUG org.apache.http.headers - http-outgoing-0 >> Accept-Encoding: gzip,deflate
10:35:40.359 [pool-2-thread-1] DEBUG org.apache.http.headers - http-outgoing-0 >> Authorization: fHdacT69Ifkyd3lQ5OQCWjO_ZuQljpxJUSplQuaduoU
10:35:40.360 [pool-2-thread-1] DEBUG org.apache.http.headers - http-outgoing-0 >> Accept: application/json; charset=UTF-8
10:35:40.360 [pool-2-thread-1] DEBUG org.apache.http.wire - http-outgoing-0 >> "POST /api/development/report/command HTTP/1.1[\r][\n]"
10:35:40.360 [pool-2-thread-1] DEBUG org.apache.http.wire - http-outgoing-0 >> "Content-Length: 276[\r][\n]"
10:35:40.360 [pool-2-thread-1] DEBUG org.apache.http.wire - http-outgoing-0 >> "Content-Type: application/json; charset=UTF-8[\r][\n]"
10:35:40.360 [pool-2-thread-1] DEBUG org.apache.http.wire - http-outgoing-0 >> "Host: localhost:8585[\r][\n]"
10:35:40.360 [pool-2-thread-1] DEBUG org.apache.http.wire - http-outgoing-0 >> "Connection: Keep-Alive[\r][\n]"
10:35:40.360 [pool-2-thread-1] DEBUG org.apache.http.wire - http-outgoing-0 >> "User-Agent: Apache-HttpClient/4.5.9 (Java/11.0.11)[\r][\n]"
10:35:40.361 [pool-2-thread-1] DEBUG org.apache.http.wire - http-outgoing-0 >> "Accept-Encoding: gzip,deflate[\r][\n]"
10:35:40.361 [pool-2-thread-1] DEBUG org.apache.http.wire - http-outgoing-0 >> "Authorization: fHdacT69Ifkyd3lQ5OQCWjO_ZuQljpxJUSplQuaduoU[\r][\n]"
10:35:40.361 [pool-2-thread-1] DEBUG org.apache.http.wire - http-outgoing-0 >> "Accept: application/json; charset=UTF-8[\r][\n]"
10:35:40.361 [pool-2-thread-1] DEBUG org.apache.http.wire - http-outgoing-0 >> "[\r][\n]"
10:35:40.361 [pool-2-thread-1] DEBUG org.apache.http.wire - http-outgoing-0 >> "{"commandName":"findElement","commandParameters":{"using":"xpath","value":"//XCUIElementTypeOther[3]/XCUIElementTypeButton"},"result":{"element-6066-11e4-a52e-4f735466cecf":"7E240000-0000-0000-3C00-000000000000","ELEMENT":"7E240000-0000-0000-3C00-000000000000"},"passed":true}"
10:35:40.371 [pool-2-thread-1] DEBUG org.apache.http.wire - http-outgoing-0 << "HTTP/1.1 200 OK[\r][\n]"
10:35:40.372 [pool-2-thread-1] DEBUG org.apache.http.wire - http-outgoing-0 << "Date: Mon, 26 Jul 2021 05:05:40 GMT[\r][\n]"
10:35:40.372 [pool-2-thread-1] DEBUG org.apache.http.wire - http-outgoing-0 << "Cache-Control: private, no-cache, max-age=0[\r][\n]"
10:35:40.373 [pool-2-thread-1] DEBUG org.apache.http.wire - http-outgoing-0 << "Pragma: no-cache[\r][\n]"
10:35:40.373 [pool-2-thread-1] DEBUG org.apache.http.wire - http-outgoing-0 << "Expires: -1[\r][\n]"
10:35:40.373 [pool-2-thread-1] DEBUG org.apache.http.wire - http-outgoing-0 << "Content-Length: 0[\r][\n]"
10:35:40.373 [pool-2-thread-1] DEBUG org.apache.http.wire - http-outgoing-0 << "Server: Jetty(9.4.12.v20180830)[\r][\n]"
10:35:40.373 [pool-2-thread-1] DEBUG org.apache.http.wire - http-outgoing-0 << "[\r][\n]"
10:35:40.373 [pool-2-thread-1] DEBUG org.apache.http.headers - http-outgoing-0 << HTTP/1.1 200 OK
10:35:40.374 [pool-2-thread-1] DEBUG org.apache.http.headers - http-outgoing-0 << Date: Mon, 26 Jul 2021 05:05:40 GMT
10:35:40.374 [pool-2-thread-1] DEBUG org.apache.http.headers - http-outgoing-0 << Cache-Control: private, no-cache, max-age=0
10:35:40.374 [pool-2-thread-1] DEBUG org.apache.http.headers - http-outgoing-0 << Pragma: no-cache
10:35:40.374 [pool-2-thread-1] DEBUG org.apache.http.headers - http-outgoing-0 << Expires: -1
10:35:40.374 [pool-2-thread-1] DEBUG org.apache.http.headers - http-outgoing-0 << Content-Length: 0
10:35:40.374 [pool-2-thread-1] DEBUG org.apache.http.headers - http-outgoing-0 << Server: Jetty(9.4.12.v20180830)
10:35:40.374 [pool-2-thread-1] DEBUG o.a.h.impl.execchain.MainClientExec - Connection can be kept alive indefinitely
10:35:40.375 [pool-2-thread-1] DEBUG o.a.h.i.c.PoolingHttpClientConnectionManager - Connection [id: 0][route: {}->http://localhost:8585] can be kept alive indefinitely
10:35:40.375 [pool-2-thread-1] DEBUG o.a.h.i.c.DefaultManagedHttpClientConnection - http-outgoing-0: set socket timeout to 0
10:35:40.375 [pool-2-thread-1] DEBUG o.a.h.i.c.PoolingHttpClientConnectionManager - Connection released: [id: 0][route: {}->http://localhost:8585][total kept alive: 1; route allocated: 1 of 2; total allocated: 1 of 20]
10:35:40.670 [pool-2-thread-1] DEBUG o.a.h.c.protocol.RequestAddCookies - CookieSpec selected: default
10:35:40.670 [pool-2-thread-1] DEBUG o.a.h.c.protocol.RequestAuthCache - Auth cache not set in the context
10:35:40.670 [pool-2-thread-1] DEBUG o.a.h.i.c.PoolingHttpClientConnectionManager - Connection request: [route: {}->http://localhost:8585][total kept alive: 1; route allocated: 1 of 2; total allocated: 1 of 20]
10:35:40.670 [pool-2-thread-1] DEBUG o.a.h.i.c.PoolingHttpClientConnectionManager - Connection leased: [id: 0][route: {}->http://localhost:8585][total kept alive: 0; route allocated: 1 of 2; total allocated: 1 of 20]
10:35:40.670 [pool-2-thread-1] DEBUG o.a.h.i.c.DefaultManagedHttpClientConnection - http-outgoing-0: set socket timeout to 0
10:35:40.670 [pool-2-thread-1] DEBUG o.a.h.i.c.DefaultManagedHttpClientConnection - http-outgoing-0: set socket timeout to 5000
10:35:40.670 [pool-2-thread-1] DEBUG o.a.h.impl.execchain.MainClientExec - Executing request POST /api/development/report/command HTTP/1.1
10:35:40.670 [pool-2-thread-1] DEBUG o.a.h.impl.execchain.MainClientExec - Proxy auth state: UNCHALLENGED
10:35:40.671 [pool-2-thread-1] DEBUG org.apache.http.headers - http-outgoing-0 >> POST /api/development/report/command HTTP/1.1
10:35:40.671 [pool-2-thread-1] DEBUG org.apache.http.headers - http-outgoing-0 >> Content-Length: 110
10:35:40.671 [pool-2-thread-1] DEBUG org.apache.http.headers - http-outgoing-0 >> Content-Type: application/json; charset=UTF-8
10:35:40.671 [pool-2-thread-1] DEBUG org.apache.http.headers - http-outgoing-0 >> Host: localhost:8585
10:35:40.671 [pool-2-thread-1] DEBUG org.apache.http.headers - http-outgoing-0 >> Connection: Keep-Alive
10:35:40.671 [pool-2-thread-1] DEBUG org.apache.http.headers - http-outgoing-0 >> User-Agent: Apache-HttpClient/4.5.9 (Java/11.0.11)
10:35:40.671 [pool-2-thread-1] DEBUG org.apache.http.headers - http-outgoing-0 >> Accept-Encoding: gzip,deflate
10:35:40.671 [pool-2-thread-1] DEBUG org.apache.http.headers - http-outgoing-0 >> Authorization: fHdacT69Ifkyd3lQ5OQCWjO_ZuQljpxJUSplQuaduoU
10:35:40.671 [pool-2-thread-1] DEBUG org.apache.http.headers - http-outgoing-0 >> Accept: application/json; charset=UTF-8
10:35:40.671 [pool-2-thread-1] DEBUG org.apache.http.wire - http-outgoing-0 >> "POST /api/development/report/command HTTP/1.1[\r][\n]"
10:35:40.671 [pool-2-thread-1] DEBUG org.apache.http.wire - http-outgoing-0 >> "Content-Length: 110[\r][\n]"
10:35:40.671 [pool-2-thread-1] DEBUG org.apache.http.wire - http-outgoing-0 >> "Content-Type: application/json; charset=UTF-8[\r][\n]"
10:35:40.671 [pool-2-thread-1] DEBUG org.apache.http.wire - http-outgoing-0 >> "Host: localhost:8585[\r][\n]"
10:35:40.671 [pool-2-thread-1] DEBUG org.apache.http.wire - http-outgoing-0 >> "Connection: Keep-Alive[\r][\n]"
10:35:40.672 [pool-2-thread-1] DEBUG org.apache.http.wire - http-outgoing-0 >> "User-Agent: Apache-HttpClient/4.5.9 (Java/11.0.11)[\r][\n]"
10:35:40.672 [pool-2-thread-1] DEBUG org.apache.http.wire - http-outgoing-0 >> "Accept-Encoding: gzip,deflate[\r][\n]"
10:35:40.672 [pool-2-thread-1] DEBUG org.apache.http.wire - http-outgoing-0 >> "Authorization: fHdacT69Ifkyd3lQ5OQCWjO_ZuQljpxJUSplQuaduoU[\r][\n]"
10:35:40.672 [pool-2-thread-1] DEBUG org.apache.http.wire - http-outgoing-0 >> "Accept: application/json; charset=UTF-8[\r][\n]"
10:35:40.672 [pool-2-thread-1] DEBUG org.apache.http.wire - http-outgoing-0 >> "[\r][\n]"
10:35:40.672 [pool-2-thread-1] DEBUG org.apache.http.wire - http-outgoing-0 >> "{"commandName":"clickElement","commandParameters":{"id":"7E240000-0000-0000-3C00-000000000000"},"passed":true}"
10:35:40.675 [pool-2-thread-1] DEBUG org.apache.http.wire - http-outgoing-0 << "HTTP/1.1 200 OK[\r][\n]"
10:35:40.675 [pool-2-thread-1] DEBUG org.apache.http.wire - http-outgoing-0 << "Date: Mon, 26 Jul 2021 05:05:40 GMT[\r][\n]"
10:35:40.675 [pool-2-thread-1] DEBUG org.apache.http.wire - http-outgoing-0 << "Cache-Control: private, no-cache, max-age=0[\r][\n]"
10:35:40.675 [pool-2-thread-1] DEBUG org.apache.http.wire - http-outgoing-0 << "Pragma: no-cache[\r][\n]"
10:35:40.675 [pool-2-thread-1] DEBUG org.apache.http.wire - http-outgoing-0 << "Expires: -1[\r][\n]"
10:35:40.675 [pool-2-thread-1] DEBUG org.apache.http.wire - http-outgoing-0 << "Content-Length: 0[\r][\n]"
10:35:40.675 [pool-2-thread-1] DEBUG org.apache.http.wire - http-outgoing-0 << "Server: Jetty(9.4.12.v20180830)[\r][\n]"
10:35:40.675 [pool-2-thread-1] DEBUG org.apache.http.wire - http-outgoing-0 << "[\r][\n]"
10:35:40.676 [pool-2-thread-1] DEBUG org.apache.http.headers - http-outgoing-0 << HTTP/1.1 200 OK
10:35:40.676 [pool-2-thread-1] DEBUG org.apache.http.headers - http-outgoing-0 << Date: Mon, 26 Jul 2021 05:05:40 GMT
10:35:40.676 [pool-2-thread-1] DEBUG org.apache.http.headers - http-outgoing-0 << Cache-Control: private, no-cache, max-age=0
10:35:40.676 [pool-2-thread-1] DEBUG org.apache.http.headers - http-outgoing-0 << Pragma: no-cache
10:35:40.676 [pool-2-thread-1] DEBUG org.apache.http.headers - http-outgoing-0 << Expires: -1
10:35:40.676 [pool-2-thread-1] DEBUG org.apache.http.headers - http-outgoing-0 << Content-Length: 0
10:35:40.676 [pool-2-thread-1] DEBUG org.apache.http.headers - http-outgoing-0 << Server: Jetty(9.4.12.v20180830)
10:35:40.676 [pool-2-thread-1] DEBUG o.a.h.impl.execchain.MainClientExec - Connection can be kept alive indefinitely
10:35:40.676 [pool-2-thread-1] DEBUG o.a.h.i.c.PoolingHttpClientConnectionManager - Connection [id: 0][route: {}->http://localhost:8585] can be kept alive indefinitely
10:35:40.677 [pool-2-thread-1] DEBUG o.a.h.i.c.DefaultManagedHttpClientConnection - http-outgoing-0: set socket timeout to 0
10:35:40.677 [pool-2-thread-1] DEBUG o.a.h.i.c.PoolingHttpClientConnectionManager - Connection released: [id: 0][route: {}->http://localhost:8585][total kept alive: 1; route allocated: 1 of 2; total allocated: 1 of 20]
  &amp#27;[32mWhen &amp#27;[0m&amp#27;[32mClicks on 'Login' button&amp#27;[0m                                                   &amp#27;[90m# Stepdefinitions.Login_positive_scenario.login()&amp#27;[0m
10:35:40.683 [pool-2-thread-1] DEBUG o.a.h.c.protocol.RequestAddCookies - CookieSpec selected: default
10:35:40.684 [pool-2-thread-1] DEBUG o.a.h.c.protocol.RequestAuthCache - Auth cache not set in the context
10:35:40.684 [pool-2-thread-1] DEBUG o.a.h.i.c.PoolingHttpClientConnectionManager - Connection request: [route: {}->http://localhost:8585][total kept alive: 1; route allocated: 1 of 2; total allocated: 1 of 20]
10:35:40.684 [pool-2-thread-1] DEBUG o.a.h.i.c.PoolingHttpClientConnectionManager - Connection leased: [id: 0][route: {}->http://localhost:8585][total kept alive: 0; route allocated: 1 of 2; total allocated: 1 of 20]
10:35:40.684 [pool-2-thread-1] DEBUG o.a.h.i.c.DefaultManagedHttpClientConnection - http-outgoing-0: set socket timeout to 0
10:35:40.684 [pool-2-thread-1] DEBUG o.a.h.i.c.DefaultManagedHttpClientConnection - http-outgoing-0: set socket timeout to 5000
10:35:40.684 [pool-2-thread-1] DEBUG o.a.h.impl.execchain.MainClientExec - Executing request POST /api/development/report/command HTTP/1.1
10:35:40.684 [pool-2-thread-1] DEBUG o.a.h.impl.execchain.MainClientExec - Proxy auth state: UNCHALLENGED
10:35:40.685 [pool-2-thread-1] DEBUG org.apache.http.headers - http-outgoing-0 >> POST /api/development/report/command HTTP/1.1
10:35:40.685 [pool-2-thread-1] DEBUG org.apache.http.headers - http-outgoing-0 >> Content-Length: 81
10:35:40.685 [pool-2-thread-1] DEBUG org.apache.http.headers - http-outgoing-0 >> Content-Type: application/json; charset=UTF-8
10:35:40.685 [pool-2-thread-1] DEBUG org.apache.http.headers - http-outgoing-0 >> Host: localhost:8585
10:35:40.685 [pool-2-thread-1] DEBUG org.apache.http.headers - http-outgoing-0 >> Connection: Keep-Alive
10:35:40.685 [pool-2-thread-1] DEBUG org.apache.http.headers - http-outgoing-0 >> User-Agent: Apache-HttpClient/4.5.9 (Java/11.0.11)
10:35:40.685 [pool-2-thread-1] DEBUG org.apache.http.headers - http-outgoing-0 >> Accept-Encoding: gzip,deflate
10:35:40.685 [pool-2-thread-1] DEBUG org.apache.http.headers - http-outgoing-0 >> Authorization: fHdacT69Ifkyd3lQ5OQCWjO_ZuQljpxJUSplQuaduoU
10:35:40.685 [pool-2-thread-1] DEBUG org.apache.http.headers - http-outgoing-0 >> Accept: application/json; charset=UTF-8
10:35:40.685 [pool-2-thread-1] DEBUG org.apache.http.wire - http-outgoing-0 >> "POST /api/development/report/command HTTP/1.1[\r][\n]"
10:35:40.685 [pool-2-thread-1] DEBUG org.apache.http.wire - http-outgoing-0 >> "Content-Length: 81[\r][\n]"
10:35:40.685 [pool-2-thread-1] DEBUG org.apache.http.wire - http-outgoing-0 >> "Content-Type: application/json; charset=UTF-8[\r][\n]"
10:35:40.685 [pool-2-thread-1] DEBUG org.apache.http.wire - http-outgoing-0 >> "Host: localhost:8585[\r][\n]"
10:35:40.685 [pool-2-thread-1] DEBUG org.apache.http.wire - http-outgoing-0 >> "Connection: Keep-Alive[\r][\n]"
10:35:40.686 [pool-2-thread-1] DEBUG org.apache.http.wire - http-outgoing-0 >> "User-Agent: Apache-HttpClient/4.5.9 (Java/11.0.11)[\r][\n]"
10:35:40.686 [pool-2-thread-1] DEBUG org.apache.http.wire - http-outgoing-0 >> "Accept-Encoding: gzip,deflate[\r][\n]"
10:35:40.686 [pool-2-thread-1] DEBUG org.apache.http.wire - http-outgoing-0 >> "Authorization: fHdacT69Ifkyd3lQ5OQCWjO_ZuQljpxJUSplQuaduoU[\r][\n]"
10:35:40.686 [pool-2-thread-1] DEBUG org.apache.http.wire - http-outgoing-0 >> "Accept: application/json; charset=UTF-8[\r][\n]"
10:35:40.686 [pool-2-thread-1] DEBUG org.apache.http.wire - http-outgoing-0 >> "[\r][\n]"
10:35:40.686 [pool-2-thread-1] DEBUG org.apache.http.wire - http-outgoing-0 >> "{"commandName":"setTimeout","commandParameters":{"implicit":30000},"passed":true}"
10:35:40.691 [pool-2-thread-1] DEBUG org.apache.http.wire - http-outgoing-0 << "HTTP/1.1 200 OK[\r][\n]"
10:35:40.692 [pool-2-thread-1] DEBUG org.apache.http.wire - http-outgoing-0 << "Date: Mon, 26 Jul 2021 05:05:40 GMT[\r][\n]"
10:35:40.693 [pool-2-thread-1] DEBUG org.apache.http.wire - http-outgoing-0 << "Cache-Control: private, no-cache, max-age=0[\r][\n]"
10:35:40.693 [pool-2-thread-1] DEBUG org.apache.http.wire - http-outgoing-0 << "Pragma: no-cache[\r][\n]"
10:35:40.693 [pool-2-thread-1] DEBUG org.apache.http.wire - http-outgoing-0 << "Expires: -1[\r][\n]"
10:35:40.693 [pool-2-thread-1] DEBUG org.apache.http.wire - http-outgoing-0 << "Content-Length: 0[\r][\n]"
10:35:40.693 [pool-2-thread-1] DEBUG org.apache.http.wire - http-outgoing-0 << "Server: Jetty(9.4.12.v20180830)[\r][\n]"
10:35:40.693 [pool-2-thread-1] DEBUG org.apache.http.wire - http-outgoing-0 << "[\r][\n]"
10:35:40.693 [pool-2-thread-1] DEBUG org.apache.http.headers - http-outgoing-0 << HTTP/1.1 200 OK
10:35:40.693 [pool-2-thread-1] DEBUG org.apache.http.headers - http-outgoing-0 << Date: Mon, 26 Jul 2021 05:05:40 GMT
10:35:40.693 [pool-2-thread-1] DEBUG org.apache.http.headers - http-outgoing-0 << Cache-Control: private, no-cache, max-age=0
10:35:40.693 [pool-2-thread-1] DEBUG org.apache.http.headers - http-outgoing-0 << Pragma: no-cache
10:35:40.693 [pool-2-thread-1] DEBUG org.apache.http.headers - http-outgoing-0 << Expires: -1
10:35:40.693 [pool-2-thread-1] DEBUG org.apache.http.headers - http-outgoing-0 << Content-Length: 0
10:35:40.693 [pool-2-thread-1] DEBUG org.apache.http.headers - http-outgoing-0 << Server: Jetty(9.4.12.v20180830)
10:35:40.693 [pool-2-thread-1] DEBUG o.a.h.impl.execchain.MainClientExec - Connection can be kept alive indefinitely
10:35:40.693 [pool-2-thread-1] DEBUG o.a.h.i.c.PoolingHttpClientConnectionManager - Connection [id: 0][route: {}->http://localhost:8585] can be kept alive indefinitely
10:35:40.693 [pool-2-thread-1] DEBUG o.a.h.i.c.DefaultManagedHttpClientConnection - http-outgoing-0: set socket timeout to 0
10:35:40.693 [pool-2-thread-1] DEBUG o.a.h.i.c.PoolingHttpClientConnectionManager - Connection released: [id: 0][route: {}->http://localhost:8585][total kept alive: 1; route allocated: 1 of 2; total allocated: 1 of 20]
10:35:44.857 [pool-2-thread-1] DEBUG o.a.h.c.protocol.RequestAddCookies - CookieSpec selected: default
10:35:44.857 [pool-2-thread-1] DEBUG o.a.h.c.protocol.RequestAuthCache - Auth cache not set in the context
10:35:44.857 [pool-2-thread-1] DEBUG o.a.h.i.c.PoolingHttpClientConnectionManager - Connection request: [route: {}->http://localhost:8585][total kept alive: 1; route allocated: 1 of 2; total allocated: 1 of 20]
10:35:44.872 [pool-2-thread-1] DEBUG org.apache.http.wire - http-outgoing-0 << "[read] I/O error: Read timed out"
10:35:44.873 [pool-2-thread-1] DEBUG o.a.h.i.c.PoolingHttpClientConnectionManager - Connection leased: [id: 0][route: {}->http://localhost:8585][total kept alive: 0; route allocated: 1 of 2; total allocated: 1 of 20]
10:35:44.873 [pool-2-thread-1] DEBUG o.a.h.i.c.DefaultManagedHttpClientConnection - http-outgoing-0: set socket timeout to 0
10:35:44.873 [pool-2-thread-1] DEBUG o.a.h.i.c.DefaultManagedHttpClientConnection - http-outgoing-0: set socket timeout to 5000
10:35:44.873 [pool-2-thread-1] DEBUG o.a.h.impl.execchain.MainClientExec - Executing request POST /api/development/report/command HTTP/1.1
10:35:44.873 [pool-2-thread-1] DEBUG o.a.h.impl.execchain.MainClientExec - Proxy auth state: UNCHALLENGED
10:35:44.873 [pool-2-thread-1] DEBUG org.apache.http.headers - http-outgoing-0 >> POST /api/development/report/command HTTP/1.1
10:35:44.873 [pool-2-thread-1] DEBUG org.apache.http.headers - http-outgoing-0 >> Content-Length: 280
10:35:44.873 [pool-2-thread-1] DEBUG org.apache.http.headers - http-outgoing-0 >> Content-Type: application/json; charset=UTF-8
10:35:44.873 [pool-2-thread-1] DEBUG org.apache.http.headers - http-outgoing-0 >> Host: localhost:8585
10:35:44.873 [pool-2-thread-1] DEBUG org.apache.http.headers - http-outgoing-0 >> Connection: Keep-Alive
10:35:44.874 [pool-2-thread-1] DEBUG org.apache.http.headers - http-outgoing-0 >> User-Agent: Apache-HttpClient/4.5.9 (Java/11.0.11)
10:35:44.874 [pool-2-thread-1] DEBUG org.apache.http.headers - http-outgoing-0 >> Accept-Encoding: gzip,deflate
10:35:44.874 [pool-2-thread-1] DEBUG org.apache.http.headers - http-outgoing-0 >> Authorization: fHdacT69Ifkyd3lQ5OQCWjO_ZuQljpxJUSplQuaduoU
10:35:44.874 [pool-2-thread-1] DEBUG org.apache.http.headers - http-outgoing-0 >> Accept: application/json; charset=UTF-8
10:35:44.874 [pool-2-thread-1] DEBUG org.apache.http.wire - http-outgoing-0 >> "POST /api/development/report/command HTTP/1.1[\r][\n]"
10:35:44.874 [pool-2-thread-1] DEBUG org.apache.http.wire - http-outgoing-0 >> "Content-Length: 280[\r][\n]"
10:35:44.874 [pool-2-thread-1] DEBUG org.apache.http.wire - http-outgoing-0 >> "Content-Type: application/json; charset=UTF-8[\r][\n]"
10:35:44.874 [pool-2-thread-1] DEBUG org.apache.http.wire - http-outgoing-0 >> "Host: localhost:8585[\r][\n]"
10:35:44.874 [pool-2-thread-1] DEBUG org.apache.http.wire - http-outgoing-0 >> "Connection: Keep-Alive[\r][\n]"
10:35:44.874 [pool-2-thread-1] DEBUG org.apache.http.wire - http-outgoing-0 >> "User-Agent: Apache-HttpClient/4.5.9 (Java/11.0.11)[\r][\n]"
10:35:44.874 [pool-2-thread-1] DEBUG org.apache.http.wire - http-outgoing-0 >> "Accept-Encoding: gzip,deflate[\r][\n]"
10:35:44.874 [pool-2-thread-1] DEBUG org.apache.http.wire - http-outgoing-0 >> "Authorization: fHdacT69Ifkyd3lQ5OQCWjO_ZuQljpxJUSplQuaduoU[\r][\n]"
10:35:44.874 [pool-2-thread-1] DEBUG org.apache.http.wire - http-outgoing-0 >> "Accept: application/json; charset=UTF-8[\r][\n]"
10:35:44.875 [pool-2-thread-1] DEBUG org.apache.http.wire - http-outgoing-0 >> "[\r][\n]"
10:35:44.875 [pool-2-thread-1] DEBUG org.apache.http.wire - http-outgoing-0 >> "{"commandName":"findElement","commandParameters":{"using":"xpath","value":"//XCUIElementTypeOther[4]/XCUIElementTypeStaticText"},"result":{"element-6066-11e4-a52e-4f735466cecf":"30000000-0000-0000-F16E-000000000000","ELEMENT":"30000000-0000-0000-F16E-000000000000"},"passed":true}"
10:35:44.879 [pool-2-thread-1] DEBUG org.apache.http.wire - http-outgoing-0 << "HTTP/1.1 200 OK[\r][\n]"
10:35:44.879 [pool-2-thread-1] DEBUG org.apache.http.wire - http-outgoing-0 << "Date: Mon, 26 Jul 2021 05:05:44 GMT[\r][\n]"
10:35:44.879 [pool-2-thread-1] DEBUG org.apache.http.wire - http-outgoing-0 << "Cache-Control: private, no-cache, max-age=0[\r][\n]"
10:35:44.879 [pool-2-thread-1] DEBUG org.apache.http.wire - http-outgoing-0 << "Pragma: no-cache[\r][\n]"
10:35:44.879 [pool-2-thread-1] DEBUG org.apache.http.wire - http-outgoing-0 << "Expires: -1[\r][\n]"
10:35:44.879 [pool-2-thread-1] DEBUG org.apache.http.wire - http-outgoing-0 << "Content-Length: 0[\r][\n]"
10:35:44.879 [pool-2-thread-1] DEBUG org.apache.http.wire - http-outgoing-0 << "Server: Jetty(9.4.12.v20180830)[\r][\n]"
10:35:44.879 [pool-2-thread-1] DEBUG org.apache.http.wire - http-outgoing-0 << "[\r][\n]"
10:35:44.879 [pool-2-thread-1] DEBUG org.apache.http.headers - http-outgoing-0 << HTTP/1.1 200 OK
10:35:44.879 [pool-2-thread-1] DEBUG org.apache.http.headers - http-outgoing-0 << Date: Mon, 26 Jul 2021 05:05:44 GMT
10:35:44.879 [pool-2-thread-1] DEBUG org.apache.http.headers - http-outgoing-0 << Cache-Control: private, no-cache, max-age=0
10:35:44.879 [pool-2-thread-1] DEBUG org.apache.http.headers - http-outgoing-0 << Pragma: no-cache
10:35:44.879 [pool-2-thread-1] DEBUG org.apache.http.headers - http-outgoing-0 << Expires: -1
10:35:44.879 [pool-2-thread-1] DEBUG org.apache.http.headers - http-outgoing-0 << Content-Length: 0
10:35:44.879 [pool-2-thread-1] DEBUG org.apache.http.headers - http-outgoing-0 << Server: Jetty(9.4.12.v20180830)
10:35:44.879 [pool-2-thread-1] DEBUG o.a.h.impl.execchain.MainClientExec - Connection can be kept alive indefinitely
10:35:44.879 [pool-2-thread-1] DEBUG o.a.h.i.c.PoolingHttpClientConnectionManager - Connection [id: 0][route: {}->http://localhost:8585] can be kept alive indefinitely
10:35:44.879 [pool-2-thread-1] DEBUG o.a.h.i.c.DefaultManagedHttpClientConnection - http-outgoing-0: set socket timeout to 0
10:35:44.879 [pool-2-thread-1] DEBUG o.a.h.i.c.PoolingHttpClientConnectionManager - Connection released: [id: 0][route: {}->http://localhost:8585][total kept alive: 1; route allocated: 1 of 2; total allocated: 1 of 20]
10:35:45.017 [pool-2-thread-1] DEBUG o.a.h.c.protocol.RequestAddCookies - CookieSpec selected: default
10:35:45.018 [pool-2-thread-1] DEBUG o.a.h.c.protocol.RequestAuthCache - Auth cache not set in the context
10:35:45.018 [pool-2-thread-1] DEBUG o.a.h.i.c.PoolingHttpClientConnectionManager - Connection request: [route: {}->http://localhost:8585][total kept alive: 1; route allocated: 1 of 2; total allocated: 1 of 20]
10:35:45.019 [pool-2-thread-1] DEBUG o.a.h.i.c.PoolingHttpClientConnectionManager - Connection leased: [id: 0][route: {}->http://localhost:8585][total kept alive: 0; route allocated: 1 of 2; total allocated: 1 of 20]
10:35:45.019 [pool-2-thread-1] DEBUG o.a.h.i.c.DefaultManagedHttpClientConnection - http-outgoing-0: set socket timeout to 0
10:35:45.019 [pool-2-thread-1] DEBUG o.a.h.i.c.DefaultManagedHttpClientConnection - http-outgoing-0: set socket timeout to 5000
10:35:45.019 [pool-2-thread-1] DEBUG o.a.h.impl.execchain.MainClientExec - Executing request POST /api/development/report/command HTTP/1.1
10:35:45.019 [pool-2-thread-1] DEBUG o.a.h.impl.execchain.MainClientExec - Proxy auth state: UNCHALLENGED
10:35:45.020 [pool-2-thread-1] DEBUG org.apache.http.headers - http-outgoing-0 >> POST /api/development/report/command HTTP/1.1
10:35:45.020 [pool-2-thread-1] DEBUG org.apache.http.headers - http-outgoing-0 >> Content-Length: 130
10:35:45.020 [pool-2-thread-1] DEBUG org.apache.http.headers - http-outgoing-0 >> Content-Type: application/json; charset=UTF-8
10:35:45.020 [pool-2-thread-1] DEBUG org.apache.http.headers - http-outgoing-0 >> Host: localhost:8585
10:35:45.020 [pool-2-thread-1] DEBUG org.apache.http.headers - http-outgoing-0 >> Connection: Keep-Alive
10:35:45.020 [pool-2-thread-1] DEBUG org.apache.http.headers - http-outgoing-0 >> User-Agent: Apache-HttpClient/4.5.9 (Java/11.0.11)
10:35:45.020 [pool-2-thread-1] DEBUG org.apache.http.headers - http-outgoing-0 >> Accept-Encoding: gzip,deflate
10:35:45.020 [pool-2-thread-1] DEBUG org.apache.http.headers - http-outgoing-0 >> Authorization: fHdacT69Ifkyd3lQ5OQCWjO_ZuQljpxJUSplQuaduoU
10:35:45.020 [pool-2-thread-1] DEBUG org.apache.http.headers - http-outgoing-0 >> Accept: application/json; charset=UTF-8
10:35:45.020 [pool-2-thread-1] DEBUG org.apache.http.wire - http-outgoing-0 >> "POST /api/development/report/command HTTP/1.1[\r][\n]"
10:35:45.021 [pool-2-thread-1] DEBUG org.apache.http.wire - http-outgoing-0 >> "Content-Length: 130[\r][\n]"
10:35:45.021 [pool-2-thread-1] DEBUG org.apache.http.wire - http-outgoing-0 >> "Content-Type: application/json; charset=UTF-8[\r][\n]"
10:35:45.021 [pool-2-thread-1] DEBUG org.apache.http.wire - http-outgoing-0 >> "Host: localhost:8585[\r][\n]"
10:35:45.021 [pool-2-thread-1] DEBUG org.apache.http.wire - http-outgoing-0 >> "Connection: Keep-Alive[\r][\n]"
10:35:45.021 [pool-2-thread-1] DEBUG org.apache.http.wire - http-outgoing-0 >> "User-Agent: Apache-HttpClient/4.5.9 (Java/11.0.11)[\r][\n]"
10:35:45.021 [pool-2-thread-1] DEBUG org.apache.http.wire - http-outgoing-0 >> "Accept-Encoding: gzip,deflate[\r][\n]"
10:35:45.021 [pool-2-thread-1] DEBUG org.apache.http.wire - http-outgoing-0 >> "Authorization: fHdacT69Ifkyd3lQ5OQCWjO_ZuQljpxJUSplQuaduoU[\r][\n]"
10:35:45.021 [pool-2-thread-1] DEBUG org.apache.http.wire - http-outgoing-0 >> "Accept: application/json; charset=UTF-8[\r][\n]"
10:35:45.021 [pool-2-thread-1] DEBUG org.apache.http.wire - http-outgoing-0 >> "[\r][\n]"
10:35:45.021 [pool-2-thread-1] DEBUG org.apache.http.wire - http-outgoing-0 >> "{"commandName":"isElementDisplayed","commandParameters":{"id":"30000000-0000-0000-F16E-000000000000"},"result":true,"passed":true}"
  &amp#27;[32mThen &amp#27;[0m&amp#27;[32mcheck  the  'Phone number' field is prefixed with country code&amp#27;[0m             &amp#27;[90m# Stepdefinitions.Login_positive_scenario.check_code()&amp#27;[0m
10:35:45.024 [pool-2-thread-1] DEBUG org.apache.http.wire - http-outgoing-0 << "HTTP/1.1 200 OK[\r][\n]"
10:35:45.024 [pool-2-thread-1] DEBUG org.apache.http.wire - http-outgoing-0 << "Date: Mon, 26 Jul 2021 05:05:45 GMT[\r][\n]"
10:35:45.024 [pool-2-thread-1] DEBUG org.apache.http.wire - http-outgoing-0 << "Cache-Control: private, no-cache, max-age=0[\r][\n]"
10:35:45.024 [pool-2-thread-1] DEBUG org.apache.http.wire - http-outgoing-0 << "Pragma: no-cache[\r][\n]"
10:35:45.024 [pool-2-thread-1] DEBUG org.apache.http.wire - http-outgoing-0 << "Expires: -1[\r][\n]"
10:35:45.024 [pool-2-thread-1] DEBUG org.apache.http.wire - http-outgoing-0 << "Content-Length: 0[\r][\n]"
10:35:45.024 [pool-2-thread-1] DEBUG org.apache.http.wire - http-outgoing-0 << "Server: Jetty(9.4.12.v20180830)[\r][\n]"
10:35:45.024 [pool-2-thread-1] DEBUG org.apache.http.wire - http-outgoing-0 << "[\r][\n]"
10:35:45.024 [pool-2-thread-1] DEBUG org.apache.http.headers - http-outgoing-0 << HTTP/1.1 200 OK
10:35:45.024 [pool-2-thread-1] DEBUG org.apache.http.headers - http-outgoing-0 << Date: Mon, 26 Jul 2021 05:05:45 GMT
10:35:45.024 [pool-2-thread-1] DEBUG org.apache.http.headers - http-outgoing-0 << Cache-Control: private, no-cache, max-age=0
10:35:45.024 [pool-2-thread-1] DEBUG org.apache.http.headers - http-outgoing-0 << Pragma: no-cache
10:35:45.024 [pool-2-thread-1] DEBUG org.apache.http.headers - http-outgoing-0 << Expires: -1
10:35:45.024 [pool-2-thread-1] DEBUG org.apache.http.headers - http-outgoing-0 << Content-Length: 0
10:35:45.024 [pool-2-thread-1] DEBUG org.apache.http.headers - http-outgoing-0 << Server: Jetty(9.4.12.v20180830)
10:35:45.025 [pool-2-thread-1] DEBUG o.a.h.impl.execchain.MainClientExec - Connection can be kept alive indefinitely
10:35:45.025 [pool-2-thread-1] DEBUG o.a.h.i.c.PoolingHttpClientConnectionManager - Connection [id: 0][route: {}->http://localhost:8585] can be kept alive indefinitely
10:35:45.025 [pool-2-thread-1] DEBUG o.a.h.i.c.DefaultManagedHttpClientConnection - http-outgoing-0: set socket timeout to 0
10:35:45.025 [pool-2-thread-1] DEBUG o.a.h.i.c.PoolingHttpClientConnectionManager - Connection released: [id: 0][route: {}->http://localhost:8585][total kept alive: 1; route allocated: 1 of 2; total allocated: 1 of 20]
10:35:45.036 [main] INFO   - 
  _____   ___   ___   _____     ___     _     ___   ___   ___   ___  
 |_   _| | __| / __| |_   _|   | _ \   /_\   / __| / __| | __| |   \ 
   | |   | _|  \__ \   | |     |  _/  / _ \  \__ \ \__ \ | _|  | |) |
   |_|   |___| |___/   |_|     |_|   /_/ \_\ |___/ |___/ |___| |___/ 

Validate that the 'Phone number' field is prefixed with +1 country code
----------------------------------------------------------------------
]]></system-out>
  </testcase>
  <testcase name="Validate that the user is able to click on the &apos;Forgot password?&apos; link" classname="Validate login positive functionality" time="0.058">
    <system-out><![CDATA[
Scenario: Validate that the user is able to click on the 'Forgot password?' link &amp#27;[90m# src/test/resources/features/Login_positive_scenario.feature:9&amp#27;[0m
10:35:45.075 [main] INFO  i.c.core.plugin.SerenityReporter - Running feature from file:///C:/Users/Admin/Downloads/MPH-IOS-main/src/test/resources/features/Login_positive_scenario.feature
10:35:45.080 [main] INFO   - 
  _____   ___   ___   _____     ___   _____     _     ___   _____   ___   ___  
 |_   _| | __| / __| |_   _|   / __| |_   _|   /_\   | _ \ |_   _| | __| |   \ 
   | |   | _|  \__ \   | |     \__ \   | |    / _ \  |   /   | |   | _|  | |) |
   |_|   |___| |___/   |_|     |___/   |_|   /_/ \_\ |_|_\   |_|   |___| |___/ 

Validate that the user is able to click on the 'Forgot password?' link(validate-login-positive-functionality;validate-that-the-user-is-able-to-click-on-the--forgot-password?--link)
--------------------------------------------------------------------------------
  &amp#27;[32mWhen &amp#27;[0m&amp#27;[32mclicks on 'Forgot password'&amp#27;[0m                                               &amp#27;[90m# Stepdefinitions.Login_positive_scenario.click_forgot_password()&amp#27;[0m
  &amp#27;[32mThen &amp#27;[0m&amp#27;[32mnavigated to Forgot password page&amp#27;[0m                                         &amp#27;[90m# Stepdefinitions.Login_positive_scenario.navigated_to_forgot_password_page()&amp#27;[0m
10:35:45.103 [main] INFO   - 
  _____   ___   ___   _____     ___     _     ___   ___   ___   ___  
 |_   _| | __| / __| |_   _|   | _ \   /_\   / __| / __| | __| |   \ 
   | |   | _|  \__ \   | |     |  _/  / _ \  \__ \ \__ \ | _|  | |) |
   |_|   |___| |___/   |_|     |_|   /_/ \_\ |___/ |___/ |___| |___/ 

Validate that the user is able to click on the 'Forgot password?' link
----------------------------------------------------------------------
]]></system-out>
  </testcase>
  <testcase name="Validate that the user is able click on the &apos;Sign up&apos; link" classname="Validate login positive functionality" time="0.059">
    <system-out><![CDATA[
Scenario: Validate that the user is able click on the 'Sign up' link &amp#27;[90m# src/test/resources/features/Login_positive_scenario.feature:13&amp#27;[0m
10:35:45.130 [main] INFO  i.c.core.plugin.SerenityReporter - Running feature from file:///C:/Users/Admin/Downloads/MPH-IOS-main/src/test/resources/features/Login_positive_scenario.feature
10:35:45.136 [main] INFO   - 
  _____   ___   ___   _____     ___   _____     _     ___   _____   ___   ___  
 |_   _| | __| / __| |_   _|   / __| |_   _|   /_\   | _ \ |_   _| | __| |   \ 
   | |   | _|  \__ \   | |     \__ \   | |    / _ \  |   /   | |   | _|  | |) |
   |_|   |___| |___/   |_|     |___/   |_|   /_/ \_\ |_|_\   |_|   |___| |___/ 

Validate that the user is able click on the 'Sign up' link(validate-login-positive-functionality;validate-that-the-user-is-able-click-on-the--sign-up--link)
--------------------------------------------------------------------------------
  &amp#27;[32mWhen &amp#27;[0m&amp#27;[32mclicks on 'Sign up'&amp#27;[0m                                           &amp#27;[90m# Stepdefinitions.Login_positive_scenario.click_signup()&amp#27;[0m
  &amp#27;[32mThen &amp#27;[0m&amp#27;[32mnavigated to Sign up page&amp#27;[0m                                     &amp#27;[90m# Stepdefinitions.Login_positive_scenario.navigate_to_signup_page()&amp#27;[0m
10:35:45.165 [main] INFO   - 
  _____   ___   ___   _____     ___     _     ___   ___   ___   ___  
 |_   _| | __| / __| |_   _|   | _ \   /_\   / __| / __| | __| |   \ 
   | |   | _|  \__ \   | |     |  _/  / _ \  \__ \ \__ \ | _|  | |) |
   |_|   |___| |___/   |_|     |_|   /_/ \_\ |___/ |___/ |___| |___/ 

Validate that the user is able click on the 'Sign up' link
----------------------------------------------------------------------
]]></system-out>
  </testcase>
  <testcase name="Validate that the user is able to enter  the password in the &apos;Password&apos; field" classname="Validate login positive functionality" time="1.512">
    <system-out><![CDATA[
Scenario: Validate that the user is able to enter  the password in the 'Password' field &amp#27;[90m# src/test/resources/features/Login_positive_scenario.feature:17&amp#27;[0m
10:35:45.175 [main] INFO  i.c.core.plugin.SerenityReporter - Running feature from file:///C:/Users/Admin/Downloads/MPH-IOS-main/src/test/resources/features/Login_positive_scenario.feature
10:35:45.180 [main] INFO   - 
  _____   ___   ___   _____     ___   _____     _     ___   _____   ___   ___  
 |_   _| | __| / __| |_   _|   / __| |_   _|   /_\   | _ \ |_   _| | __| |   \ 
   | |   | _|  \__ \   | |     \__ \   | |    / _ \  |   /   | |   | _|  | |) |
   |_|   |___| |___/   |_|     |___/   |_|   /_/ \_\ |_|_\   |_|   |___| |___/ 

Validate that the user is able to enter  the password in the 'Password' field(validate-login-positive-functionality;validate-that-the-user-is-able-to-enter--the-password-in-the--password--field)
--------------------------------------------------------------------------------
10:35:45.204 [pool-2-thread-1] DEBUG o.a.h.c.protocol.RequestAddCookies - CookieSpec selected: default
10:35:45.205 [pool-2-thread-1] DEBUG o.a.h.c.protocol.RequestAuthCache - Auth cache not set in the context
10:35:45.206 [pool-2-thread-1] DEBUG o.a.h.i.c.PoolingHttpClientConnectionManager - Connection request: [route: {}->http://localhost:8585][total kept alive: 1; route allocated: 1 of 2; total allocated: 1 of 20]
10:35:45.206 [pool-2-thread-1] DEBUG o.a.h.i.c.PoolingHttpClientConnectionManager - Connection leased: [id: 0][route: {}->http://localhost:8585][total kept alive: 0; route allocated: 1 of 2; total allocated: 1 of 20]
10:35:45.206 [pool-2-thread-1] DEBUG o.a.h.i.c.DefaultManagedHttpClientConnection - http-outgoing-0: set socket timeout to 0
10:35:45.206 [pool-2-thread-1] DEBUG o.a.h.i.c.DefaultManagedHttpClientConnection - http-outgoing-0: set socket timeout to 5000
10:35:45.206 [pool-2-thread-1] DEBUG o.a.h.impl.execchain.MainClientExec - Executing request POST /api/development/report/command HTTP/1.1
10:35:45.206 [pool-2-thread-1] DEBUG o.a.h.impl.execchain.MainClientExec - Proxy auth state: UNCHALLENGED
10:35:45.207 [pool-2-thread-1] DEBUG org.apache.http.headers - http-outgoing-0 >> POST /api/development/report/command HTTP/1.1
10:35:45.207 [pool-2-thread-1] DEBUG org.apache.http.headers - http-outgoing-0 >> Content-Length: 81
10:35:45.207 [pool-2-thread-1] DEBUG org.apache.http.headers - http-outgoing-0 >> Content-Type: application/json; charset=UTF-8
10:35:45.207 [pool-2-thread-1] DEBUG org.apache.http.headers - http-outgoing-0 >> Host: localhost:8585
10:35:45.207 [pool-2-thread-1] DEBUG org.apache.http.headers - http-outgoing-0 >> Connection: Keep-Alive
10:35:45.207 [pool-2-thread-1] DEBUG org.apache.http.headers - http-outgoing-0 >> User-Agent: Apache-HttpClient/4.5.9 (Java/11.0.11)
10:35:45.207 [pool-2-thread-1] DEBUG org.apache.http.headers - http-outgoing-0 >> Accept-Encoding: gzip,deflate
10:35:45.207 [pool-2-thread-1] DEBUG org.apache.http.headers - http-outgoing-0 >> Authorization: fHdacT69Ifkyd3lQ5OQCWjO_ZuQljpxJUSplQuaduoU
10:35:45.207 [pool-2-thread-1] DEBUG org.apache.http.headers - http-outgoing-0 >> Accept: application/json; charset=UTF-8
10:35:45.207 [pool-2-thread-1] DEBUG org.apache.http.wire - http-outgoing-0 >> "POST /api/development/report/command HTTP/1.1[\r][\n]"
10:35:45.207 [pool-2-thread-1] DEBUG org.apache.http.wire - http-outgoing-0 >> "Content-Length: 81[\r][\n]"
10:35:45.207 [pool-2-thread-1] DEBUG org.apache.http.wire - http-outgoing-0 >> "Content-Type: application/json; charset=UTF-8[\r][\n]"
10:35:45.207 [pool-2-thread-1] DEBUG org.apache.http.wire - http-outgoing-0 >> "Host: localhost:8585[\r][\n]"
10:35:45.207 [pool-2-thread-1] DEBUG org.apache.http.wire - http-outgoing-0 >> "Connection: Keep-Alive[\r][\n]"
10:35:45.207 [pool-2-thread-1] DEBUG org.apache.http.wire - http-outgoing-0 >> "User-Agent: Apache-HttpClient/4.5.9 (Java/11.0.11)[\r][\n]"
10:35:45.207 [pool-2-thread-1] DEBUG org.apache.http.wire - http-outgoing-0 >> "Accept-Encoding: gzip,deflate[\r][\n]"
10:35:45.207 [pool-2-thread-1] DEBUG org.apache.http.wire - http-outgoing-0 >> "Authorization: fHdacT69Ifkyd3lQ5OQCWjO_ZuQljpxJUSplQuaduoU[\r][\n]"
10:35:45.207 [pool-2-thread-1] DEBUG org.apache.http.wire - http-outgoing-0 >> "Accept: application/json; charset=UTF-8[\r][\n]"
10:35:45.207 [pool-2-thread-1] DEBUG org.apache.http.wire - http-outgoing-0 >> "[\r][\n]"
10:35:45.208 [pool-2-thread-1] DEBUG org.apache.http.wire - http-outgoing-0 >> "{"commandName":"setTimeout","commandParameters":{"implicit":10000},"passed":true}"
10:35:45.212 [pool-2-thread-1] DEBUG org.apache.http.wire - http-outgoing-0 << "HTTP/1.1 200 OK[\r][\n]"
10:35:45.212 [pool-2-thread-1] DEBUG org.apache.http.wire - http-outgoing-0 << "Date: Mon, 26 Jul 2021 05:05:45 GMT[\r][\n]"
10:35:45.212 [pool-2-thread-1] DEBUG org.apache.http.wire - http-outgoing-0 << "Cache-Control: private, no-cache, max-age=0[\r][\n]"
10:35:45.212 [pool-2-thread-1] DEBUG org.apache.http.wire - http-outgoing-0 << "Pragma: no-cache[\r][\n]"
10:35:45.212 [pool-2-thread-1] DEBUG org.apache.http.wire - http-outgoing-0 << "Expires: -1[\r][\n]"
10:35:45.212 [pool-2-thread-1] DEBUG org.apache.http.wire - http-outgoing-0 << "Content-Length: 0[\r][\n]"
10:35:45.212 [pool-2-thread-1] DEBUG org.apache.http.wire - http-outgoing-0 << "Server: Jetty(9.4.12.v20180830)[\r][\n]"
10:35:45.212 [pool-2-thread-1] DEBUG org.apache.http.wire - http-outgoing-0 << "[\r][\n]"
10:35:45.212 [pool-2-thread-1] DEBUG org.apache.http.headers - http-outgoing-0 << HTTP/1.1 200 OK
10:35:45.212 [pool-2-thread-1] DEBUG org.apache.http.headers - http-outgoing-0 << Date: Mon, 26 Jul 2021 05:05:45 GMT
10:35:45.212 [pool-2-thread-1] DEBUG org.apache.http.headers - http-outgoing-0 << Cache-Control: private, no-cache, max-age=0
10:35:45.212 [pool-2-thread-1] DEBUG org.apache.http.headers - http-outgoing-0 << Pragma: no-cache
10:35:45.212 [pool-2-thread-1] DEBUG org.apache.http.headers - http-outgoing-0 << Expires: -1
10:35:45.212 [pool-2-thread-1] DEBUG org.apache.http.headers - http-outgoing-0 << Content-Length: 0
10:35:45.212 [pool-2-thread-1] DEBUG org.apache.http.headers - http-outgoing-0 << Server: Jetty(9.4.12.v20180830)
10:35:45.213 [pool-2-thread-1] DEBUG o.a.h.impl.execchain.MainClientExec - Connection can be kept alive indefinitely
10:35:45.213 [pool-2-thread-1] DEBUG o.a.h.i.c.PoolingHttpClientConnectionManager - Connection [id: 0][route: {}->http://localhost:8585] can be kept alive indefinitely
10:35:45.213 [pool-2-thread-1] DEBUG o.a.h.i.c.DefaultManagedHttpClientConnection - http-outgoing-0: set socket timeout to 0
10:35:45.213 [pool-2-thread-1] DEBUG o.a.h.i.c.PoolingHttpClientConnectionManager - Connection released: [id: 0][route: {}->http://localhost:8585][total kept alive: 1; route allocated: 1 of 2; total allocated: 1 of 20]
10:35:45.673 [pool-2-thread-1] DEBUG o.a.h.c.protocol.RequestAddCookies - CookieSpec selected: default
10:35:45.674 [pool-2-thread-1] DEBUG o.a.h.c.protocol.RequestAuthCache - Auth cache not set in the context
10:35:45.674 [pool-2-thread-1] DEBUG o.a.h.i.c.PoolingHttpClientConnectionManager - Connection request: [route: {}->http://localhost:8585][total kept alive: 1; route allocated: 1 of 2; total allocated: 1 of 20]
10:35:45.674 [pool-2-thread-1] DEBUG o.a.h.i.c.PoolingHttpClientConnectionManager - Connection leased: [id: 0][route: {}->http://localhost:8585][total kept alive: 0; route allocated: 1 of 2; total allocated: 1 of 20]
10:35:45.674 [pool-2-thread-1] DEBUG o.a.h.i.c.DefaultManagedHttpClientConnection - http-outgoing-0: set socket timeout to 0
10:35:45.674 [pool-2-thread-1] DEBUG o.a.h.i.c.DefaultManagedHttpClientConnection - http-outgoing-0: set socket timeout to 5000
10:35:45.674 [pool-2-thread-1] DEBUG o.a.h.impl.execchain.MainClientExec - Executing request POST /api/development/report/command HTTP/1.1
10:35:45.674 [pool-2-thread-1] DEBUG o.a.h.impl.execchain.MainClientExec - Proxy auth state: UNCHALLENGED
10:35:45.674 [pool-2-thread-1] DEBUG org.apache.http.headers - http-outgoing-0 >> POST /api/development/report/command HTTP/1.1
10:35:45.674 [pool-2-thread-1] DEBUG org.apache.http.headers - http-outgoing-0 >> Content-Length: 261
10:35:45.674 [pool-2-thread-1] DEBUG org.apache.http.headers - http-outgoing-0 >> Content-Type: application/json; charset=UTF-8
10:35:45.674 [pool-2-thread-1] DEBUG org.apache.http.headers - http-outgoing-0 >> Host: localhost:8585
10:35:45.674 [pool-2-thread-1] DEBUG org.apache.http.headers - http-outgoing-0 >> Connection: Keep-Alive
10:35:45.674 [pool-2-thread-1] DEBUG org.apache.http.headers - http-outgoing-0 >> User-Agent: Apache-HttpClient/4.5.9 (Java/11.0.11)
10:35:45.674 [pool-2-thread-1] DEBUG org.apache.http.headers - http-outgoing-0 >> Accept-Encoding: gzip,deflate
10:35:45.674 [pool-2-thread-1] DEBUG org.apache.http.headers - http-outgoing-0 >> Authorization: fHdacT69Ifkyd3lQ5OQCWjO_ZuQljpxJUSplQuaduoU
10:35:45.674 [pool-2-thread-1] DEBUG org.apache.http.headers - http-outgoing-0 >> Accept: application/json; charset=UTF-8
10:35:45.674 [pool-2-thread-1] DEBUG org.apache.http.wire - http-outgoing-0 >> "POST /api/development/report/command HTTP/1.1[\r][\n]"
10:35:45.674 [pool-2-thread-1] DEBUG org.apache.http.wire - http-outgoing-0 >> "Content-Length: 261[\r][\n]"
10:35:45.675 [pool-2-thread-1] DEBUG org.apache.http.wire - http-outgoing-0 >> "Content-Type: application/json; charset=UTF-8[\r][\n]"
10:35:45.675 [pool-2-thread-1] DEBUG org.apache.http.wire - http-outgoing-0 >> "Host: localhost:8585[\r][\n]"
10:35:45.675 [pool-2-thread-1] DEBUG org.apache.http.wire - http-outgoing-0 >> "Connection: Keep-Alive[\r][\n]"
10:35:45.675 [pool-2-thread-1] DEBUG org.apache.http.wire - http-outgoing-0 >> "User-Agent: Apache-HttpClient/4.5.9 (Java/11.0.11)[\r][\n]"
10:35:45.675 [pool-2-thread-1] DEBUG org.apache.http.wire - http-outgoing-0 >> "Accept-Encoding: gzip,deflate[\r][\n]"
10:35:45.675 [pool-2-thread-1] DEBUG org.apache.http.wire - http-outgoing-0 >> "Authorization: fHdacT69Ifkyd3lQ5OQCWjO_ZuQljpxJUSplQuaduoU[\r][\n]"
10:35:45.675 [pool-2-thread-1] DEBUG org.apache.http.wire - http-outgoing-0 >> "Accept: application/json; charset=UTF-8[\r][\n]"
10:35:45.675 [pool-2-thread-1] DEBUG org.apache.http.wire - http-outgoing-0 >> "[\r][\n]"
10:35:45.675 [pool-2-thread-1] DEBUG org.apache.http.wire - http-outgoing-0 >> "{"commandName":"findElement","commandParameters":{"using":"xpath","value":"//XCUIElementTypeSecureTextField"},"result":{"element-6066-11e4-a52e-4f735466cecf":"29000000-0000-0000-F16E-000000000000","ELEMENT":"29000000-0000-0000-F16E-000000000000"},"passed":true}"
10:35:45.679 [pool-2-thread-1] DEBUG org.apache.http.wire - http-outgoing-0 << "HTTP/1.1 200 OK[\r][\n]"
10:35:45.680 [pool-2-thread-1] DEBUG org.apache.http.wire - http-outgoing-0 << "Date: Mon, 26 Jul 2021 05:05:45 GMT[\r][\n]"
10:35:45.680 [pool-2-thread-1] DEBUG org.apache.http.wire - http-outgoing-0 << "Cache-Control: private, no-cache, max-age=0[\r][\n]"
10:35:45.680 [pool-2-thread-1] DEBUG org.apache.http.wire - http-outgoing-0 << "Pragma: no-cache[\r][\n]"
10:35:45.680 [pool-2-thread-1] DEBUG org.apache.http.wire - http-outgoing-0 << "Expires: -1[\r][\n]"
10:35:45.680 [pool-2-thread-1] DEBUG org.apache.http.wire - http-outgoing-0 << "Content-Length: 0[\r][\n]"
10:35:45.680 [pool-2-thread-1] DEBUG org.apache.http.wire - http-outgoing-0 << "Server: Jetty(9.4.12.v20180830)[\r][\n]"
10:35:45.680 [pool-2-thread-1] DEBUG org.apache.http.wire - http-outgoing-0 << "[\r][\n]"
10:35:45.680 [pool-2-thread-1] DEBUG org.apache.http.headers - http-outgoing-0 << HTTP/1.1 200 OK
10:35:45.680 [pool-2-thread-1] DEBUG org.apache.http.headers - http-outgoing-0 << Date: Mon, 26 Jul 2021 05:05:45 GMT
10:35:45.680 [pool-2-thread-1] DEBUG org.apache.http.headers - http-outgoing-0 << Cache-Control: private, no-cache, max-age=0
10:35:45.680 [pool-2-thread-1] DEBUG org.apache.http.headers - http-outgoing-0 << Pragma: no-cache
10:35:45.680 [pool-2-thread-1] DEBUG org.apache.http.headers - http-outgoing-0 << Expires: -1
10:35:45.680 [pool-2-thread-1] DEBUG org.apache.http.headers - http-outgoing-0 << Content-Length: 0
10:35:45.680 [pool-2-thread-1] DEBUG org.apache.http.headers - http-outgoing-0 << Server: Jetty(9.4.12.v20180830)
10:35:45.680 [pool-2-thread-1] DEBUG o.a.h.impl.execchain.MainClientExec - Connection can be kept alive indefinitely
10:35:45.680 [pool-2-thread-1] DEBUG o.a.h.i.c.PoolingHttpClientConnectionManager - Connection [id: 0][route: {}->http://localhost:8585] can be kept alive indefinitely
10:35:45.680 [pool-2-thread-1] DEBUG o.a.h.i.c.DefaultManagedHttpClientConnection - http-outgoing-0: set socket timeout to 0
10:35:45.680 [pool-2-thread-1] DEBUG o.a.h.i.c.PoolingHttpClientConnectionManager - Connection released: [id: 0][route: {}->http://localhost:8585][total kept alive: 1; route allocated: 1 of 2; total allocated: 1 of 20]
10:35:46.648 [pool-2-thread-1] DEBUG o.a.h.c.protocol.RequestAddCookies - CookieSpec selected: default
10:35:46.649 [pool-2-thread-1] DEBUG o.a.h.c.protocol.RequestAuthCache - Auth cache not set in the context
10:35:46.649 [pool-2-thread-1] DEBUG o.a.h.i.c.PoolingHttpClientConnectionManager - Connection request: [route: {}->http://localhost:8585][total kept alive: 1; route allocated: 1 of 2; total allocated: 1 of 20]
10:35:46.649 [pool-2-thread-1] DEBUG o.a.h.i.c.PoolingHttpClientConnectionManager - Connection leased: [id: 0][route: {}->http://localhost:8585][total kept alive: 0; route allocated: 1 of 2; total allocated: 1 of 20]
10:35:46.649 [pool-2-thread-1] DEBUG o.a.h.i.c.DefaultManagedHttpClientConnection - http-outgoing-0: set socket timeout to 0
10:35:46.650 [pool-2-thread-1] DEBUG o.a.h.i.c.DefaultManagedHttpClientConnection - http-outgoing-0: set socket timeout to 5000
10:35:46.650 [pool-2-thread-1] DEBUG o.a.h.impl.execchain.MainClientExec - Executing request POST /api/development/report/command HTTP/1.1
10:35:46.650 [pool-2-thread-1] DEBUG o.a.h.impl.execchain.MainClientExec - Proxy auth state: UNCHALLENGED
10:35:46.650 [pool-2-thread-1] DEBUG org.apache.http.headers - http-outgoing-0 >> POST /api/development/report/command HTTP/1.1
10:35:46.650 [pool-2-thread-1] DEBUG org.apache.http.headers - http-outgoing-0 >> Content-Length: 129
10:35:46.650 [pool-2-thread-1] DEBUG org.apache.http.headers - http-outgoing-0 >> Content-Type: application/json; charset=UTF-8
10:35:46.651 [pool-2-thread-1] DEBUG org.apache.http.headers - http-outgoing-0 >> Host: localhost:8585
10:35:46.651 [pool-2-thread-1] DEBUG org.apache.http.headers - http-outgoing-0 >> Connection: Keep-Alive
10:35:46.651 [pool-2-thread-1] DEBUG org.apache.http.headers - http-outgoing-0 >> User-Agent: Apache-HttpClient/4.5.9 (Java/11.0.11)
10:35:46.651 [pool-2-thread-1] DEBUG org.apache.http.headers - http-outgoing-0 >> Accept-Encoding: gzip,deflate
10:35:46.651 [pool-2-thread-1] DEBUG org.apache.http.headers - http-outgoing-0 >> Authorization: fHdacT69Ifkyd3lQ5OQCWjO_ZuQljpxJUSplQuaduoU
10:35:46.651 [pool-2-thread-1] DEBUG org.apache.http.headers - http-outgoing-0 >> Accept: application/json; charset=UTF-8
10:35:46.651 [pool-2-thread-1] DEBUG org.apache.http.wire - http-outgoing-0 >> "POST /api/development/report/command HTTP/1.1[\r][\n]"
10:35:46.651 [pool-2-thread-1] DEBUG org.apache.http.wire - http-outgoing-0 >> "Content-Length: 129[\r][\n]"
10:35:46.651 [pool-2-thread-1] DEBUG org.apache.http.wire - http-outgoing-0 >> "Content-Type: application/json; charset=UTF-8[\r][\n]"
10:35:46.651 [pool-2-thread-1] DEBUG org.apache.http.wire - http-outgoing-0 >> "Host: localhost:8585[\r][\n]"
10:35:46.651 [pool-2-thread-1] DEBUG org.apache.http.wire - http-outgoing-0 >> "Connection: Keep-Alive[\r][\n]"
10:35:46.651 [pool-2-thread-1] DEBUG org.apache.http.wire - http-outgoing-0 >> "User-Agent: Apache-HttpClient/4.5.9 (Java/11.0.11)[\r][\n]"
10:35:46.651 [pool-2-thread-1] DEBUG org.apache.http.wire - http-outgoing-0 >> "Accept-Encoding: gzip,deflate[\r][\n]"
10:35:46.651 [pool-2-thread-1] DEBUG org.apache.http.wire - http-outgoing-0 >> "Authorization: fHdacT69Ifkyd3lQ5OQCWjO_ZuQljpxJUSplQuaduoU[\r][\n]"
10:35:46.651 [pool-2-thread-1] DEBUG org.apache.http.wire - http-outgoing-0 >> "Accept: application/json; charset=UTF-8[\r][\n]"
10:35:46.651 [pool-2-thread-1] DEBUG org.apache.http.wire - http-outgoing-0 >> "[\r][\n]"
10:35:46.652 [pool-2-thread-1] DEBUG org.apache.http.wire - http-outgoing-0 >> "{"commandName":"sendKeysToElement","commandParameters":{"id":"29000000-0000-0000-F16E-000000000000","value":"***"},"passed":true}"
10:35:46.657 [pool-2-thread-1] DEBUG org.apache.http.wire - http-outgoing-0 << "HTTP/1.1 200 OK[\r][\n]"
10:35:46.658 [pool-2-thread-1] DEBUG org.apache.http.wire - http-outgoing-0 << "Date: Mon, 26 Jul 2021 05:05:46 GMT[\r][\n]"
10:35:46.658 [pool-2-thread-1] DEBUG org.apache.http.wire - http-outgoing-0 << "Cache-Control: private, no-cache, max-age=0[\r][\n]"
10:35:46.658 [pool-2-thread-1] DEBUG org.apache.http.wire - http-outgoing-0 << "Pragma: no-cache[\r][\n]"
10:35:46.658 [pool-2-thread-1] DEBUG org.apache.http.wire - http-outgoing-0 << "Expires: -1[\r][\n]"
10:35:46.658 [pool-2-thread-1] DEBUG org.apache.http.wire - http-outgoing-0 << "Content-Length: 0[\r][\n]"
10:35:46.658 [pool-2-thread-1] DEBUG org.apache.http.wire - http-outgoing-0 << "Server: Jetty(9.4.12.v20180830)[\r][\n]"
10:35:46.658 [pool-2-thread-1] DEBUG org.apache.http.wire - http-outgoing-0 << "[\r][\n]"
10:35:46.659 [pool-2-thread-1] DEBUG org.apache.http.headers - http-outgoing-0 << HTTP/1.1 200 OK
10:35:46.659 [pool-2-thread-1] DEBUG org.apache.http.headers - http-outgoing-0 << Date: Mon, 26 Jul 2021 05:05:46 GMT
10:35:46.659 [pool-2-thread-1] DEBUG org.apache.http.headers - http-outgoing-0 << Cache-Control: private, no-cache, max-age=0
10:35:46.659 [pool-2-thread-1] DEBUG org.apache.http.headers - http-outgoing-0 << Pragma: no-cache
10:35:46.659 [pool-2-thread-1] DEBUG org.apache.http.headers - http-outgoing-0 << Expires: -1
10:35:46.659 [pool-2-thread-1] DEBUG org.apache.http.headers - http-outgoing-0 << Content-Length: 0
10:35:46.659 [pool-2-thread-1] DEBUG org.apache.http.headers - http-outgoing-0 << Server: Jetty(9.4.12.v20180830)
10:35:46.660 [pool-2-thread-1] DEBUG o.a.h.impl.execchain.MainClientExec - Connection can be kept alive indefinitely
10:35:46.660 [pool-2-thread-1] DEBUG o.a.h.i.c.PoolingHttpClientConnectionManager - Connection [id: 0][route: {}->http://localhost:8585] can be kept alive indefinitely
10:35:46.660 [pool-2-thread-1] DEBUG o.a.h.i.c.DefaultManagedHttpClientConnection - http-outgoing-0: set socket timeout to 0
10:35:46.660 [pool-2-thread-1] DEBUG o.a.h.i.c.PoolingHttpClientConnectionManager - Connection released: [id: 0][route: {}->http://localhost:8585][total kept alive: 1; route allocated: 1 of 2; total allocated: 1 of 20]
  &amp#27;[32mThen &amp#27;[0m&amp#27;[32menters the Password&amp#27;[0m                                                              &amp#27;[90m# Stepdefinitions.Login_positive_scenario.enter_password()&amp#27;[0m
10:35:46.669 [pool-2-thread-1] DEBUG o.a.h.c.protocol.RequestAddCookies - CookieSpec selected: default
10:35:46.669 [pool-2-thread-1] DEBUG o.a.h.c.protocol.RequestAuthCache - Auth cache not set in the context
10:35:46.669 [pool-2-thread-1] DEBUG o.a.h.i.c.PoolingHttpClientConnectionManager - Connection request: [route: {}->http://localhost:8585][total kept alive: 1; route allocated: 1 of 2; total allocated: 1 of 20]
10:35:46.669 [pool-2-thread-1] DEBUG o.a.h.i.c.PoolingHttpClientConnectionManager - Connection leased: [id: 0][route: {}->http://localhost:8585][total kept alive: 0; route allocated: 1 of 2; total allocated: 1 of 20]
10:35:46.670 [pool-2-thread-1] DEBUG o.a.h.i.c.DefaultManagedHttpClientConnection - http-outgoing-0: set socket timeout to 0
10:35:46.670 [pool-2-thread-1] DEBUG o.a.h.i.c.DefaultManagedHttpClientConnection - http-outgoing-0: set socket timeout to 5000
10:35:46.670 [pool-2-thread-1] DEBUG o.a.h.impl.execchain.MainClientExec - Executing request POST /api/development/report/command HTTP/1.1
10:35:46.670 [pool-2-thread-1] DEBUG o.a.h.impl.execchain.MainClientExec - Proxy auth state: UNCHALLENGED
10:35:46.670 [pool-2-thread-1] DEBUG org.apache.http.headers - http-outgoing-0 >> POST /api/development/report/command HTTP/1.1
10:35:46.670 [pool-2-thread-1] DEBUG org.apache.http.headers - http-outgoing-0 >> Content-Length: 81
10:35:46.670 [pool-2-thread-1] DEBUG org.apache.http.headers - http-outgoing-0 >> Content-Type: application/json; charset=UTF-8
10:35:46.670 [pool-2-thread-1] DEBUG org.apache.http.headers - http-outgoing-0 >> Host: localhost:8585
10:35:46.670 [pool-2-thread-1] DEBUG org.apache.http.headers - http-outgoing-0 >> Connection: Keep-Alive
10:35:46.670 [pool-2-thread-1] DEBUG org.apache.http.headers - http-outgoing-0 >> User-Agent: Apache-HttpClient/4.5.9 (Java/11.0.11)
10:35:46.670 [pool-2-thread-1] DEBUG org.apache.http.headers - http-outgoing-0 >> Accept-Encoding: gzip,deflate
10:35:46.670 [pool-2-thread-1] DEBUG org.apache.http.headers - http-outgoing-0 >> Authorization: fHdacT69Ifkyd3lQ5OQCWjO_ZuQljpxJUSplQuaduoU
10:35:46.670 [pool-2-thread-1] DEBUG org.apache.http.headers - http-outgoing-0 >> Accept: application/json; charset=UTF-8
10:35:46.670 [pool-2-thread-1] DEBUG org.apache.http.wire - http-outgoing-0 >> "POST /api/development/report/command HTTP/1.1[\r][\n]"
10:35:46.670 [pool-2-thread-1] DEBUG org.apache.http.wire - http-outgoing-0 >> "Content-Length: 81[\r][\n]"
10:35:46.670 [pool-2-thread-1] DEBUG org.apache.http.wire - http-outgoing-0 >> "Content-Type: application/json; charset=UTF-8[\r][\n]"
10:35:46.670 [pool-2-thread-1] DEBUG org.apache.http.wire - http-outgoing-0 >> "Host: localhost:8585[\r][\n]"
10:35:46.671 [pool-2-thread-1] DEBUG org.apache.http.wire - http-outgoing-0 >> "Connection: Keep-Alive[\r][\n]"
10:35:46.671 [pool-2-thread-1] DEBUG org.apache.http.wire - http-outgoing-0 >> "User-Agent: Apache-HttpClient/4.5.9 (Java/11.0.11)[\r][\n]"
10:35:46.671 [pool-2-thread-1] DEBUG org.apache.http.wire - http-outgoing-0 >> "Accept-Encoding: gzip,deflate[\r][\n]"
10:35:46.671 [pool-2-thread-1] DEBUG org.apache.http.wire - http-outgoing-0 >> "Authorization: fHdacT69Ifkyd3lQ5OQCWjO_ZuQljpxJUSplQuaduoU[\r][\n]"
10:35:46.671 [pool-2-thread-1] DEBUG org.apache.http.wire - http-outgoing-0 >> "Accept: application/json; charset=UTF-8[\r][\n]"
10:35:46.671 [pool-2-thread-1] DEBUG org.apache.http.wire - http-outgoing-0 >> "[\r][\n]"
10:35:46.671 [pool-2-thread-1] DEBUG org.apache.http.wire - http-outgoing-0 >> "{"commandName":"setTimeout","commandParameters":{"implicit":10000},"passed":true}"
10:35:46.677 [main] INFO   - 
  _____   ___   ___   _____     ___     _     ___   ___   ___   ___  
 |_   _| | __| / __| |_   _|   | _ \   /_\   / __| / __| | __| |   \ 
   | |   | _|  \__ \   | |     |  _/  / _ \  \__ \ \__ \ | _|  | |) |
   |_|   |___| |___/   |_|     |_|   /_/ \_\ |___/ |___/ |___| |___/ 

Validate that the user is able to enter  the password in the 'Password' field
----------------------------------------------------------------------
10:35:46.677 [pool-2-thread-1] DEBUG org.apache.http.wire - http-outgoing-0 << "HTTP/1.1 200 OK[\r][\n]"
10:35:46.677 [pool-2-thread-1] DEBUG org.apache.http.wire - http-outgoing-0 << "Date: Mon, 26 Jul 2021 05:05:46 GMT[\r][\n]"
10:35:46.677 [pool-2-thread-1] DEBUG org.apache.http.wire - http-outgoing-0 << "Cache-Control: private, no-cache, max-age=0[\r][\n]"
10:35:46.678 [pool-2-thread-1] DEBUG org.apache.http.wire - http-outgoing-0 << "Pragma: no-cache[\r][\n]"
10:35:46.678 [pool-2-thread-1] DEBUG org.apache.http.wire - http-outgoing-0 << "Expires: -1[\r][\n]"
10:35:46.678 [pool-2-thread-1] DEBUG org.apache.http.wire - http-outgoing-0 << "Content-Length: 0[\r][\n]"
10:35:46.678 [pool-2-thread-1] DEBUG org.apache.http.wire - http-outgoing-0 << "Server: Jetty(9.4.12.v20180830)[\r][\n]"
10:35:46.678 [pool-2-thread-1] DEBUG org.apache.http.wire - http-outgoing-0 << "[\r][\n]"
10:35:46.679 [pool-2-thread-1] DEBUG org.apache.http.headers - http-outgoing-0 << HTTP/1.1 200 OK
10:35:46.679 [pool-2-thread-1] DEBUG org.apache.http.headers - http-outgoing-0 << Date: Mon, 26 Jul 2021 05:05:46 GMT
10:35:46.679 [pool-2-thread-1] DEBUG org.apache.http.headers - http-outgoing-0 << Cache-Control: private, no-cache, max-age=0
10:35:46.679 [pool-2-thread-1] DEBUG org.apache.http.headers - http-outgoing-0 << Pragma: no-cache
10:35:46.679 [pool-2-thread-1] DEBUG org.apache.http.headers - http-outgoing-0 << Expires: -1
10:35:46.679 [pool-2-thread-1] DEBUG org.apache.http.headers - http-outgoing-0 << Content-Length: 0
10:35:46.679 [pool-2-thread-1] DEBUG org.apache.http.headers - http-outgoing-0 << Server: Jetty(9.4.12.v20180830)
10:35:46.679 [pool-2-thread-1] DEBUG o.a.h.impl.execchain.MainClientExec - Connection can be kept alive indefinitely
10:35:46.679 [pool-2-thread-1] DEBUG o.a.h.i.c.PoolingHttpClientConnectionManager - Connection [id: 0][route: {}->http://localhost:8585] can be kept alive indefinitely
10:35:46.679 [pool-2-thread-1] DEBUG o.a.h.i.c.DefaultManagedHttpClientConnection - http-outgoing-0: set socket timeout to 0
10:35:46.679 [pool-2-thread-1] DEBUG o.a.h.i.c.PoolingHttpClientConnectionManager - Connection released: [id: 0][route: {}->http://localhost:8585][total kept alive: 1; route allocated: 1 of 2; total allocated: 1 of 20]
]]></system-out>
  </testcase>
  <testcase name="Validate that the user is able to Login" classname="Validate login positive functionality" time="12.854">
    <system-out><![CDATA[
Scenario: Validate that the user is able to Login &amp#27;[90m# src/test/resources/features/Login_positive_scenario.feature:20&amp#27;[0m
10:35:46.699 [main] INFO  i.c.core.plugin.SerenityReporter - Running feature from file:///C:/Users/Admin/Downloads/MPH-IOS-main/src/test/resources/features/Login_positive_scenario.feature
10:35:46.703 [main] INFO   - 
  _____   ___   ___   _____     ___   _____     _     ___   _____   ___   ___  
 |_   _| | __| / __| |_   _|   / __| |_   _|   /_\   | _ \ |_   _| | __| |   \ 
   | |   | _|  \__ \   | |     \__ \   | |    / _ \  |   /   | |   | _|  | |) |
   |_|   |___| |___/   |_|     |___/   |_|   /_/ \_\ |_|_\   |_|   |___| |___/ 

Validate that the user is able to Login(validate-login-positive-functionality;validate-that-the-user-is-able-to-login)
--------------------------------------------------------------------------------
10:35:46.725 [pool-2-thread-1] DEBUG o.a.h.c.protocol.RequestAddCookies - CookieSpec selected: default
10:35:46.725 [pool-2-thread-1] DEBUG o.a.h.c.protocol.RequestAuthCache - Auth cache not set in the context
10:35:46.725 [pool-2-thread-1] DEBUG o.a.h.i.c.PoolingHttpClientConnectionManager - Connection request: [route: {}->http://localhost:8585][total kept alive: 1; route allocated: 1 of 2; total allocated: 1 of 20]
10:35:46.725 [pool-2-thread-1] DEBUG o.a.h.i.c.PoolingHttpClientConnectionManager - Connection leased: [id: 0][route: {}->http://localhost:8585][total kept alive: 0; route allocated: 1 of 2; total allocated: 1 of 20]
10:35:46.725 [pool-2-thread-1] DEBUG o.a.h.i.c.DefaultManagedHttpClientConnection - http-outgoing-0: set socket timeout to 0
10:35:46.725 [pool-2-thread-1] DEBUG o.a.h.i.c.DefaultManagedHttpClientConnection - http-outgoing-0: set socket timeout to 5000
10:35:46.725 [pool-2-thread-1] DEBUG o.a.h.impl.execchain.MainClientExec - Executing request POST /api/development/report/command HTTP/1.1
10:35:46.725 [pool-2-thread-1] DEBUG o.a.h.impl.execchain.MainClientExec - Proxy auth state: UNCHALLENGED
10:35:46.725 [pool-2-thread-1] DEBUG org.apache.http.headers - http-outgoing-0 >> POST /api/development/report/command HTTP/1.1
10:35:46.725 [pool-2-thread-1] DEBUG org.apache.http.headers - http-outgoing-0 >> Content-Length: 81
10:35:46.725 [pool-2-thread-1] DEBUG org.apache.http.headers - http-outgoing-0 >> Content-Type: application/json; charset=UTF-8
10:35:46.725 [pool-2-thread-1] DEBUG org.apache.http.headers - http-outgoing-0 >> Host: localhost:8585
10:35:46.726 [pool-2-thread-1] DEBUG org.apache.http.headers - http-outgoing-0 >> Connection: Keep-Alive
10:35:46.726 [pool-2-thread-1] DEBUG org.apache.http.headers - http-outgoing-0 >> User-Agent: Apache-HttpClient/4.5.9 (Java/11.0.11)
10:35:46.726 [pool-2-thread-1] DEBUG org.apache.http.headers - http-outgoing-0 >> Accept-Encoding: gzip,deflate
10:35:46.726 [pool-2-thread-1] DEBUG org.apache.http.headers - http-outgoing-0 >> Authorization: fHdacT69Ifkyd3lQ5OQCWjO_ZuQljpxJUSplQuaduoU
10:35:46.726 [pool-2-thread-1] DEBUG org.apache.http.headers - http-outgoing-0 >> Accept: application/json; charset=UTF-8
10:35:46.726 [pool-2-thread-1] DEBUG org.apache.http.wire - http-outgoing-0 >> "POST /api/development/report/command HTTP/1.1[\r][\n]"
10:35:46.726 [pool-2-thread-1] DEBUG org.apache.http.wire - http-outgoing-0 >> "Content-Length: 81[\r][\n]"
10:35:46.726 [pool-2-thread-1] DEBUG org.apache.http.wire - http-outgoing-0 >> "Content-Type: application/json; charset=UTF-8[\r][\n]"
10:35:46.726 [pool-2-thread-1] DEBUG org.apache.http.wire - http-outgoing-0 >> "Host: localhost:8585[\r][\n]"
10:35:46.726 [pool-2-thread-1] DEBUG org.apache.http.wire - http-outgoing-0 >> "Connection: Keep-Alive[\r][\n]"
10:35:46.726 [pool-2-thread-1] DEBUG org.apache.http.wire - http-outgoing-0 >> "User-Agent: Apache-HttpClient/4.5.9 (Java/11.0.11)[\r][\n]"
10:35:46.726 [pool-2-thread-1] DEBUG org.apache.http.wire - http-outgoing-0 >> "Accept-Encoding: gzip,deflate[\r][\n]"
10:35:46.726 [pool-2-thread-1] DEBUG org.apache.http.wire - http-outgoing-0 >> "Authorization: fHdacT69Ifkyd3lQ5OQCWjO_ZuQljpxJUSplQuaduoU[\r][\n]"
10:35:46.726 [pool-2-thread-1] DEBUG org.apache.http.wire - http-outgoing-0 >> "Accept: application/json; charset=UTF-8[\r][\n]"
10:35:46.726 [pool-2-thread-1] DEBUG org.apache.http.wire - http-outgoing-0 >> "[\r][\n]"
10:35:46.726 [pool-2-thread-1] DEBUG org.apache.http.wire - http-outgoing-0 >> "{"commandName":"setTimeout","commandParameters":{"implicit":10000},"passed":true}"
10:35:46.729 [pool-2-thread-1] DEBUG org.apache.http.wire - http-outgoing-0 << "HTTP/1.1 200 OK[\r][\n]"
10:35:46.729 [pool-2-thread-1] DEBUG org.apache.http.wire - http-outgoing-0 << "Date: Mon, 26 Jul 2021 05:05:46 GMT[\r][\n]"
10:35:46.729 [pool-2-thread-1] DEBUG org.apache.http.wire - http-outgoing-0 << "Cache-Control: private, no-cache, max-age=0[\r][\n]"
10:35:46.729 [pool-2-thread-1] DEBUG org.apache.http.wire - http-outgoing-0 << "Pragma: no-cache[\r][\n]"
10:35:46.729 [pool-2-thread-1] DEBUG org.apache.http.wire - http-outgoing-0 << "Expires: -1[\r][\n]"
10:35:46.729 [pool-2-thread-1] DEBUG org.apache.http.wire - http-outgoing-0 << "Content-Length: 0[\r][\n]"
10:35:46.729 [pool-2-thread-1] DEBUG org.apache.http.wire - http-outgoing-0 << "Server: Jetty(9.4.12.v20180830)[\r][\n]"
10:35:46.729 [pool-2-thread-1] DEBUG org.apache.http.wire - http-outgoing-0 << "[\r][\n]"
10:35:46.729 [pool-2-thread-1] DEBUG org.apache.http.headers - http-outgoing-0 << HTTP/1.1 200 OK
10:35:46.729 [pool-2-thread-1] DEBUG org.apache.http.headers - http-outgoing-0 << Date: Mon, 26 Jul 2021 05:05:46 GMT
10:35:46.729 [pool-2-thread-1] DEBUG org.apache.http.headers - http-outgoing-0 << Cache-Control: private, no-cache, max-age=0
10:35:46.729 [pool-2-thread-1] DEBUG org.apache.http.headers - http-outgoing-0 << Pragma: no-cache
10:35:46.729 [pool-2-thread-1] DEBUG org.apache.http.headers - http-outgoing-0 << Expires: -1
10:35:46.729 [pool-2-thread-1] DEBUG org.apache.http.headers - http-outgoing-0 << Content-Length: 0
10:35:46.729 [pool-2-thread-1] DEBUG org.apache.http.headers - http-outgoing-0 << Server: Jetty(9.4.12.v20180830)
10:35:46.729 [pool-2-thread-1] DEBUG o.a.h.impl.execchain.MainClientExec - Connection can be kept alive indefinitely
10:35:46.729 [pool-2-thread-1] DEBUG o.a.h.i.c.PoolingHttpClientConnectionManager - Connection [id: 0][route: {}->http://localhost:8585] can be kept alive indefinitely
10:35:46.730 [pool-2-thread-1] DEBUG o.a.h.i.c.DefaultManagedHttpClientConnection - http-outgoing-0: set socket timeout to 0
10:35:46.730 [pool-2-thread-1] DEBUG o.a.h.i.c.PoolingHttpClientConnectionManager - Connection released: [id: 0][route: {}->http://localhost:8585][total kept alive: 1; route allocated: 1 of 2; total allocated: 1 of 20]
10:35:47.289 [pool-2-thread-1] DEBUG o.a.h.c.protocol.RequestAddCookies - CookieSpec selected: default
10:35:47.289 [pool-2-thread-1] DEBUG o.a.h.c.protocol.RequestAuthCache - Auth cache not set in the context
10:35:47.289 [pool-2-thread-1] DEBUG o.a.h.i.c.PoolingHttpClientConnectionManager - Connection request: [route: {}->http://localhost:8585][total kept alive: 1; route allocated: 1 of 2; total allocated: 1 of 20]
10:35:47.289 [pool-2-thread-1] DEBUG o.a.h.i.c.PoolingHttpClientConnectionManager - Connection leased: [id: 0][route: {}->http://localhost:8585][total kept alive: 0; route allocated: 1 of 2; total allocated: 1 of 20]
10:35:47.289 [pool-2-thread-1] DEBUG o.a.h.i.c.DefaultManagedHttpClientConnection - http-outgoing-0: set socket timeout to 0
10:35:47.289 [pool-2-thread-1] DEBUG o.a.h.i.c.DefaultManagedHttpClientConnection - http-outgoing-0: set socket timeout to 5000
10:35:47.289 [pool-2-thread-1] DEBUG o.a.h.impl.execchain.MainClientExec - Executing request POST /api/development/report/command HTTP/1.1
10:35:47.289 [pool-2-thread-1] DEBUG o.a.h.impl.execchain.MainClientExec - Proxy auth state: UNCHALLENGED
10:35:47.289 [pool-2-thread-1] DEBUG org.apache.http.headers - http-outgoing-0 >> POST /api/development/report/command HTTP/1.1
10:35:47.289 [pool-2-thread-1] DEBUG org.apache.http.headers - http-outgoing-0 >> Content-Length: 261
10:35:47.289 [pool-2-thread-1] DEBUG org.apache.http.headers - http-outgoing-0 >> Content-Type: application/json; charset=UTF-8
10:35:47.289 [pool-2-thread-1] DEBUG org.apache.http.headers - http-outgoing-0 >> Host: localhost:8585
10:35:47.289 [pool-2-thread-1] DEBUG org.apache.http.headers - http-outgoing-0 >> Connection: Keep-Alive
10:35:47.289 [pool-2-thread-1] DEBUG org.apache.http.headers - http-outgoing-0 >> User-Agent: Apache-HttpClient/4.5.9 (Java/11.0.11)
10:35:47.289 [pool-2-thread-1] DEBUG org.apache.http.headers - http-outgoing-0 >> Accept-Encoding: gzip,deflate
10:35:47.289 [pool-2-thread-1] DEBUG org.apache.http.headers - http-outgoing-0 >> Authorization: fHdacT69Ifkyd3lQ5OQCWjO_ZuQljpxJUSplQuaduoU
10:35:47.290 [pool-2-thread-1] DEBUG org.apache.http.headers - http-outgoing-0 >> Accept: application/json; charset=UTF-8
10:35:47.290 [pool-2-thread-1] DEBUG org.apache.http.wire - http-outgoing-0 >> "POST /api/development/report/command HTTP/1.1[\r][\n]"
10:35:47.290 [pool-2-thread-1] DEBUG org.apache.http.wire - http-outgoing-0 >> "Content-Length: 261[\r][\n]"
10:35:47.290 [pool-2-thread-1] DEBUG org.apache.http.wire - http-outgoing-0 >> "Content-Type: application/json; charset=UTF-8[\r][\n]"
10:35:47.290 [pool-2-thread-1] DEBUG org.apache.http.wire - http-outgoing-0 >> "Host: localhost:8585[\r][\n]"
10:35:47.290 [pool-2-thread-1] DEBUG org.apache.http.wire - http-outgoing-0 >> "Connection: Keep-Alive[\r][\n]"
10:35:47.290 [pool-2-thread-1] DEBUG org.apache.http.wire - http-outgoing-0 >> "User-Agent: Apache-HttpClient/4.5.9 (Java/11.0.11)[\r][\n]"
10:35:47.290 [pool-2-thread-1] DEBUG org.apache.http.wire - http-outgoing-0 >> "Accept-Encoding: gzip,deflate[\r][\n]"
10:35:47.290 [pool-2-thread-1] DEBUG org.apache.http.wire - http-outgoing-0 >> "Authorization: fHdacT69Ifkyd3lQ5OQCWjO_ZuQljpxJUSplQuaduoU[\r][\n]"
10:35:47.290 [pool-2-thread-1] DEBUG org.apache.http.wire - http-outgoing-0 >> "Accept: application/json; charset=UTF-8[\r][\n]"
10:35:47.290 [pool-2-thread-1] DEBUG org.apache.http.wire - http-outgoing-0 >> "[\r][\n]"
10:35:47.290 [pool-2-thread-1] DEBUG org.apache.http.wire - http-outgoing-0 >> "{"commandName":"findElement","commandParameters":{"using":"xpath","value":"//XCUIElementTypeSecureTextField"},"result":{"element-6066-11e4-a52e-4f735466cecf":"29000000-0000-0000-F16E-000000000000","ELEMENT":"29000000-0000-0000-F16E-000000000000"},"passed":true}"
10:35:47.293 [pool-2-thread-1] DEBUG org.apache.http.wire - http-outgoing-0 << "HTTP/1.1 200 OK[\r][\n]"
10:35:47.293 [pool-2-thread-1] DEBUG org.apache.http.wire - http-outgoing-0 << "Date: Mon, 26 Jul 2021 05:05:47 GMT[\r][\n]"
10:35:47.293 [pool-2-thread-1] DEBUG org.apache.http.wire - http-outgoing-0 << "Cache-Control: private, no-cache, max-age=0[\r][\n]"
10:35:47.293 [pool-2-thread-1] DEBUG org.apache.http.wire - http-outgoing-0 << "Pragma: no-cache[\r][\n]"
10:35:47.293 [pool-2-thread-1] DEBUG org.apache.http.wire - http-outgoing-0 << "Expires: -1[\r][\n]"
10:35:47.293 [pool-2-thread-1] DEBUG org.apache.http.wire - http-outgoing-0 << "Content-Length: 0[\r][\n]"
10:35:47.293 [pool-2-thread-1] DEBUG org.apache.http.wire - http-outgoing-0 << "Server: Jetty(9.4.12.v20180830)[\r][\n]"
10:35:47.293 [pool-2-thread-1] DEBUG org.apache.http.wire - http-outgoing-0 << "[\r][\n]"
10:35:47.293 [pool-2-thread-1] DEBUG org.apache.http.headers - http-outgoing-0 << HTTP/1.1 200 OK
10:35:47.294 [pool-2-thread-1] DEBUG org.apache.http.headers - http-outgoing-0 << Date: Mon, 26 Jul 2021 05:05:47 GMT
10:35:47.294 [pool-2-thread-1] DEBUG org.apache.http.headers - http-outgoing-0 << Cache-Control: private, no-cache, max-age=0
10:35:47.294 [pool-2-thread-1] DEBUG org.apache.http.headers - http-outgoing-0 << Pragma: no-cache
10:35:47.294 [pool-2-thread-1] DEBUG org.apache.http.headers - http-outgoing-0 << Expires: -1
10:35:47.294 [pool-2-thread-1] DEBUG org.apache.http.headers - http-outgoing-0 << Content-Length: 0
10:35:47.294 [pool-2-thread-1] DEBUG org.apache.http.headers - http-outgoing-0 << Server: Jetty(9.4.12.v20180830)
10:35:47.294 [pool-2-thread-1] DEBUG o.a.h.impl.execchain.MainClientExec - Connection can be kept alive indefinitely
10:35:47.294 [pool-2-thread-1] DEBUG o.a.h.i.c.PoolingHttpClientConnectionManager - Connection [id: 0][route: {}->http://localhost:8585] can be kept alive indefinitely
10:35:47.294 [pool-2-thread-1] DEBUG o.a.h.i.c.DefaultManagedHttpClientConnection - http-outgoing-0: set socket timeout to 0
10:35:47.294 [pool-2-thread-1] DEBUG o.a.h.i.c.PoolingHttpClientConnectionManager - Connection released: [id: 0][route: {}->http://localhost:8585][total kept alive: 1; route allocated: 1 of 2; total allocated: 1 of 20]
10:35:48.008 [pool-2-thread-1] DEBUG o.a.h.c.protocol.RequestAddCookies - CookieSpec selected: default
10:35:48.009 [pool-2-thread-1] DEBUG o.a.h.c.protocol.RequestAuthCache - Auth cache not set in the context
10:35:48.009 [pool-2-thread-1] DEBUG o.a.h.i.c.PoolingHttpClientConnectionManager - Connection request: [route: {}->http://localhost:8585][total kept alive: 1; route allocated: 1 of 2; total allocated: 1 of 20]
10:35:48.009 [pool-2-thread-1] DEBUG o.a.h.i.c.PoolingHttpClientConnectionManager - Connection leased: [id: 0][route: {}->http://localhost:8585][total kept alive: 0; route allocated: 1 of 2; total allocated: 1 of 20]
10:35:48.009 [pool-2-thread-1] DEBUG o.a.h.i.c.DefaultManagedHttpClientConnection - http-outgoing-0: set socket timeout to 0
10:35:48.009 [pool-2-thread-1] DEBUG o.a.h.i.c.DefaultManagedHttpClientConnection - http-outgoing-0: set socket timeout to 5000
10:35:48.009 [pool-2-thread-1] DEBUG o.a.h.impl.execchain.MainClientExec - Executing request POST /api/development/report/command HTTP/1.1
10:35:48.009 [pool-2-thread-1] DEBUG o.a.h.impl.execchain.MainClientExec - Proxy auth state: UNCHALLENGED
10:35:48.009 [pool-2-thread-1] DEBUG org.apache.http.headers - http-outgoing-0 >> POST /api/development/report/command HTTP/1.1
10:35:48.009 [pool-2-thread-1] DEBUG org.apache.http.headers - http-outgoing-0 >> Content-Length: 110
10:35:48.009 [pool-2-thread-1] DEBUG org.apache.http.headers - http-outgoing-0 >> Content-Type: application/json; charset=UTF-8
10:35:48.009 [pool-2-thread-1] DEBUG org.apache.http.headers - http-outgoing-0 >> Host: localhost:8585
10:35:48.009 [pool-2-thread-1] DEBUG org.apache.http.headers - http-outgoing-0 >> Connection: Keep-Alive
10:35:48.009 [pool-2-thread-1] DEBUG org.apache.http.headers - http-outgoing-0 >> User-Agent: Apache-HttpClient/4.5.9 (Java/11.0.11)
10:35:48.009 [pool-2-thread-1] DEBUG org.apache.http.headers - http-outgoing-0 >> Accept-Encoding: gzip,deflate
10:35:48.009 [pool-2-thread-1] DEBUG org.apache.http.headers - http-outgoing-0 >> Authorization: fHdacT69Ifkyd3lQ5OQCWjO_ZuQljpxJUSplQuaduoU
10:35:48.010 [pool-2-thread-1] DEBUG org.apache.http.headers - http-outgoing-0 >> Accept: application/json; charset=UTF-8
10:35:48.010 [pool-2-thread-1] DEBUG org.apache.http.wire - http-outgoing-0 >> "POST /api/development/report/command HTTP/1.1[\r][\n]"
10:35:48.010 [pool-2-thread-1] DEBUG org.apache.http.wire - http-outgoing-0 >> "Content-Length: 110[\r][\n]"
10:35:48.010 [pool-2-thread-1] DEBUG org.apache.http.wire - http-outgoing-0 >> "Content-Type: application/json; charset=UTF-8[\r][\n]"
10:35:48.010 [pool-2-thread-1] DEBUG org.apache.http.wire - http-outgoing-0 >> "Host: localhost:8585[\r][\n]"
10:35:48.010 [pool-2-thread-1] DEBUG org.apache.http.wire - http-outgoing-0 >> "Connection: Keep-Alive[\r][\n]"
10:35:48.010 [pool-2-thread-1] DEBUG org.apache.http.wire - http-outgoing-0 >> "User-Agent: Apache-HttpClient/4.5.9 (Java/11.0.11)[\r][\n]"
10:35:48.010 [pool-2-thread-1] DEBUG org.apache.http.wire - http-outgoing-0 >> "Accept-Encoding: gzip,deflate[\r][\n]"
10:35:48.010 [pool-2-thread-1] DEBUG org.apache.http.wire - http-outgoing-0 >> "Authorization: fHdacT69Ifkyd3lQ5OQCWjO_ZuQljpxJUSplQuaduoU[\r][\n]"
10:35:48.010 [pool-2-thread-1] DEBUG org.apache.http.wire - http-outgoing-0 >> "Accept: application/json; charset=UTF-8[\r][\n]"
10:35:48.010 [pool-2-thread-1] DEBUG org.apache.http.wire - http-outgoing-0 >> "[\r][\n]"
10:35:48.010 [pool-2-thread-1] DEBUG org.apache.http.wire - http-outgoing-0 >> "{"commandName":"clearElement","commandParameters":{"id":"29000000-0000-0000-F16E-000000000000"},"passed":true}"
10:35:48.022 [pool-2-thread-1] DEBUG org.apache.http.wire - http-outgoing-0 << "HTTP/1.1 200 OK[\r][\n]"
10:35:48.022 [pool-2-thread-1] DEBUG org.apache.http.wire - http-outgoing-0 << "Date: Mon, 26 Jul 2021 05:05:48 GMT[\r][\n]"
10:35:48.022 [pool-2-thread-1] DEBUG org.apache.http.wire - http-outgoing-0 << "Cache-Control: private, no-cache, max-age=0[\r][\n]"
10:35:48.022 [pool-2-thread-1] DEBUG org.apache.http.wire - http-outgoing-0 << "Pragma: no-cache[\r][\n]"
10:35:48.022 [pool-2-thread-1] DEBUG org.apache.http.wire - http-outgoing-0 << "Expires: -1[\r][\n]"
10:35:48.022 [pool-2-thread-1] DEBUG org.apache.http.wire - http-outgoing-0 << "Content-Length: 0[\r][\n]"
10:35:48.022 [pool-2-thread-1] DEBUG org.apache.http.wire - http-outgoing-0 << "Server: Jetty(9.4.12.v20180830)[\r][\n]"
10:35:48.022 [pool-2-thread-1] DEBUG org.apache.http.wire - http-outgoing-0 << "[\r][\n]"
10:35:48.022 [pool-2-thread-1] DEBUG org.apache.http.headers - http-outgoing-0 << HTTP/1.1 200 OK
10:35:48.022 [pool-2-thread-1] DEBUG org.apache.http.headers - http-outgoing-0 << Date: Mon, 26 Jul 2021 05:05:48 GMT
10:35:48.022 [pool-2-thread-1] DEBUG org.apache.http.headers - http-outgoing-0 << Cache-Control: private, no-cache, max-age=0
10:35:48.022 [pool-2-thread-1] DEBUG org.apache.http.headers - http-outgoing-0 << Pragma: no-cache
10:35:48.022 [pool-2-thread-1] DEBUG org.apache.http.headers - http-outgoing-0 << Expires: -1
10:35:48.022 [pool-2-thread-1] DEBUG org.apache.http.headers - http-outgoing-0 << Content-Length: 0
10:35:48.022 [pool-2-thread-1] DEBUG org.apache.http.headers - http-outgoing-0 << Server: Jetty(9.4.12.v20180830)
10:35:48.023 [pool-2-thread-1] DEBUG o.a.h.impl.execchain.MainClientExec - Connection can be kept alive indefinitely
10:35:48.023 [pool-2-thread-1] DEBUG o.a.h.i.c.PoolingHttpClientConnectionManager - Connection [id: 0][route: {}->http://localhost:8585] can be kept alive indefinitely
10:35:48.023 [pool-2-thread-1] DEBUG o.a.h.i.c.DefaultManagedHttpClientConnection - http-outgoing-0: set socket timeout to 0
10:35:48.023 [pool-2-thread-1] DEBUG o.a.h.i.c.PoolingHttpClientConnectionManager - Connection released: [id: 0][route: {}->http://localhost:8585][total kept alive: 1; route allocated: 1 of 2; total allocated: 1 of 20]
10:35:48.033 [pool-2-thread-1] DEBUG o.a.h.c.protocol.RequestAddCookies - CookieSpec selected: default
10:35:48.033 [pool-2-thread-1] DEBUG o.a.h.c.protocol.RequestAuthCache - Auth cache not set in the context
10:35:48.033 [pool-2-thread-1] DEBUG o.a.h.i.c.PoolingHttpClientConnectionManager - Connection request: [route: {}->http://localhost:8585][total kept alive: 1; route allocated: 1 of 2; total allocated: 1 of 20]
10:35:48.033 [pool-2-thread-1] DEBUG o.a.h.i.c.PoolingHttpClientConnectionManager - Connection leased: [id: 0][route: {}->http://localhost:8585][total kept alive: 0; route allocated: 1 of 2; total allocated: 1 of 20]
10:35:48.033 [pool-2-thread-1] DEBUG o.a.h.i.c.DefaultManagedHttpClientConnection - http-outgoing-0: set socket timeout to 0
10:35:48.033 [pool-2-thread-1] DEBUG o.a.h.i.c.DefaultManagedHttpClientConnection - http-outgoing-0: set socket timeout to 5000
10:35:48.033 [pool-2-thread-1] DEBUG o.a.h.impl.execchain.MainClientExec - Executing request POST /api/development/report/command HTTP/1.1
10:35:48.033 [pool-2-thread-1] DEBUG o.a.h.impl.execchain.MainClientExec - Proxy auth state: UNCHALLENGED
10:35:48.033 [pool-2-thread-1] DEBUG org.apache.http.headers - http-outgoing-0 >> POST /api/development/report/command HTTP/1.1
10:35:48.033 [pool-2-thread-1] DEBUG org.apache.http.headers - http-outgoing-0 >> Content-Length: 81
10:35:48.033 [pool-2-thread-1] DEBUG org.apache.http.headers - http-outgoing-0 >> Content-Type: application/json; charset=UTF-8
10:35:48.033 [pool-2-thread-1] DEBUG org.apache.http.headers - http-outgoing-0 >> Host: localhost:8585
10:35:48.033 [pool-2-thread-1] DEBUG org.apache.http.headers - http-outgoing-0 >> Connection: Keep-Alive
10:35:48.033 [pool-2-thread-1] DEBUG org.apache.http.headers - http-outgoing-0 >> User-Agent: Apache-HttpClient/4.5.9 (Java/11.0.11)
10:35:48.033 [pool-2-thread-1] DEBUG org.apache.http.headers - http-outgoing-0 >> Accept-Encoding: gzip,deflate
10:35:48.033 [pool-2-thread-1] DEBUG org.apache.http.headers - http-outgoing-0 >> Authorization: fHdacT69Ifkyd3lQ5OQCWjO_ZuQljpxJUSplQuaduoU
10:35:48.033 [pool-2-thread-1] DEBUG org.apache.http.headers - http-outgoing-0 >> Accept: application/json; charset=UTF-8
10:35:48.033 [pool-2-thread-1] DEBUG org.apache.http.wire - http-outgoing-0 >> "POST /api/development/report/command HTTP/1.1[\r][\n]"
10:35:48.034 [pool-2-thread-1] DEBUG org.apache.http.wire - http-outgoing-0 >> "Content-Length: 81[\r][\n]"
10:35:48.034 [pool-2-thread-1] DEBUG org.apache.http.wire - http-outgoing-0 >> "Content-Type: application/json; charset=UTF-8[\r][\n]"
10:35:48.034 [pool-2-thread-1] DEBUG org.apache.http.wire - http-outgoing-0 >> "Host: localhost:8585[\r][\n]"
10:35:48.034 [pool-2-thread-1] DEBUG org.apache.http.wire - http-outgoing-0 >> "Connection: Keep-Alive[\r][\n]"
10:35:48.034 [pool-2-thread-1] DEBUG org.apache.http.wire - http-outgoing-0 >> "User-Agent: Apache-HttpClient/4.5.9 (Java/11.0.11)[\r][\n]"
10:35:48.034 [pool-2-thread-1] DEBUG org.apache.http.wire - http-outgoing-0 >> "Accept-Encoding: gzip,deflate[\r][\n]"
10:35:48.034 [pool-2-thread-1] DEBUG org.apache.http.wire - http-outgoing-0 >> "Authorization: fHdacT69Ifkyd3lQ5OQCWjO_ZuQljpxJUSplQuaduoU[\r][\n]"
10:35:48.034 [pool-2-thread-1] DEBUG org.apache.http.wire - http-outgoing-0 >> "Accept: application/json; charset=UTF-8[\r][\n]"
10:35:48.034 [pool-2-thread-1] DEBUG org.apache.http.wire - http-outgoing-0 >> "[\r][\n]"
10:35:48.034 [pool-2-thread-1] DEBUG org.apache.http.wire - http-outgoing-0 >> "{"commandName":"setTimeout","commandParameters":{"implicit":10000},"passed":true}"
10:35:48.036 [pool-2-thread-1] DEBUG org.apache.http.wire - http-outgoing-0 << "HTTP/1.1 200 OK[\r][\n]"
10:35:48.036 [pool-2-thread-1] DEBUG org.apache.http.wire - http-outgoing-0 << "Date: Mon, 26 Jul 2021 05:05:48 GMT[\r][\n]"
10:35:48.036 [pool-2-thread-1] DEBUG org.apache.http.wire - http-outgoing-0 << "Cache-Control: private, no-cache, max-age=0[\r][\n]"
10:35:48.036 [pool-2-thread-1] DEBUG org.apache.http.wire - http-outgoing-0 << "Pragma: no-cache[\r][\n]"
10:35:48.036 [pool-2-thread-1] DEBUG org.apache.http.wire - http-outgoing-0 << "Expires: -1[\r][\n]"
10:35:48.036 [pool-2-thread-1] DEBUG org.apache.http.wire - http-outgoing-0 << "Content-Length: 0[\r][\n]"
10:35:48.036 [pool-2-thread-1] DEBUG org.apache.http.wire - http-outgoing-0 << "Server: Jetty(9.4.12.v20180830)[\r][\n]"
10:35:48.036 [pool-2-thread-1] DEBUG org.apache.http.wire - http-outgoing-0 << "[\r][\n]"
10:35:48.037 [pool-2-thread-1] DEBUG org.apache.http.headers - http-outgoing-0 << HTTP/1.1 200 OK
10:35:48.037 [pool-2-thread-1] DEBUG org.apache.http.headers - http-outgoing-0 << Date: Mon, 26 Jul 2021 05:05:48 GMT
10:35:48.037 [pool-2-thread-1] DEBUG org.apache.http.headers - http-outgoing-0 << Cache-Control: private, no-cache, max-age=0
10:35:48.037 [pool-2-thread-1] DEBUG org.apache.http.headers - http-outgoing-0 << Pragma: no-cache
10:35:48.037 [pool-2-thread-1] DEBUG org.apache.http.headers - http-outgoing-0 << Expires: -1
10:35:48.037 [pool-2-thread-1] DEBUG org.apache.http.headers - http-outgoing-0 << Content-Length: 0
10:35:48.037 [pool-2-thread-1] DEBUG org.apache.http.headers - http-outgoing-0 << Server: Jetty(9.4.12.v20180830)
10:35:48.037 [pool-2-thread-1] DEBUG o.a.h.impl.execchain.MainClientExec - Connection can be kept alive indefinitely
10:35:48.037 [pool-2-thread-1] DEBUG o.a.h.i.c.PoolingHttpClientConnectionManager - Connection [id: 0][route: {}->http://localhost:8585] can be kept alive indefinitely
10:35:48.037 [pool-2-thread-1] DEBUG o.a.h.i.c.DefaultManagedHttpClientConnection - http-outgoing-0: set socket timeout to 0
10:35:48.037 [pool-2-thread-1] DEBUG o.a.h.i.c.PoolingHttpClientConnectionManager - Connection released: [id: 0][route: {}->http://localhost:8585][total kept alive: 1; route allocated: 1 of 2; total allocated: 1 of 20]
10:35:48.584 [pool-2-thread-1] DEBUG o.a.h.c.protocol.RequestAddCookies - CookieSpec selected: default
10:35:48.584 [pool-2-thread-1] DEBUG o.a.h.c.protocol.RequestAuthCache - Auth cache not set in the context
10:35:48.584 [pool-2-thread-1] DEBUG o.a.h.i.c.PoolingHttpClientConnectionManager - Connection request: [route: {}->http://localhost:8585][total kept alive: 1; route allocated: 1 of 2; total allocated: 1 of 20]
10:35:48.584 [pool-2-thread-1] DEBUG o.a.h.i.c.PoolingHttpClientConnectionManager - Connection leased: [id: 0][route: {}->http://localhost:8585][total kept alive: 0; route allocated: 1 of 2; total allocated: 1 of 20]
10:35:48.584 [pool-2-thread-1] DEBUG o.a.h.i.c.DefaultManagedHttpClientConnection - http-outgoing-0: set socket timeout to 0
10:35:48.584 [pool-2-thread-1] DEBUG o.a.h.i.c.DefaultManagedHttpClientConnection - http-outgoing-0: set socket timeout to 5000
10:35:48.584 [pool-2-thread-1] DEBUG o.a.h.impl.execchain.MainClientExec - Executing request POST /api/development/report/command HTTP/1.1
10:35:48.584 [pool-2-thread-1] DEBUG o.a.h.impl.execchain.MainClientExec - Proxy auth state: UNCHALLENGED
10:35:48.585 [pool-2-thread-1] DEBUG org.apache.http.headers - http-outgoing-0 >> POST /api/development/report/command HTTP/1.1
10:35:48.585 [pool-2-thread-1] DEBUG org.apache.http.headers - http-outgoing-0 >> Content-Length: 255
10:35:48.585 [pool-2-thread-1] DEBUG org.apache.http.headers - http-outgoing-0 >> Content-Type: application/json; charset=UTF-8
10:35:48.585 [pool-2-thread-1] DEBUG org.apache.http.headers - http-outgoing-0 >> Host: localhost:8585
10:35:48.585 [pool-2-thread-1] DEBUG org.apache.http.headers - http-outgoing-0 >> Connection: Keep-Alive
10:35:48.585 [pool-2-thread-1] DEBUG org.apache.http.headers - http-outgoing-0 >> User-Agent: Apache-HttpClient/4.5.9 (Java/11.0.11)
10:35:48.585 [pool-2-thread-1] DEBUG org.apache.http.headers - http-outgoing-0 >> Accept-Encoding: gzip,deflate
10:35:48.585 [pool-2-thread-1] DEBUG org.apache.http.headers - http-outgoing-0 >> Authorization: fHdacT69Ifkyd3lQ5OQCWjO_ZuQljpxJUSplQuaduoU
10:35:48.585 [pool-2-thread-1] DEBUG org.apache.http.headers - http-outgoing-0 >> Accept: application/json; charset=UTF-8
10:35:48.585 [pool-2-thread-1] DEBUG org.apache.http.wire - http-outgoing-0 >> "POST /api/development/report/command HTTP/1.1[\r][\n]"
10:35:48.585 [pool-2-thread-1] DEBUG org.apache.http.wire - http-outgoing-0 >> "Content-Length: 255[\r][\n]"
10:35:48.585 [pool-2-thread-1] DEBUG org.apache.http.wire - http-outgoing-0 >> "Content-Type: application/json; charset=UTF-8[\r][\n]"
10:35:48.585 [pool-2-thread-1] DEBUG org.apache.http.wire - http-outgoing-0 >> "Host: localhost:8585[\r][\n]"
10:35:48.585 [pool-2-thread-1] DEBUG org.apache.http.wire - http-outgoing-0 >> "Connection: Keep-Alive[\r][\n]"
10:35:48.585 [pool-2-thread-1] DEBUG org.apache.http.wire - http-outgoing-0 >> "User-Agent: Apache-HttpClient/4.5.9 (Java/11.0.11)[\r][\n]"
10:35:48.585 [pool-2-thread-1] DEBUG org.apache.http.wire - http-outgoing-0 >> "Accept-Encoding: gzip,deflate[\r][\n]"
10:35:48.585 [pool-2-thread-1] DEBUG org.apache.http.wire - http-outgoing-0 >> "Authorization: fHdacT69Ifkyd3lQ5OQCWjO_ZuQljpxJUSplQuaduoU[\r][\n]"
10:35:48.585 [pool-2-thread-1] DEBUG org.apache.http.wire - http-outgoing-0 >> "Accept: application/json; charset=UTF-8[\r][\n]"
10:35:48.585 [pool-2-thread-1] DEBUG org.apache.http.wire - http-outgoing-0 >> "[\r][\n]"
10:35:48.586 [pool-2-thread-1] DEBUG org.apache.http.wire - http-outgoing-0 >> "{"commandName":"findElement","commandParameters":{"using":"xpath","value":"//XCUIElementTypeTextField"},"result":{"element-6066-11e4-a52e-4f735466cecf":"27000000-0000-0000-F16E-000000000000","ELEMENT":"27000000-0000-0000-F16E-000000000000"},"passed":true}"
10:35:48.595 [pool-2-thread-1] DEBUG org.apache.http.wire - http-outgoing-0 << "HTTP/1.1 200 OK[\r][\n]"
10:35:48.596 [pool-2-thread-1] DEBUG org.apache.http.wire - http-outgoing-0 << "Date: Mon, 26 Jul 2021 05:05:48 GMT[\r][\n]"
10:35:48.596 [pool-2-thread-1] DEBUG org.apache.http.wire - http-outgoing-0 << "Cache-Control: private, no-cache, max-age=0[\r][\n]"
10:35:48.596 [pool-2-thread-1] DEBUG org.apache.http.wire - http-outgoing-0 << "Pragma: no-cache[\r][\n]"
10:35:48.596 [pool-2-thread-1] DEBUG org.apache.http.wire - http-outgoing-0 << "Expires: -1[\r][\n]"
10:35:48.596 [pool-2-thread-1] DEBUG org.apache.http.wire - http-outgoing-0 << "Content-Length: 0[\r][\n]"
10:35:48.596 [pool-2-thread-1] DEBUG org.apache.http.wire - http-outgoing-0 << "Server: Jetty(9.4.12.v20180830)[\r][\n]"
10:35:48.596 [pool-2-thread-1] DEBUG org.apache.http.wire - http-outgoing-0 << "[\r][\n]"
10:35:48.596 [pool-2-thread-1] DEBUG org.apache.http.headers - http-outgoing-0 << HTTP/1.1 200 OK
10:35:48.596 [pool-2-thread-1] DEBUG org.apache.http.headers - http-outgoing-0 << Date: Mon, 26 Jul 2021 05:05:48 GMT
10:35:48.596 [pool-2-thread-1] DEBUG org.apache.http.headers - http-outgoing-0 << Cache-Control: private, no-cache, max-age=0
10:35:48.597 [pool-2-thread-1] DEBUG org.apache.http.headers - http-outgoing-0 << Pragma: no-cache
10:35:48.597 [pool-2-thread-1] DEBUG org.apache.http.headers - http-outgoing-0 << Expires: -1
10:35:48.597 [pool-2-thread-1] DEBUG org.apache.http.headers - http-outgoing-0 << Content-Length: 0
10:35:48.597 [pool-2-thread-1] DEBUG org.apache.http.headers - http-outgoing-0 << Server: Jetty(9.4.12.v20180830)
10:35:48.597 [pool-2-thread-1] DEBUG o.a.h.impl.execchain.MainClientExec - Connection can be kept alive indefinitely
10:35:48.597 [pool-2-thread-1] DEBUG o.a.h.i.c.PoolingHttpClientConnectionManager - Connection [id: 0][route: {}->http://localhost:8585] can be kept alive indefinitely
10:35:48.597 [pool-2-thread-1] DEBUG o.a.h.i.c.DefaultManagedHttpClientConnection - http-outgoing-0: set socket timeout to 0
10:35:48.598 [pool-2-thread-1] DEBUG o.a.h.i.c.PoolingHttpClientConnectionManager - Connection released: [id: 0][route: {}->http://localhost:8585][total kept alive: 1; route allocated: 1 of 2; total allocated: 1 of 20]
10:35:49.528 [pool-2-thread-1] DEBUG o.a.h.c.protocol.RequestAddCookies - CookieSpec selected: default
10:35:49.528 [pool-2-thread-1] DEBUG o.a.h.c.protocol.RequestAuthCache - Auth cache not set in the context
10:35:49.528 [pool-2-thread-1] DEBUG o.a.h.i.c.PoolingHttpClientConnectionManager - Connection request: [route: {}->http://localhost:8585][total kept alive: 1; route allocated: 1 of 2; total allocated: 1 of 20]
10:35:49.528 [pool-2-thread-1] DEBUG o.a.h.i.c.PoolingHttpClientConnectionManager - Connection leased: [id: 0][route: {}->http://localhost:8585][total kept alive: 0; route allocated: 1 of 2; total allocated: 1 of 20]
10:35:49.529 [pool-2-thread-1] DEBUG o.a.h.i.c.DefaultManagedHttpClientConnection - http-outgoing-0: set socket timeout to 0
10:35:49.529 [pool-2-thread-1] DEBUG o.a.h.i.c.DefaultManagedHttpClientConnection - http-outgoing-0: set socket timeout to 5000
10:35:49.529 [pool-2-thread-1] DEBUG o.a.h.impl.execchain.MainClientExec - Executing request POST /api/development/report/command HTTP/1.1
10:35:49.529 [pool-2-thread-1] DEBUG o.a.h.impl.execchain.MainClientExec - Proxy auth state: UNCHALLENGED
10:35:49.529 [pool-2-thread-1] DEBUG org.apache.http.headers - http-outgoing-0 >> POST /api/development/report/command HTTP/1.1
10:35:49.529 [pool-2-thread-1] DEBUG org.apache.http.headers - http-outgoing-0 >> Content-Length: 138
10:35:49.529 [pool-2-thread-1] DEBUG org.apache.http.headers - http-outgoing-0 >> Content-Type: application/json; charset=UTF-8
10:35:49.529 [pool-2-thread-1] DEBUG org.apache.http.headers - http-outgoing-0 >> Host: localhost:8585
10:35:49.529 [pool-2-thread-1] DEBUG org.apache.http.headers - http-outgoing-0 >> Connection: Keep-Alive
10:35:49.529 [pool-2-thread-1] DEBUG org.apache.http.headers - http-outgoing-0 >> User-Agent: Apache-HttpClient/4.5.9 (Java/11.0.11)
10:35:49.529 [pool-2-thread-1] DEBUG org.apache.http.headers - http-outgoing-0 >> Accept-Encoding: gzip,deflate
10:35:49.529 [pool-2-thread-1] DEBUG org.apache.http.headers - http-outgoing-0 >> Authorization: fHdacT69Ifkyd3lQ5OQCWjO_ZuQljpxJUSplQuaduoU
10:35:49.529 [pool-2-thread-1] DEBUG org.apache.http.headers - http-outgoing-0 >> Accept: application/json; charset=UTF-8
10:35:49.530 [pool-2-thread-1] DEBUG org.apache.http.wire - http-outgoing-0 >> "POST /api/development/report/command HTTP/1.1[\r][\n]"
10:35:49.530 [pool-2-thread-1] DEBUG org.apache.http.wire - http-outgoing-0 >> "Content-Length: 138[\r][\n]"
10:35:49.530 [pool-2-thread-1] DEBUG org.apache.http.wire - http-outgoing-0 >> "Content-Type: application/json; charset=UTF-8[\r][\n]"
10:35:49.530 [pool-2-thread-1] DEBUG org.apache.http.wire - http-outgoing-0 >> "Host: localhost:8585[\r][\n]"
10:35:49.530 [pool-2-thread-1] DEBUG org.apache.http.wire - http-outgoing-0 >> "Connection: Keep-Alive[\r][\n]"
10:35:49.530 [pool-2-thread-1] DEBUG org.apache.http.wire - http-outgoing-0 >> "User-Agent: Apache-HttpClient/4.5.9 (Java/11.0.11)[\r][\n]"
10:35:49.530 [pool-2-thread-1] DEBUG org.apache.http.wire - http-outgoing-0 >> "Accept-Encoding: gzip,deflate[\r][\n]"
10:35:49.530 [pool-2-thread-1] DEBUG org.apache.http.wire - http-outgoing-0 >> "Authorization: fHdacT69Ifkyd3lQ5OQCWjO_ZuQljpxJUSplQuaduoU[\r][\n]"
10:35:49.530 [pool-2-thread-1] DEBUG org.apache.http.wire - http-outgoing-0 >> "Accept: application/json; charset=UTF-8[\r][\n]"
10:35:49.530 [pool-2-thread-1] DEBUG org.apache.http.wire - http-outgoing-0 >> "[\r][\n]"
10:35:49.530 [pool-2-thread-1] DEBUG org.apache.http.wire - http-outgoing-0 >> "{"commandName":"sendKeysToElement","commandParameters":{"id":"27000000-0000-0000-F16E-000000000000","value":["1231231234"]},"passed":true}"
10:35:49.537 [pool-2-thread-1] DEBUG org.apache.http.wire - http-outgoing-0 << "HTTP/1.1 200 OK[\r][\n]"
10:35:49.537 [pool-2-thread-1] DEBUG org.apache.http.wire - http-outgoing-0 << "Date: Mon, 26 Jul 2021 05:05:49 GMT[\r][\n]"
10:35:49.537 [pool-2-thread-1] DEBUG org.apache.http.wire - http-outgoing-0 << "Cache-Control: private, no-cache, max-age=0[\r][\n]"
10:35:49.537 [pool-2-thread-1] DEBUG org.apache.http.wire - http-outgoing-0 << "Pragma: no-cache[\r][\n]"
10:35:49.537 [pool-2-thread-1] DEBUG org.apache.http.wire - http-outgoing-0 << "Expires: -1[\r][\n]"
10:35:49.537 [pool-2-thread-1] DEBUG org.apache.http.wire - http-outgoing-0 << "Content-Length: 0[\r][\n]"
10:35:49.537 [pool-2-thread-1] DEBUG org.apache.http.wire - http-outgoing-0 << "Server: Jetty(9.4.12.v20180830)[\r][\n]"
10:35:49.537 [pool-2-thread-1] DEBUG org.apache.http.wire - http-outgoing-0 << "[\r][\n]"
10:35:49.537 [pool-2-thread-1] DEBUG org.apache.http.headers - http-outgoing-0 << HTTP/1.1 200 OK
10:35:49.537 [pool-2-thread-1] DEBUG org.apache.http.headers - http-outgoing-0 << Date: Mon, 26 Jul 2021 05:05:49 GMT
10:35:49.537 [pool-2-thread-1] DEBUG org.apache.http.headers - http-outgoing-0 << Cache-Control: private, no-cache, max-age=0
10:35:49.537 [pool-2-thread-1] DEBUG org.apache.http.headers - http-outgoing-0 << Pragma: no-cache
10:35:49.537 [pool-2-thread-1] DEBUG org.apache.http.headers - http-outgoing-0 << Expires: -1
10:35:49.537 [pool-2-thread-1] DEBUG org.apache.http.headers - http-outgoing-0 << Content-Length: 0
10:35:49.537 [pool-2-thread-1] DEBUG org.apache.http.headers - http-outgoing-0 << Server: Jetty(9.4.12.v20180830)
10:35:49.537 [pool-2-thread-1] DEBUG o.a.h.impl.execchain.MainClientExec - Connection can be kept alive indefinitely
10:35:49.537 [pool-2-thread-1] DEBUG o.a.h.i.c.PoolingHttpClientConnectionManager - Connection [id: 0][route: {}->http://localhost:8585] can be kept alive indefinitely
10:35:49.537 [pool-2-thread-1] DEBUG o.a.h.i.c.DefaultManagedHttpClientConnection - http-outgoing-0: set socket timeout to 0
10:35:49.537 [pool-2-thread-1] DEBUG o.a.h.i.c.PoolingHttpClientConnectionManager - Connection released: [id: 0][route: {}->http://localhost:8585][total kept alive: 1; route allocated: 1 of 2; total allocated: 1 of 20]
10:35:50.069 [pool-2-thread-1] DEBUG o.a.h.c.protocol.RequestAddCookies - CookieSpec selected: default
10:35:50.069 [pool-2-thread-1] DEBUG o.a.h.c.protocol.RequestAuthCache - Auth cache not set in the context
10:35:50.069 [pool-2-thread-1] DEBUG o.a.h.i.c.PoolingHttpClientConnectionManager - Connection request: [route: {}->http://localhost:8585][total kept alive: 1; route allocated: 1 of 2; total allocated: 1 of 20]
10:35:50.070 [pool-2-thread-1] DEBUG o.a.h.i.c.PoolingHttpClientConnectionManager - Connection leased: [id: 0][route: {}->http://localhost:8585][total kept alive: 0; route allocated: 1 of 2; total allocated: 1 of 20]
10:35:50.070 [pool-2-thread-1] DEBUG o.a.h.i.c.DefaultManagedHttpClientConnection - http-outgoing-0: set socket timeout to 0
10:35:50.070 [pool-2-thread-1] DEBUG o.a.h.i.c.DefaultManagedHttpClientConnection - http-outgoing-0: set socket timeout to 5000
10:35:50.070 [pool-2-thread-1] DEBUG o.a.h.impl.execchain.MainClientExec - Executing request POST /api/development/report/command HTTP/1.1
10:35:50.070 [pool-2-thread-1] DEBUG o.a.h.impl.execchain.MainClientExec - Proxy auth state: UNCHALLENGED
10:35:50.070 [pool-2-thread-1] DEBUG org.apache.http.headers - http-outgoing-0 >> POST /api/development/report/command HTTP/1.1
10:35:50.070 [pool-2-thread-1] DEBUG org.apache.http.headers - http-outgoing-0 >> Content-Length: 261
10:35:50.070 [pool-2-thread-1] DEBUG org.apache.http.headers - http-outgoing-0 >> Content-Type: application/json; charset=UTF-8
10:35:50.070 [pool-2-thread-1] DEBUG org.apache.http.headers - http-outgoing-0 >> Host: localhost:8585
10:35:50.070 [pool-2-thread-1] DEBUG org.apache.http.headers - http-outgoing-0 >> Connection: Keep-Alive
10:35:50.070 [pool-2-thread-1] DEBUG org.apache.http.headers - http-outgoing-0 >> User-Agent: Apache-HttpClient/4.5.9 (Java/11.0.11)
10:35:50.070 [pool-2-thread-1] DEBUG org.apache.http.headers - http-outgoing-0 >> Accept-Encoding: gzip,deflate
10:35:50.070 [pool-2-thread-1] DEBUG org.apache.http.headers - http-outgoing-0 >> Authorization: fHdacT69Ifkyd3lQ5OQCWjO_ZuQljpxJUSplQuaduoU
10:35:50.070 [pool-2-thread-1] DEBUG org.apache.http.headers - http-outgoing-0 >> Accept: application/json; charset=UTF-8
10:35:50.071 [pool-2-thread-1] DEBUG org.apache.http.wire - http-outgoing-0 >> "POST /api/development/report/command HTTP/1.1[\r][\n]"
10:35:50.071 [pool-2-thread-1] DEBUG org.apache.http.wire - http-outgoing-0 >> "Content-Length: 261[\r][\n]"
10:35:50.071 [pool-2-thread-1] DEBUG org.apache.http.wire - http-outgoing-0 >> "Content-Type: application/json; charset=UTF-8[\r][\n]"
10:35:50.071 [pool-2-thread-1] DEBUG org.apache.http.wire - http-outgoing-0 >> "Host: localhost:8585[\r][\n]"
10:35:50.071 [pool-2-thread-1] DEBUG org.apache.http.wire - http-outgoing-0 >> "Connection: Keep-Alive[\r][\n]"
10:35:50.071 [pool-2-thread-1] DEBUG org.apache.http.wire - http-outgoing-0 >> "User-Agent: Apache-HttpClient/4.5.9 (Java/11.0.11)[\r][\n]"
10:35:50.071 [pool-2-thread-1] DEBUG org.apache.http.wire - http-outgoing-0 >> "Accept-Encoding: gzip,deflate[\r][\n]"
10:35:50.071 [pool-2-thread-1] DEBUG org.apache.http.wire - http-outgoing-0 >> "Authorization: fHdacT69Ifkyd3lQ5OQCWjO_ZuQljpxJUSplQuaduoU[\r][\n]"
10:35:50.071 [pool-2-thread-1] DEBUG org.apache.http.wire - http-outgoing-0 >> "Accept: application/json; charset=UTF-8[\r][\n]"
10:35:50.071 [pool-2-thread-1] DEBUG org.apache.http.wire - http-outgoing-0 >> "[\r][\n]"
10:35:50.071 [pool-2-thread-1] DEBUG org.apache.http.wire - http-outgoing-0 >> "{"commandName":"findElement","commandParameters":{"using":"xpath","value":"//XCUIElementTypeSecureTextField"},"result":{"element-6066-11e4-a52e-4f735466cecf":"29000000-0000-0000-F16E-000000000000","ELEMENT":"29000000-0000-0000-F16E-000000000000"},"passed":true}"
10:35:50.080 [pool-2-thread-1] DEBUG org.apache.http.wire - http-outgoing-0 << "HTTP/1.1 200 OK[\r][\n]"
10:35:50.080 [pool-2-thread-1] DEBUG org.apache.http.wire - http-outgoing-0 << "Date: Mon, 26 Jul 2021 05:05:50 GMT[\r][\n]"
10:35:50.080 [pool-2-thread-1] DEBUG org.apache.http.wire - http-outgoing-0 << "Cache-Control: private, no-cache, max-age=0[\r][\n]"
10:35:50.080 [pool-2-thread-1] DEBUG org.apache.http.wire - http-outgoing-0 << "Pragma: no-cache[\r][\n]"
10:35:50.080 [pool-2-thread-1] DEBUG org.apache.http.wire - http-outgoing-0 << "Expires: -1[\r][\n]"
10:35:50.080 [pool-2-thread-1] DEBUG org.apache.http.wire - http-outgoing-0 << "Content-Length: 0[\r][\n]"
10:35:50.080 [pool-2-thread-1] DEBUG org.apache.http.wire - http-outgoing-0 << "Server: Jetty(9.4.12.v20180830)[\r][\n]"
10:35:50.080 [pool-2-thread-1] DEBUG org.apache.http.wire - http-outgoing-0 << "[\r][\n]"
10:35:50.080 [pool-2-thread-1] DEBUG org.apache.http.headers - http-outgoing-0 << HTTP/1.1 200 OK
10:35:50.080 [pool-2-thread-1] DEBUG org.apache.http.headers - http-outgoing-0 << Date: Mon, 26 Jul 2021 05:05:50 GMT
10:35:50.080 [pool-2-thread-1] DEBUG org.apache.http.headers - http-outgoing-0 << Cache-Control: private, no-cache, max-age=0
10:35:50.081 [pool-2-thread-1] DEBUG org.apache.http.headers - http-outgoing-0 << Pragma: no-cache
10:35:50.081 [pool-2-thread-1] DEBUG org.apache.http.headers - http-outgoing-0 << Expires: -1
10:35:50.081 [pool-2-thread-1] DEBUG org.apache.http.headers - http-outgoing-0 << Content-Length: 0
10:35:50.081 [pool-2-thread-1] DEBUG org.apache.http.headers - http-outgoing-0 << Server: Jetty(9.4.12.v20180830)
10:35:50.081 [pool-2-thread-1] DEBUG o.a.h.impl.execchain.MainClientExec - Connection can be kept alive indefinitely
10:35:50.081 [pool-2-thread-1] DEBUG o.a.h.i.c.PoolingHttpClientConnectionManager - Connection [id: 0][route: {}->http://localhost:8585] can be kept alive indefinitely
10:35:50.081 [pool-2-thread-1] DEBUG o.a.h.i.c.DefaultManagedHttpClientConnection - http-outgoing-0: set socket timeout to 0
10:35:50.082 [pool-2-thread-1] DEBUG o.a.h.i.c.PoolingHttpClientConnectionManager - Connection released: [id: 0][route: {}->http://localhost:8585][total kept alive: 1; route allocated: 1 of 2; total allocated: 1 of 20]
  &amp#27;[32mWhen &amp#27;[0m&amp#27;[32menters valid phonenumber and password&amp#27;[0m      &amp#27;[90m# Stepdefinitions.Login_positive_scenario.enter_valid_cred()&amp#27;[0m
10:35:51.065 [pool-2-thread-1] DEBUG o.a.h.c.protocol.RequestAddCookies - CookieSpec selected: default
10:35:51.065 [pool-2-thread-1] DEBUG o.a.h.c.protocol.RequestAuthCache - Auth cache not set in the context
10:35:51.065 [pool-2-thread-1] DEBUG o.a.h.i.c.PoolingHttpClientConnectionManager - Connection request: [route: {}->http://localhost:8585][total kept alive: 1; route allocated: 1 of 2; total allocated: 1 of 20]
10:35:51.065 [pool-2-thread-1] DEBUG o.a.h.i.c.PoolingHttpClientConnectionManager - Connection leased: [id: 0][route: {}->http://localhost:8585][total kept alive: 0; route allocated: 1 of 2; total allocated: 1 of 20]
10:35:51.065 [pool-2-thread-1] DEBUG o.a.h.i.c.DefaultManagedHttpClientConnection - http-outgoing-0: set socket timeout to 0
10:35:51.065 [pool-2-thread-1] DEBUG o.a.h.i.c.DefaultManagedHttpClientConnection - http-outgoing-0: set socket timeout to 5000
10:35:51.065 [pool-2-thread-1] DEBUG o.a.h.impl.execchain.MainClientExec - Executing request POST /api/development/report/command HTTP/1.1
10:35:51.065 [pool-2-thread-1] DEBUG o.a.h.impl.execchain.MainClientExec - Proxy auth state: UNCHALLENGED
10:35:51.065 [pool-2-thread-1] DEBUG org.apache.http.headers - http-outgoing-0 >> POST /api/development/report/command HTTP/1.1
10:35:51.065 [pool-2-thread-1] DEBUG org.apache.http.headers - http-outgoing-0 >> Content-Length: 129
10:35:51.065 [pool-2-thread-1] DEBUG org.apache.http.headers - http-outgoing-0 >> Content-Type: application/json; charset=UTF-8
10:35:51.065 [pool-2-thread-1] DEBUG org.apache.http.headers - http-outgoing-0 >> Host: localhost:8585
10:35:51.065 [pool-2-thread-1] DEBUG org.apache.http.headers - http-outgoing-0 >> Connection: Keep-Alive
10:35:51.065 [pool-2-thread-1] DEBUG org.apache.http.headers - http-outgoing-0 >> User-Agent: Apache-HttpClient/4.5.9 (Java/11.0.11)
10:35:51.065 [pool-2-thread-1] DEBUG org.apache.http.headers - http-outgoing-0 >> Accept-Encoding: gzip,deflate
10:35:51.065 [pool-2-thread-1] DEBUG org.apache.http.headers - http-outgoing-0 >> Authorization: fHdacT69Ifkyd3lQ5OQCWjO_ZuQljpxJUSplQuaduoU
10:35:51.065 [pool-2-thread-1] DEBUG org.apache.http.headers - http-outgoing-0 >> Accept: application/json; charset=UTF-8
10:35:51.065 [pool-2-thread-1] DEBUG org.apache.http.wire - http-outgoing-0 >> "POST /api/development/report/command HTTP/1.1[\r][\n]"
10:35:51.065 [pool-2-thread-1] DEBUG org.apache.http.wire - http-outgoing-0 >> "Content-Length: 129[\r][\n]"
10:35:51.065 [pool-2-thread-1] DEBUG org.apache.http.wire - http-outgoing-0 >> "Content-Type: application/json; charset=UTF-8[\r][\n]"
10:35:51.065 [pool-2-thread-1] DEBUG org.apache.http.wire - http-outgoing-0 >> "Host: localhost:8585[\r][\n]"
10:35:51.065 [pool-2-thread-1] DEBUG org.apache.http.wire - http-outgoing-0 >> "Connection: Keep-Alive[\r][\n]"
10:35:51.065 [pool-2-thread-1] DEBUG org.apache.http.wire - http-outgoing-0 >> "User-Agent: Apache-HttpClient/4.5.9 (Java/11.0.11)[\r][\n]"
10:35:51.065 [pool-2-thread-1] DEBUG org.apache.http.wire - http-outgoing-0 >> "Accept-Encoding: gzip,deflate[\r][\n]"
10:35:51.065 [pool-2-thread-1] DEBUG org.apache.http.wire - http-outgoing-0 >> "Authorization: fHdacT69Ifkyd3lQ5OQCWjO_ZuQljpxJUSplQuaduoU[\r][\n]"
10:35:51.065 [pool-2-thread-1] DEBUG org.apache.http.wire - http-outgoing-0 >> "Accept: application/json; charset=UTF-8[\r][\n]"
10:35:51.065 [pool-2-thread-1] DEBUG org.apache.http.wire - http-outgoing-0 >> "[\r][\n]"
10:35:51.065 [pool-2-thread-1] DEBUG org.apache.http.wire - http-outgoing-0 >> "{"commandName":"sendKeysToElement","commandParameters":{"id":"29000000-0000-0000-F16E-000000000000","value":"***"},"passed":true}"
10:35:51.071 [pool-2-thread-1] DEBUG org.apache.http.wire - http-outgoing-0 << "HTTP/1.1 200 OK[\r][\n]"
10:35:51.071 [pool-2-thread-1] DEBUG org.apache.http.wire - http-outgoing-0 << "Date: Mon, 26 Jul 2021 05:05:51 GMT[\r][\n]"
10:35:51.071 [pool-2-thread-1] DEBUG org.apache.http.wire - http-outgoing-0 << "Cache-Control: private, no-cache, max-age=0[\r][\n]"
10:35:51.071 [pool-2-thread-1] DEBUG org.apache.http.wire - http-outgoing-0 << "Pragma: no-cache[\r][\n]"
10:35:51.071 [pool-2-thread-1] DEBUG org.apache.http.wire - http-outgoing-0 << "Expires: -1[\r][\n]"
10:35:51.071 [pool-2-thread-1] DEBUG org.apache.http.wire - http-outgoing-0 << "Content-Length: 0[\r][\n]"
10:35:51.071 [pool-2-thread-1] DEBUG org.apache.http.wire - http-outgoing-0 << "Server: Jetty(9.4.12.v20180830)[\r][\n]"
10:35:51.071 [pool-2-thread-1] DEBUG org.apache.http.wire - http-outgoing-0 << "[\r][\n]"
10:35:51.071 [pool-2-thread-1] DEBUG org.apache.http.headers - http-outgoing-0 << HTTP/1.1 200 OK
10:35:51.071 [pool-2-thread-1] DEBUG org.apache.http.headers - http-outgoing-0 << Date: Mon, 26 Jul 2021 05:05:51 GMT
10:35:51.071 [pool-2-thread-1] DEBUG org.apache.http.headers - http-outgoing-0 << Cache-Control: private, no-cache, max-age=0
10:35:51.071 [pool-2-thread-1] DEBUG org.apache.http.headers - http-outgoing-0 << Pragma: no-cache
10:35:51.071 [pool-2-thread-1] DEBUG org.apache.http.headers - http-outgoing-0 << Expires: -1
10:35:51.071 [pool-2-thread-1] DEBUG org.apache.http.headers - http-outgoing-0 << Content-Length: 0
10:35:51.071 [pool-2-thread-1] DEBUG org.apache.http.headers - http-outgoing-0 << Server: Jetty(9.4.12.v20180830)
10:35:51.071 [pool-2-thread-1] DEBUG o.a.h.impl.execchain.MainClientExec - Connection can be kept alive indefinitely
10:35:51.071 [pool-2-thread-1] DEBUG o.a.h.i.c.PoolingHttpClientConnectionManager - Connection [id: 0][route: {}->http://localhost:8585] can be kept alive indefinitely
10:35:51.071 [pool-2-thread-1] DEBUG o.a.h.i.c.DefaultManagedHttpClientConnection - http-outgoing-0: set socket timeout to 0
10:35:51.072 [pool-2-thread-1] DEBUG o.a.h.i.c.PoolingHttpClientConnectionManager - Connection released: [id: 0][route: {}->http://localhost:8585][total kept alive: 1; route allocated: 1 of 2; total allocated: 1 of 20]
10:35:51.623 [pool-2-thread-1] DEBUG o.a.h.c.protocol.RequestAddCookies - CookieSpec selected: default
10:35:51.623 [pool-2-thread-1] DEBUG o.a.h.c.protocol.RequestAuthCache - Auth cache not set in the context
10:35:51.623 [pool-2-thread-1] DEBUG o.a.h.i.c.PoolingHttpClientConnectionManager - Connection request: [route: {}->http://localhost:8585][total kept alive: 1; route allocated: 1 of 2; total allocated: 1 of 20]
10:35:51.623 [pool-2-thread-1] DEBUG o.a.h.i.c.PoolingHttpClientConnectionManager - Connection leased: [id: 0][route: {}->http://localhost:8585][total kept alive: 0; route allocated: 1 of 2; total allocated: 1 of 20]
10:35:51.623 [pool-2-thread-1] DEBUG o.a.h.i.c.DefaultManagedHttpClientConnection - http-outgoing-0: set socket timeout to 0
10:35:51.623 [pool-2-thread-1] DEBUG o.a.h.i.c.DefaultManagedHttpClientConnection - http-outgoing-0: set socket timeout to 5000
10:35:51.623 [pool-2-thread-1] DEBUG o.a.h.impl.execchain.MainClientExec - Executing request POST /api/development/report/command HTTP/1.1
10:35:51.623 [pool-2-thread-1] DEBUG o.a.h.impl.execchain.MainClientExec - Proxy auth state: UNCHALLENGED
10:35:51.623 [pool-2-thread-1] DEBUG org.apache.http.headers - http-outgoing-0 >> POST /api/development/report/command HTTP/1.1
10:35:51.623 [pool-2-thread-1] DEBUG org.apache.http.headers - http-outgoing-0 >> Content-Length: 276
10:35:51.623 [pool-2-thread-1] DEBUG org.apache.http.headers - http-outgoing-0 >> Content-Type: application/json; charset=UTF-8
10:35:51.623 [pool-2-thread-1] DEBUG org.apache.http.headers - http-outgoing-0 >> Host: localhost:8585
10:35:51.623 [pool-2-thread-1] DEBUG org.apache.http.headers - http-outgoing-0 >> Connection: Keep-Alive
10:35:51.623 [pool-2-thread-1] DEBUG org.apache.http.headers - http-outgoing-0 >> User-Agent: Apache-HttpClient/4.5.9 (Java/11.0.11)
10:35:51.623 [pool-2-thread-1] DEBUG org.apache.http.headers - http-outgoing-0 >> Accept-Encoding: gzip,deflate
10:35:51.623 [pool-2-thread-1] DEBUG org.apache.http.headers - http-outgoing-0 >> Authorization: fHdacT69Ifkyd3lQ5OQCWjO_ZuQljpxJUSplQuaduoU
10:35:51.623 [pool-2-thread-1] DEBUG org.apache.http.headers - http-outgoing-0 >> Accept: application/json; charset=UTF-8
10:35:51.623 [pool-2-thread-1] DEBUG org.apache.http.wire - http-outgoing-0 >> "POST /api/development/report/command HTTP/1.1[\r][\n]"
10:35:51.623 [pool-2-thread-1] DEBUG org.apache.http.wire - http-outgoing-0 >> "Content-Length: 276[\r][\n]"
10:35:51.623 [pool-2-thread-1] DEBUG org.apache.http.wire - http-outgoing-0 >> "Content-Type: application/json; charset=UTF-8[\r][\n]"
10:35:51.623 [pool-2-thread-1] DEBUG org.apache.http.wire - http-outgoing-0 >> "Host: localhost:8585[\r][\n]"
10:35:51.623 [pool-2-thread-1] DEBUG org.apache.http.wire - http-outgoing-0 >> "Connection: Keep-Alive[\r][\n]"
10:35:51.623 [pool-2-thread-1] DEBUG org.apache.http.wire - http-outgoing-0 >> "User-Agent: Apache-HttpClient/4.5.9 (Java/11.0.11)[\r][\n]"
10:35:51.623 [pool-2-thread-1] DEBUG org.apache.http.wire - http-outgoing-0 >> "Accept-Encoding: gzip,deflate[\r][\n]"
10:35:51.623 [pool-2-thread-1] DEBUG org.apache.http.wire - http-outgoing-0 >> "Authorization: fHdacT69Ifkyd3lQ5OQCWjO_ZuQljpxJUSplQuaduoU[\r][\n]"
10:35:51.623 [pool-2-thread-1] DEBUG org.apache.http.wire - http-outgoing-0 >> "Accept: application/json; charset=UTF-8[\r][\n]"
10:35:51.623 [pool-2-thread-1] DEBUG org.apache.http.wire - http-outgoing-0 >> "[\r][\n]"
10:35:51.623 [pool-2-thread-1] DEBUG org.apache.http.wire - http-outgoing-0 >> "{"commandName":"findElement","commandParameters":{"using":"xpath","value":"//XCUIElementTypeOther[7]/XCUIElementTypeButton"},"result":{"element-6066-11e4-a52e-4f735466cecf":"33000000-0000-0000-F16E-000000000000","ELEMENT":"33000000-0000-0000-F16E-000000000000"},"passed":true}"
10:35:51.627 [pool-2-thread-1] DEBUG org.apache.http.wire - http-outgoing-0 << "HTTP/1.1 200 OK[\r][\n]"
10:35:51.627 [pool-2-thread-1] DEBUG org.apache.http.wire - http-outgoing-0 << "Date: Mon, 26 Jul 2021 05:05:51 GMT[\r][\n]"
10:35:51.627 [pool-2-thread-1] DEBUG org.apache.http.wire - http-outgoing-0 << "Cache-Control: private, no-cache, max-age=0[\r][\n]"
10:35:51.627 [pool-2-thread-1] DEBUG org.apache.http.wire - http-outgoing-0 << "Pragma: no-cache[\r][\n]"
10:35:51.627 [pool-2-thread-1] DEBUG org.apache.http.wire - http-outgoing-0 << "Expires: -1[\r][\n]"
10:35:51.627 [pool-2-thread-1] DEBUG org.apache.http.wire - http-outgoing-0 << "Content-Length: 0[\r][\n]"
10:35:51.627 [pool-2-thread-1] DEBUG org.apache.http.wire - http-outgoing-0 << "Server: Jetty(9.4.12.v20180830)[\r][\n]"
10:35:51.627 [pool-2-thread-1] DEBUG org.apache.http.wire - http-outgoing-0 << "[\r][\n]"
10:35:51.627 [pool-2-thread-1] DEBUG org.apache.http.headers - http-outgoing-0 << HTTP/1.1 200 OK
10:35:51.627 [pool-2-thread-1] DEBUG org.apache.http.headers - http-outgoing-0 << Date: Mon, 26 Jul 2021 05:05:51 GMT
10:35:51.627 [pool-2-thread-1] DEBUG org.apache.http.headers - http-outgoing-0 << Cache-Control: private, no-cache, max-age=0
10:35:51.627 [pool-2-thread-1] DEBUG org.apache.http.headers - http-outgoing-0 << Pragma: no-cache
10:35:51.627 [pool-2-thread-1] DEBUG org.apache.http.headers - http-outgoing-0 << Expires: -1
10:35:51.627 [pool-2-thread-1] DEBUG org.apache.http.headers - http-outgoing-0 << Content-Length: 0
10:35:51.627 [pool-2-thread-1] DEBUG org.apache.http.headers - http-outgoing-0 << Server: Jetty(9.4.12.v20180830)
10:35:51.627 [pool-2-thread-1] DEBUG o.a.h.impl.execchain.MainClientExec - Connection can be kept alive indefinitely
10:35:51.627 [pool-2-thread-1] DEBUG o.a.h.i.c.PoolingHttpClientConnectionManager - Connection [id: 0][route: {}->http://localhost:8585] can be kept alive indefinitely
10:35:51.627 [pool-2-thread-1] DEBUG o.a.h.i.c.DefaultManagedHttpClientConnection - http-outgoing-0: set socket timeout to 0
10:35:51.627 [pool-2-thread-1] DEBUG o.a.h.i.c.PoolingHttpClientConnectionManager - Connection released: [id: 0][route: {}->http://localhost:8585][total kept alive: 1; route allocated: 1 of 2; total allocated: 1 of 20]
10:35:52.117 [pool-2-thread-1] DEBUG o.a.h.c.protocol.RequestAddCookies - CookieSpec selected: default
10:35:52.117 [pool-2-thread-1] DEBUG o.a.h.c.protocol.RequestAuthCache - Auth cache not set in the context
10:35:52.117 [pool-2-thread-1] DEBUG o.a.h.i.c.PoolingHttpClientConnectionManager - Connection request: [route: {}->http://localhost:8585][total kept alive: 1; route allocated: 1 of 2; total allocated: 1 of 20]
10:35:52.117 [pool-2-thread-1] DEBUG o.a.h.i.c.PoolingHttpClientConnectionManager - Connection leased: [id: 0][route: {}->http://localhost:8585][total kept alive: 0; route allocated: 1 of 2; total allocated: 1 of 20]
10:35:52.117 [pool-2-thread-1] DEBUG o.a.h.i.c.DefaultManagedHttpClientConnection - http-outgoing-0: set socket timeout to 0
10:35:52.117 [pool-2-thread-1] DEBUG o.a.h.i.c.DefaultManagedHttpClientConnection - http-outgoing-0: set socket timeout to 5000
10:35:52.117 [pool-2-thread-1] DEBUG o.a.h.impl.execchain.MainClientExec - Executing request POST /api/development/report/command HTTP/1.1
10:35:52.117 [pool-2-thread-1] DEBUG o.a.h.impl.execchain.MainClientExec - Proxy auth state: UNCHALLENGED
10:35:52.117 [pool-2-thread-1] DEBUG org.apache.http.headers - http-outgoing-0 >> POST /api/development/report/command HTTP/1.1
10:35:52.117 [pool-2-thread-1] DEBUG org.apache.http.headers - http-outgoing-0 >> Content-Length: 110
10:35:52.117 [pool-2-thread-1] DEBUG org.apache.http.headers - http-outgoing-0 >> Content-Type: application/json; charset=UTF-8
10:35:52.118 [pool-2-thread-1] DEBUG org.apache.http.headers - http-outgoing-0 >> Host: localhost:8585
10:35:52.118 [pool-2-thread-1] DEBUG org.apache.http.headers - http-outgoing-0 >> Connection: Keep-Alive
10:35:52.118 [pool-2-thread-1] DEBUG org.apache.http.headers - http-outgoing-0 >> User-Agent: Apache-HttpClient/4.5.9 (Java/11.0.11)
10:35:52.118 [pool-2-thread-1] DEBUG org.apache.http.headers - http-outgoing-0 >> Accept-Encoding: gzip,deflate
10:35:52.118 [pool-2-thread-1] DEBUG org.apache.http.headers - http-outgoing-0 >> Authorization: fHdacT69Ifkyd3lQ5OQCWjO_ZuQljpxJUSplQuaduoU
10:35:52.118 [pool-2-thread-1] DEBUG org.apache.http.headers - http-outgoing-0 >> Accept: application/json; charset=UTF-8
10:35:52.118 [pool-2-thread-1] DEBUG org.apache.http.wire - http-outgoing-0 >> "POST /api/development/report/command HTTP/1.1[\r][\n]"
10:35:52.118 [pool-2-thread-1] DEBUG org.apache.http.wire - http-outgoing-0 >> "Content-Length: 110[\r][\n]"
10:35:52.118 [pool-2-thread-1] DEBUG org.apache.http.wire - http-outgoing-0 >> "Content-Type: application/json; charset=UTF-8[\r][\n]"
10:35:52.118 [pool-2-thread-1] DEBUG org.apache.http.wire - http-outgoing-0 >> "Host: localhost:8585[\r][\n]"
10:35:52.118 [pool-2-thread-1] DEBUG org.apache.http.wire - http-outgoing-0 >> "Connection: Keep-Alive[\r][\n]"
10:35:52.118 [pool-2-thread-1] DEBUG org.apache.http.wire - http-outgoing-0 >> "User-Agent: Apache-HttpClient/4.5.9 (Java/11.0.11)[\r][\n]"
10:35:52.118 [pool-2-thread-1] DEBUG org.apache.http.wire - http-outgoing-0 >> "Accept-Encoding: gzip,deflate[\r][\n]"
10:35:52.118 [pool-2-thread-1] DEBUG org.apache.http.wire - http-outgoing-0 >> "Authorization: fHdacT69Ifkyd3lQ5OQCWjO_ZuQljpxJUSplQuaduoU[\r][\n]"
10:35:52.118 [pool-2-thread-1] DEBUG org.apache.http.wire - http-outgoing-0 >> "Accept: application/json; charset=UTF-8[\r][\n]"
10:35:52.118 [pool-2-thread-1] DEBUG org.apache.http.wire - http-outgoing-0 >> "[\r][\n]"
10:35:52.118 [pool-2-thread-1] DEBUG org.apache.http.wire - http-outgoing-0 >> "{"commandName":"clickElement","commandParameters":{"id":"33000000-0000-0000-F16E-000000000000"},"passed":true}"
10:35:52.124 [pool-2-thread-1] DEBUG org.apache.http.wire - http-outgoing-0 << "HTTP/1.1 200 OK[\r][\n]"
10:35:52.124 [pool-2-thread-1] DEBUG org.apache.http.wire - http-outgoing-0 << "Date: Mon, 26 Jul 2021 05:05:52 GMT[\r][\n]"
10:35:52.124 [pool-2-thread-1] DEBUG org.apache.http.wire - http-outgoing-0 << "Cache-Control: private, no-cache, max-age=0[\r][\n]"
10:35:52.124 [pool-2-thread-1] DEBUG org.apache.http.wire - http-outgoing-0 << "Pragma: no-cache[\r][\n]"
10:35:52.124 [pool-2-thread-1] DEBUG org.apache.http.wire - http-outgoing-0 << "Expires: -1[\r][\n]"
10:35:52.124 [pool-2-thread-1] DEBUG org.apache.http.wire - http-outgoing-0 << "Content-Length: 0[\r][\n]"
10:35:52.124 [pool-2-thread-1] DEBUG org.apache.http.wire - http-outgoing-0 << "Server: Jetty(9.4.12.v20180830)[\r][\n]"
10:35:52.124 [pool-2-thread-1] DEBUG org.apache.http.wire - http-outgoing-0 << "[\r][\n]"
10:35:52.125 [pool-2-thread-1] DEBUG org.apache.http.headers - http-outgoing-0 << HTTP/1.1 200 OK
10:35:52.125 [pool-2-thread-1] DEBUG org.apache.http.headers - http-outgoing-0 << Date: Mon, 26 Jul 2021 05:05:52 GMT
10:35:52.125 [pool-2-thread-1] DEBUG org.apache.http.headers - http-outgoing-0 << Cache-Control: private, no-cache, max-age=0
10:35:52.125 [pool-2-thread-1] DEBUG org.apache.http.headers - http-outgoing-0 << Pragma: no-cache
10:35:52.125 [pool-2-thread-1] DEBUG org.apache.http.headers - http-outgoing-0 << Expires: -1
10:35:52.125 [pool-2-thread-1] DEBUG org.apache.http.headers - http-outgoing-0 << Content-Length: 0
10:35:52.125 [pool-2-thread-1] DEBUG org.apache.http.headers - http-outgoing-0 << Server: Jetty(9.4.12.v20180830)
10:35:52.125 [pool-2-thread-1] DEBUG o.a.h.impl.execchain.MainClientExec - Connection can be kept alive indefinitely
10:35:52.125 [pool-2-thread-1] DEBUG o.a.h.i.c.PoolingHttpClientConnectionManager - Connection [id: 0][route: {}->http://localhost:8585] can be kept alive indefinitely
10:35:52.126 [pool-2-thread-1] DEBUG o.a.h.i.c.DefaultManagedHttpClientConnection - http-outgoing-0: set socket timeout to 0
10:35:52.126 [pool-2-thread-1] DEBUG o.a.h.i.c.PoolingHttpClientConnectionManager - Connection released: [id: 0][route: {}->http://localhost:8585][total kept alive: 1; route allocated: 1 of 2; total allocated: 1 of 20]
10:35:52.140 [pool-2-thread-1] DEBUG o.a.h.c.protocol.RequestAddCookies - CookieSpec selected: default
10:35:52.140 [pool-2-thread-1] DEBUG o.a.h.c.protocol.RequestAuthCache - Auth cache not set in the context
10:35:52.140 [pool-2-thread-1] DEBUG o.a.h.i.c.PoolingHttpClientConnectionManager - Connection request: [route: {}->http://localhost:8585][total kept alive: 1; route allocated: 1 of 2; total allocated: 1 of 20]
10:35:52.140 [pool-2-thread-1] DEBUG o.a.h.i.c.PoolingHttpClientConnectionManager - Connection leased: [id: 0][route: {}->http://localhost:8585][total kept alive: 0; route allocated: 1 of 2; total allocated: 1 of 20]
10:35:52.141 [pool-2-thread-1] DEBUG o.a.h.i.c.DefaultManagedHttpClientConnection - http-outgoing-0: set socket timeout to 0
10:35:52.141 [pool-2-thread-1] DEBUG o.a.h.i.c.DefaultManagedHttpClientConnection - http-outgoing-0: set socket timeout to 5000
10:35:52.141 [pool-2-thread-1] DEBUG o.a.h.impl.execchain.MainClientExec - Executing request POST /api/development/report/command HTTP/1.1
10:35:52.141 [pool-2-thread-1] DEBUG o.a.h.impl.execchain.MainClientExec - Proxy auth state: UNCHALLENGED
10:35:52.141 [pool-2-thread-1] DEBUG org.apache.http.headers - http-outgoing-0 >> POST /api/development/report/command HTTP/1.1
10:35:52.142 [pool-2-thread-1] DEBUG org.apache.http.headers - http-outgoing-0 >> Content-Length: 82
10:35:52.142 [pool-2-thread-1] DEBUG org.apache.http.headers - http-outgoing-0 >> Content-Type: application/json; charset=UTF-8
10:35:52.142 [pool-2-thread-1] DEBUG org.apache.http.headers - http-outgoing-0 >> Host: localhost:8585
10:35:52.142 [pool-2-thread-1] DEBUG org.apache.http.headers - http-outgoing-0 >> Connection: Keep-Alive
10:35:52.142 [pool-2-thread-1] DEBUG org.apache.http.headers - http-outgoing-0 >> User-Agent: Apache-HttpClient/4.5.9 (Java/11.0.11)
10:35:52.142 [pool-2-thread-1] DEBUG org.apache.http.headers - http-outgoing-0 >> Accept-Encoding: gzip,deflate
10:35:52.142 [pool-2-thread-1] DEBUG org.apache.http.headers - http-outgoing-0 >> Authorization: fHdacT69Ifkyd3lQ5OQCWjO_ZuQljpxJUSplQuaduoU
10:35:52.142 [pool-2-thread-1] DEBUG org.apache.http.headers - http-outgoing-0 >> Accept: application/json; charset=UTF-8
10:35:52.142 [pool-2-thread-1] DEBUG org.apache.http.wire - http-outgoing-0 >> "POST /api/development/report/command HTTP/1.1[\r][\n]"
10:35:52.142 [pool-2-thread-1] DEBUG org.apache.http.wire - http-outgoing-0 >> "Content-Length: 82[\r][\n]"
10:35:52.142 [pool-2-thread-1] DEBUG org.apache.http.wire - http-outgoing-0 >> "Content-Type: application/json; charset=UTF-8[\r][\n]"
10:35:52.142 [pool-2-thread-1] DEBUG org.apache.http.wire - http-outgoing-0 >> "Host: localhost:8585[\r][\n]"
10:35:52.142 [pool-2-thread-1] DEBUG org.apache.http.wire - http-outgoing-0 >> "Connection: Keep-Alive[\r][\n]"
10:35:52.142 [pool-2-thread-1] DEBUG org.apache.http.wire - http-outgoing-0 >> "User-Agent: Apache-HttpClient/4.5.9 (Java/11.0.11)[\r][\n]"
10:35:52.142 [pool-2-thread-1] DEBUG org.apache.http.wire - http-outgoing-0 >> "Accept-Encoding: gzip,deflate[\r][\n]"
10:35:52.142 [pool-2-thread-1] DEBUG org.apache.http.wire - http-outgoing-0 >> "Authorization: fHdacT69Ifkyd3lQ5OQCWjO_ZuQljpxJUSplQuaduoU[\r][\n]"
10:35:52.142 [pool-2-thread-1] DEBUG org.apache.http.wire - http-outgoing-0 >> "Accept: application/json; charset=UTF-8[\r][\n]"
10:35:52.142 [pool-2-thread-1] DEBUG org.apache.http.wire - http-outgoing-0 >> "[\r][\n]"
10:35:52.142 [pool-2-thread-1] DEBUG org.apache.http.wire - http-outgoing-0 >> "{"commandName":"setTimeout","commandParameters":{"implicit":500000},"passed":true}"
10:35:52.148 [pool-2-thread-1] DEBUG org.apache.http.wire - http-outgoing-0 << "HTTP/1.1 200 OK[\r][\n]"
10:35:52.148 [pool-2-thread-1] DEBUG org.apache.http.wire - http-outgoing-0 << "Date: Mon, 26 Jul 2021 05:05:52 GMT[\r][\n]"
10:35:52.148 [pool-2-thread-1] DEBUG org.apache.http.wire - http-outgoing-0 << "Cache-Control: private, no-cache, max-age=0[\r][\n]"
10:35:52.148 [pool-2-thread-1] DEBUG org.apache.http.wire - http-outgoing-0 << "Pragma: no-cache[\r][\n]"
10:35:52.148 [pool-2-thread-1] DEBUG org.apache.http.wire - http-outgoing-0 << "Expires: -1[\r][\n]"
10:35:52.148 [pool-2-thread-1] DEBUG org.apache.http.wire - http-outgoing-0 << "Content-Length: 0[\r][\n]"
10:35:52.148 [pool-2-thread-1] DEBUG org.apache.http.wire - http-outgoing-0 << "Server: Jetty(9.4.12.v20180830)[\r][\n]"
10:35:52.149 [pool-2-thread-1] DEBUG org.apache.http.wire - http-outgoing-0 << "[\r][\n]"
10:35:52.149 [pool-2-thread-1] DEBUG org.apache.http.headers - http-outgoing-0 << HTTP/1.1 200 OK
10:35:52.149 [pool-2-thread-1] DEBUG org.apache.http.headers - http-outgoing-0 << Date: Mon, 26 Jul 2021 05:05:52 GMT
10:35:52.149 [pool-2-thread-1] DEBUG org.apache.http.headers - http-outgoing-0 << Cache-Control: private, no-cache, max-age=0
10:35:52.149 [pool-2-thread-1] DEBUG org.apache.http.headers - http-outgoing-0 << Pragma: no-cache
10:35:52.149 [pool-2-thread-1] DEBUG org.apache.http.headers - http-outgoing-0 << Expires: -1
10:35:52.149 [pool-2-thread-1] DEBUG org.apache.http.headers - http-outgoing-0 << Content-Length: 0
10:35:52.149 [pool-2-thread-1] DEBUG org.apache.http.headers - http-outgoing-0 << Server: Jetty(9.4.12.v20180830)
10:35:52.149 [pool-2-thread-1] DEBUG o.a.h.impl.execchain.MainClientExec - Connection can be kept alive indefinitely
10:35:52.149 [pool-2-thread-1] DEBUG o.a.h.i.c.PoolingHttpClientConnectionManager - Connection [id: 0][route: {}->http://localhost:8585] can be kept alive indefinitely
10:35:52.149 [pool-2-thread-1] DEBUG o.a.h.i.c.DefaultManagedHttpClientConnection - http-outgoing-0: set socket timeout to 0
10:35:52.150 [pool-2-thread-1] DEBUG o.a.h.i.c.PoolingHttpClientConnectionManager - Connection released: [id: 0][route: {}->http://localhost:8585][total kept alive: 1; route allocated: 1 of 2; total allocated: 1 of 20]
10:35:59.452 [pool-2-thread-1] DEBUG o.a.h.c.protocol.RequestAddCookies - CookieSpec selected: default
10:35:59.452 [pool-2-thread-1] DEBUG o.a.h.c.protocol.RequestAuthCache - Auth cache not set in the context
10:35:59.452 [pool-2-thread-1] DEBUG o.a.h.i.c.PoolingHttpClientConnectionManager - Connection request: [route: {}->http://localhost:8585][total kept alive: 1; route allocated: 1 of 2; total allocated: 1 of 20]
10:35:59.459 [pool-2-thread-1] DEBUG org.apache.http.wire - http-outgoing-0 << "[read] I/O error: Read timed out"
10:35:59.459 [pool-2-thread-1] DEBUG o.a.h.i.c.PoolingHttpClientConnectionManager - Connection leased: [id: 0][route: {}->http://localhost:8585][total kept alive: 0; route allocated: 1 of 2; total allocated: 1 of 20]
10:35:59.459 [pool-2-thread-1] DEBUG o.a.h.i.c.DefaultManagedHttpClientConnection - http-outgoing-0: set socket timeout to 0
10:35:59.459 [pool-2-thread-1] DEBUG o.a.h.i.c.DefaultManagedHttpClientConnection - http-outgoing-0: set socket timeout to 5000
10:35:59.459 [pool-2-thread-1] DEBUG o.a.h.impl.execchain.MainClientExec - Executing request POST /api/development/report/command HTTP/1.1
10:35:59.459 [pool-2-thread-1] DEBUG o.a.h.impl.execchain.MainClientExec - Proxy auth state: UNCHALLENGED
10:35:59.459 [pool-2-thread-1] DEBUG org.apache.http.headers - http-outgoing-0 >> POST /api/development/report/command HTTP/1.1
10:35:59.460 [pool-2-thread-1] DEBUG org.apache.http.headers - http-outgoing-0 >> Content-Length: 632
10:35:59.460 [pool-2-thread-1] DEBUG org.apache.http.headers - http-outgoing-0 >> Content-Type: application/json; charset=UTF-8
10:35:59.460 [pool-2-thread-1] DEBUG org.apache.http.headers - http-outgoing-0 >> Host: localhost:8585
10:35:59.460 [pool-2-thread-1] DEBUG org.apache.http.headers - http-outgoing-0 >> Connection: Keep-Alive
10:35:59.460 [pool-2-thread-1] DEBUG org.apache.http.headers - http-outgoing-0 >> User-Agent: Apache-HttpClient/4.5.9 (Java/11.0.11)
10:35:59.460 [pool-2-thread-1] DEBUG org.apache.http.headers - http-outgoing-0 >> Accept-Encoding: gzip,deflate
10:35:59.460 [pool-2-thread-1] DEBUG org.apache.http.headers - http-outgoing-0 >> Authorization: fHdacT69Ifkyd3lQ5OQCWjO_ZuQljpxJUSplQuaduoU
10:35:59.460 [pool-2-thread-1] DEBUG org.apache.http.headers - http-outgoing-0 >> Accept: application/json; charset=UTF-8
10:35:59.460 [pool-2-thread-1] DEBUG org.apache.http.wire - http-outgoing-0 >> "POST /api/development/report/command HTTP/1.1[\r][\n]"
10:35:59.460 [pool-2-thread-1] DEBUG org.apache.http.wire - http-outgoing-0 >> "Content-Length: 632[\r][\n]"
10:35:59.460 [pool-2-thread-1] DEBUG org.apache.http.wire - http-outgoing-0 >> "Content-Type: application/json; charset=UTF-8[\r][\n]"
10:35:59.460 [pool-2-thread-1] DEBUG org.apache.http.wire - http-outgoing-0 >> "Host: localhost:8585[\r][\n]"
10:35:59.460 [pool-2-thread-1] DEBUG org.apache.http.wire - http-outgoing-0 >> "Connection: Keep-Alive[\r][\n]"
10:35:59.460 [pool-2-thread-1] DEBUG org.apache.http.wire - http-outgoing-0 >> "User-Agent: Apache-HttpClient/4.5.9 (Java/11.0.11)[\r][\n]"
10:35:59.460 [pool-2-thread-1] DEBUG org.apache.http.wire - http-outgoing-0 >> "Accept-Encoding: gzip,deflate[\r][\n]"
10:35:59.460 [pool-2-thread-1] DEBUG org.apache.http.wire - http-outgoing-0 >> "Authorization: fHdacT69Ifkyd3lQ5OQCWjO_ZuQljpxJUSplQuaduoU[\r][\n]"
10:35:59.460 [pool-2-thread-1] DEBUG org.apache.http.wire - http-outgoing-0 >> "Accept: application/json; charset=UTF-8[\r][\n]"
10:35:59.460 [pool-2-thread-1] DEBUG org.apache.http.wire - http-outgoing-0 >> "[\r][\n]"
10:35:59.460 [pool-2-thread-1] DEBUG org.apache.http.wire - http-outgoing-0 >> "{"commandName":"findElement","commandParameters":{"using":"xpath","value":"//XCUIElementTypeOther[1]/XCUIElementTypeOther[1]/XCUIElementTypeOther[1]/XCUIElementTypeOther[1]/XCUIElementTypeOther[1]/XCUIElementTypeOther[1]/XCUIElementTypeOther[1]/XCUIElementTypeOther[1]/XCUIElementTypeOther[1]/XCUIElementTypeOther[1]/XCUIElementTypeOther[1]/XCUIElementTypeOther[1]/XCUIElementTypeOther[1]/XCUIElementTypeOther[1]/XCUIElementTypeOther[1]/XCUIElementTypeOther/XCUIElementTypeOther"},"result":{"element-6066-11e4-a52e-4f735466cecf":"AB000000-0000-0000-EE6E-000000000000","ELEMENT":"AB000000-0000-0000-EE6E-000000000000"},"passed":true}"
10:35:59.466 [pool-2-thread-1] DEBUG org.apache.http.wire - http-outgoing-0 << "HTTP/1.1 200 OK[\r][\n]"
10:35:59.466 [pool-2-thread-1] DEBUG org.apache.http.wire - http-outgoing-0 << "Date: Mon, 26 Jul 2021 05:05:59 GMT[\r][\n]"
10:35:59.466 [pool-2-thread-1] DEBUG org.apache.http.wire - http-outgoing-0 << "Cache-Control: private, no-cache, max-age=0[\r][\n]"
10:35:59.466 [pool-2-thread-1] DEBUG org.apache.http.wire - http-outgoing-0 << "Pragma: no-cache[\r][\n]"
10:35:59.466 [pool-2-thread-1] DEBUG org.apache.http.wire - http-outgoing-0 << "Expires: -1[\r][\n]"
10:35:59.466 [pool-2-thread-1] DEBUG org.apache.http.wire - http-outgoing-0 << "Content-Length: 0[\r][\n]"
10:35:59.466 [pool-2-thread-1] DEBUG org.apache.http.wire - http-outgoing-0 << "Server: Jetty(9.4.12.v20180830)[\r][\n]"
10:35:59.466 [pool-2-thread-1] DEBUG org.apache.http.wire - http-outgoing-0 << "[\r][\n]"
10:35:59.466 [pool-2-thread-1] DEBUG org.apache.http.headers - http-outgoing-0 << HTTP/1.1 200 OK
10:35:59.466 [pool-2-thread-1] DEBUG org.apache.http.headers - http-outgoing-0 << Date: Mon, 26 Jul 2021 05:05:59 GMT
10:35:59.466 [pool-2-thread-1] DEBUG org.apache.http.headers - http-outgoing-0 << Cache-Control: private, no-cache, max-age=0
10:35:59.466 [pool-2-thread-1] DEBUG org.apache.http.headers - http-outgoing-0 << Pragma: no-cache
10:35:59.466 [pool-2-thread-1] DEBUG org.apache.http.headers - http-outgoing-0 << Expires: -1
10:35:59.466 [pool-2-thread-1] DEBUG org.apache.http.headers - http-outgoing-0 << Content-Length: 0
10:35:59.466 [pool-2-thread-1] DEBUG org.apache.http.headers - http-outgoing-0 << Server: Jetty(9.4.12.v20180830)
10:35:59.466 [pool-2-thread-1] DEBUG o.a.h.impl.execchain.MainClientExec - Connection can be kept alive indefinitely
10:35:59.466 [pool-2-thread-1] DEBUG o.a.h.i.c.PoolingHttpClientConnectionManager - Connection [id: 0][route: {}->http://localhost:8585] can be kept alive indefinitely
10:35:59.466 [pool-2-thread-1] DEBUG o.a.h.i.c.DefaultManagedHttpClientConnection - http-outgoing-0: set socket timeout to 0
10:35:59.466 [pool-2-thread-1] DEBUG o.a.h.i.c.PoolingHttpClientConnectionManager - Connection released: [id: 0][route: {}->http://localhost:8585][total kept alive: 1; route allocated: 1 of 2; total allocated: 1 of 20]
  &amp#27;[32mThen &amp#27;[0m&amp#27;[32mclicks on 'login'&amp#27;[0m                          &amp#27;[90m# Stepdefinitions.Login_positive_scenario.click_login()&amp#27;[0m
10:35:59.529 [pool-2-thread-1] DEBUG o.a.h.c.protocol.RequestAddCookies - CookieSpec selected: default
10:35:59.529 [pool-2-thread-1] DEBUG o.a.h.c.protocol.RequestAuthCache - Auth cache not set in the context
10:35:59.529 [pool-2-thread-1] DEBUG o.a.h.i.c.PoolingHttpClientConnectionManager - Connection request: [route: {}->http://localhost:8585][total kept alive: 1; route allocated: 1 of 2; total allocated: 1 of 20]
10:35:59.529 [pool-2-thread-1] DEBUG o.a.h.i.c.PoolingHttpClientConnectionManager - Connection leased: [id: 0][route: {}->http://localhost:8585][total kept alive: 0; route allocated: 1 of 2; total allocated: 1 of 20]
10:35:59.529 [pool-2-thread-1] DEBUG o.a.h.i.c.DefaultManagedHttpClientConnection - http-outgoing-0: set socket timeout to 0
10:35:59.529 [pool-2-thread-1] DEBUG o.a.h.i.c.DefaultManagedHttpClientConnection - http-outgoing-0: set socket timeout to 5000
10:35:59.529 [pool-2-thread-1] DEBUG o.a.h.impl.execchain.MainClientExec - Executing request POST /api/development/report/command HTTP/1.1
10:35:59.529 [pool-2-thread-1] DEBUG o.a.h.impl.execchain.MainClientExec - Proxy auth state: UNCHALLENGED
10:35:59.530 [pool-2-thread-1] DEBUG org.apache.http.headers - http-outgoing-0 >> POST /api/development/report/command HTTP/1.1
10:35:59.530 [pool-2-thread-1] DEBUG org.apache.http.headers - http-outgoing-0 >> Content-Length: 130
10:35:59.530 [pool-2-thread-1] DEBUG org.apache.http.headers - http-outgoing-0 >> Content-Type: application/json; charset=UTF-8
10:35:59.530 [pool-2-thread-1] DEBUG org.apache.http.headers - http-outgoing-0 >> Host: localhost:8585
10:35:59.530 [pool-2-thread-1] DEBUG org.apache.http.headers - http-outgoing-0 >> Connection: Keep-Alive
10:35:59.530 [pool-2-thread-1] DEBUG org.apache.http.headers - http-outgoing-0 >> User-Agent: Apache-HttpClient/4.5.9 (Java/11.0.11)
10:35:59.530 [pool-2-thread-1] DEBUG org.apache.http.headers - http-outgoing-0 >> Accept-Encoding: gzip,deflate
10:35:59.530 [pool-2-thread-1] DEBUG org.apache.http.headers - http-outgoing-0 >> Authorization: fHdacT69Ifkyd3lQ5OQCWjO_ZuQljpxJUSplQuaduoU
10:35:59.530 [pool-2-thread-1] DEBUG org.apache.http.headers - http-outgoing-0 >> Accept: application/json; charset=UTF-8
10:35:59.530 [pool-2-thread-1] DEBUG org.apache.http.wire - http-outgoing-0 >> "POST /api/development/report/command HTTP/1.1[\r][\n]"
10:35:59.530 [pool-2-thread-1] DEBUG org.apache.http.wire - http-outgoing-0 >> "Content-Length: 130[\r][\n]"
10:35:59.530 [pool-2-thread-1] DEBUG org.apache.http.wire - http-outgoing-0 >> "Content-Type: application/json; charset=UTF-8[\r][\n]"
10:35:59.530 [pool-2-thread-1] DEBUG org.apache.http.wire - http-outgoing-0 >> "Host: localhost:8585[\r][\n]"
10:35:59.530 [pool-2-thread-1] DEBUG org.apache.http.wire - http-outgoing-0 >> "Connection: Keep-Alive[\r][\n]"
10:35:59.530 [pool-2-thread-1] DEBUG org.apache.http.wire - http-outgoing-0 >> "User-Agent: Apache-HttpClient/4.5.9 (Java/11.0.11)[\r][\n]"
10:35:59.530 [pool-2-thread-1] DEBUG org.apache.http.wire - http-outgoing-0 >> "Accept-Encoding: gzip,deflate[\r][\n]"
10:35:59.530 [pool-2-thread-1] DEBUG org.apache.http.wire - http-outgoing-0 >> "Authorization: fHdacT69Ifkyd3lQ5OQCWjO_ZuQljpxJUSplQuaduoU[\r][\n]"
10:35:59.530 [pool-2-thread-1] DEBUG org.apache.http.wire - http-outgoing-0 >> "Accept: application/json; charset=UTF-8[\r][\n]"
10:35:59.530 [pool-2-thread-1] DEBUG org.apache.http.wire - http-outgoing-0 >> "[\r][\n]"
10:35:59.530 [pool-2-thread-1] DEBUG org.apache.http.wire - http-outgoing-0 >> "{"commandName":"isElementDisplayed","commandParameters":{"id":"AB000000-0000-0000-EE6E-000000000000"},"result":true,"passed":true}"
10:35:59.533 [pool-2-thread-1] DEBUG org.apache.http.wire - http-outgoing-0 << "HTTP/1.1 200 OK[\r][\n]"
10:35:59.534 [main] INFO   - 
  _____   ___   ___   _____     ___     _     ___   ___   ___   ___  
 |_   _| | __| / __| |_   _|   | _ \   /_\   / __| / __| | __| |   \ 
   | |   | _|  \__ \   | |     |  _/  / _ \  \__ \ \__ \ | _|  | |) |
   |_|   |___| |___/   |_|     |_|   /_/ \_\ |___/ |___/ |___| |___/ 

Validate that the user is able to Login
----------------------------------------------------------------------
10:35:59.534 [pool-2-thread-1] DEBUG org.apache.http.wire - http-outgoing-0 << "Date: Mon, 26 Jul 2021 05:05:59 GMT[\r][\n]"
10:35:59.534 [pool-2-thread-1] DEBUG org.apache.http.wire - http-outgoing-0 << "Cache-Control: private, no-cache, max-age=0[\r][\n]"
10:35:59.534 [pool-2-thread-1] DEBUG org.apache.http.wire - http-outgoing-0 << "Pragma: no-cache[\r][\n]"
10:35:59.534 [pool-2-thread-1] DEBUG org.apache.http.wire - http-outgoing-0 << "Expires: -1[\r][\n]"
10:35:59.534 [pool-2-thread-1] DEBUG org.apache.http.wire - http-outgoing-0 << "Content-Length: 0[\r][\n]"
10:35:59.534 [pool-2-thread-1] DEBUG org.apache.http.wire - http-outgoing-0 << "Server: Jetty(9.4.12.v20180830)[\r][\n]"
10:35:59.534 [pool-2-thread-1] DEBUG org.apache.http.wire - http-outgoing-0 << "[\r][\n]"
10:35:59.534 [pool-2-thread-1] DEBUG org.apache.http.headers - http-outgoing-0 << HTTP/1.1 200 OK
10:35:59.534 [pool-2-thread-1] DEBUG org.apache.http.headers - http-outgoing-0 << Date: Mon, 26 Jul 2021 05:05:59 GMT
10:35:59.534 [pool-2-thread-1] DEBUG org.apache.http.headers - http-outgoing-0 << Cache-Control: private, no-cache, max-age=0
10:35:59.534 [pool-2-thread-1] DEBUG org.apache.http.headers - http-outgoing-0 << Pragma: no-cache
10:35:59.534 [pool-2-thread-1] DEBUG org.apache.http.headers - http-outgoing-0 << Expires: -1
10:35:59.534 [pool-2-thread-1] DEBUG org.apache.http.headers - http-outgoing-0 << Content-Length: 0
10:35:59.534 [pool-2-thread-1] DEBUG org.apache.http.headers - http-outgoing-0 << Server: Jetty(9.4.12.v20180830)
10:35:59.534 [pool-2-thread-1] DEBUG o.a.h.impl.execchain.MainClientExec - Connection can be kept alive indefinitely
10:35:59.534 [pool-2-thread-1] DEBUG o.a.h.i.c.PoolingHttpClientConnectionManager - Connection [id: 0][route: {}->http://localhost:8585] can be kept alive indefinitely
10:35:59.534 [pool-2-thread-1] DEBUG o.a.h.i.c.DefaultManagedHttpClientConnection - http-outgoing-0: set socket timeout to 0
10:35:59.534 [pool-2-thread-1] DEBUG o.a.h.i.c.PoolingHttpClientConnectionManager - Connection released: [id: 0][route: {}->http://localhost:8585][total kept alive: 1; route allocated: 1 of 2; total allocated: 1 of 20]
]]></system-out>
  </testcase>
  <testcase name="Validate that the user is navigated to Landing page on clicking the Log out option" classname="Validate login positive functionality" time="3.148">
    <system-out><![CDATA[
Scenario: Validate that the user is navigated to Landing page on clicking the Log out option &amp#27;[90m# src/test/resources/features/Login_positive_scenario.feature:24&amp#27;[0m
10:35:59.543 [main] INFO  i.c.core.plugin.SerenityReporter - Running feature from file:///C:/Users/Admin/Downloads/MPH-IOS-main/src/test/resources/features/Login_positive_scenario.feature
10:35:59.546 [main] INFO   - 
  _____   ___   ___   _____     ___   _____     _     ___   _____   ___   ___  
 |_   _| | __| / __| |_   _|   / __| |_   _|   /_\   | _ \ |_   _| | __| |   \ 
   | |   | _|  \__ \   | |     \__ \   | |    / _ \  |   /   | |   | _|  | |) |
   |_|   |___| |___/   |_|     |___/   |_|   /_/ \_\ |_|_\   |_|   |___| |___/ 

Validate that the user is navigated to Landing page on clicking the Log out option(validate-login-positive-functionality;validate-that-the-user-is-navigated-to-landing-page-on-clicking-the-log-out-option)
--------------------------------------------------------------------------------
10:35:59.573 [pool-2-thread-1] DEBUG o.a.h.c.protocol.RequestAddCookies - CookieSpec selected: default
10:35:59.573 [pool-2-thread-1] DEBUG o.a.h.c.protocol.RequestAuthCache - Auth cache not set in the context
10:35:59.573 [pool-2-thread-1] DEBUG o.a.h.i.c.PoolingHttpClientConnectionManager - Connection request: [route: {}->http://localhost:8585][total kept alive: 1; route allocated: 1 of 2; total allocated: 1 of 20]
10:35:59.573 [pool-2-thread-1] DEBUG o.a.h.i.c.PoolingHttpClientConnectionManager - Connection leased: [id: 0][route: {}->http://localhost:8585][total kept alive: 0; route allocated: 1 of 2; total allocated: 1 of 20]
10:35:59.573 [pool-2-thread-1] DEBUG o.a.h.i.c.DefaultManagedHttpClientConnection - http-outgoing-0: set socket timeout to 0
10:35:59.573 [pool-2-thread-1] DEBUG o.a.h.i.c.DefaultManagedHttpClientConnection - http-outgoing-0: set socket timeout to 5000
10:35:59.573 [pool-2-thread-1] DEBUG o.a.h.impl.execchain.MainClientExec - Executing request POST /api/development/report/command HTTP/1.1
10:35:59.573 [pool-2-thread-1] DEBUG o.a.h.impl.execchain.MainClientExec - Proxy auth state: UNCHALLENGED
10:35:59.573 [pool-2-thread-1] DEBUG org.apache.http.headers - http-outgoing-0 >> POST /api/development/report/command HTTP/1.1
10:35:59.573 [pool-2-thread-1] DEBUG org.apache.http.headers - http-outgoing-0 >> Content-Length: 81
10:35:59.573 [pool-2-thread-1] DEBUG org.apache.http.headers - http-outgoing-0 >> Content-Type: application/json; charset=UTF-8
10:35:59.573 [pool-2-thread-1] DEBUG org.apache.http.headers - http-outgoing-0 >> Host: localhost:8585
10:35:59.573 [pool-2-thread-1] DEBUG org.apache.http.headers - http-outgoing-0 >> Connection: Keep-Alive
10:35:59.573 [pool-2-thread-1] DEBUG org.apache.http.headers - http-outgoing-0 >> User-Agent: Apache-HttpClient/4.5.9 (Java/11.0.11)
10:35:59.573 [pool-2-thread-1] DEBUG org.apache.http.headers - http-outgoing-0 >> Accept-Encoding: gzip,deflate
10:35:59.573 [pool-2-thread-1] DEBUG org.apache.http.headers - http-outgoing-0 >> Authorization: fHdacT69Ifkyd3lQ5OQCWjO_ZuQljpxJUSplQuaduoU
10:35:59.573 [pool-2-thread-1] DEBUG org.apache.http.headers - http-outgoing-0 >> Accept: application/json; charset=UTF-8
10:35:59.573 [pool-2-thread-1] DEBUG org.apache.http.wire - http-outgoing-0 >> "POST /api/development/report/command HTTP/1.1[\r][\n]"
10:35:59.573 [pool-2-thread-1] DEBUG org.apache.http.wire - http-outgoing-0 >> "Content-Length: 81[\r][\n]"
10:35:59.573 [pool-2-thread-1] DEBUG org.apache.http.wire - http-outgoing-0 >> "Content-Type: application/json; charset=UTF-8[\r][\n]"
10:35:59.573 [pool-2-thread-1] DEBUG org.apache.http.wire - http-outgoing-0 >> "Host: localhost:8585[\r][\n]"
10:35:59.573 [pool-2-thread-1] DEBUG org.apache.http.wire - http-outgoing-0 >> "Connection: Keep-Alive[\r][\n]"
10:35:59.573 [pool-2-thread-1] DEBUG org.apache.http.wire - http-outgoing-0 >> "User-Agent: Apache-HttpClient/4.5.9 (Java/11.0.11)[\r][\n]"
10:35:59.573 [pool-2-thread-1] DEBUG org.apache.http.wire - http-outgoing-0 >> "Accept-Encoding: gzip,deflate[\r][\n]"
10:35:59.573 [pool-2-thread-1] DEBUG org.apache.http.wire - http-outgoing-0 >> "Authorization: fHdacT69Ifkyd3lQ5OQCWjO_ZuQljpxJUSplQuaduoU[\r][\n]"
10:35:59.573 [pool-2-thread-1] DEBUG org.apache.http.wire - http-outgoing-0 >> "Accept: application/json; charset=UTF-8[\r][\n]"
10:35:59.573 [pool-2-thread-1] DEBUG org.apache.http.wire - http-outgoing-0 >> "[\r][\n]"
10:35:59.573 [pool-2-thread-1] DEBUG org.apache.http.wire - http-outgoing-0 >> "{"commandName":"setTimeout","commandParameters":{"implicit":20000},"passed":true}"
10:35:59.576 [pool-2-thread-1] DEBUG org.apache.http.wire - http-outgoing-0 << "HTTP/1.1 200 OK[\r][\n]"
10:35:59.576 [pool-2-thread-1] DEBUG org.apache.http.wire - http-outgoing-0 << "Date: Mon, 26 Jul 2021 05:05:59 GMT[\r][\n]"
10:35:59.576 [pool-2-thread-1] DEBUG org.apache.http.wire - http-outgoing-0 << "Cache-Control: private, no-cache, max-age=0[\r][\n]"
10:35:59.576 [pool-2-thread-1] DEBUG org.apache.http.wire - http-outgoing-0 << "Pragma: no-cache[\r][\n]"
10:35:59.576 [pool-2-thread-1] DEBUG org.apache.http.wire - http-outgoing-0 << "Expires: -1[\r][\n]"
10:35:59.576 [pool-2-thread-1] DEBUG org.apache.http.wire - http-outgoing-0 << "Content-Length: 0[\r][\n]"
10:35:59.576 [pool-2-thread-1] DEBUG org.apache.http.wire - http-outgoing-0 << "Server: Jetty(9.4.12.v20180830)[\r][\n]"
10:35:59.576 [pool-2-thread-1] DEBUG org.apache.http.wire - http-outgoing-0 << "[\r][\n]"
10:35:59.577 [pool-2-thread-1] DEBUG org.apache.http.headers - http-outgoing-0 << HTTP/1.1 200 OK
10:35:59.577 [pool-2-thread-1] DEBUG org.apache.http.headers - http-outgoing-0 << Date: Mon, 26 Jul 2021 05:05:59 GMT
10:35:59.577 [pool-2-thread-1] DEBUG org.apache.http.headers - http-outgoing-0 << Cache-Control: private, no-cache, max-age=0
10:35:59.577 [pool-2-thread-1] DEBUG org.apache.http.headers - http-outgoing-0 << Pragma: no-cache
10:35:59.577 [pool-2-thread-1] DEBUG org.apache.http.headers - http-outgoing-0 << Expires: -1
10:35:59.577 [pool-2-thread-1] DEBUG org.apache.http.headers - http-outgoing-0 << Content-Length: 0
10:35:59.577 [pool-2-thread-1] DEBUG org.apache.http.headers - http-outgoing-0 << Server: Jetty(9.4.12.v20180830)
10:35:59.577 [pool-2-thread-1] DEBUG o.a.h.impl.execchain.MainClientExec - Connection can be kept alive indefinitely
10:35:59.577 [pool-2-thread-1] DEBUG o.a.h.i.c.PoolingHttpClientConnectionManager - Connection [id: 0][route: {}->http://localhost:8585] can be kept alive indefinitely
10:35:59.577 [pool-2-thread-1] DEBUG o.a.h.i.c.DefaultManagedHttpClientConnection - http-outgoing-0: set socket timeout to 0
10:35:59.577 [pool-2-thread-1] DEBUG o.a.h.i.c.PoolingHttpClientConnectionManager - Connection released: [id: 0][route: {}->http://localhost:8585][total kept alive: 1; route allocated: 1 of 2; total allocated: 1 of 20]
10:36:00.049 [pool-2-thread-1] DEBUG o.a.h.c.protocol.RequestAddCookies - CookieSpec selected: default
10:36:00.049 [pool-2-thread-1] DEBUG o.a.h.c.protocol.RequestAuthCache - Auth cache not set in the context
10:36:00.049 [pool-2-thread-1] DEBUG o.a.h.i.c.PoolingHttpClientConnectionManager - Connection request: [route: {}->http://localhost:8585][total kept alive: 1; route allocated: 1 of 2; total allocated: 1 of 20]
10:36:00.049 [pool-2-thread-1] DEBUG o.a.h.i.c.PoolingHttpClientConnectionManager - Connection leased: [id: 0][route: {}->http://localhost:8585][total kept alive: 0; route allocated: 1 of 2; total allocated: 1 of 20]
10:36:00.049 [pool-2-thread-1] DEBUG o.a.h.i.c.DefaultManagedHttpClientConnection - http-outgoing-0: set socket timeout to 0
10:36:00.049 [pool-2-thread-1] DEBUG o.a.h.i.c.DefaultManagedHttpClientConnection - http-outgoing-0: set socket timeout to 5000
10:36:00.049 [pool-2-thread-1] DEBUG o.a.h.impl.execchain.MainClientExec - Executing request POST /api/development/report/command HTTP/1.1
10:36:00.049 [pool-2-thread-1] DEBUG o.a.h.impl.execchain.MainClientExec - Proxy auth state: UNCHALLENGED
10:36:00.049 [pool-2-thread-1] DEBUG org.apache.http.headers - http-outgoing-0 >> POST /api/development/report/command HTTP/1.1
10:36:00.049 [pool-2-thread-1] DEBUG org.apache.http.headers - http-outgoing-0 >> Content-Length: 632
10:36:00.049 [pool-2-thread-1] DEBUG org.apache.http.headers - http-outgoing-0 >> Content-Type: application/json; charset=UTF-8
10:36:00.049 [pool-2-thread-1] DEBUG org.apache.http.headers - http-outgoing-0 >> Host: localhost:8585
10:36:00.049 [pool-2-thread-1] DEBUG org.apache.http.headers - http-outgoing-0 >> Connection: Keep-Alive
10:36:00.049 [pool-2-thread-1] DEBUG org.apache.http.headers - http-outgoing-0 >> User-Agent: Apache-HttpClient/4.5.9 (Java/11.0.11)
10:36:00.049 [pool-2-thread-1] DEBUG org.apache.http.headers - http-outgoing-0 >> Accept-Encoding: gzip,deflate
10:36:00.049 [pool-2-thread-1] DEBUG org.apache.http.headers - http-outgoing-0 >> Authorization: fHdacT69Ifkyd3lQ5OQCWjO_ZuQljpxJUSplQuaduoU
10:36:00.049 [pool-2-thread-1] DEBUG org.apache.http.headers - http-outgoing-0 >> Accept: application/json; charset=UTF-8
10:36:00.049 [pool-2-thread-1] DEBUG org.apache.http.wire - http-outgoing-0 >> "POST /api/development/report/command HTTP/1.1[\r][\n]"
10:36:00.049 [pool-2-thread-1] DEBUG org.apache.http.wire - http-outgoing-0 >> "Content-Length: 632[\r][\n]"
10:36:00.049 [pool-2-thread-1] DEBUG org.apache.http.wire - http-outgoing-0 >> "Content-Type: application/json; charset=UTF-8[\r][\n]"
10:36:00.049 [pool-2-thread-1] DEBUG org.apache.http.wire - http-outgoing-0 >> "Host: localhost:8585[\r][\n]"
10:36:00.049 [pool-2-thread-1] DEBUG org.apache.http.wire - http-outgoing-0 >> "Connection: Keep-Alive[\r][\n]"
10:36:00.049 [pool-2-thread-1] DEBUG org.apache.http.wire - http-outgoing-0 >> "User-Agent: Apache-HttpClient/4.5.9 (Java/11.0.11)[\r][\n]"
10:36:00.049 [pool-2-thread-1] DEBUG org.apache.http.wire - http-outgoing-0 >> "Accept-Encoding: gzip,deflate[\r][\n]"
10:36:00.049 [pool-2-thread-1] DEBUG org.apache.http.wire - http-outgoing-0 >> "Authorization: fHdacT69Ifkyd3lQ5OQCWjO_ZuQljpxJUSplQuaduoU[\r][\n]"
10:36:00.049 [pool-2-thread-1] DEBUG org.apache.http.wire - http-outgoing-0 >> "Accept: application/json; charset=UTF-8[\r][\n]"
10:36:00.050 [pool-2-thread-1] DEBUG org.apache.http.wire - http-outgoing-0 >> "[\r][\n]"
10:36:00.050 [pool-2-thread-1] DEBUG org.apache.http.wire - http-outgoing-0 >> "{"commandName":"findElement","commandParameters":{"using":"xpath","value":"//XCUIElementTypeOther[1]/XCUIElementTypeOther[1]/XCUIElementTypeOther[1]/XCUIElementTypeOther[1]/XCUIElementTypeOther[1]/XCUIElementTypeOther[1]/XCUIElementTypeOther[1]/XCUIElementTypeOther[1]/XCUIElementTypeOther[1]/XCUIElementTypeOther[1]/XCUIElementTypeOther[1]/XCUIElementTypeOther[1]/XCUIElementTypeOther[1]/XCUIElementTypeOther[1]/XCUIElementTypeOther[1]/XCUIElementTypeOther/XCUIElementTypeOther"},"result":{"element-6066-11e4-a52e-4f735466cecf":"AB000000-0000-0000-EE6E-000000000000","ELEMENT":"AB000000-0000-0000-EE6E-000000000000"},"passed":true}"
10:36:00.053 [pool-2-thread-1] DEBUG org.apache.http.wire - http-outgoing-0 << "HTTP/1.1 200 OK[\r][\n]"
10:36:00.053 [pool-2-thread-1] DEBUG org.apache.http.wire - http-outgoing-0 << "Date: Mon, 26 Jul 2021 05:06:00 GMT[\r][\n]"
10:36:00.053 [pool-2-thread-1] DEBUG org.apache.http.wire - http-outgoing-0 << "Cache-Control: private, no-cache, max-age=0[\r][\n]"
10:36:00.053 [pool-2-thread-1] DEBUG org.apache.http.wire - http-outgoing-0 << "Pragma: no-cache[\r][\n]"
10:36:00.053 [pool-2-thread-1] DEBUG org.apache.http.wire - http-outgoing-0 << "Expires: -1[\r][\n]"
10:36:00.053 [pool-2-thread-1] DEBUG org.apache.http.wire - http-outgoing-0 << "Content-Length: 0[\r][\n]"
10:36:00.053 [pool-2-thread-1] DEBUG org.apache.http.wire - http-outgoing-0 << "Server: Jetty(9.4.12.v20180830)[\r][\n]"
10:36:00.054 [pool-2-thread-1] DEBUG org.apache.http.wire - http-outgoing-0 << "[\r][\n]"
10:36:00.054 [pool-2-thread-1] DEBUG org.apache.http.headers - http-outgoing-0 << HTTP/1.1 200 OK
10:36:00.054 [pool-2-thread-1] DEBUG org.apache.http.headers - http-outgoing-0 << Date: Mon, 26 Jul 2021 05:06:00 GMT
10:36:00.054 [pool-2-thread-1] DEBUG org.apache.http.headers - http-outgoing-0 << Cache-Control: private, no-cache, max-age=0
10:36:00.054 [pool-2-thread-1] DEBUG org.apache.http.headers - http-outgoing-0 << Pragma: no-cache
10:36:00.054 [pool-2-thread-1] DEBUG org.apache.http.headers - http-outgoing-0 << Expires: -1
10:36:00.054 [pool-2-thread-1] DEBUG org.apache.http.headers - http-outgoing-0 << Content-Length: 0
10:36:00.054 [pool-2-thread-1] DEBUG org.apache.http.headers - http-outgoing-0 << Server: Jetty(9.4.12.v20180830)
10:36:00.054 [pool-2-thread-1] DEBUG o.a.h.impl.execchain.MainClientExec - Connection can be kept alive indefinitely
10:36:00.054 [pool-2-thread-1] DEBUG o.a.h.i.c.PoolingHttpClientConnectionManager - Connection [id: 0][route: {}->http://localhost:8585] can be kept alive indefinitely
10:36:00.054 [pool-2-thread-1] DEBUG o.a.h.i.c.DefaultManagedHttpClientConnection - http-outgoing-0: set socket timeout to 0
10:36:00.054 [pool-2-thread-1] DEBUG o.a.h.i.c.PoolingHttpClientConnectionManager - Connection released: [id: 0][route: {}->http://localhost:8585][total kept alive: 1; route allocated: 1 of 2; total allocated: 1 of 20]
10:36:00.382 [pool-2-thread-1] DEBUG o.a.h.c.protocol.RequestAddCookies - CookieSpec selected: default
10:36:00.382 [pool-2-thread-1] DEBUG o.a.h.c.protocol.RequestAuthCache - Auth cache not set in the context
10:36:00.382 [pool-2-thread-1] DEBUG o.a.h.i.c.PoolingHttpClientConnectionManager - Connection request: [route: {}->http://localhost:8585][total kept alive: 1; route allocated: 1 of 2; total allocated: 1 of 20]
10:36:00.382 [pool-2-thread-1] DEBUG o.a.h.i.c.PoolingHttpClientConnectionManager - Connection leased: [id: 0][route: {}->http://localhost:8585][total kept alive: 0; route allocated: 1 of 2; total allocated: 1 of 20]
10:36:00.382 [pool-2-thread-1] DEBUG o.a.h.i.c.DefaultManagedHttpClientConnection - http-outgoing-0: set socket timeout to 0
10:36:00.382 [pool-2-thread-1] DEBUG o.a.h.i.c.DefaultManagedHttpClientConnection - http-outgoing-0: set socket timeout to 5000
10:36:00.382 [pool-2-thread-1] DEBUG o.a.h.impl.execchain.MainClientExec - Executing request POST /api/development/report/command HTTP/1.1
10:36:00.382 [pool-2-thread-1] DEBUG o.a.h.impl.execchain.MainClientExec - Proxy auth state: UNCHALLENGED
10:36:00.382 [pool-2-thread-1] DEBUG org.apache.http.headers - http-outgoing-0 >> POST /api/development/report/command HTTP/1.1
10:36:00.382 [pool-2-thread-1] DEBUG org.apache.http.headers - http-outgoing-0 >> Content-Length: 110
10:36:00.382 [pool-2-thread-1] DEBUG org.apache.http.headers - http-outgoing-0 >> Content-Type: application/json; charset=UTF-8
10:36:00.382 [pool-2-thread-1] DEBUG org.apache.http.headers - http-outgoing-0 >> Host: localhost:8585
10:36:00.382 [pool-2-thread-1] DEBUG org.apache.http.headers - http-outgoing-0 >> Connection: Keep-Alive
10:36:00.382 [pool-2-thread-1] DEBUG org.apache.http.headers - http-outgoing-0 >> User-Agent: Apache-HttpClient/4.5.9 (Java/11.0.11)
10:36:00.382 [pool-2-thread-1] DEBUG org.apache.http.headers - http-outgoing-0 >> Accept-Encoding: gzip,deflate
10:36:00.382 [pool-2-thread-1] DEBUG org.apache.http.headers - http-outgoing-0 >> Authorization: fHdacT69Ifkyd3lQ5OQCWjO_ZuQljpxJUSplQuaduoU
10:36:00.382 [pool-2-thread-1] DEBUG org.apache.http.headers - http-outgoing-0 >> Accept: application/json; charset=UTF-8
10:36:00.382 [pool-2-thread-1] DEBUG org.apache.http.wire - http-outgoing-0 >> "POST /api/development/report/command HTTP/1.1[\r][\n]"
10:36:00.382 [pool-2-thread-1] DEBUG org.apache.http.wire - http-outgoing-0 >> "Content-Length: 110[\r][\n]"
10:36:00.382 [pool-2-thread-1] DEBUG org.apache.http.wire - http-outgoing-0 >> "Content-Type: application/json; charset=UTF-8[\r][\n]"
10:36:00.382 [pool-2-thread-1] DEBUG org.apache.http.wire - http-outgoing-0 >> "Host: localhost:8585[\r][\n]"
10:36:00.382 [pool-2-thread-1] DEBUG org.apache.http.wire - http-outgoing-0 >> "Connection: Keep-Alive[\r][\n]"
10:36:00.382 [pool-2-thread-1] DEBUG org.apache.http.wire - http-outgoing-0 >> "User-Agent: Apache-HttpClient/4.5.9 (Java/11.0.11)[\r][\n]"
10:36:00.382 [pool-2-thread-1] DEBUG org.apache.http.wire - http-outgoing-0 >> "Accept-Encoding: gzip,deflate[\r][\n]"
10:36:00.382 [pool-2-thread-1] DEBUG org.apache.http.wire - http-outgoing-0 >> "Authorization: fHdacT69Ifkyd3lQ5OQCWjO_ZuQljpxJUSplQuaduoU[\r][\n]"
10:36:00.382 [pool-2-thread-1] DEBUG org.apache.http.wire - http-outgoing-0 >> "Accept: application/json; charset=UTF-8[\r][\n]"
10:36:00.382 [pool-2-thread-1] DEBUG org.apache.http.wire - http-outgoing-0 >> "[\r][\n]"
10:36:00.382 [pool-2-thread-1] DEBUG org.apache.http.wire - http-outgoing-0 >> "{"commandName":"clickElement","commandParameters":{"id":"AB000000-0000-0000-EE6E-000000000000"},"passed":true}"
10:36:00.468 [pool-2-thread-1] DEBUG org.apache.http.wire - http-outgoing-0 << "HTTP/1.1 200 OK[\r][\n]"
10:36:00.468 [pool-2-thread-1] DEBUG org.apache.http.wire - http-outgoing-0 << "Date: Mon, 26 Jul 2021 05:06:00 GMT[\r][\n]"
10:36:00.468 [pool-2-thread-1] DEBUG org.apache.http.wire - http-outgoing-0 << "Cache-Control: private, no-cache, max-age=0[\r][\n]"
10:36:00.468 [pool-2-thread-1] DEBUG org.apache.http.wire - http-outgoing-0 << "Pragma: no-cache[\r][\n]"
10:36:00.468 [pool-2-thread-1] DEBUG org.apache.http.wire - http-outgoing-0 << "Expires: -1[\r][\n]"
10:36:00.468 [pool-2-thread-1] DEBUG org.apache.http.wire - http-outgoing-0 << "Content-Length: 0[\r][\n]"
10:36:00.468 [pool-2-thread-1] DEBUG org.apache.http.wire - http-outgoing-0 << "Server: Jetty(9.4.12.v20180830)[\r][\n]"
10:36:00.468 [pool-2-thread-1] DEBUG org.apache.http.wire - http-outgoing-0 << "[\r][\n]"
10:36:00.469 [pool-2-thread-1] DEBUG org.apache.http.headers - http-outgoing-0 << HTTP/1.1 200 OK
10:36:00.469 [pool-2-thread-1] DEBUG org.apache.http.headers - http-outgoing-0 << Date: Mon, 26 Jul 2021 05:06:00 GMT
10:36:00.469 [pool-2-thread-1] DEBUG org.apache.http.headers - http-outgoing-0 << Cache-Control: private, no-cache, max-age=0
10:36:00.469 [pool-2-thread-1] DEBUG org.apache.http.headers - http-outgoing-0 << Pragma: no-cache
10:36:00.469 [pool-2-thread-1] DEBUG org.apache.http.headers - http-outgoing-0 << Expires: -1
10:36:00.469 [pool-2-thread-1] DEBUG org.apache.http.headers - http-outgoing-0 << Content-Length: 0
10:36:00.469 [pool-2-thread-1] DEBUG org.apache.http.headers - http-outgoing-0 << Server: Jetty(9.4.12.v20180830)
10:36:00.469 [pool-2-thread-1] DEBUG o.a.h.impl.execchain.MainClientExec - Connection can be kept alive indefinitely
10:36:00.469 [pool-2-thread-1] DEBUG o.a.h.i.c.PoolingHttpClientConnectionManager - Connection [id: 0][route: {}->http://localhost:8585] can be kept alive indefinitely
10:36:00.469 [pool-2-thread-1] DEBUG o.a.h.i.c.DefaultManagedHttpClientConnection - http-outgoing-0: set socket timeout to 0
10:36:00.469 [pool-2-thread-1] DEBUG o.a.h.i.c.PoolingHttpClientConnectionManager - Connection released: [id: 0][route: {}->http://localhost:8585][total kept alive: 1; route allocated: 1 of 2; total allocated: 1 of 20]
10:36:00.478 [pool-2-thread-1] DEBUG o.a.h.c.protocol.RequestAddCookies - CookieSpec selected: default
10:36:00.478 [pool-2-thread-1] DEBUG o.a.h.c.protocol.RequestAuthCache - Auth cache not set in the context
10:36:00.478 [pool-2-thread-1] DEBUG o.a.h.i.c.PoolingHttpClientConnectionManager - Connection request: [route: {}->http://localhost:8585][total kept alive: 1; route allocated: 1 of 2; total allocated: 1 of 20]
10:36:00.478 [pool-2-thread-1] DEBUG o.a.h.i.c.PoolingHttpClientConnectionManager - Connection leased: [id: 0][route: {}->http://localhost:8585][total kept alive: 0; route allocated: 1 of 2; total allocated: 1 of 20]
10:36:00.479 [pool-2-thread-1] DEBUG o.a.h.i.c.DefaultManagedHttpClientConnection - http-outgoing-0: set socket timeout to 0
10:36:00.479 [pool-2-thread-1] DEBUG o.a.h.i.c.DefaultManagedHttpClientConnection - http-outgoing-0: set socket timeout to 5000
10:36:00.479 [pool-2-thread-1] DEBUG o.a.h.impl.execchain.MainClientExec - Executing request POST /api/development/report/command HTTP/1.1
10:36:00.479 [pool-2-thread-1] DEBUG o.a.h.impl.execchain.MainClientExec - Proxy auth state: UNCHALLENGED
10:36:00.479 [pool-2-thread-1] DEBUG org.apache.http.headers - http-outgoing-0 >> POST /api/development/report/command HTTP/1.1
10:36:00.479 [pool-2-thread-1] DEBUG org.apache.http.headers - http-outgoing-0 >> Content-Length: 81
10:36:00.479 [pool-2-thread-1] DEBUG org.apache.http.headers - http-outgoing-0 >> Content-Type: application/json; charset=UTF-8
10:36:00.479 [pool-2-thread-1] DEBUG org.apache.http.headers - http-outgoing-0 >> Host: localhost:8585
10:36:00.479 [pool-2-thread-1] DEBUG org.apache.http.headers - http-outgoing-0 >> Connection: Keep-Alive
10:36:00.479 [pool-2-thread-1] DEBUG org.apache.http.headers - http-outgoing-0 >> User-Agent: Apache-HttpClient/4.5.9 (Java/11.0.11)
10:36:00.479 [pool-2-thread-1] DEBUG org.apache.http.headers - http-outgoing-0 >> Accept-Encoding: gzip,deflate
10:36:00.479 [pool-2-thread-1] DEBUG org.apache.http.headers - http-outgoing-0 >> Authorization: fHdacT69Ifkyd3lQ5OQCWjO_ZuQljpxJUSplQuaduoU
10:36:00.479 [pool-2-thread-1] DEBUG org.apache.http.headers - http-outgoing-0 >> Accept: application/json; charset=UTF-8
10:36:00.479 [pool-2-thread-1] DEBUG org.apache.http.wire - http-outgoing-0 >> "POST /api/development/report/command HTTP/1.1[\r][\n]"
10:36:00.479 [pool-2-thread-1] DEBUG org.apache.http.wire - http-outgoing-0 >> "Content-Length: 81[\r][\n]"
10:36:00.479 [pool-2-thread-1] DEBUG org.apache.http.wire - http-outgoing-0 >> "Content-Type: application/json; charset=UTF-8[\r][\n]"
10:36:00.480 [pool-2-thread-1] DEBUG org.apache.http.wire - http-outgoing-0 >> "Host: localhost:8585[\r][\n]"
10:36:00.480 [pool-2-thread-1] DEBUG org.apache.http.wire - http-outgoing-0 >> "Connection: Keep-Alive[\r][\n]"
10:36:00.480 [pool-2-thread-1] DEBUG org.apache.http.wire - http-outgoing-0 >> "User-Agent: Apache-HttpClient/4.5.9 (Java/11.0.11)[\r][\n]"
10:36:00.480 [pool-2-thread-1] DEBUG org.apache.http.wire - http-outgoing-0 >> "Accept-Encoding: gzip,deflate[\r][\n]"
10:36:00.480 [pool-2-thread-1] DEBUG org.apache.http.wire - http-outgoing-0 >> "Authorization: fHdacT69Ifkyd3lQ5OQCWjO_ZuQljpxJUSplQuaduoU[\r][\n]"
10:36:00.480 [pool-2-thread-1] DEBUG org.apache.http.wire - http-outgoing-0 >> "Accept: application/json; charset=UTF-8[\r][\n]"
10:36:00.480 [pool-2-thread-1] DEBUG org.apache.http.wire - http-outgoing-0 >> "[\r][\n]"
10:36:00.480 [pool-2-thread-1] DEBUG org.apache.http.wire - http-outgoing-0 >> "{"commandName":"setTimeout","commandParameters":{"implicit":10000},"passed":true}"
10:36:00.486 [pool-2-thread-1] DEBUG org.apache.http.wire - http-outgoing-0 << "HTTP/1.1 200 OK[\r][\n]"
10:36:00.487 [pool-2-thread-1] DEBUG org.apache.http.wire - http-outgoing-0 << "Date: Mon, 26 Jul 2021 05:06:00 GMT[\r][\n]"
10:36:00.487 [pool-2-thread-1] DEBUG org.apache.http.wire - http-outgoing-0 << "Cache-Control: private, no-cache, max-age=0[\r][\n]"
10:36:00.487 [pool-2-thread-1] DEBUG org.apache.http.wire - http-outgoing-0 << "Pragma: no-cache[\r][\n]"
10:36:00.487 [pool-2-thread-1] DEBUG org.apache.http.wire - http-outgoing-0 << "Expires: -1[\r][\n]"
10:36:00.487 [pool-2-thread-1] DEBUG org.apache.http.wire - http-outgoing-0 << "Content-Length: 0[\r][\n]"
10:36:00.487 [pool-2-thread-1] DEBUG org.apache.http.wire - http-outgoing-0 << "Server: Jetty(9.4.12.v20180830)[\r][\n]"
10:36:00.487 [pool-2-thread-1] DEBUG org.apache.http.wire - http-outgoing-0 << "[\r][\n]"
10:36:00.487 [pool-2-thread-1] DEBUG org.apache.http.headers - http-outgoing-0 << HTTP/1.1 200 OK
10:36:00.487 [pool-2-thread-1] DEBUG org.apache.http.headers - http-outgoing-0 << Date: Mon, 26 Jul 2021 05:06:00 GMT
10:36:00.487 [pool-2-thread-1] DEBUG org.apache.http.headers - http-outgoing-0 << Cache-Control: private, no-cache, max-age=0
10:36:00.487 [pool-2-thread-1] DEBUG org.apache.http.headers - http-outgoing-0 << Pragma: no-cache
10:36:00.487 [pool-2-thread-1] DEBUG org.apache.http.headers - http-outgoing-0 << Expires: -1
10:36:00.487 [pool-2-thread-1] DEBUG org.apache.http.headers - http-outgoing-0 << Content-Length: 0
10:36:00.487 [pool-2-thread-1] DEBUG org.apache.http.headers - http-outgoing-0 << Server: Jetty(9.4.12.v20180830)
10:36:00.487 [pool-2-thread-1] DEBUG o.a.h.impl.execchain.MainClientExec - Connection can be kept alive indefinitely
10:36:00.487 [pool-2-thread-1] DEBUG o.a.h.i.c.PoolingHttpClientConnectionManager - Connection [id: 0][route: {}->http://localhost:8585] can be kept alive indefinitely
10:36:00.487 [pool-2-thread-1] DEBUG o.a.h.i.c.DefaultManagedHttpClientConnection - http-outgoing-0: set socket timeout to 0
10:36:00.487 [pool-2-thread-1] DEBUG o.a.h.i.c.PoolingHttpClientConnectionManager - Connection released: [id: 0][route: {}->http://localhost:8585][total kept alive: 1; route allocated: 1 of 2; total allocated: 1 of 20]
10:36:00.857 [pool-2-thread-1] DEBUG o.a.h.c.protocol.RequestAddCookies - CookieSpec selected: default
10:36:00.857 [pool-2-thread-1] DEBUG o.a.h.c.protocol.RequestAuthCache - Auth cache not set in the context
10:36:00.857 [pool-2-thread-1] DEBUG o.a.h.i.c.PoolingHttpClientConnectionManager - Connection request: [route: {}->http://localhost:8585][total kept alive: 1; route allocated: 1 of 2; total allocated: 1 of 20]
10:36:00.857 [pool-2-thread-1] DEBUG o.a.h.i.c.PoolingHttpClientConnectionManager - Connection leased: [id: 0][route: {}->http://localhost:8585][total kept alive: 0; route allocated: 1 of 2; total allocated: 1 of 20]
10:36:00.857 [pool-2-thread-1] DEBUG o.a.h.i.c.DefaultManagedHttpClientConnection - http-outgoing-0: set socket timeout to 0
10:36:00.857 [pool-2-thread-1] DEBUG o.a.h.i.c.DefaultManagedHttpClientConnection - http-outgoing-0: set socket timeout to 5000
10:36:00.857 [pool-2-thread-1] DEBUG o.a.h.impl.execchain.MainClientExec - Executing request POST /api/development/report/command HTTP/1.1
10:36:00.857 [pool-2-thread-1] DEBUG o.a.h.impl.execchain.MainClientExec - Proxy auth state: UNCHALLENGED
10:36:00.858 [pool-2-thread-1] DEBUG org.apache.http.headers - http-outgoing-0 >> POST /api/development/report/command HTTP/1.1
10:36:00.858 [pool-2-thread-1] DEBUG org.apache.http.headers - http-outgoing-0 >> Content-Length: 298
10:36:00.858 [pool-2-thread-1] DEBUG org.apache.http.headers - http-outgoing-0 >> Content-Type: application/json; charset=UTF-8
10:36:00.858 [pool-2-thread-1] DEBUG org.apache.http.headers - http-outgoing-0 >> Host: localhost:8585
10:36:00.858 [pool-2-thread-1] DEBUG org.apache.http.headers - http-outgoing-0 >> Connection: Keep-Alive
10:36:00.858 [pool-2-thread-1] DEBUG org.apache.http.headers - http-outgoing-0 >> User-Agent: Apache-HttpClient/4.5.9 (Java/11.0.11)
10:36:00.858 [pool-2-thread-1] DEBUG org.apache.http.headers - http-outgoing-0 >> Accept-Encoding: gzip,deflate
10:36:00.858 [pool-2-thread-1] DEBUG org.apache.http.headers - http-outgoing-0 >> Authorization: fHdacT69Ifkyd3lQ5OQCWjO_ZuQljpxJUSplQuaduoU
10:36:00.858 [pool-2-thread-1] DEBUG org.apache.http.headers - http-outgoing-0 >> Accept: application/json; charset=UTF-8
10:36:00.858 [pool-2-thread-1] DEBUG org.apache.http.wire - http-outgoing-0 >> "POST /api/development/report/command HTTP/1.1[\r][\n]"
10:36:00.858 [pool-2-thread-1] DEBUG org.apache.http.wire - http-outgoing-0 >> "Content-Length: 298[\r][\n]"
10:36:00.858 [pool-2-thread-1] DEBUG org.apache.http.wire - http-outgoing-0 >> "Content-Type: application/json; charset=UTF-8[\r][\n]"
10:36:00.858 [pool-2-thread-1] DEBUG org.apache.http.wire - http-outgoing-0 >> "Host: localhost:8585[\r][\n]"
10:36:00.858 [pool-2-thread-1] DEBUG org.apache.http.wire - http-outgoing-0 >> "Connection: Keep-Alive[\r][\n]"
10:36:00.858 [pool-2-thread-1] DEBUG org.apache.http.wire - http-outgoing-0 >> "User-Agent: Apache-HttpClient/4.5.9 (Java/11.0.11)[\r][\n]"
10:36:00.858 [pool-2-thread-1] DEBUG org.apache.http.wire - http-outgoing-0 >> "Accept-Encoding: gzip,deflate[\r][\n]"
10:36:00.858 [pool-2-thread-1] DEBUG org.apache.http.wire - http-outgoing-0 >> "Authorization: fHdacT69Ifkyd3lQ5OQCWjO_ZuQljpxJUSplQuaduoU[\r][\n]"
10:36:00.858 [pool-2-thread-1] DEBUG org.apache.http.wire - http-outgoing-0 >> "Accept: application/json; charset=UTF-8[\r][\n]"
10:36:00.858 [pool-2-thread-1] DEBUG org.apache.http.wire - http-outgoing-0 >> "[\r][\n]"
10:36:00.858 [pool-2-thread-1] DEBUG org.apache.http.wire - http-outgoing-0 >> "{"commandName":"findElement","commandParameters":{"using":"xpath","value":"//XCUIElementTypeOther[11]/XCUIElementTypeButton/XCUIElementTypeOther"},"result":{"element-6066-11e4-a52e-4f735466cecf":"7F000000-0000-0000-EE6E-000000000000","ELEMENT":"7F000000-0000-0000-EE6E-000000000000"},"passed":true}"
10:36:00.861 [pool-2-thread-1] DEBUG org.apache.http.wire - http-outgoing-0 << "HTTP/1.1 200 OK[\r][\n]"
10:36:00.861 [pool-2-thread-1] DEBUG org.apache.http.wire - http-outgoing-0 << "Date: Mon, 26 Jul 2021 05:06:00 GMT[\r][\n]"
10:36:00.861 [pool-2-thread-1] DEBUG org.apache.http.wire - http-outgoing-0 << "Cache-Control: private, no-cache, max-age=0[\r][\n]"
10:36:00.861 [pool-2-thread-1] DEBUG org.apache.http.wire - http-outgoing-0 << "Pragma: no-cache[\r][\n]"
10:36:00.861 [pool-2-thread-1] DEBUG org.apache.http.wire - http-outgoing-0 << "Expires: -1[\r][\n]"
10:36:00.861 [pool-2-thread-1] DEBUG org.apache.http.wire - http-outgoing-0 << "Content-Length: 0[\r][\n]"
10:36:00.861 [pool-2-thread-1] DEBUG org.apache.http.wire - http-outgoing-0 << "Server: Jetty(9.4.12.v20180830)[\r][\n]"
10:36:00.861 [pool-2-thread-1] DEBUG org.apache.http.wire - http-outgoing-0 << "[\r][\n]"
10:36:00.861 [pool-2-thread-1] DEBUG org.apache.http.headers - http-outgoing-0 << HTTP/1.1 200 OK
10:36:00.861 [pool-2-thread-1] DEBUG org.apache.http.headers - http-outgoing-0 << Date: Mon, 26 Jul 2021 05:06:00 GMT
10:36:00.861 [pool-2-thread-1] DEBUG org.apache.http.headers - http-outgoing-0 << Cache-Control: private, no-cache, max-age=0
10:36:00.861 [pool-2-thread-1] DEBUG org.apache.http.headers - http-outgoing-0 << Pragma: no-cache
10:36:00.861 [pool-2-thread-1] DEBUG org.apache.http.headers - http-outgoing-0 << Expires: -1
10:36:00.861 [pool-2-thread-1] DEBUG org.apache.http.headers - http-outgoing-0 << Content-Length: 0
10:36:00.861 [pool-2-thread-1] DEBUG org.apache.http.headers - http-outgoing-0 << Server: Jetty(9.4.12.v20180830)
10:36:00.862 [pool-2-thread-1] DEBUG o.a.h.impl.execchain.MainClientExec - Connection can be kept alive indefinitely
10:36:00.862 [pool-2-thread-1] DEBUG o.a.h.i.c.PoolingHttpClientConnectionManager - Connection [id: 0][route: {}->http://localhost:8585] can be kept alive indefinitely
10:36:00.862 [pool-2-thread-1] DEBUG o.a.h.i.c.DefaultManagedHttpClientConnection - http-outgoing-0: set socket timeout to 0
10:36:00.862 [pool-2-thread-1] DEBUG o.a.h.i.c.PoolingHttpClientConnectionManager - Connection released: [id: 0][route: {}->http://localhost:8585][total kept alive: 1; route allocated: 1 of 2; total allocated: 1 of 20]
  &amp#27;[32mWhen &amp#27;[0m&amp#27;[32mclicks on Logout&amp#27;[0m                                                                      &amp#27;[90m# Stepdefinitions.Login_positive_scenario.click_logout()&amp#27;[0m
10:36:01.106 [pool-2-thread-1] DEBUG o.a.h.c.protocol.RequestAddCookies - CookieSpec selected: default
10:36:01.106 [pool-2-thread-1] DEBUG o.a.h.c.protocol.RequestAuthCache - Auth cache not set in the context
10:36:01.106 [pool-2-thread-1] DEBUG o.a.h.i.c.PoolingHttpClientConnectionManager - Connection request: [route: {}->http://localhost:8585][total kept alive: 1; route allocated: 1 of 2; total allocated: 1 of 20]
10:36:01.106 [pool-2-thread-1] DEBUG o.a.h.i.c.PoolingHttpClientConnectionManager - Connection leased: [id: 0][route: {}->http://localhost:8585][total kept alive: 0; route allocated: 1 of 2; total allocated: 1 of 20]
10:36:01.106 [pool-2-thread-1] DEBUG o.a.h.i.c.DefaultManagedHttpClientConnection - http-outgoing-0: set socket timeout to 0
10:36:01.106 [pool-2-thread-1] DEBUG o.a.h.i.c.DefaultManagedHttpClientConnection - http-outgoing-0: set socket timeout to 5000
10:36:01.106 [pool-2-thread-1] DEBUG o.a.h.impl.execchain.MainClientExec - Executing request POST /api/development/report/command HTTP/1.1
10:36:01.106 [pool-2-thread-1] DEBUG o.a.h.impl.execchain.MainClientExec - Proxy auth state: UNCHALLENGED
10:36:01.106 [pool-2-thread-1] DEBUG org.apache.http.headers - http-outgoing-0 >> POST /api/development/report/command HTTP/1.1
10:36:01.106 [pool-2-thread-1] DEBUG org.apache.http.headers - http-outgoing-0 >> Content-Length: 110
10:36:01.107 [pool-2-thread-1] DEBUG org.apache.http.headers - http-outgoing-0 >> Content-Type: application/json; charset=UTF-8
10:36:01.107 [pool-2-thread-1] DEBUG org.apache.http.headers - http-outgoing-0 >> Host: localhost:8585
10:36:01.107 [pool-2-thread-1] DEBUG org.apache.http.headers - http-outgoing-0 >> Connection: Keep-Alive
10:36:01.107 [pool-2-thread-1] DEBUG org.apache.http.headers - http-outgoing-0 >> User-Agent: Apache-HttpClient/4.5.9 (Java/11.0.11)
10:36:01.107 [pool-2-thread-1] DEBUG org.apache.http.headers - http-outgoing-0 >> Accept-Encoding: gzip,deflate
10:36:01.107 [pool-2-thread-1] DEBUG org.apache.http.headers - http-outgoing-0 >> Authorization: fHdacT69Ifkyd3lQ5OQCWjO_ZuQljpxJUSplQuaduoU
10:36:01.107 [pool-2-thread-1] DEBUG org.apache.http.headers - http-outgoing-0 >> Accept: application/json; charset=UTF-8
10:36:01.107 [pool-2-thread-1] DEBUG org.apache.http.wire - http-outgoing-0 >> "POST /api/development/report/command HTTP/1.1[\r][\n]"
10:36:01.107 [pool-2-thread-1] DEBUG org.apache.http.wire - http-outgoing-0 >> "Content-Length: 110[\r][\n]"
10:36:01.107 [pool-2-thread-1] DEBUG org.apache.http.wire - http-outgoing-0 >> "Content-Type: application/json; charset=UTF-8[\r][\n]"
10:36:01.107 [pool-2-thread-1] DEBUG org.apache.http.wire - http-outgoing-0 >> "Host: localhost:8585[\r][\n]"
10:36:01.107 [pool-2-thread-1] DEBUG org.apache.http.wire - http-outgoing-0 >> "Connection: Keep-Alive[\r][\n]"
10:36:01.107 [pool-2-thread-1] DEBUG org.apache.http.wire - http-outgoing-0 >> "User-Agent: Apache-HttpClient/4.5.9 (Java/11.0.11)[\r][\n]"
10:36:01.107 [pool-2-thread-1] DEBUG org.apache.http.wire - http-outgoing-0 >> "Accept-Encoding: gzip,deflate[\r][\n]"
10:36:01.107 [pool-2-thread-1] DEBUG org.apache.http.wire - http-outgoing-0 >> "Authorization: fHdacT69Ifkyd3lQ5OQCWjO_ZuQljpxJUSplQuaduoU[\r][\n]"
10:36:01.107 [pool-2-thread-1] DEBUG org.apache.http.wire - http-outgoing-0 >> "Accept: application/json; charset=UTF-8[\r][\n]"
10:36:01.107 [pool-2-thread-1] DEBUG org.apache.http.wire - http-outgoing-0 >> "[\r][\n]"
10:36:01.107 [pool-2-thread-1] DEBUG org.apache.http.wire - http-outgoing-0 >> "{"commandName":"clickElement","commandParameters":{"id":"7F000000-0000-0000-EE6E-000000000000"},"passed":true}"
10:36:01.109 [pool-2-thread-1] DEBUG org.apache.http.wire - http-outgoing-0 << "HTTP/1.1 200 OK[\r][\n]"
10:36:01.109 [pool-2-thread-1] DEBUG org.apache.http.wire - http-outgoing-0 << "Date: Mon, 26 Jul 2021 05:06:01 GMT[\r][\n]"
10:36:01.109 [pool-2-thread-1] DEBUG org.apache.http.wire - http-outgoing-0 << "Cache-Control: private, no-cache, max-age=0[\r][\n]"
10:36:01.109 [pool-2-thread-1] DEBUG org.apache.http.wire - http-outgoing-0 << "Pragma: no-cache[\r][\n]"
10:36:01.109 [pool-2-thread-1] DEBUG org.apache.http.wire - http-outgoing-0 << "Expires: -1[\r][\n]"
10:36:01.109 [pool-2-thread-1] DEBUG org.apache.http.wire - http-outgoing-0 << "Content-Length: 0[\r][\n]"
10:36:01.109 [pool-2-thread-1] DEBUG org.apache.http.wire - http-outgoing-0 << "Server: Jetty(9.4.12.v20180830)[\r][\n]"
10:36:01.109 [pool-2-thread-1] DEBUG org.apache.http.wire - http-outgoing-0 << "[\r][\n]"
10:36:01.110 [pool-2-thread-1] DEBUG org.apache.http.headers - http-outgoing-0 << HTTP/1.1 200 OK
10:36:01.110 [pool-2-thread-1] DEBUG org.apache.http.headers - http-outgoing-0 << Date: Mon, 26 Jul 2021 05:06:01 GMT
10:36:01.110 [pool-2-thread-1] DEBUG org.apache.http.headers - http-outgoing-0 << Cache-Control: private, no-cache, max-age=0
10:36:01.110 [pool-2-thread-1] DEBUG org.apache.http.headers - http-outgoing-0 << Pragma: no-cache
10:36:01.110 [pool-2-thread-1] DEBUG org.apache.http.headers - http-outgoing-0 << Expires: -1
10:36:01.110 [pool-2-thread-1] DEBUG org.apache.http.headers - http-outgoing-0 << Content-Length: 0
10:36:01.110 [pool-2-thread-1] DEBUG org.apache.http.headers - http-outgoing-0 << Server: Jetty(9.4.12.v20180830)
10:36:01.110 [pool-2-thread-1] DEBUG o.a.h.impl.execchain.MainClientExec - Connection can be kept alive indefinitely
10:36:01.110 [pool-2-thread-1] DEBUG o.a.h.i.c.PoolingHttpClientConnectionManager - Connection [id: 0][route: {}->http://localhost:8585] can be kept alive indefinitely
10:36:01.110 [pool-2-thread-1] DEBUG o.a.h.i.c.DefaultManagedHttpClientConnection - http-outgoing-0: set socket timeout to 0
10:36:01.110 [pool-2-thread-1] DEBUG o.a.h.i.c.PoolingHttpClientConnectionManager - Connection released: [id: 0][route: {}->http://localhost:8585][total kept alive: 1; route allocated: 1 of 2; total allocated: 1 of 20]
10:36:01.131 [pool-2-thread-1] DEBUG o.a.h.c.protocol.RequestAddCookies - CookieSpec selected: default
10:36:01.131 [pool-2-thread-1] DEBUG o.a.h.c.protocol.RequestAuthCache - Auth cache not set in the context
10:36:01.131 [pool-2-thread-1] DEBUG o.a.h.i.c.PoolingHttpClientConnectionManager - Connection request: [route: {}->http://localhost:8585][total kept alive: 1; route allocated: 1 of 2; total allocated: 1 of 20]
10:36:01.131 [pool-2-thread-1] DEBUG o.a.h.i.c.PoolingHttpClientConnectionManager - Connection leased: [id: 0][route: {}->http://localhost:8585][total kept alive: 0; route allocated: 1 of 2; total allocated: 1 of 20]
10:36:01.131 [pool-2-thread-1] DEBUG o.a.h.i.c.DefaultManagedHttpClientConnection - http-outgoing-0: set socket timeout to 0
10:36:01.131 [pool-2-thread-1] DEBUG o.a.h.i.c.DefaultManagedHttpClientConnection - http-outgoing-0: set socket timeout to 5000
10:36:01.131 [pool-2-thread-1] DEBUG o.a.h.impl.execchain.MainClientExec - Executing request POST /api/development/report/command HTTP/1.1
10:36:01.131 [pool-2-thread-1] DEBUG o.a.h.impl.execchain.MainClientExec - Proxy auth state: UNCHALLENGED
10:36:01.131 [pool-2-thread-1] DEBUG org.apache.http.headers - http-outgoing-0 >> POST /api/development/report/command HTTP/1.1
10:36:01.131 [pool-2-thread-1] DEBUG org.apache.http.headers - http-outgoing-0 >> Content-Length: 81
10:36:01.131 [pool-2-thread-1] DEBUG org.apache.http.headers - http-outgoing-0 >> Content-Type: application/json; charset=UTF-8
10:36:01.131 [pool-2-thread-1] DEBUG org.apache.http.headers - http-outgoing-0 >> Host: localhost:8585
10:36:01.131 [pool-2-thread-1] DEBUG org.apache.http.headers - http-outgoing-0 >> Connection: Keep-Alive
10:36:01.131 [pool-2-thread-1] DEBUG org.apache.http.headers - http-outgoing-0 >> User-Agent: Apache-HttpClient/4.5.9 (Java/11.0.11)
10:36:01.131 [pool-2-thread-1] DEBUG org.apache.http.headers - http-outgoing-0 >> Accept-Encoding: gzip,deflate
10:36:01.131 [pool-2-thread-1] DEBUG org.apache.http.headers - http-outgoing-0 >> Authorization: fHdacT69Ifkyd3lQ5OQCWjO_ZuQljpxJUSplQuaduoU
10:36:01.131 [pool-2-thread-1] DEBUG org.apache.http.headers - http-outgoing-0 >> Accept: application/json; charset=UTF-8
10:36:01.131 [pool-2-thread-1] DEBUG org.apache.http.wire - http-outgoing-0 >> "POST /api/development/report/command HTTP/1.1[\r][\n]"
10:36:01.131 [pool-2-thread-1] DEBUG org.apache.http.wire - http-outgoing-0 >> "Content-Length: 81[\r][\n]"
10:36:01.131 [pool-2-thread-1] DEBUG org.apache.http.wire - http-outgoing-0 >> "Content-Type: application/json; charset=UTF-8[\r][\n]"
10:36:01.131 [pool-2-thread-1] DEBUG org.apache.http.wire - http-outgoing-0 >> "Host: localhost:8585[\r][\n]"
10:36:01.131 [pool-2-thread-1] DEBUG org.apache.http.wire - http-outgoing-0 >> "Connection: Keep-Alive[\r][\n]"
10:36:01.131 [pool-2-thread-1] DEBUG org.apache.http.wire - http-outgoing-0 >> "User-Agent: Apache-HttpClient/4.5.9 (Java/11.0.11)[\r][\n]"
10:36:01.131 [pool-2-thread-1] DEBUG org.apache.http.wire - http-outgoing-0 >> "Accept-Encoding: gzip,deflate[\r][\n]"
10:36:01.131 [pool-2-thread-1] DEBUG org.apache.http.wire - http-outgoing-0 >> "Authorization: fHdacT69Ifkyd3lQ5OQCWjO_ZuQljpxJUSplQuaduoU[\r][\n]"
10:36:01.131 [pool-2-thread-1] DEBUG org.apache.http.wire - http-outgoing-0 >> "Accept: application/json; charset=UTF-8[\r][\n]"
10:36:01.131 [pool-2-thread-1] DEBUG org.apache.http.wire - http-outgoing-0 >> "[\r][\n]"
10:36:01.131 [pool-2-thread-1] DEBUG org.apache.http.wire - http-outgoing-0 >> "{"commandName":"setTimeout","commandParameters":{"implicit":10000},"passed":true}"
10:36:01.134 [pool-2-thread-1] DEBUG org.apache.http.wire - http-outgoing-0 << "HTTP/1.1 200 OK[\r][\n]"
10:36:01.134 [pool-2-thread-1] DEBUG org.apache.http.wire - http-outgoing-0 << "Date: Mon, 26 Jul 2021 05:06:01 GMT[\r][\n]"
10:36:01.134 [pool-2-thread-1] DEBUG org.apache.http.wire - http-outgoing-0 << "Cache-Control: private, no-cache, max-age=0[\r][\n]"
10:36:01.134 [pool-2-thread-1] DEBUG org.apache.http.wire - http-outgoing-0 << "Pragma: no-cache[\r][\n]"
10:36:01.134 [pool-2-thread-1] DEBUG org.apache.http.wire - http-outgoing-0 << "Expires: -1[\r][\n]"
10:36:01.134 [pool-2-thread-1] DEBUG org.apache.http.wire - http-outgoing-0 << "Content-Length: 0[\r][\n]"
10:36:01.134 [pool-2-thread-1] DEBUG org.apache.http.wire - http-outgoing-0 << "Server: Jetty(9.4.12.v20180830)[\r][\n]"
10:36:01.134 [pool-2-thread-1] DEBUG org.apache.http.wire - http-outgoing-0 << "[\r][\n]"
10:36:01.134 [pool-2-thread-1] DEBUG org.apache.http.headers - http-outgoing-0 << HTTP/1.1 200 OK
10:36:01.134 [pool-2-thread-1] DEBUG org.apache.http.headers - http-outgoing-0 << Date: Mon, 26 Jul 2021 05:06:01 GMT
10:36:01.134 [pool-2-thread-1] DEBUG org.apache.http.headers - http-outgoing-0 << Cache-Control: private, no-cache, max-age=0
10:36:01.134 [pool-2-thread-1] DEBUG org.apache.http.headers - http-outgoing-0 << Pragma: no-cache
10:36:01.134 [pool-2-thread-1] DEBUG org.apache.http.headers - http-outgoing-0 << Expires: -1
10:36:01.134 [pool-2-thread-1] DEBUG org.apache.http.headers - http-outgoing-0 << Content-Length: 0
10:36:01.134 [pool-2-thread-1] DEBUG org.apache.http.headers - http-outgoing-0 << Server: Jetty(9.4.12.v20180830)
10:36:01.134 [pool-2-thread-1] DEBUG o.a.h.impl.execchain.MainClientExec - Connection can be kept alive indefinitely
10:36:01.134 [pool-2-thread-1] DEBUG o.a.h.i.c.PoolingHttpClientConnectionManager - Connection [id: 0][route: {}->http://localhost:8585] can be kept alive indefinitely
10:36:01.134 [pool-2-thread-1] DEBUG o.a.h.i.c.DefaultManagedHttpClientConnection - http-outgoing-0: set socket timeout to 0
10:36:01.134 [pool-2-thread-1] DEBUG o.a.h.i.c.PoolingHttpClientConnectionManager - Connection released: [id: 0][route: {}->http://localhost:8585][total kept alive: 1; route allocated: 1 of 2; total allocated: 1 of 20]
10:36:01.510 [pool-2-thread-1] DEBUG o.a.h.c.protocol.RequestAddCookies - CookieSpec selected: default
10:36:01.511 [pool-2-thread-1] DEBUG o.a.h.c.protocol.RequestAuthCache - Auth cache not set in the context
10:36:01.511 [pool-2-thread-1] DEBUG o.a.h.i.c.PoolingHttpClientConnectionManager - Connection request: [route: {}->http://localhost:8585][total kept alive: 1; route allocated: 1 of 2; total allocated: 1 of 20]
10:36:01.511 [pool-2-thread-1] DEBUG o.a.h.i.c.PoolingHttpClientConnectionManager - Connection leased: [id: 0][route: {}->http://localhost:8585][total kept alive: 0; route allocated: 1 of 2; total allocated: 1 of 20]
10:36:01.511 [pool-2-thread-1] DEBUG o.a.h.i.c.DefaultManagedHttpClientConnection - http-outgoing-0: set socket timeout to 0
10:36:01.511 [pool-2-thread-1] DEBUG o.a.h.i.c.DefaultManagedHttpClientConnection - http-outgoing-0: set socket timeout to 5000
10:36:01.511 [pool-2-thread-1] DEBUG o.a.h.impl.execchain.MainClientExec - Executing request POST /api/development/report/command HTTP/1.1
10:36:01.511 [pool-2-thread-1] DEBUG o.a.h.impl.execchain.MainClientExec - Proxy auth state: UNCHALLENGED
10:36:01.511 [pool-2-thread-1] DEBUG org.apache.http.headers - http-outgoing-0 >> POST /api/development/report/command HTTP/1.1
10:36:01.511 [pool-2-thread-1] DEBUG org.apache.http.headers - http-outgoing-0 >> Content-Length: 281
10:36:01.511 [pool-2-thread-1] DEBUG org.apache.http.headers - http-outgoing-0 >> Content-Type: application/json; charset=UTF-8
10:36:01.511 [pool-2-thread-1] DEBUG org.apache.http.headers - http-outgoing-0 >> Host: localhost:8585
10:36:01.511 [pool-2-thread-1] DEBUG org.apache.http.headers - http-outgoing-0 >> Connection: Keep-Alive
10:36:01.511 [pool-2-thread-1] DEBUG org.apache.http.headers - http-outgoing-0 >> User-Agent: Apache-HttpClient/4.5.9 (Java/11.0.11)
10:36:01.511 [pool-2-thread-1] DEBUG org.apache.http.headers - http-outgoing-0 >> Accept-Encoding: gzip,deflate
10:36:01.511 [pool-2-thread-1] DEBUG org.apache.http.headers - http-outgoing-0 >> Authorization: fHdacT69Ifkyd3lQ5OQCWjO_ZuQljpxJUSplQuaduoU
10:36:01.511 [pool-2-thread-1] DEBUG org.apache.http.headers - http-outgoing-0 >> Accept: application/json; charset=UTF-8
10:36:01.511 [pool-2-thread-1] DEBUG org.apache.http.wire - http-outgoing-0 >> "POST /api/development/report/command HTTP/1.1[\r][\n]"
10:36:01.511 [pool-2-thread-1] DEBUG org.apache.http.wire - http-outgoing-0 >> "Content-Length: 281[\r][\n]"
10:36:01.511 [pool-2-thread-1] DEBUG org.apache.http.wire - http-outgoing-0 >> "Content-Type: application/json; charset=UTF-8[\r][\n]"
10:36:01.511 [pool-2-thread-1] DEBUG org.apache.http.wire - http-outgoing-0 >> "Host: localhost:8585[\r][\n]"
10:36:01.511 [pool-2-thread-1] DEBUG org.apache.http.wire - http-outgoing-0 >> "Connection: Keep-Alive[\r][\n]"
10:36:01.511 [pool-2-thread-1] DEBUG org.apache.http.wire - http-outgoing-0 >> "User-Agent: Apache-HttpClient/4.5.9 (Java/11.0.11)[\r][\n]"
10:36:01.511 [pool-2-thread-1] DEBUG org.apache.http.wire - http-outgoing-0 >> "Accept-Encoding: gzip,deflate[\r][\n]"
10:36:01.511 [pool-2-thread-1] DEBUG org.apache.http.wire - http-outgoing-0 >> "Authorization: fHdacT69Ifkyd3lQ5OQCWjO_ZuQljpxJUSplQuaduoU[\r][\n]"
10:36:01.511 [pool-2-thread-1] DEBUG org.apache.http.wire - http-outgoing-0 >> "Accept: application/json; charset=UTF-8[\r][\n]"
10:36:01.511 [pool-2-thread-1] DEBUG org.apache.http.wire - http-outgoing-0 >> "[\r][\n]"
10:36:01.511 [pool-2-thread-1] DEBUG org.apache.http.wire - http-outgoing-0 >> "{"commandName":"findElement","commandParameters":{"using":"xpath","value":"//XCUIElementTypeScrollView//XCUIElementTypeOther[2]"},"result":{"element-6066-11e4-a52e-4f735466cecf":"6A000000-0000-0000-EE6E-000000000000","ELEMENT":"6A000000-0000-0000-EE6E-000000000000"},"passed":true}"
10:36:01.515 [pool-2-thread-1] DEBUG org.apache.http.wire - http-outgoing-0 << "HTTP/1.1 200 OK[\r][\n]"
10:36:01.515 [pool-2-thread-1] DEBUG org.apache.http.wire - http-outgoing-0 << "Date: Mon, 26 Jul 2021 05:06:01 GMT[\r][\n]"
10:36:01.515 [pool-2-thread-1] DEBUG org.apache.http.wire - http-outgoing-0 << "Cache-Control: private, no-cache, max-age=0[\r][\n]"
10:36:01.515 [pool-2-thread-1] DEBUG org.apache.http.wire - http-outgoing-0 << "Pragma: no-cache[\r][\n]"
10:36:01.515 [pool-2-thread-1] DEBUG org.apache.http.wire - http-outgoing-0 << "Expires: -1[\r][\n]"
10:36:01.515 [pool-2-thread-1] DEBUG org.apache.http.wire - http-outgoing-0 << "Content-Length: 0[\r][\n]"
10:36:01.515 [pool-2-thread-1] DEBUG org.apache.http.wire - http-outgoing-0 << "Server: Jetty(9.4.12.v20180830)[\r][\n]"
10:36:01.515 [pool-2-thread-1] DEBUG org.apache.http.wire - http-outgoing-0 << "[\r][\n]"
10:36:01.515 [pool-2-thread-1] DEBUG org.apache.http.headers - http-outgoing-0 << HTTP/1.1 200 OK
10:36:01.515 [pool-2-thread-1] DEBUG org.apache.http.headers - http-outgoing-0 << Date: Mon, 26 Jul 2021 05:06:01 GMT
10:36:01.515 [pool-2-thread-1] DEBUG org.apache.http.headers - http-outgoing-0 << Cache-Control: private, no-cache, max-age=0
10:36:01.515 [pool-2-thread-1] DEBUG org.apache.http.headers - http-outgoing-0 << Pragma: no-cache
10:36:01.515 [pool-2-thread-1] DEBUG org.apache.http.headers - http-outgoing-0 << Expires: -1
10:36:01.515 [pool-2-thread-1] DEBUG org.apache.http.headers - http-outgoing-0 << Content-Length: 0
10:36:01.515 [pool-2-thread-1] DEBUG org.apache.http.headers - http-outgoing-0 << Server: Jetty(9.4.12.v20180830)
10:36:01.515 [pool-2-thread-1] DEBUG o.a.h.impl.execchain.MainClientExec - Connection can be kept alive indefinitely
10:36:01.515 [pool-2-thread-1] DEBUG o.a.h.i.c.PoolingHttpClientConnectionManager - Connection [id: 0][route: {}->http://localhost:8585] can be kept alive indefinitely
10:36:01.515 [pool-2-thread-1] DEBUG o.a.h.i.c.DefaultManagedHttpClientConnection - http-outgoing-0: set socket timeout to 0
10:36:01.515 [pool-2-thread-1] DEBUG o.a.h.i.c.PoolingHttpClientConnectionManager - Connection released: [id: 0][route: {}->http://localhost:8585][total kept alive: 1; route allocated: 1 of 2; total allocated: 1 of 20]
login positive
10:36:01.590 [pool-2-thread-1] DEBUG o.a.h.c.protocol.RequestAddCookies - CookieSpec selected: default
10:36:01.590 [pool-2-thread-1] DEBUG o.a.h.c.protocol.RequestAuthCache - Auth cache not set in the context
10:36:01.590 [pool-2-thread-1] DEBUG o.a.h.i.c.PoolingHttpClientConnectionManager - Connection request: [route: {}->http://localhost:8585][total kept alive: 1; route allocated: 1 of 2; total allocated: 1 of 20]
10:36:01.590 [pool-2-thread-1] DEBUG o.a.h.i.c.PoolingHttpClientConnectionManager - Connection leased: [id: 0][route: {}->http://localhost:8585][total kept alive: 0; route allocated: 1 of 2; total allocated: 1 of 20]
10:36:01.590 [pool-2-thread-1] DEBUG o.a.h.i.c.DefaultManagedHttpClientConnection - http-outgoing-0: set socket timeout to 0
10:36:01.591 [pool-2-thread-1] DEBUG o.a.h.i.c.DefaultManagedHttpClientConnection - http-outgoing-0: set socket timeout to 5000
10:36:01.591 [pool-2-thread-1] DEBUG o.a.h.impl.execchain.MainClientExec - Executing request POST /api/development/report/command HTTP/1.1
10:36:01.591 [pool-2-thread-1] DEBUG o.a.h.impl.execchain.MainClientExec - Proxy auth state: UNCHALLENGED
10:36:01.591 [pool-2-thread-1] DEBUG org.apache.http.headers - http-outgoing-0 >> POST /api/development/report/command HTTP/1.1
10:36:01.591 [pool-2-thread-1] DEBUG org.apache.http.headers - http-outgoing-0 >> Content-Length: 130
10:36:01.591 [pool-2-thread-1] DEBUG org.apache.http.headers - http-outgoing-0 >> Content-Type: application/json; charset=UTF-8
10:36:01.591 [pool-2-thread-1] DEBUG org.apache.http.headers - http-outgoing-0 >> Host: localhost:8585
10:36:01.591 [pool-2-thread-1] DEBUG org.apache.http.headers - http-outgoing-0 >> Connection: Keep-Alive
10:36:01.591 [pool-2-thread-1] DEBUG org.apache.http.headers - http-outgoing-0 >> User-Agent: Apache-HttpClient/4.5.9 (Java/11.0.11)
10:36:01.591 [pool-2-thread-1] DEBUG org.apache.http.headers - http-outgoing-0 >> Accept-Encoding: gzip,deflate
10:36:01.591 [pool-2-thread-1] DEBUG org.apache.http.headers - http-outgoing-0 >> Authorization: fHdacT69Ifkyd3lQ5OQCWjO_ZuQljpxJUSplQuaduoU
10:36:01.591 [pool-2-thread-1] DEBUG org.apache.http.headers - http-outgoing-0 >> Accept: application/json; charset=UTF-8
10:36:01.591 [pool-2-thread-1] DEBUG org.apache.http.wire - http-outgoing-0 >> "POST /api/development/report/command HTTP/1.1[\r][\n]"
10:36:01.591 [pool-2-thread-1] DEBUG org.apache.http.wire - http-outgoing-0 >> "Content-Length: 130[\r][\n]"
10:36:01.591 [pool-2-thread-1] DEBUG org.apache.http.wire - http-outgoing-0 >> "Content-Type: application/json; charset=UTF-8[\r][\n]"
10:36:01.591 [pool-2-thread-1] DEBUG org.apache.http.wire - http-outgoing-0 >> "Host: localhost:8585[\r][\n]"
10:36:01.591 [pool-2-thread-1] DEBUG org.apache.http.wire - http-outgoing-0 >> "Connection: Keep-Alive[\r][\n]"
10:36:01.591 [pool-2-thread-1] DEBUG org.apache.http.wire - http-outgoing-0 >> "User-Agent: Apache-HttpClient/4.5.9 (Java/11.0.11)[\r][\n]"
10:36:01.591 [pool-2-thread-1] DEBUG org.apache.http.wire - http-outgoing-0 >> "Accept-Encoding: gzip,deflate[\r][\n]"
10:36:01.591 [pool-2-thread-1] DEBUG org.apache.http.wire - http-outgoing-0 >> "Authorization: fHdacT69Ifkyd3lQ5OQCWjO_ZuQljpxJUSplQuaduoU[\r][\n]"
10:36:01.591 [pool-2-thread-1] DEBUG org.apache.http.wire - http-outgoing-0 >> "Accept: application/json; charset=UTF-8[\r][\n]"
10:36:01.591 [pool-2-thread-1] DEBUG org.apache.http.wire - http-outgoing-0 >> "[\r][\n]"
10:36:01.591 [pool-2-thread-1] DEBUG org.apache.http.wire - http-outgoing-0 >> "{"commandName":"isElementDisplayed","commandParameters":{"id":"6A000000-0000-0000-EE6E-000000000000"},"result":true,"passed":true}"
10:36:01.594 [pool-2-thread-1] DEBUG org.apache.http.wire - http-outgoing-0 << "HTTP/1.1 200 OK[\r][\n]"
10:36:01.594 [pool-2-thread-1] DEBUG org.apache.http.wire - http-outgoing-0 << "Date: Mon, 26 Jul 2021 05:06:01 GMT[\r][\n]"
10:36:01.594 [pool-2-thread-1] DEBUG org.apache.http.wire - http-outgoing-0 << "Cache-Control: private, no-cache, max-age=0[\r][\n]"
10:36:01.594 [pool-2-thread-1] DEBUG org.apache.http.wire - http-outgoing-0 << "Pragma: no-cache[\r][\n]"
10:36:01.594 [pool-2-thread-1] DEBUG org.apache.http.wire - http-outgoing-0 << "Expires: -1[\r][\n]"
10:36:01.594 [pool-2-thread-1] DEBUG org.apache.http.wire - http-outgoing-0 << "Content-Length: 0[\r][\n]"
10:36:01.594 [pool-2-thread-1] DEBUG org.apache.http.wire - http-outgoing-0 << "Server: Jetty(9.4.12.v20180830)[\r][\n]"
10:36:01.594 [pool-2-thread-1] DEBUG org.apache.http.wire - http-outgoing-0 << "[\r][\n]"
10:36:01.594 [pool-2-thread-1] DEBUG org.apache.http.headers - http-outgoing-0 << HTTP/1.1 200 OK
10:36:01.594 [pool-2-thread-1] DEBUG org.apache.http.headers - http-outgoing-0 << Date: Mon, 26 Jul 2021 05:06:01 GMT
10:36:01.594 [pool-2-thread-1] DEBUG org.apache.http.headers - http-outgoing-0 << Cache-Control: private, no-cache, max-age=0
10:36:01.594 [pool-2-thread-1] DEBUG org.apache.http.headers - http-outgoing-0 << Pragma: no-cache
10:36:01.594 [pool-2-thread-1] DEBUG org.apache.http.headers - http-outgoing-0 << Expires: -1
10:36:01.594 [pool-2-thread-1] DEBUG org.apache.http.headers - http-outgoing-0 << Content-Length: 0
10:36:01.594 [pool-2-thread-1] DEBUG org.apache.http.headers - http-outgoing-0 << Server: Jetty(9.4.12.v20180830)
10:36:01.594 [pool-2-thread-1] DEBUG o.a.h.impl.execchain.MainClientExec - Connection can be kept alive indefinitely
10:36:01.594 [pool-2-thread-1] DEBUG o.a.h.i.c.PoolingHttpClientConnectionManager - Connection [id: 0][route: {}->http://localhost:8585] can be kept alive indefinitely
10:36:01.594 [pool-2-thread-1] DEBUG o.a.h.i.c.DefaultManagedHttpClientConnection - http-outgoing-0: set socket timeout to 0
10:36:01.594 [pool-2-thread-1] DEBUG o.a.h.i.c.PoolingHttpClientConnectionManager - Connection released: [id: 0][route: {}->http://localhost:8585][total kept alive: 1; route allocated: 1 of 2; total allocated: 1 of 20]
  &amp#27;[32mThen &amp#27;[0m&amp#27;[32mnavigated to Landing page&amp#27;[0m                                                             &amp#27;[90m# Stepdefinitions.Login_positive_scenario.navigate_to_landingpage()&amp#27;[0m
10:36:02.676 [pool-2-thread-1] DEBUG o.a.h.c.protocol.RequestAddCookies - CookieSpec selected: default
10:36:02.676 [pool-2-thread-1] DEBUG o.a.h.c.protocol.RequestAuthCache - Auth cache not set in the context
10:36:02.676 [pool-2-thread-1] DEBUG o.a.h.i.c.PoolingHttpClientConnectionManager - Connection request: [route: {}->http://localhost:8585][total kept alive: 1; route allocated: 1 of 2; total allocated: 1 of 20]
10:36:02.676 [pool-2-thread-1] DEBUG o.a.h.i.c.PoolingHttpClientConnectionManager - Connection leased: [id: 0][route: {}->http://localhost:8585][total kept alive: 0; route allocated: 1 of 2; total allocated: 1 of 20]
10:36:02.676 [pool-2-thread-1] DEBUG o.a.h.i.c.DefaultManagedHttpClientConnection - http-outgoing-0: set socket timeout to 0
10:36:02.676 [pool-2-thread-1] DEBUG o.a.h.i.c.DefaultManagedHttpClientConnection - http-outgoing-0: set socket timeout to 5000
10:36:02.676 [pool-2-thread-1] DEBUG o.a.h.impl.execchain.MainClientExec - Executing request POST /api/development/report/command HTTP/1.1
10:36:02.676 [pool-2-thread-1] DEBUG o.a.h.impl.execchain.MainClientExec - Proxy auth state: UNCHALLENGED
10:36:02.676 [pool-2-thread-1] DEBUG org.apache.http.headers - http-outgoing-0 >> POST /api/development/report/command HTTP/1.1
10:36:02.677 [pool-2-thread-1] DEBUG org.apache.http.headers - http-outgoing-0 >> Content-Length: 63
10:36:02.677 [pool-2-thread-1] DEBUG org.apache.http.headers - http-outgoing-0 >> Content-Type: application/json; charset=UTF-8
10:36:02.677 [pool-2-thread-1] DEBUG org.apache.http.headers - http-outgoing-0 >> Host: localhost:8585
10:36:02.677 [pool-2-thread-1] DEBUG org.apache.http.headers - http-outgoing-0 >> Connection: Keep-Alive
10:36:02.677 [pool-2-thread-1] DEBUG org.apache.http.headers - http-outgoing-0 >> User-Agent: Apache-HttpClient/4.5.9 (Java/11.0.11)
10:36:02.677 [pool-2-thread-1] DEBUG org.apache.http.headers - http-outgoing-0 >> Accept-Encoding: gzip,deflate
10:36:02.677 [pool-2-thread-1] DEBUG org.apache.http.headers - http-outgoing-0 >> Authorization: fHdacT69Ifkyd3lQ5OQCWjO_ZuQljpxJUSplQuaduoU
10:36:02.677 [pool-2-thread-1] DEBUG org.apache.http.headers - http-outgoing-0 >> Accept: application/json; charset=UTF-8
10:36:02.677 [pool-2-thread-1] DEBUG org.apache.http.wire - http-outgoing-0 >> "POST /api/development/report/command HTTP/1.1[\r][\n]"
10:36:02.677 [pool-2-thread-1] DEBUG org.apache.http.wire - http-outgoing-0 >> "Content-Length: 63[\r][\n]"
10:36:02.677 [pool-2-thread-1] DEBUG org.apache.http.wire - http-outgoing-0 >> "Content-Type: application/json; charset=UTF-8[\r][\n]"
10:36:02.677 [pool-2-thread-1] DEBUG org.apache.http.wire - http-outgoing-0 >> "Host: localhost:8585[\r][\n]"
10:36:02.677 [pool-2-thread-1] DEBUG org.apache.http.wire - http-outgoing-0 >> "Connection: Keep-Alive[\r][\n]"
10:36:02.677 [pool-2-thread-1] DEBUG org.apache.http.wire - http-outgoing-0 >> "User-Agent: Apache-HttpClient/4.5.9 (Java/11.0.11)[\r][\n]"
10:36:02.677 [pool-2-thread-1] DEBUG org.apache.http.wire - http-outgoing-0 >> "Accept-Encoding: gzip,deflate[\r][\n]"
10:36:02.677 [pool-2-thread-1] DEBUG org.apache.http.wire - http-outgoing-0 >> "Authorization: fHdacT69Ifkyd3lQ5OQCWjO_ZuQljpxJUSplQuaduoU[\r][\n]"
10:36:02.677 [pool-2-thread-1] DEBUG org.apache.http.wire - http-outgoing-0 >> "Accept: application/json; charset=UTF-8[\r][\n]"
10:36:02.677 [pool-2-thread-1] DEBUG org.apache.http.wire - http-outgoing-0 >> "[\r][\n]"
10:36:02.677 [pool-2-thread-1] DEBUG org.apache.http.wire - http-outgoing-0 >> "{"commandName":"closeApp","commandParameters":{},"passed":true}"
10:36:02.682 [main] INFO   - 
  _____   ___   ___   _____     ___     _     ___   ___   ___   ___  
 |_   _| | __| / __| |_   _|   | _ \   /_\   / __| / __| | __| |   \ 
   | |   | _|  \__ \   | |     |  _/  / _ \  \__ \ \__ \ | _|  | |) |
   |_|   |___| |___/   |_|     |_|   /_/ \_\ |___/ |___/ |___| |___/ 

Validate that the user is navigated to Landing page on clicking the Log out option
----------------------------------------------------------------------
10:36:02.683 [pool-2-thread-1] DEBUG org.apache.http.wire - http-outgoing-0 << "HTTP/1.1 200 OK[\r][\n]"
10:36:02.683 [pool-2-thread-1] DEBUG org.apache.http.wire - http-outgoing-0 << "Date: Mon, 26 Jul 2021 05:06:02 GMT[\r][\n]"
10:36:02.683 [pool-2-thread-1] DEBUG org.apache.http.wire - http-outgoing-0 << "Cache-Control: private, no-cache, max-age=0[\r][\n]"
10:36:02.683 [pool-2-thread-1] DEBUG org.apache.http.wire - http-outgoing-0 << "Pragma: no-cache[\r][\n]"
10:36:02.683 [pool-2-thread-1] DEBUG org.apache.http.wire - http-outgoing-0 << "Expires: -1[\r][\n]"
10:36:02.683 [pool-2-thread-1] DEBUG org.apache.http.wire - http-outgoing-0 << "Content-Length: 0[\r][\n]"
10:36:02.683 [pool-2-thread-1] DEBUG org.apache.http.wire - http-outgoing-0 << "Server: Jetty(9.4.12.v20180830)[\r][\n]"
10:36:02.683 [pool-2-thread-1] DEBUG org.apache.http.wire - http-outgoing-0 << "[\r][\n]"
10:36:02.683 [pool-2-thread-1] DEBUG org.apache.http.headers - http-outgoing-0 << HTTP/1.1 200 OK
10:36:02.683 [pool-2-thread-1] DEBUG org.apache.http.headers - http-outgoing-0 << Date: Mon, 26 Jul 2021 05:06:02 GMT
10:36:02.683 [pool-2-thread-1] DEBUG org.apache.http.headers - http-outgoing-0 << Cache-Control: private, no-cache, max-age=0
10:36:02.683 [pool-2-thread-1] DEBUG org.apache.http.headers - http-outgoing-0 << Pragma: no-cache
10:36:02.683 [pool-2-thread-1] DEBUG org.apache.http.headers - http-outgoing-0 << Expires: -1
10:36:02.683 [pool-2-thread-1] DEBUG org.apache.http.headers - http-outgoing-0 << Content-Length: 0
10:36:02.683 [pool-2-thread-1] DEBUG org.apache.http.headers - http-outgoing-0 << Server: Jetty(9.4.12.v20180830)
10:36:02.684 [pool-2-thread-1] DEBUG o.a.h.impl.execchain.MainClientExec - Connection can be kept alive indefinitely
10:36:02.684 [pool-2-thread-1] DEBUG o.a.h.i.c.PoolingHttpClientConnectionManager - Connection [id: 0][route: {}->http://localhost:8585] can be kept alive indefinitely
10:36:02.684 [pool-2-thread-1] DEBUG o.a.h.i.c.DefaultManagedHttpClientConnection - http-outgoing-0: set socket timeout to 0
10:36:02.684 [pool-2-thread-1] DEBUG o.a.h.i.c.PoolingHttpClientConnectionManager - Connection released: [id: 0][route: {}->http://localhost:8585][total kept alive: 1; route allocated: 1 of 2; total allocated: 1 of 20]
]]></system-out>
  </testcase>
</testsuite>